[2023-03-22 12:34:56,135][kospeech.utils][INFO] - audio:
  audio_extension: wav
  sample_rate: 16000
  frame_length: 20
  frame_shift: 10
  normalize: true
  del_silence: true
  feature_extract_by: kaldi
  time_mask_num: 4
  freq_mask_num: 2
  spec_augment: true
  input_reverse: false
  transform_method: fbank
  n_mels: 80
  freq_mask_para: 18
model:
  architecture: deepspeech2
  teacher_forcing_ratio: 1.0
  teacher_forcing_step: 0.0
  min_teacher_forcing_ratio: 1.0
  dropout: 0.3
  bidirectional: false
  joint_ctc_attention: false
  max_len: 400
  use_bidirectional: true
  rnn_type: gru
  hidden_dim: 1024
  activation: hardtanh
  num_encoder_layers: 3
train:
  dataset: kspon
  dataset_path: ./dataset/kspondata/kss
  transcripts_path: ../../../data/transcripts.txt
  output_unit: character
  batch_size: 32
  save_result_every: 100
  checkpoint_every: 100
  print_every: 10
  mode: train
  num_workers: 8
  use_cuda: true
  num_threads: 2
  init_lr_scale: 0.01
  final_lr_scale: 0.05
  max_grad_norm: 400
  weight_decay: 1.0e-05
  total_steps: 200000
  seed: 777
  resume: false
  optimizer: adam
  init_lr: 1.0e-06
  final_lr: 1.0e-06
  peak_lr: 0.0001
  warmup_steps: 400
  num_epochs: 8
  reduction: mean
  lr_scheduler: tri_stage_lr_scheduler

[2023-03-22 12:34:56,186][kospeech.utils][INFO] - Operating System : Windows 10
[2023-03-22 12:34:56,187][kospeech.utils][INFO] - Processor : Intel64 Family 6 Model 158 Stepping 10, GenuineIntel
[2023-03-22 12:34:56,188][kospeech.utils][INFO] - device : NVIDIA GeForce RTX 2060
[2023-03-22 12:34:56,188][kospeech.utils][INFO] - CUDA is available : True
[2023-03-22 12:34:56,189][kospeech.utils][INFO] - CUDA version : 11.8
[2023-03-22 12:34:56,189][kospeech.utils][INFO] - PyTorch version : 2.0.0+cu118
[2023-03-22 12:34:56,233][kospeech.utils][INFO] - split dataset start !!
[2023-03-22 12:34:56,345][kospeech.utils][INFO] - Applying Spec Augmentation...
[2023-03-22 12:34:56,347][kospeech.utils][INFO] - split dataset complete !!
[2023-03-22 12:34:58,738][kospeech.utils][INFO] - start
[2023-03-22 12:34:58,738][kospeech.utils][INFO] - Epoch 0 start
[2023-03-22 12:34:58,782][kospeech.utils][INFO] - Audio is None : ./dataset/kspondata/kss\4\4_3090.wav
[2023-03-22 12:34:58,784][kospeech.utils][INFO] - Audio is None : ./dataset/kspondata/kss\4\4_2040.wav
[2023-03-22 12:34:58,784][kospeech.utils][INFO] - Audio is None : ./dataset/kspondata/kss\4\4_0807.wav
[2023-03-22 12:34:58,787][kospeech.utils][INFO] - Audio is None : ./dataset/kspondata/kss\3\3_3697.wav
[2023-03-22 12:34:58,789][kospeech.utils][INFO] - Audio is None : ./dataset/kspondata/kss\1\1_0729.wav
[2023-03-22 12:34:58,792][kospeech.utils][INFO] - Audio is None : ./dataset/kspondata/kss\3\3_4707.wav
[2023-03-22 12:34:58,793][kospeech.utils][INFO] - Audio is None : ./dataset/kspondata/kss\3\3_1496.wav
[2023-03-22 12:34:58,794][kospeech.utils][INFO] - Audio is None : ./dataset/kspondata/kss\3\3_1664.wav
[2023-03-22 12:34:58,808][kospeech.utils][INFO] - Audio is None : ./dataset/kspondata/kss\1\1_0317.wav
[2023-03-22 12:34:58,813][kospeech.utils][INFO] - Audio is None : ./dataset/kspondata/kss\3\3_3051.wav
[2023-03-22 12:34:58,813][kospeech.utils][INFO] - Audio is None : ./dataset/kspondata/kss\4\4_3016.wav
[2023-03-22 12:34:58,817][kospeech.utils][INFO] - Audio is None : ./dataset/kspondata/kss\2\2_0233.wav
[2023-03-22 12:34:58,821][kospeech.utils][INFO] - Audio is None : ./dataset/kspondata/kss\2\2_0061.wav
[2023-03-22 12:34:58,826][kospeech.utils][INFO] - Audio is None : ./dataset/kspondata/kss\3\3_1401.wav
[2023-03-22 12:34:58,827][kospeech.utils][INFO] - Audio is None : ./dataset/kspondata/kss\3\3_4367.wav
[2023-03-22 12:34:58,827][kospeech.utils][INFO] - Audio is None : ./dataset/kspondata/kss\3\3_4310.wav
[2023-03-22 12:34:58,831][kospeech.utils][INFO] - Audio is None : ./dataset/kspondata/kss\4\4_4298.wav
[2023-03-22 12:34:58,836][kospeech.utils][INFO] - Audio is None : ./dataset/kspondata/kss\4\4_4314.wav
[2023-03-22 12:34:58,839][kospeech.utils][INFO] - Audio is None : ./dataset/kspondata/kss\3\3_4492.wav
[2023-03-22 12:34:58,841][kospeech.utils][INFO] - Audio is None : ./dataset/kspondata/kss\3\3_1825.wav
[2023-03-22 12:34:58,844][kospeech.utils][INFO] - Audio is None : ./dataset/kspondata/kss\3\3_0025.wav
[2023-03-22 12:34:58,848][kospeech.utils][INFO] - Audio is None : ./dataset/kspondata/kss\4\4_3566.wav
[2023-03-22 12:34:58,853][kospeech.utils][INFO] - Audio is None : ./dataset/kspondata/kss\3\3_1803.wav
[2023-03-22 12:34:58,856][kospeech.utils][INFO] - Audio is None : ./dataset/kspondata/kss\3\3_3364.wav
[2023-03-22 12:34:58,859][kospeech.utils][INFO] - Audio is None : ./dataset/kspondata/kss\4\4_1280.wav
[2023-03-22 12:34:58,860][kospeech.utils][INFO] - Audio is None : ./dataset/kspondata/kss\4\4_1677.wav
[2023-03-22 12:34:58,865][kospeech.utils][INFO] - Audio is None : ./dataset/kspondata/kss\4\4_2351.wav
[2023-03-22 12:34:58,866][kospeech.utils][INFO] - Audio is None : ./dataset/kspondata/kss\3\3_1755.wav
[2023-03-22 12:34:58,867][kospeech.utils][INFO] - Audio is None : ./dataset/kspondata/kss\3\3_2113.wav
[2023-03-22 12:34:58,870][kospeech.utils][INFO] - Audio is None : ./dataset/kspondata/kss\3\3_4776.wav
[2023-03-22 12:34:58,875][kospeech.utils][INFO] - Audio is None : ./dataset/kspondata/kss\3\3_3107.wav
[2023-03-22 12:34:58,878][kospeech.utils][INFO] - Audio is None : ./dataset/kspondata/kss\4\4_0693.wav
[2023-03-22 12:34:58,883][kospeech.utils][INFO] - Audio is None : ./dataset/kspondata/kss\3\3_0369.wav
[2023-03-22 12:34:58,885][kospeech.utils][INFO] - Audio is None : ./dataset/kspondata/kss\4\4_0534.wav
[2023-03-22 12:34:58,887][kospeech.utils][INFO] - Audio is None : ./dataset/kspondata/kss\2\2_0704.wav
[2023-03-22 12:34:58,893][kospeech.utils][INFO] - Audio is None : ./dataset/kspondata/kss\4\4_3502.wav
[2023-03-22 12:34:58,896][kospeech.utils][INFO] - Audio is None : ./dataset/kspondata/kss\3\3_0650.wav
[2023-03-22 12:34:58,896][kospeech.utils][INFO] - Audio is None : ./dataset/kspondata/kss\3\3_2386.wav
[2023-03-22 12:34:58,897][kospeech.utils][INFO] - Audio is None : ./dataset/kspondata/kss\3\3_0443.wav
[2023-03-22 12:34:58,898][kospeech.utils][INFO] - Audio is None : ./dataset/kspondata/kss\1\1_0319.wav
[2023-03-22 12:34:58,905][kospeech.utils][INFO] - Audio is None : ./dataset/kspondata/kss\1\1_0065.wav
[2023-03-22 12:34:58,907][kospeech.utils][INFO] - Audio is None : ./dataset/kspondata/kss\4\4_2237.wav
[2023-03-22 12:34:58,909][kospeech.utils][INFO] - Audio is None : ./dataset/kspondata/kss\4\4_3847.wav
[2023-03-22 12:34:58,916][kospeech.utils][INFO] - Audio is None : ./dataset/kspondata/kss\4\4_2984.wav
[2023-03-22 12:34:58,919][kospeech.utils][INFO] - Audio is None : ./dataset/kspondata/kss\4\4_4362.wav
[2023-03-22 12:34:58,920][kospeech.utils][INFO] - Audio is None : ./dataset/kspondata/kss\3\3_0390.wav
[2023-03-22 12:34:58,924][kospeech.utils][INFO] - Audio is None : ./dataset/kspondata/kss\3\3_3968.wav
[2023-03-22 12:34:58,928][kospeech.utils][INFO] - Audio is None : ./dataset/kspondata/kss\3\3_4602.wav
[2023-03-22 12:34:58,929][kospeech.utils][INFO] - Audio is None : ./dataset/kspondata/kss\3\3_0931.wav
[2023-03-22 12:34:58,931][kospeech.utils][INFO] - Audio is None : ./dataset/kspondata/kss\4\4_2451.wav
[2023-03-22 12:34:58,932][kospeech.utils][INFO] - Audio is None : ./dataset/kspondata/kss\3\3_2461.wav
[2023-03-22 12:34:58,936][kospeech.utils][INFO] - Audio is None : ./dataset/kspondata/kss\3\3_1691.wav
[2023-03-22 12:34:58,941][kospeech.utils][INFO] - Audio is None : ./dataset/kspondata/kss\4\4_2698.wav
[2023-03-22 12:34:58,944][kospeech.utils][INFO] - Audio is None : ./dataset/kspondata/kss\3\3_0084.wav
[2023-03-22 12:34:58,948][kospeech.utils][INFO] - Audio is None : ./dataset/kspondata/kss\4\4_0713.wav
[2023-03-22 12:34:58,952][kospeech.utils][INFO] - Audio is None : ./dataset/kspondata/kss\3\3_3377.wav
[2023-03-22 12:34:58,955][kospeech.utils][INFO] - Audio is None : ./dataset/kspondata/kss\3\3_1270.wav
[2023-03-22 12:34:58,956][kospeech.utils][INFO] - Audio is None : ./dataset/kspondata/kss\3\3_1497.wav
[2023-03-22 12:34:58,959][kospeech.utils][INFO] - Audio is None : ./dataset/kspondata/kss\3\3_0340.wav
[2023-03-22 12:34:58,961][kospeech.utils][INFO] - Audio is None : ./dataset/kspondata/kss\2\2_0315.wav
[2023-03-22 12:34:58,962][kospeech.utils][INFO] - Audio is None : ./dataset/kspondata/kss\3\3_0202.wav
[2023-03-22 12:34:58,966][kospeech.utils][INFO] - Audio is None : ./dataset/kspondata/kss\4\4_1938.wav
[2023-03-22 12:34:58,970][kospeech.utils][INFO] - Audio is None : ./dataset/kspondata/kss\4\4_1809.wav
[2023-03-22 12:34:58,974][kospeech.utils][INFO] - Audio is None : ./dataset/kspondata/kss\3\3_0618.wav
[2023-03-22 12:34:58,978][kospeech.utils][INFO] - Audio is None : ./dataset/kspondata/kss\3\3_4356.wav
[2023-03-22 12:34:58,982][kospeech.utils][INFO] - Audio is None : ./dataset/kspondata/kss\3\3_0466.wav
[2023-03-22 12:34:58,983][kospeech.utils][INFO] - Audio is None : ./dataset/kspondata/kss\1\1_0809.wav
[2023-03-22 12:34:58,984][kospeech.utils][INFO] - Audio is None : ./dataset/kspondata/kss\4\4_4565.wav
[2023-03-22 12:34:58,988][kospeech.utils][INFO] - Audio is None : ./dataset/kspondata/kss\4\4_0655.wav
[2023-03-22 12:34:58,989][kospeech.utils][INFO] - Audio is None : ./dataset/kspondata/kss\1\1_0445.wav
[2023-03-22 12:34:58,991][kospeech.utils][INFO] - Audio is None : ./dataset/kspondata/kss\3\3_3291.wav
[2023-03-22 12:34:58,995][kospeech.utils][INFO] - Audio is None : ./dataset/kspondata/kss\3\3_4302.wav
[2023-03-22 12:34:59,000][kospeech.utils][INFO] - Audio is None : ./dataset/kspondata/kss\4\4_4201.wav
[2023-03-22 12:34:59,004][kospeech.utils][INFO] - Audio is None : ./dataset/kspondata/kss\3\3_3333.wav
[2023-03-22 12:34:59,007][kospeech.utils][INFO] - Audio is None : ./dataset/kspondata/kss\4\4_1122.wav
[2023-03-22 12:34:59,010][kospeech.utils][INFO] - Audio is None : ./dataset/kspondata/kss\3\3_2524.wav
[2023-03-22 12:34:59,011][kospeech.utils][INFO] - Audio is None : ./dataset/kspondata/kss\4\4_1631.wav
[2023-03-22 12:34:59,014][kospeech.utils][INFO] - Audio is None : ./dataset/kspondata/kss\4\4_1177.wav
[2023-03-22 12:34:59,019][kospeech.utils][INFO] - Audio is None : ./dataset/kspondata/kss\4\4_4294.wav
[2023-03-22 12:34:59,020][kospeech.utils][INFO] - Audio is None : ./dataset/kspondata/kss\4\4_2203.wav
[2023-03-22 12:34:59,021][kospeech.utils][INFO] - Audio is None : ./dataset/kspondata/kss\4\4_2135.wav
[2023-03-22 12:34:59,026][kospeech.utils][INFO] - Audio is None : ./dataset/kspondata/kss\3\3_4450.wav
[2023-03-22 12:34:59,029][kospeech.utils][INFO] - Audio is None : ./dataset/kspondata/kss\3\3_2551.wav
[2023-03-22 12:34:59,034][kospeech.utils][INFO] - Audio is None : ./dataset/kspondata/kss\4\4_0751.wav
[2023-03-22 12:34:59,035][kospeech.utils][INFO] - Audio is None : ./dataset/kspondata/kss\2\2_0151.wav
[2023-03-22 12:34:59,037][kospeech.utils][INFO] - Audio is None : ./dataset/kspondata/kss\3\3_0068.wav
[2023-03-22 12:34:59,043][kospeech.utils][INFO] - Audio is None : ./dataset/kspondata/kss\4\4_2484.wav
[2023-03-22 12:34:59,045][kospeech.utils][INFO] - Audio is None : ./dataset/kspondata/kss\3\3_0262.wav
[2023-03-22 12:34:59,048][kospeech.utils][INFO] - Audio is None : ./dataset/kspondata/kss\4\4_0417.wav
[2023-03-22 12:34:59,048][kospeech.utils][INFO] - Audio is None : ./dataset/kspondata/kss\3\3_2647.wav
[2023-03-22 12:34:59,050][kospeech.utils][INFO] - Audio is None : ./dataset/kspondata/kss\4\4_4447.wav
[2023-03-22 12:34:59,054][kospeech.utils][INFO] - Audio is None : ./dataset/kspondata/kss\1\1_0115.wav
[2023-03-22 12:34:59,057][kospeech.utils][INFO] - Audio is None : ./dataset/kspondata/kss\4\4_4021.wav
[2023-03-22 12:34:59,061][kospeech.utils][INFO] - Audio is None : ./dataset/kspondata/kss\2\2_0873.wav
[2023-03-22 12:34:59,064][kospeech.utils][INFO] - Audio is None : ./dataset/kspondata/kss\1\1_0855.wav
[2023-03-22 12:34:59,071][kospeech.utils][INFO] - Audio is None : ./dataset/kspondata/kss\4\4_3303.wav
[2023-03-22 12:34:59,072][kospeech.utils][INFO] - Audio is None : ./dataset/kspondata/kss\1\1_0108.wav
[2023-03-22 12:34:59,073][kospeech.utils][INFO] - Audio is None : ./dataset/kspondata/kss\1\1_0413.wav
[2023-03-22 12:34:59,078][kospeech.utils][INFO] - Audio is None : ./dataset/kspondata/kss\3\3_2616.wav
[2023-03-22 12:34:59,079][kospeech.utils][INFO] - Audio is None : ./dataset/kspondata/kss\3\3_3117.wav
[2023-03-22 12:34:59,079][kospeech.utils][INFO] - Audio is None : ./dataset/kspondata/kss\3\3_2746.wav
[2023-03-22 12:34:59,082][kospeech.utils][INFO] - Audio is None : ./dataset/kspondata/kss\3\3_0482.wav
[2023-03-22 12:34:59,084][kospeech.utils][INFO] - Audio is None : ./dataset/kspondata/kss\3\3_0227.wav
[2023-03-22 12:34:59,093][kospeech.utils][INFO] - Audio is None : ./dataset/kspondata/kss\3\3_1082.wav
[2023-03-22 12:34:59,094][kospeech.utils][INFO] - Audio is None : ./dataset/kspondata/kss\4\4_3663.wav
[2023-03-22 12:34:59,095][kospeech.utils][INFO] - Audio is None : ./dataset/kspondata/kss\2\2_0728.wav
[2023-03-22 12:34:59,101][kospeech.utils][INFO] - Audio is None : ./dataset/kspondata/kss\1\1_0460.wav
[2023-03-22 12:34:59,103][kospeech.utils][INFO] - Audio is None : ./dataset/kspondata/kss\3\3_2387.wav
[2023-03-22 12:34:59,103][kospeech.utils][INFO] - Audio is None : ./dataset/kspondata/kss\3\3_3160.wav
[2023-03-22 12:34:59,105][kospeech.utils][INFO] - Audio is None : ./dataset/kspondata/kss\4\4_0971.wav
[2023-03-22 12:34:59,107][kospeech.utils][INFO] - Audio is None : ./dataset/kspondata/kss\3\3_1649.wav
[2023-03-22 12:34:59,114][kospeech.utils][INFO] - Audio is None : ./dataset/kspondata/kss\3\3_1253.wav
[2023-03-22 12:34:59,117][kospeech.utils][INFO] - Audio is None : ./dataset/kspondata/kss\4\4_4163.wav
[2023-03-22 12:34:59,118][kospeech.utils][INFO] - Audio is None : ./dataset/kspondata/kss\3\3_1380.wav
[2023-03-22 12:34:59,120][kospeech.utils][INFO] - Audio is None : ./dataset/kspondata/kss\4\4_4650.wav
[2023-03-22 12:34:59,126][kospeech.utils][INFO] - Audio is None : ./dataset/kspondata/kss\1\1_0696.wav
[2023-03-22 12:34:59,129][kospeech.utils][INFO] - Audio is None : ./dataset/kspondata/kss\3\3_0528.wav
[2023-03-22 12:34:59,130][kospeech.utils][INFO] - Audio is None : ./dataset/kspondata/kss\3\3_1297.wav
[2023-03-22 12:34:59,132][kospeech.utils][INFO] - Audio is None : ./dataset/kspondata/kss\3\3_1354.wav
[2023-03-22 12:34:59,137][kospeech.utils][INFO] - Audio is None : ./dataset/kspondata/kss\2\2_0976.wav
[2023-03-22 12:34:59,141][kospeech.utils][INFO] - Audio is None : ./dataset/kspondata/kss\4\4_3053.wav
[2023-03-22 12:34:59,142][kospeech.utils][INFO] - Audio is None : ./dataset/kspondata/kss\1\1_0032.wav
[2023-03-22 12:34:59,144][kospeech.utils][INFO] - Audio is None : ./dataset/kspondata/kss\4\4_3917.wav
[2023-03-22 12:34:59,148][kospeech.utils][INFO] - Audio is None : ./dataset/kspondata/kss\1\1_0356.wav
[2023-03-22 12:34:59,153][kospeech.utils][INFO] - Audio is None : ./dataset/kspondata/kss\3\3_4029.wav
[2023-03-22 12:34:59,157][kospeech.utils][INFO] - Audio is None : ./dataset/kspondata/kss\3\3_0325.wav
[2023-03-22 12:34:59,157][kospeech.utils][INFO] - Audio is None : ./dataset/kspondata/kss\3\3_3233.wav
[2023-03-22 12:34:59,159][kospeech.utils][INFO] - Audio is None : ./dataset/kspondata/kss\3\3_3600.wav
[2023-03-22 12:34:59,166][kospeech.utils][INFO] - Audio is None : ./dataset/kspondata/kss\3\3_0965.wav
[2023-03-22 12:34:59,169][kospeech.utils][INFO] - Audio is None : ./dataset/kspondata/kss\4\4_2321.wav
[2023-03-22 12:34:59,171][kospeech.utils][INFO] - Audio is None : ./dataset/kspondata/kss\3\3_1849.wav
[2023-03-22 12:34:59,172][kospeech.utils][INFO] - Audio is None : ./dataset/kspondata/kss\3\3_3919.wav
[2023-03-22 12:34:59,176][kospeech.utils][INFO] - Audio is None : ./dataset/kspondata/kss\2\2_0914.wav
[2023-03-22 12:34:59,182][kospeech.utils][INFO] - Audio is None : ./dataset/kspondata/kss\1\1_0005.wav
[2023-03-22 12:34:59,184][kospeech.utils][INFO] - Audio is None : ./dataset/kspondata/kss\4\4_0594.wav
[2023-03-22 12:34:59,186][kospeech.utils][INFO] - Audio is None : ./dataset/kspondata/kss\3\3_0196.wav
[2023-03-22 12:34:59,188][kospeech.utils][INFO] - Audio is None : ./dataset/kspondata/kss\3\3_0038.wav
[2023-03-22 12:34:59,190][kospeech.utils][INFO] - Audio is None : ./dataset/kspondata/kss\3\3_3068.wav
[2023-03-22 12:34:59,195][kospeech.utils][INFO] - Audio is None : ./dataset/kspondata/kss\4\4_1299.wav
[2023-03-22 12:34:59,196][kospeech.utils][INFO] - Audio is None : ./dataset/kspondata/kss\4\4_0464.wav
[2023-03-22 12:34:59,199][kospeech.utils][INFO] - Audio is None : ./dataset/kspondata/kss\3\3_4201.wav
[2023-03-22 12:34:59,204][kospeech.utils][INFO] - Audio is None : ./dataset/kspondata/kss\3\3_3507.wav
[2023-03-22 12:34:59,209][kospeech.utils][INFO] - Audio is None : ./dataset/kspondata/kss\1\1_0423.wav
[2023-03-22 12:34:59,211][kospeech.utils][INFO] - Audio is None : ./dataset/kspondata/kss\4\4_3084.wav
[2023-03-22 12:34:59,213][kospeech.utils][INFO] - Audio is None : ./dataset/kspondata/kss\4\4_4067.wav
[2023-03-22 12:34:59,216][kospeech.utils][INFO] - Audio is None : ./dataset/kspondata/kss\3\3_0222.wav
[2023-03-22 12:34:59,219][kospeech.utils][INFO] - Audio is None : ./dataset/kspondata/kss\4\4_1308.wav
[2023-03-22 12:34:59,221][kospeech.utils][INFO] - Audio is None : ./dataset/kspondata/kss\1\1_0272.wav
[2023-03-22 12:34:59,223][kospeech.utils][INFO] - Audio is None : ./dataset/kspondata/kss\3\3_3134.wav
[2023-03-22 12:34:59,226][kospeech.utils][INFO] - Audio is None : ./dataset/kspondata/kss\4\4_4499.wav
[2023-03-22 12:34:59,231][kospeech.utils][INFO] - Audio is None : ./dataset/kspondata/kss\2\2_0929.wav
[2023-03-22 12:34:59,234][kospeech.utils][INFO] - Audio is None : ./dataset/kspondata/kss\4\4_4463.wav
[2023-03-22 12:34:59,238][kospeech.utils][INFO] - Audio is None : ./dataset/kspondata/kss\1\1_0063.wav
[2023-03-22 12:34:59,240][kospeech.utils][INFO] - Audio is None : ./dataset/kspondata/kss\2\2_0426.wav
[2023-03-22 12:34:59,243][kospeech.utils][INFO] - Audio is None : ./dataset/kspondata/kss\3\3_4134.wav
[2023-03-22 12:34:59,247][kospeech.utils][INFO] - Audio is None : ./dataset/kspondata/kss\4\4_3522.wav
[2023-03-22 12:34:59,249][kospeech.utils][INFO] - Audio is None : ./dataset/kspondata/kss\3\3_1036.wav
[2023-03-22 12:34:59,252][kospeech.utils][INFO] - Audio is None : ./dataset/kspondata/kss\2\2_1050.wav
[2023-03-22 12:34:59,257][kospeech.utils][INFO] - Audio is None : ./dataset/kspondata/kss\4\4_4074.wav
[2023-03-22 12:34:59,259][kospeech.utils][INFO] - Audio is None : ./dataset/kspondata/kss\2\2_0447.wav
[2023-03-22 12:34:59,263][kospeech.utils][INFO] - Audio is None : ./dataset/kspondata/kss\4\4_3161.wav
[2023-03-22 12:34:59,266][kospeech.utils][INFO] - Audio is None : ./dataset/kspondata/kss\3\3_0047.wav
[2023-03-22 12:34:59,267][kospeech.utils][INFO] - Audio is None : ./dataset/kspondata/kss\3\3_1488.wav
[2023-03-22 12:34:59,271][kospeech.utils][INFO] - Audio is None : ./dataset/kspondata/kss\3\3_2034.wav
[2023-03-22 12:34:59,272][kospeech.utils][INFO] - Audio is None : ./dataset/kspondata/kss\4\4_1513.wav
[2023-03-22 12:34:59,273][kospeech.utils][INFO] - Audio is None : ./dataset/kspondata/kss\4\4_0643.wav
[2023-03-22 12:34:59,279][kospeech.utils][INFO] - Audio is None : ./dataset/kspondata/kss\1\1_0587.wav
[2023-03-22 12:34:59,284][kospeech.utils][INFO] - Audio is None : ./dataset/kspondata/kss\2\2_0372.wav
[2023-03-22 12:34:59,285][kospeech.utils][INFO] - Audio is None : ./dataset/kspondata/kss\3\3_2441.wav
[2023-03-22 12:34:59,289][kospeech.utils][INFO] - Audio is None : ./dataset/kspondata/kss\3\3_3302.wav
[2023-03-22 12:34:59,290][kospeech.utils][INFO] - Audio is None : ./dataset/kspondata/kss\1\1_0324.wav
[2023-03-22 12:34:59,295][kospeech.utils][INFO] - Audio is None : ./dataset/kspondata/kss\4\4_3958.wav
[2023-03-22 12:34:59,298][kospeech.utils][INFO] - Audio is None : ./dataset/kspondata/kss\4\4_1796.wav
[2023-03-22 12:34:59,300][kospeech.utils][INFO] - Audio is None : ./dataset/kspondata/kss\3\3_3417.wav
[2023-03-22 12:34:59,301][kospeech.utils][INFO] - Audio is None : ./dataset/kspondata/kss\3\3_4175.wav
[2023-03-22 12:34:59,307][kospeech.utils][INFO] - Audio is None : ./dataset/kspondata/kss\3\3_3568.wav
[2023-03-22 12:34:59,308][kospeech.utils][INFO] - Audio is None : ./dataset/kspondata/kss\3\3_2887.wav
[2023-03-22 12:34:59,312][kospeech.utils][INFO] - Audio is None : ./dataset/kspondata/kss\2\2_0507.wav
[2023-03-22 12:34:59,313][kospeech.utils][INFO] - Audio is None : ./dataset/kspondata/kss\3\3_0949.wav
[2023-03-22 12:34:59,318][kospeech.utils][INFO] - Audio is None : ./dataset/kspondata/kss\3\3_2833.wav
[2023-03-22 12:34:59,320][kospeech.utils][INFO] - Audio is None : ./dataset/kspondata/kss\3\3_2067.wav
[2023-03-22 12:34:59,322][kospeech.utils][INFO] - Audio is None : ./dataset/kspondata/kss\4\4_1386.wav
[2023-03-22 12:34:59,324][kospeech.utils][INFO] - Audio is None : ./dataset/kspondata/kss\4\4_2432.wav
[2023-03-22 12:34:59,331][kospeech.utils][INFO] - Audio is None : ./dataset/kspondata/kss\3\3_3528.wav
[2023-03-22 12:34:59,333][kospeech.utils][INFO] - Audio is None : ./dataset/kspondata/kss\3\3_4788.wav
[2023-03-22 12:34:59,337][kospeech.utils][INFO] - Audio is None : ./dataset/kspondata/kss\3\3_3127.wav
[2023-03-22 12:34:59,339][kospeech.utils][INFO] - Audio is None : ./dataset/kspondata/kss\4\4_0544.wav
[2023-03-22 12:34:59,342][kospeech.utils][INFO] - Audio is None : ./dataset/kspondata/kss\4\4_3823.wav
[2023-03-22 12:34:59,347][kospeech.utils][INFO] - Audio is None : ./dataset/kspondata/kss\4\4_2360.wav
[2023-03-22 12:34:59,349][kospeech.utils][INFO] - Audio is None : ./dataset/kspondata/kss\4\4_0405.wav
[2023-03-22 12:34:59,350][kospeech.utils][INFO] - Audio is None : ./dataset/kspondata/kss\4\4_1178.wav
[2023-03-22 12:34:59,354][kospeech.utils][INFO] - Audio is None : ./dataset/kspondata/kss\4\4_3425.wav
[2023-03-22 12:34:59,356][kospeech.utils][INFO] - Audio is None : ./dataset/kspondata/kss\1\1_0527.wav
[2023-03-22 12:34:59,362][kospeech.utils][INFO] - Audio is None : ./dataset/kspondata/kss\3\3_3519.wav
[2023-03-22 12:34:59,366][kospeech.utils][INFO] - Audio is None : ./dataset/kspondata/kss\4\4_2614.wav
[2023-03-22 12:34:59,370][kospeech.utils][INFO] - Audio is None : ./dataset/kspondata/kss\4\4_0900.wav
[2023-03-22 12:34:59,377][kospeech.utils][INFO] - Audio is None : ./dataset/kspondata/kss\2\2_0674.wav
[2023-03-22 12:34:59,384][kospeech.utils][INFO] - Audio is None : ./dataset/kspondata/kss\3\3_0376.wav
[2023-03-22 12:34:59,385][kospeech.utils][INFO] - Audio is None : ./dataset/kspondata/kss\4\4_0353.wav
[2023-03-22 12:34:59,391][kospeech.utils][INFO] - Audio is None : ./dataset/kspondata/kss\3\3_4341.wav
[2023-03-22 12:34:59,396][kospeech.utils][INFO] - Audio is None : ./dataset/kspondata/kss\4\4_1495.wav
[2023-03-22 12:34:59,401][kospeech.utils][INFO] - Audio is None : ./dataset/kspondata/kss\3\3_4084.wav
[2023-03-22 12:34:59,404][kospeech.utils][INFO] - Audio is None : ./dataset/kspondata/kss\3\3_1660.wav
[2023-03-22 12:34:59,409][kospeech.utils][INFO] - Audio is None : ./dataset/kspondata/kss\4\4_2258.wav
[2023-03-22 12:34:59,412][kospeech.utils][INFO] - Audio is None : ./dataset/kspondata/kss\4\4_3526.wav
[2023-03-22 12:34:59,414][kospeech.utils][INFO] - Audio is None : ./dataset/kspondata/kss\4\4_2554.wav
[2023-03-22 12:34:59,416][kospeech.utils][INFO] - Audio is None : ./dataset/kspondata/kss\3\3_3973.wav
[2023-03-22 12:34:59,419][kospeech.utils][INFO] - Audio is None : ./dataset/kspondata/kss\3\3_1081.wav
[2023-03-22 12:34:59,420][kospeech.utils][INFO] - Audio is None : ./dataset/kspondata/kss\4\4_3099.wav
[2023-03-22 12:34:59,425][kospeech.utils][INFO] - Audio is None : ./dataset/kspondata/kss\3\3_3125.wav
[2023-03-22 12:34:59,428][kospeech.utils][INFO] - Audio is None : ./dataset/kspondata/kss\3\3_3171.wav
[2023-03-22 12:34:59,435][kospeech.utils][INFO] - Audio is None : ./dataset/kspondata/kss\2\2_0919.wav
[2023-03-22 12:34:59,438][kospeech.utils][INFO] - Audio is None : ./dataset/kspondata/kss\4\4_3444.wav
[2023-03-22 12:34:59,440][kospeech.utils][INFO] - Audio is None : ./dataset/kspondata/kss\4\4_0110.wav
[2023-03-22 12:34:59,443][kospeech.utils][INFO] - Audio is None : ./dataset/kspondata/kss\3\3_0635.wav
[2023-03-22 12:34:59,445][kospeech.utils][INFO] - Audio is None : ./dataset/kspondata/kss\4\4_3255.wav
[2023-03-22 12:34:59,448][kospeech.utils][INFO] - Audio is None : ./dataset/kspondata/kss\2\2_1062.wav
[2023-03-22 12:34:59,449][kospeech.utils][INFO] - Audio is None : ./dataset/kspondata/kss\4\4_1064.wav
[2023-03-22 12:34:59,451][kospeech.utils][INFO] - Audio is None : ./dataset/kspondata/kss\4\4_4415.wav
[2023-03-22 12:34:59,457][kospeech.utils][INFO] - Audio is None : ./dataset/kspondata/kss\3\3_4804.wav
[2023-03-22 12:34:59,461][kospeech.utils][INFO] - Audio is None : ./dataset/kspondata/kss\4\4_2005.wav
[2023-03-22 12:34:59,465][kospeech.utils][INFO] - Audio is None : ./dataset/kspondata/kss\3\3_0585.wav
[2023-03-22 12:34:59,466][kospeech.utils][INFO] - Audio is None : ./dataset/kspondata/kss\3\3_0305.wav
[2023-03-22 12:34:59,470][kospeech.utils][INFO] - Audio is None : ./dataset/kspondata/kss\2\2_1008.wav
[2023-03-22 12:34:59,471][kospeech.utils][INFO] - Audio is None : ./dataset/kspondata/kss\4\4_2418.wav
[2023-03-22 12:34:59,473][kospeech.utils][INFO] - Audio is None : ./dataset/kspondata/kss\3\3_0043.wav
[2023-03-22 12:34:59,475][kospeech.utils][INFO] - Audio is None : ./dataset/kspondata/kss\3\3_4817.wav
[2023-03-22 12:34:59,476][kospeech.utils][INFO] - Audio is None : ./dataset/kspondata/kss\3\3_4875.wav
[2023-03-22 12:34:59,482][kospeech.utils][INFO] - Audio is None : ./dataset/kspondata/kss\4\4_4123.wav
[2023-03-22 12:34:59,486][kospeech.utils][INFO] - Audio is None : ./dataset/kspondata/kss\3\3_3286.wav
[2023-03-22 12:34:59,488][kospeech.utils][INFO] - Audio is None : ./dataset/kspondata/kss\4\4_3695.wav
[2023-03-22 12:34:59,492][kospeech.utils][INFO] - Audio is None : ./dataset/kspondata/kss\3\3_2718.wav
[2023-03-22 12:34:59,495][kospeech.utils][INFO] - Audio is None : ./dataset/kspondata/kss\3\3_1657.wav
[2023-03-22 12:34:59,497][kospeech.utils][INFO] - Audio is None : ./dataset/kspondata/kss\3\3_4281.wav
[2023-03-22 12:34:59,500][kospeech.utils][INFO] - Audio is None : ./dataset/kspondata/kss\2\2_0244.wav
[2023-03-22 12:34:59,502][kospeech.utils][INFO] - Audio is None : ./dataset/kspondata/kss\4\4_1745.wav
[2023-03-22 12:34:59,504][kospeech.utils][INFO] - Audio is None : ./dataset/kspondata/kss\3\3_3409.wav
[2023-03-22 12:34:59,507][kospeech.utils][INFO] - Audio is None : ./dataset/kspondata/kss\4\4_0821.wav
[2023-03-22 12:34:59,511][kospeech.utils][INFO] - Audio is None : ./dataset/kspondata/kss\3\3_0432.wav
[2023-03-22 12:34:59,516][kospeech.utils][INFO] - Audio is None : ./dataset/kspondata/kss\4\4_0273.wav
[2023-03-22 12:34:59,518][kospeech.utils][INFO] - Audio is None : ./dataset/kspondata/kss\4\4_0085.wav
[2023-03-22 12:34:59,521][kospeech.utils][INFO] - Audio is None : ./dataset/kspondata/kss\3\3_2310.wav
[2023-03-22 12:34:59,523][kospeech.utils][INFO] - Audio is None : ./dataset/kspondata/kss\4\4_3313.wav
[2023-03-22 12:34:59,528][kospeech.utils][INFO] - Audio is None : ./dataset/kspondata/kss\4\4_0264.wav
[2023-03-22 12:34:59,530][kospeech.utils][INFO] - Audio is None : ./dataset/kspondata/kss\4\4_2356.wav
[2023-03-22 12:34:59,531][kospeech.utils][INFO] - Audio is None : ./dataset/kspondata/kss\4\4_2701.wav
[2023-03-22 12:34:59,533][kospeech.utils][INFO] - Audio is None : ./dataset/kspondata/kss\4\4_1509.wav
[2023-03-22 12:34:59,538][kospeech.utils][INFO] - Audio is None : ./dataset/kspondata/kss\2\2_1081.wav
[2023-03-22 12:34:59,539][kospeech.utils][INFO] - Audio is None : ./dataset/kspondata/kss\3\3_0330.wav
[2023-03-22 12:34:59,543][kospeech.utils][INFO] - Audio is None : ./dataset/kspondata/kss\3\3_1591.wav
[2023-03-22 12:34:59,544][kospeech.utils][INFO] - Audio is None : ./dataset/kspondata/kss\4\4_4339.wav
[2023-03-22 12:34:59,547][kospeech.utils][INFO] - Audio is None : ./dataset/kspondata/kss\4\4_3985.wav
[2023-03-22 12:34:59,550][kospeech.utils][INFO] - Audio is None : ./dataset/kspondata/kss\3\3_0240.wav
[2023-03-22 12:34:59,553][kospeech.utils][INFO] - Audio is None : ./dataset/kspondata/kss\1\1_1038.wav
[2023-03-22 12:34:59,557][kospeech.utils][INFO] - Audio is None : ./dataset/kspondata/kss\4\4_1721.wav
[2023-03-22 12:34:59,559][kospeech.utils][INFO] - Audio is None : ./dataset/kspondata/kss\1\1_0851.wav
[2023-03-22 12:35:00,149][kospeech.utils][INFO] - save checkpoints
C:\Users\SSAFY\Desktop\Speech\gitstt\BE\KoreanSTT\outputs\2023-03-22\12-34-56\2023_03_22_12_34_59-trainer_states.pt
C:\Users\SSAFY\Desktop\Speech\gitstt\BE\KoreanSTT\outputs\2023-03-22\12-34-56\2023_03_22_12_34_59-model.pt
[2023-03-22 12:35:00,150][kospeech.utils][INFO] - train() completed
[2023-03-22 12:35:00,151][kospeech.utils][INFO] - 0
