[2023-03-21 13:53:43,953][kospeech.utils][INFO] - audio:
  audio_extension: wav
  sample_rate: 16000
  frame_length: 20
  frame_shift: 10
  normalize: true
  del_silence: true
  feature_extract_by: kaldi
  time_mask_num: 4
  freq_mask_num: 2
  spec_augment: true
  input_reverse: false
  transform_method: fbank
  n_mels: 80
  freq_mask_para: 18
model:
  architecture: deepspeech2
  teacher_forcing_ratio: 1.0
  teacher_forcing_step: 0.0
  min_teacher_forcing_ratio: 1.0
  dropout: 0.3
  bidirectional: false
  joint_ctc_attention: false
  max_len: 400
  use_bidirectional: true
  rnn_type: gru
  hidden_dim: 1024
  activation: hardtanh
  num_encoder_layers: 3
train:
  dataset: kspon
  dataset_path: C:\Users\SSAFY\Desktop\Speech\KoreanSTT\dataset\kspon\data
  transcripts_path: ../../../data/transcripts.txt
  output_unit: character
  batch_size: 32
  save_result_every: 100
  checkpoint_every: 100
  print_every: 10
  mode: train
  num_workers: 4
  use_cuda: true
  num_threads: 2
  init_lr_scale: 0.01
  final_lr_scale: 0.05
  max_grad_norm: 400
  weight_decay: 1.0e-05
  total_steps: 200000
  seed: 777
  resume: false
  optimizer: adam
  init_lr: 1.0e-06
  final_lr: 1.0e-06
  peak_lr: 0.0001
  warmup_steps: 400
  num_epochs: 20
  reduction: mean
  lr_scheduler: tri_stage_lr_scheduler

[2023-03-21 13:53:43,964][kospeech.utils][INFO] - Operating System : Windows 10
[2023-03-21 13:53:43,964][kospeech.utils][INFO] - Processor : Intel64 Family 6 Model 158 Stepping 10, GenuineIntel
[2023-03-21 13:53:43,964][kospeech.utils][INFO] - CUDA is available : False
[2023-03-21 13:53:43,965][kospeech.utils][INFO] - PyTorch version : 1.10.0+cpu
[2023-03-21 13:53:44,001][kospeech.utils][INFO] - split dataset start !!
[2023-03-21 13:53:44,067][kospeech.utils][INFO] - Applying Spec Augmentation...
[2023-03-21 13:53:44,121][kospeech.utils][INFO] - Applying Spec Augmentation...
[2023-03-21 13:53:44,129][kospeech.utils][INFO] - Applying Spec Augmentation...
[2023-03-21 13:53:44,136][kospeech.utils][INFO] - Applying Spec Augmentation...
[2023-03-21 13:53:44,145][kospeech.utils][INFO] - split dataset complete !!
[2023-03-21 13:53:44,424][kospeech.utils][INFO] - start
[2023-03-21 13:53:44,424][kospeech.utils][INFO] - Epoch 0 start
[2023-03-21 13:53:44,477][kospeech.utils][INFO] - Audio is None : C:\Users\SSAFY\Desktop\Speech\KoreanSTT\dataset\kspon\data\1/1_0336.wav
[2023-03-21 13:53:44,478][kospeech.utils][INFO] - Audio is None : C:\Users\SSAFY\Desktop\Speech\KoreanSTT\dataset\kspon\data\3/3_0742.wav
[2023-03-21 13:53:44,479][kospeech.utils][INFO] - Audio is None : C:\Users\SSAFY\Desktop\Speech\KoreanSTT\dataset\kspon\data\2/2_1073.wav
[2023-03-21 13:53:44,480][kospeech.utils][INFO] - Audio is None : C:\Users\SSAFY\Desktop\Speech\KoreanSTT\dataset\kspon\data\3/3_4488.wav
[2023-03-21 13:53:44,487][kospeech.utils][INFO] - Audio is None : C:\Users\SSAFY\Desktop\Speech\KoreanSTT\dataset\kspon\data\2/2_0938.wav
[2023-03-21 13:53:44,488][kospeech.utils][INFO] - Audio is None : C:\Users\SSAFY\Desktop\Speech\KoreanSTT\dataset\kspon\data\4/4_0272.wav
[2023-03-21 13:53:44,490][kospeech.utils][INFO] - Audio is None : C:\Users\SSAFY\Desktop\Speech\KoreanSTT\dataset\kspon\data\3/3_1509.wav
[2023-03-21 13:53:44,490][kospeech.utils][INFO] - Audio is None : C:\Users\SSAFY\Desktop\Speech\KoreanSTT\dataset\kspon\data\3/3_2940.wav
[2023-03-21 13:53:44,498][kospeech.utils][INFO] - Audio is None : C:\Users\SSAFY\Desktop\Speech\KoreanSTT\dataset\kspon\data\1/1_0381.wav
[2023-03-21 13:53:44,499][kospeech.utils][INFO] - Audio is None : C:\Users\SSAFY\Desktop\Speech\KoreanSTT\dataset\kspon\data\3/3_1734.wav
[2023-03-21 13:53:44,500][kospeech.utils][INFO] - Audio is None : C:\Users\SSAFY\Desktop\Speech\KoreanSTT\dataset\kspon\data\4/4_1978.wav
[2023-03-21 13:53:44,502][kospeech.utils][INFO] - Audio is None : C:\Users\SSAFY\Desktop\Speech\KoreanSTT\dataset\kspon\data\1/1_0457.wav
[2023-03-21 13:53:44,507][kospeech.utils][INFO] - Audio is None : C:\Users\SSAFY\Desktop\Speech\KoreanSTT\dataset\kspon\data\4/4_1945.wav
[2023-03-21 13:53:44,508][kospeech.utils][INFO] - Audio is None : C:\Users\SSAFY\Desktop\Speech\KoreanSTT\dataset\kspon\data\4/4_3305.wav
[2023-03-21 13:53:44,509][kospeech.utils][INFO] - Audio is None : C:\Users\SSAFY\Desktop\Speech\KoreanSTT\dataset\kspon\data\3/3_4496.wav
[2023-03-21 13:53:44,510][kospeech.utils][INFO] - Audio is None : C:\Users\SSAFY\Desktop\Speech\KoreanSTT\dataset\kspon\data\2/2_0517.wav
[2023-03-21 13:53:44,516][kospeech.utils][INFO] - Audio is None : C:\Users\SSAFY\Desktop\Speech\KoreanSTT\dataset\kspon\data\3/3_2141.wav
[2023-03-21 13:53:44,517][kospeech.utils][INFO] - Audio is None : C:\Users\SSAFY\Desktop\Speech\KoreanSTT\dataset\kspon\data\1/1_0614.wav
[2023-03-21 13:53:44,520][kospeech.utils][INFO] - Audio is None : C:\Users\SSAFY\Desktop\Speech\KoreanSTT\dataset\kspon\data\3/3_3182.wav
[2023-03-21 13:53:44,522][kospeech.utils][INFO] - Audio is None : C:\Users\SSAFY\Desktop\Speech\KoreanSTT\dataset\kspon\data\2/2_0772.wav
[2023-03-21 13:53:44,529][kospeech.utils][INFO] - Audio is None : C:\Users\SSAFY\Desktop\Speech\KoreanSTT\dataset\kspon\data\2/2_0370.wav
[2023-03-21 13:53:44,530][kospeech.utils][INFO] - Audio is None : C:\Users\SSAFY\Desktop\Speech\KoreanSTT\dataset\kspon\data\2/2_0390.wav
[2023-03-21 13:53:44,532][kospeech.utils][INFO] - Audio is None : C:\Users\SSAFY\Desktop\Speech\KoreanSTT\dataset\kspon\data\3/3_1873.wav
[2023-03-21 13:53:44,536][kospeech.utils][INFO] - Audio is None : C:\Users\SSAFY\Desktop\Speech\KoreanSTT\dataset\kspon\data\4/4_4332.wav
[2023-03-21 13:53:44,543][kospeech.utils][INFO] - Audio is None : C:\Users\SSAFY\Desktop\Speech\KoreanSTT\dataset\kspon\data\3/3_3633.wav
[2023-03-21 13:53:44,544][kospeech.utils][INFO] - Audio is None : C:\Users\SSAFY\Desktop\Speech\KoreanSTT\dataset\kspon\data\2/2_0279.wav
[2023-03-21 13:53:44,546][kospeech.utils][INFO] - Audio is None : C:\Users\SSAFY\Desktop\Speech\KoreanSTT\dataset\kspon\data\4/4_0088.wav
[2023-03-21 13:53:44,550][kospeech.utils][INFO] - Audio is None : C:\Users\SSAFY\Desktop\Speech\KoreanSTT\dataset\kspon\data\3/3_0036.wav
[2023-03-21 13:53:44,553][kospeech.utils][INFO] - Audio is None : C:\Users\SSAFY\Desktop\Speech\KoreanSTT\dataset\kspon\data\1/1_0785.wav
[2023-03-21 13:53:44,556][kospeech.utils][INFO] - Audio is None : C:\Users\SSAFY\Desktop\Speech\KoreanSTT\dataset\kspon\data\1/1_0977.wav
[2023-03-21 13:53:44,558][kospeech.utils][INFO] - Audio is None : C:\Users\SSAFY\Desktop\Speech\KoreanSTT\dataset\kspon\data\3/3_0865.wav
[2023-03-21 13:53:44,560][kospeech.utils][INFO] - Audio is None : C:\Users\SSAFY\Desktop\Speech\KoreanSTT\dataset\kspon\data\4/4_3575.wav
[2023-03-21 13:53:44,563][kospeech.utils][INFO] - Audio is None : C:\Users\SSAFY\Desktop\Speech\KoreanSTT\dataset\kspon\data\4/4_2260.wav
[2023-03-21 13:53:44,567][kospeech.utils][INFO] - Audio is None : C:\Users\SSAFY\Desktop\Speech\KoreanSTT\dataset\kspon\data\3/3_3776.wav
[2023-03-21 13:53:44,569][kospeech.utils][INFO] - Audio is None : C:\Users\SSAFY\Desktop\Speech\KoreanSTT\dataset\kspon\data\4/4_2145.wav
[2023-03-21 13:53:44,571][kospeech.utils][INFO] - Audio is None : C:\Users\SSAFY\Desktop\Speech\KoreanSTT\dataset\kspon\data\4/4_4172.wav
[2023-03-21 13:53:44,572][kospeech.utils][INFO] - Audio is None : C:\Users\SSAFY\Desktop\Speech\KoreanSTT\dataset\kspon\data\4/4_3120.wav
[2023-03-21 13:53:44,578][kospeech.utils][INFO] - Audio is None : C:\Users\SSAFY\Desktop\Speech\KoreanSTT\dataset\kspon\data\3/3_2248.wav
[2023-03-21 13:53:44,580][kospeech.utils][INFO] - Audio is None : C:\Users\SSAFY\Desktop\Speech\KoreanSTT\dataset\kspon\data\3/3_3689.wav
[2023-03-21 13:53:44,583][kospeech.utils][INFO] - Audio is None : C:\Users\SSAFY\Desktop\Speech\KoreanSTT\dataset\kspon\data\4/4_0790.wav
[2023-03-21 13:53:44,583][kospeech.utils][INFO] - Audio is None : C:\Users\SSAFY\Desktop\Speech\KoreanSTT\dataset\kspon\data\2/2_1066.wav
[2023-03-21 13:53:44,590][kospeech.utils][INFO] - Audio is None : C:\Users\SSAFY\Desktop\Speech\KoreanSTT\dataset\kspon\data\3/3_3419.wav
[2023-03-21 13:53:44,591][kospeech.utils][INFO] - Audio is None : C:\Users\SSAFY\Desktop\Speech\KoreanSTT\dataset\kspon\data\1/1_0394.wav
[2023-03-21 13:53:44,593][kospeech.utils][INFO] - Audio is None : C:\Users\SSAFY\Desktop\Speech\KoreanSTT\dataset\kspon\data\3/3_3540.wav
[2023-03-21 13:53:44,594][kospeech.utils][INFO] - Audio is None : C:\Users\SSAFY\Desktop\Speech\KoreanSTT\dataset\kspon\data\3/3_3332.wav
[2023-03-21 13:53:44,601][kospeech.utils][INFO] - Audio is None : C:\Users\SSAFY\Desktop\Speech\KoreanSTT\dataset\kspon\data\4/4_4778.wav
[2023-03-21 13:53:44,604][kospeech.utils][INFO] - Audio is None : C:\Users\SSAFY\Desktop\Speech\KoreanSTT\dataset\kspon\data\2/2_1106.wav
[2023-03-21 13:53:44,607][kospeech.utils][INFO] - Audio is None : C:\Users\SSAFY\Desktop\Speech\KoreanSTT\dataset\kspon\data\2/2_0177.wav
[2023-03-21 13:53:44,607][kospeech.utils][INFO] - Audio is None : C:\Users\SSAFY\Desktop\Speech\KoreanSTT\dataset\kspon\data\4/4_4658.wav
[2023-03-21 13:53:44,612][kospeech.utils][INFO] - Audio is None : C:\Users\SSAFY\Desktop\Speech\KoreanSTT\dataset\kspon\data\3/3_4229.wav
[2023-03-21 13:53:44,617][kospeech.utils][INFO] - Audio is None : C:\Users\SSAFY\Desktop\Speech\KoreanSTT\dataset\kspon\data\2/2_0582.wav
[2023-03-21 13:53:44,620][kospeech.utils][INFO] - Audio is None : C:\Users\SSAFY\Desktop\Speech\KoreanSTT\dataset\kspon\data\4/4_3680.wav
[2023-03-21 13:53:44,621][kospeech.utils][INFO] - Audio is None : C:\Users\SSAFY\Desktop\Speech\KoreanSTT\dataset\kspon\data\4/4_0704.wav
[2023-03-21 13:53:44,624][kospeech.utils][INFO] - Audio is None : C:\Users\SSAFY\Desktop\Speech\KoreanSTT\dataset\kspon\data\3/3_4750.wav
[2023-03-21 13:53:44,631][kospeech.utils][INFO] - Audio is None : C:\Users\SSAFY\Desktop\Speech\KoreanSTT\dataset\kspon\data\4/4_0446.wav
[2023-03-21 13:53:44,635][kospeech.utils][INFO] - Audio is None : C:\Users\SSAFY\Desktop\Speech\KoreanSTT\dataset\kspon\data\4/4_1099.wav
[2023-03-21 13:53:44,636][kospeech.utils][INFO] - Audio is None : C:\Users\SSAFY\Desktop\Speech\KoreanSTT\dataset\kspon\data\4/4_2770.wav
[2023-03-21 13:53:44,636][kospeech.utils][INFO] - Audio is None : C:\Users\SSAFY\Desktop\Speech\KoreanSTT\dataset\kspon\data\2/2_0877.wav
[2023-03-21 13:53:44,642][kospeech.utils][INFO] - Audio is None : C:\Users\SSAFY\Desktop\Speech\KoreanSTT\dataset\kspon\data\4/4_4654.wav
[2023-03-21 13:53:44,647][kospeech.utils][INFO] - Audio is None : C:\Users\SSAFY\Desktop\Speech\KoreanSTT\dataset\kspon\data\3/3_0874.wav
[2023-03-21 13:53:44,649][kospeech.utils][INFO] - Audio is None : C:\Users\SSAFY\Desktop\Speech\KoreanSTT\dataset\kspon\data\3/3_2203.wav
[2023-03-21 13:53:44,650][kospeech.utils][INFO] - Audio is None : C:\Users\SSAFY\Desktop\Speech\KoreanSTT\dataset\kspon\data\4/4_1460.wav
[2023-03-21 13:53:44,654][kospeech.utils][INFO] - Audio is None : C:\Users\SSAFY\Desktop\Speech\KoreanSTT\dataset\kspon\data\4/4_0503.wav
[2023-03-21 13:53:44,660][kospeech.utils][INFO] - Audio is None : C:\Users\SSAFY\Desktop\Speech\KoreanSTT\dataset\kspon\data\4/4_0431.wav
[2023-03-21 13:53:44,663][kospeech.utils][INFO] - Audio is None : C:\Users\SSAFY\Desktop\Speech\KoreanSTT\dataset\kspon\data\1/1_0174.wav
[2023-03-21 13:53:44,664][kospeech.utils][INFO] - Audio is None : C:\Users\SSAFY\Desktop\Speech\KoreanSTT\dataset\kspon\data\4/4_0774.wav
[2023-03-21 13:53:44,667][kospeech.utils][INFO] - Audio is None : C:\Users\SSAFY\Desktop\Speech\KoreanSTT\dataset\kspon\data\3/3_3966.wav
[2023-03-21 13:53:44,675][kospeech.utils][INFO] - Audio is None : C:\Users\SSAFY\Desktop\Speech\KoreanSTT\dataset\kspon\data\3/3_0522.wav
[2023-03-21 13:53:44,679][kospeech.utils][INFO] - Audio is None : C:\Users\SSAFY\Desktop\Speech\KoreanSTT\dataset\kspon\data\3/3_1072.wav
[2023-03-21 13:53:44,680][kospeech.utils][INFO] - Audio is None : C:\Users\SSAFY\Desktop\Speech\KoreanSTT\dataset\kspon\data\3/3_2841.wav
[2023-03-21 13:53:44,683][kospeech.utils][INFO] - Audio is None : C:\Users\SSAFY\Desktop\Speech\KoreanSTT\dataset\kspon\data\3/3_0710.wav
[2023-03-21 13:53:44,690][kospeech.utils][INFO] - Audio is None : C:\Users\SSAFY\Desktop\Speech\KoreanSTT\dataset\kspon\data\3/3_3029.wav
[2023-03-21 13:53:44,695][kospeech.utils][INFO] - Audio is None : C:\Users\SSAFY\Desktop\Speech\KoreanSTT\dataset\kspon\data\4/4_4401.wav
[2023-03-21 13:53:44,697][kospeech.utils][INFO] - Audio is None : C:\Users\SSAFY\Desktop\Speech\KoreanSTT\dataset\kspon\data\3/3_2447.wav
[2023-03-21 13:53:44,698][kospeech.utils][INFO] - Audio is None : C:\Users\SSAFY\Desktop\Speech\KoreanSTT\dataset\kspon\data\2/2_0643.wav
[2023-03-21 13:53:44,703][kospeech.utils][INFO] - Audio is None : C:\Users\SSAFY\Desktop\Speech\KoreanSTT\dataset\kspon\data\2/2_0065.wav
[2023-03-21 13:53:44,709][kospeech.utils][INFO] - Audio is None : C:\Users\SSAFY\Desktop\Speech\KoreanSTT\dataset\kspon\data\3/3_1781.wav
[2023-03-21 13:53:44,710][kospeech.utils][INFO] - Audio is None : C:\Users\SSAFY\Desktop\Speech\KoreanSTT\dataset\kspon\data\4/4_1724.wav
[2023-03-21 13:53:44,710][kospeech.utils][INFO] - Audio is None : C:\Users\SSAFY\Desktop\Speech\KoreanSTT\dataset\kspon\data\4/4_4260.wav
[2023-03-21 13:53:44,715][kospeech.utils][INFO] - Audio is None : C:\Users\SSAFY\Desktop\Speech\KoreanSTT\dataset\kspon\data\4/4_3777.wav
[2023-03-21 13:53:44,722][kospeech.utils][INFO] - Audio is None : C:\Users\SSAFY\Desktop\Speech\KoreanSTT\dataset\kspon\data\4/4_4277.wav
[2023-03-21 13:53:44,722][kospeech.utils][INFO] - Audio is None : C:\Users\SSAFY\Desktop\Speech\KoreanSTT\dataset\kspon\data\3/3_1292.wav
[2023-03-21 13:53:44,724][kospeech.utils][INFO] - Audio is None : C:\Users\SSAFY\Desktop\Speech\KoreanSTT\dataset\kspon\data\3/3_2886.wav
[2023-03-21 13:53:44,727][kospeech.utils][INFO] - Audio is None : C:\Users\SSAFY\Desktop\Speech\KoreanSTT\dataset\kspon\data\3/3_3953.wav
[2023-03-21 13:53:44,733][kospeech.utils][INFO] - Audio is None : C:\Users\SSAFY\Desktop\Speech\KoreanSTT\dataset\kspon\data\3/3_2306.wav
[2023-03-21 13:53:44,736][kospeech.utils][INFO] - Audio is None : C:\Users\SSAFY\Desktop\Speech\KoreanSTT\dataset\kspon\data\4/4_0019.wav
[2023-03-21 13:53:44,737][kospeech.utils][INFO] - Audio is None : C:\Users\SSAFY\Desktop\Speech\KoreanSTT\dataset\kspon\data\4/4_4283.wav
[2023-03-21 13:53:44,740][kospeech.utils][INFO] - Audio is None : C:\Users\SSAFY\Desktop\Speech\KoreanSTT\dataset\kspon\data\3/3_0543.wav
[2023-03-21 13:53:44,745][kospeech.utils][INFO] - Audio is None : C:\Users\SSAFY\Desktop\Speech\KoreanSTT\dataset\kspon\data\4/4_0158.wav
[2023-03-21 13:53:44,749][kospeech.utils][INFO] - Audio is None : C:\Users\SSAFY\Desktop\Speech\KoreanSTT\dataset\kspon\data\2/2_0723.wav
[2023-03-21 13:53:44,749][kospeech.utils][INFO] - Audio is None : C:\Users\SSAFY\Desktop\Speech\KoreanSTT\dataset\kspon\data\3/3_1277.wav
[2023-03-21 13:53:44,751][kospeech.utils][INFO] - Audio is None : C:\Users\SSAFY\Desktop\Speech\KoreanSTT\dataset\kspon\data\3/3_3345.wav
[2023-03-21 13:53:44,757][kospeech.utils][INFO] - Audio is None : C:\Users\SSAFY\Desktop\Speech\KoreanSTT\dataset\kspon\data\3/3_1210.wav
[2023-03-21 13:53:44,761][kospeech.utils][INFO] - Audio is None : C:\Users\SSAFY\Desktop\Speech\KoreanSTT\dataset\kspon\data\3/3_2146.wav
[2023-03-21 13:53:44,762][kospeech.utils][INFO] - Audio is None : C:\Users\SSAFY\Desktop\Speech\KoreanSTT\dataset\kspon\data\4/4_0156.wav
[2023-03-21 13:53:44,763][kospeech.utils][INFO] - Audio is None : C:\Users\SSAFY\Desktop\Speech\KoreanSTT\dataset\kspon\data\4/4_2280.wav
[2023-03-21 13:53:44,770][kospeech.utils][INFO] - Audio is None : C:\Users\SSAFY\Desktop\Speech\KoreanSTT\dataset\kspon\data\4/4_3197.wav
[2023-03-21 13:53:44,777][kospeech.utils][INFO] - Audio is None : C:\Users\SSAFY\Desktop\Speech\KoreanSTT\dataset\kspon\data\4/4_1973.wav
[2023-03-21 13:53:44,778][kospeech.utils][INFO] - Audio is None : C:\Users\SSAFY\Desktop\Speech\KoreanSTT\dataset\kspon\data\2/2_0094.wav
[2023-03-21 13:53:44,779][kospeech.utils][INFO] - Audio is None : C:\Users\SSAFY\Desktop\Speech\KoreanSTT\dataset\kspon\data\3/3_3236.wav
[2023-03-21 13:53:44,785][kospeech.utils][INFO] - Audio is None : C:\Users\SSAFY\Desktop\Speech\KoreanSTT\dataset\kspon\data\3/3_4598.wav
[2023-03-21 13:53:44,790][kospeech.utils][INFO] - Audio is None : C:\Users\SSAFY\Desktop\Speech\KoreanSTT\dataset\kspon\data\3/3_0764.wav
[2023-03-21 13:53:44,793][kospeech.utils][INFO] - Audio is None : C:\Users\SSAFY\Desktop\Speech\KoreanSTT\dataset\kspon\data\4/4_0238.wav
[2023-03-21 13:53:44,795][kospeech.utils][INFO] - Audio is None : C:\Users\SSAFY\Desktop\Speech\KoreanSTT\dataset\kspon\data\4/4_1907.wav
[2023-03-21 13:53:44,800][kospeech.utils][INFO] - Audio is None : C:\Users\SSAFY\Desktop\Speech\KoreanSTT\dataset\kspon\data\3/3_3626.wav
[2023-03-21 13:53:44,804][kospeech.utils][INFO] - Audio is None : C:\Users\SSAFY\Desktop\Speech\KoreanSTT\dataset\kspon\data\1/1_0233.wav
[2023-03-21 13:53:44,808][kospeech.utils][INFO] - Audio is None : C:\Users\SSAFY\Desktop\Speech\KoreanSTT\dataset\kspon\data\3/3_2425.wav
[2023-03-21 13:53:44,809][kospeech.utils][INFO] - Audio is None : C:\Users\SSAFY\Desktop\Speech\KoreanSTT\dataset\kspon\data\3/3_3752.wav
[2023-03-21 13:53:44,815][kospeech.utils][INFO] - Audio is None : C:\Users\SSAFY\Desktop\Speech\KoreanSTT\dataset\kspon\data\3/3_1679.wav
[2023-03-21 13:53:44,819][kospeech.utils][INFO] - Audio is None : C:\Users\SSAFY\Desktop\Speech\KoreanSTT\dataset\kspon\data\4/4_2694.wav
[2023-03-21 13:53:44,824][kospeech.utils][INFO] - Audio is None : C:\Users\SSAFY\Desktop\Speech\KoreanSTT\dataset\kspon\data\3/3_3996.wav
[2023-03-21 13:53:44,824][kospeech.utils][INFO] - Audio is None : C:\Users\SSAFY\Desktop\Speech\KoreanSTT\dataset\kspon\data\3/3_4125.wav
[2023-03-21 13:53:44,830][kospeech.utils][INFO] - Audio is None : C:\Users\SSAFY\Desktop\Speech\KoreanSTT\dataset\kspon\data\3/3_1198.wav
[2023-03-21 13:53:44,831][kospeech.utils][INFO] - Audio is None : C:\Users\SSAFY\Desktop\Speech\KoreanSTT\dataset\kspon\data\2/2_0713.wav
[2023-03-21 13:53:44,836][kospeech.utils][INFO] - Audio is None : C:\Users\SSAFY\Desktop\Speech\KoreanSTT\dataset\kspon\data\2/2_0031.wav
[2023-03-21 13:53:44,837][kospeech.utils][INFO] - Audio is None : C:\Users\SSAFY\Desktop\Speech\KoreanSTT\dataset\kspon\data\4/4_3588.wav
[2023-03-21 13:53:44,841][kospeech.utils][INFO] - Audio is None : C:\Users\SSAFY\Desktop\Speech\KoreanSTT\dataset\kspon\data\3/3_0526.wav
[2023-03-21 13:53:44,843][kospeech.utils][INFO] - Audio is None : C:\Users\SSAFY\Desktop\Speech\KoreanSTT\dataset\kspon\data\3/3_3721.wav
[2023-03-21 13:53:44,847][kospeech.utils][INFO] - Audio is None : C:\Users\SSAFY\Desktop\Speech\KoreanSTT\dataset\kspon\data\3/3_3520.wav
[2023-03-21 13:53:44,848][kospeech.utils][INFO] - Audio is None : C:\Users\SSAFY\Desktop\Speech\KoreanSTT\dataset\kspon\data\3/3_1132.wav
[2023-03-21 13:53:44,852][kospeech.utils][INFO] - Audio is None : C:\Users\SSAFY\Desktop\Speech\KoreanSTT\dataset\kspon\data\2/2_0154.wav
[2023-03-21 13:53:44,857][kospeech.utils][INFO] - Audio is None : C:\Users\SSAFY\Desktop\Speech\KoreanSTT\dataset\kspon\data\4/4_0826.wav
[2023-03-21 13:53:44,861][kospeech.utils][INFO] - Audio is None : C:\Users\SSAFY\Desktop\Speech\KoreanSTT\dataset\kspon\data\4/4_4711.wav
[2023-03-21 13:53:44,863][kospeech.utils][INFO] - Audio is None : C:\Users\SSAFY\Desktop\Speech\KoreanSTT\dataset\kspon\data\2/2_0111.wav
[2023-03-21 13:53:44,866][kospeech.utils][INFO] - Audio is None : C:\Users\SSAFY\Desktop\Speech\KoreanSTT\dataset\kspon\data\4/4_2426.wav
[2023-03-21 13:53:44,871][kospeech.utils][INFO] - Audio is None : C:\Users\SSAFY\Desktop\Speech\KoreanSTT\dataset\kspon\data\4/4_1063.wav
[2023-03-21 13:53:44,875][kospeech.utils][INFO] - Audio is None : C:\Users\SSAFY\Desktop\Speech\KoreanSTT\dataset\kspon\data\4/4_0268.wav
[2023-03-21 13:53:44,879][kospeech.utils][INFO] - Audio is None : C:\Users\SSAFY\Desktop\Speech\KoreanSTT\dataset\kspon\data\4/4_4393.wav
[2023-03-21 13:53:45,345][kospeech.utils][INFO] - save checkpoints
C:\Users\SSAFY\Desktop\Speech\KoreanSTT\outputs\2023-03-21\13-53-43\2023_03_21_13_53_44-trainer_states.pt
C:\Users\SSAFY\Desktop\Speech\KoreanSTT\outputs\2023-03-21\13-53-43\2023_03_21_13_53_44-model.pt
[2023-03-21 13:53:45,345][kospeech.utils][INFO] - train() completed
