[2023-03-22 13:11:43,482][kospeech.utils][INFO] - audio:
  audio_extension: wav
  sample_rate: 16000
  frame_length: 20
  frame_shift: 10
  normalize: true
  del_silence: true
  feature_extract_by: kaldi
  time_mask_num: 4
  freq_mask_num: 2
  spec_augment: true
  input_reverse: false
  transform_method: fbank
  n_mels: 80
  freq_mask_para: 18
model:
  architecture: deepspeech2
  teacher_forcing_ratio: 1.0
  teacher_forcing_step: 0.0
  min_teacher_forcing_ratio: 1.0
  dropout: 0.3
  bidirectional: false
  joint_ctc_attention: false
  max_len: 400
  use_bidirectional: true
  rnn_type: gru
  hidden_dim: 1024
  activation: hardtanh
  num_encoder_layers: 3
train:
  dataset: kspon
  dataset_path: ./dataset/kspondata/kss
  transcripts_path: ../../../transcripts.txt
  output_unit: character
  batch_size: 32
  save_result_every: 100
  checkpoint_every: 100
  print_every: 10
  mode: train
  num_workers: 8
  use_cuda: true
  num_threads: 2
  init_lr_scale: 0.01
  final_lr_scale: 0.05
  max_grad_norm: 400
  weight_decay: 1.0e-05
  total_steps: 200000
  seed: 777
  resume: false
  optimizer: adam
  init_lr: 1.0e-06
  final_lr: 1.0e-06
  peak_lr: 0.0001
  warmup_steps: 400
  num_epochs: 8
  reduction: mean
  lr_scheduler: tri_stage_lr_scheduler

[2023-03-22 13:11:43,534][kospeech.utils][INFO] - Operating System : Windows 10
[2023-03-22 13:11:43,534][kospeech.utils][INFO] - Processor : Intel64 Family 6 Model 158 Stepping 10, GenuineIntel
[2023-03-22 13:11:43,535][kospeech.utils][INFO] - device : NVIDIA GeForce RTX 2060
[2023-03-22 13:11:43,535][kospeech.utils][INFO] - CUDA is available : True
[2023-03-22 13:11:43,536][kospeech.utils][INFO] - CUDA version : 11.8
[2023-03-22 13:11:43,536][kospeech.utils][INFO] - PyTorch version : 2.0.0+cu118
[2023-03-22 13:11:43,580][kospeech.utils][INFO] - split dataset start !!
[2023-03-22 13:11:43,686][kospeech.utils][INFO] - Applying Spec Augmentation...
[2023-03-22 13:11:43,688][kospeech.utils][INFO] - split dataset complete !!
[2023-03-22 13:11:46,073][kospeech.utils][INFO] - start
[2023-03-22 13:11:46,073][kospeech.utils][INFO] - Epoch 0 start
[2023-03-22 13:11:46,111][kospeech.utils][INFO] - Audio is None : ./dataset/kspondata/kss/4/4_0807.wav
[2023-03-22 13:11:46,111][kospeech.utils][INFO] - ./dataset/kspondata/kss
[2023-03-22 13:11:46,112][kospeech.utils][INFO] - Audio is None : ./dataset/kspondata/kss/4/4_2040.wav
[2023-03-22 13:11:46,112][kospeech.utils][INFO] - ./dataset/kspondata/kss
[2023-03-22 13:11:46,114][kospeech.utils][INFO] - Audio is None : ./dataset/kspondata/kss/4/4_3090.wav
[2023-03-22 13:11:46,114][kospeech.utils][INFO] - ./dataset/kspondata/kss
[2023-03-22 13:11:46,115][kospeech.utils][INFO] - Audio is None : ./dataset/kspondata/kss/3/3_1496.wav
[2023-03-22 13:11:46,115][kospeech.utils][INFO] - ./dataset/kspondata/kss
[2023-03-22 13:11:46,117][kospeech.utils][INFO] - Audio is None : ./dataset/kspondata/kss/3/3_3697.wav
[2023-03-22 13:11:46,117][kospeech.utils][INFO] - Audio is None : ./dataset/kspondata/kss/3/3_1664.wav
[2023-03-22 13:11:46,118][kospeech.utils][INFO] - ./dataset/kspondata/kss
[2023-03-22 13:11:46,118][kospeech.utils][INFO] - ./dataset/kspondata/kss
[2023-03-22 13:11:46,121][kospeech.utils][INFO] - Audio is None : ./dataset/kspondata/kss/3/3_4707.wav
[2023-03-22 13:11:46,121][kospeech.utils][INFO] - Audio is None : ./dataset/kspondata/kss/1/1_0729.wav
[2023-03-22 13:11:46,121][kospeech.utils][INFO] - ./dataset/kspondata/kss
[2023-03-22 13:11:46,122][kospeech.utils][INFO] - ./dataset/kspondata/kss
[2023-03-22 13:11:46,134][kospeech.utils][INFO] - Audio is None : ./dataset/kspondata/kss/3/3_3051.wav
[2023-03-22 13:11:46,134][kospeech.utils][INFO] - ./dataset/kspondata/kss
[2023-03-22 13:11:46,135][kospeech.utils][INFO] - Audio is None : ./dataset/kspondata/kss/1/1_0317.wav
[2023-03-22 13:11:46,136][kospeech.utils][INFO] - ./dataset/kspondata/kss
[2023-03-22 13:11:46,137][kospeech.utils][INFO] - Audio is None : ./dataset/kspondata/kss/4/4_3016.wav
[2023-03-22 13:11:46,138][kospeech.utils][INFO] - ./dataset/kspondata/kss
[2023-03-22 13:11:46,138][kospeech.utils][INFO] - Audio is None : ./dataset/kspondata/kss/3/3_1401.wav
[2023-03-22 13:11:46,139][kospeech.utils][INFO] - ./dataset/kspondata/kss
[2023-03-22 13:11:46,142][kospeech.utils][INFO] - Audio is None : ./dataset/kspondata/kss/3/3_4310.wav
[2023-03-22 13:11:46,142][kospeech.utils][INFO] - ./dataset/kspondata/kss
[2023-03-22 13:11:46,144][kospeech.utils][INFO] - Audio is None : ./dataset/kspondata/kss/2/2_0061.wav
[2023-03-22 13:11:46,144][kospeech.utils][INFO] - ./dataset/kspondata/kss
[2023-03-22 13:11:46,145][kospeech.utils][INFO] - Audio is None : ./dataset/kspondata/kss/2/2_0233.wav
[2023-03-22 13:11:46,145][kospeech.utils][INFO] - ./dataset/kspondata/kss
[2023-03-22 13:11:46,148][kospeech.utils][INFO] - Audio is None : ./dataset/kspondata/kss/3/3_4367.wav
[2023-03-22 13:11:46,149][kospeech.utils][INFO] - ./dataset/kspondata/kss
[2023-03-22 13:11:46,159][kospeech.utils][INFO] - Audio is None : ./dataset/kspondata/kss/4/4_4314.wav
[2023-03-22 13:11:46,159][kospeech.utils][INFO] - ./dataset/kspondata/kss
[2023-03-22 13:11:46,161][kospeech.utils][INFO] - Audio is None : ./dataset/kspondata/kss/4/4_4298.wav
[2023-03-22 13:11:46,161][kospeech.utils][INFO] - ./dataset/kspondata/kss
[2023-03-22 13:11:46,164][kospeech.utils][INFO] - Audio is None : ./dataset/kspondata/kss/3/3_1825.wav
[2023-03-22 13:11:46,164][kospeech.utils][INFO] - Audio is None : ./dataset/kspondata/kss/4/4_3566.wav
[2023-03-22 13:11:46,165][kospeech.utils][INFO] - ./dataset/kspondata/kss
[2023-03-22 13:11:46,165][kospeech.utils][INFO] - ./dataset/kspondata/kss
[2023-03-22 13:11:46,166][kospeech.utils][INFO] - Audio is None : ./dataset/kspondata/kss/3/3_1803.wav
[2023-03-22 13:11:46,166][kospeech.utils][INFO] - Audio is None : ./dataset/kspondata/kss/3/3_0025.wav
[2023-03-22 13:11:46,167][kospeech.utils][INFO] - ./dataset/kspondata/kss
[2023-03-22 13:11:46,168][kospeech.utils][INFO] - ./dataset/kspondata/kss
[2023-03-22 13:11:46,168][kospeech.utils][INFO] - Audio is None : ./dataset/kspondata/kss/3/3_4492.wav
[2023-03-22 13:11:46,170][kospeech.utils][INFO] - ./dataset/kspondata/kss
[2023-03-22 13:11:46,170][kospeech.utils][INFO] - Audio is None : ./dataset/kspondata/kss/3/3_3364.wav
[2023-03-22 13:11:46,171][kospeech.utils][INFO] - ./dataset/kspondata/kss
[2023-03-22 13:11:46,180][kospeech.utils][INFO] - Audio is None : ./dataset/kspondata/kss/3/3_1755.wav
[2023-03-22 13:11:46,180][kospeech.utils][INFO] - ./dataset/kspondata/kss
[2023-03-22 13:11:46,182][kospeech.utils][INFO] - Audio is None : ./dataset/kspondata/kss/4/4_1280.wav
[2023-03-22 13:11:46,182][kospeech.utils][INFO] - ./dataset/kspondata/kss
[2023-03-22 13:11:46,185][kospeech.utils][INFO] - Audio is None : ./dataset/kspondata/kss/3/3_4776.wav
[2023-03-22 13:11:46,186][kospeech.utils][INFO] - ./dataset/kspondata/kss
[2023-03-22 13:11:46,191][kospeech.utils][INFO] - Audio is None : ./dataset/kspondata/kss/4/4_2351.wav
[2023-03-22 13:11:46,191][kospeech.utils][INFO] - Audio is None : ./dataset/kspondata/kss/4/4_0693.wav
[2023-03-22 13:11:46,192][kospeech.utils][INFO] - ./dataset/kspondata/kss
[2023-03-22 13:11:46,192][kospeech.utils][INFO] - ./dataset/kspondata/kss
[2023-03-22 13:11:46,192][kospeech.utils][INFO] - Audio is None : ./dataset/kspondata/kss/3/3_3107.wav
[2023-03-22 13:11:46,194][kospeech.utils][INFO] - ./dataset/kspondata/kss
[2023-03-22 13:11:46,195][kospeech.utils][INFO] - Audio is None : ./dataset/kspondata/kss/3/3_2113.wav
[2023-03-22 13:11:46,196][kospeech.utils][INFO] - ./dataset/kspondata/kss
[2023-03-22 13:11:46,197][kospeech.utils][INFO] - Audio is None : ./dataset/kspondata/kss/4/4_1677.wav
[2023-03-22 13:11:46,197][kospeech.utils][INFO] - ./dataset/kspondata/kss
[2023-03-22 13:11:46,198][kospeech.utils][INFO] - Audio is None : ./dataset/kspondata/kss/4/4_3502.wav
[2023-03-22 13:11:46,198][kospeech.utils][INFO] - ./dataset/kspondata/kss
[2023-03-22 13:11:46,200][kospeech.utils][INFO] - Audio is None : ./dataset/kspondata/kss/3/3_0369.wav
[2023-03-22 13:11:46,200][kospeech.utils][INFO] - ./dataset/kspondata/kss
[2023-03-22 13:11:46,210][kospeech.utils][INFO] - Audio is None : ./dataset/kspondata/kss/3/3_0650.wav
[2023-03-22 13:11:46,210][kospeech.utils][INFO] - ./dataset/kspondata/kss
[2023-03-22 13:11:46,212][kospeech.utils][INFO] - Audio is None : ./dataset/kspondata/kss/1/1_0319.wav
[2023-03-22 13:11:46,213][kospeech.utils][INFO] - ./dataset/kspondata/kss
[2023-03-22 13:11:46,216][kospeech.utils][INFO] - Audio is None : ./dataset/kspondata/kss/2/2_0704.wav
[2023-03-22 13:11:46,217][kospeech.utils][INFO] - ./dataset/kspondata/kss
[2023-03-22 13:11:46,217][kospeech.utils][INFO] - Audio is None : ./dataset/kspondata/kss/3/3_2386.wav
[2023-03-22 13:11:46,218][kospeech.utils][INFO] - ./dataset/kspondata/kss
[2023-03-22 13:11:46,221][kospeech.utils][INFO] - Audio is None : ./dataset/kspondata/kss/4/4_0534.wav
[2023-03-22 13:11:46,221][kospeech.utils][INFO] - ./dataset/kspondata/kss
[2023-03-22 13:11:46,222][kospeech.utils][INFO] - Audio is None : ./dataset/kspondata/kss/3/3_0443.wav
[2023-03-22 13:11:46,223][kospeech.utils][INFO] - ./dataset/kspondata/kss
[2023-03-22 13:11:46,223][kospeech.utils][INFO] - Audio is None : ./dataset/kspondata/kss/4/4_2984.wav
[2023-03-22 13:11:46,225][kospeech.utils][INFO] - ./dataset/kspondata/kss
[2023-03-22 13:11:46,227][kospeech.utils][INFO] - Audio is None : ./dataset/kspondata/kss/1/1_0065.wav
[2023-03-22 13:11:46,227][kospeech.utils][INFO] - ./dataset/kspondata/kss
[2023-03-22 13:11:46,233][kospeech.utils][INFO] - Audio is None : ./dataset/kspondata/kss/4/4_4362.wav
[2023-03-22 13:11:46,234][kospeech.utils][INFO] - ./dataset/kspondata/kss
[2023-03-22 13:11:46,235][kospeech.utils][INFO] - Audio is None : ./dataset/kspondata/kss/3/3_3968.wav
[2023-03-22 13:11:46,235][kospeech.utils][INFO] - ./dataset/kspondata/kss
[2023-03-22 13:11:46,240][kospeech.utils][INFO] - Audio is None : ./dataset/kspondata/kss/4/4_3847.wav
[2023-03-22 13:11:46,241][kospeech.utils][INFO] - ./dataset/kspondata/kss
[2023-03-22 13:11:46,244][kospeech.utils][INFO] - Audio is None : ./dataset/kspondata/kss/3/3_0390.wav
[2023-03-22 13:11:46,244][kospeech.utils][INFO] - ./dataset/kspondata/kss
[2023-03-22 13:11:46,247][kospeech.utils][INFO] - Audio is None : ./dataset/kspondata/kss/4/4_2237.wav
[2023-03-22 13:11:46,247][kospeech.utils][INFO] - ./dataset/kspondata/kss
[2023-03-22 13:11:46,250][kospeech.utils][INFO] - Audio is None : ./dataset/kspondata/kss/3/3_0931.wav
[2023-03-22 13:11:46,251][kospeech.utils][INFO] - ./dataset/kspondata/kss
[2023-03-22 13:11:46,252][kospeech.utils][INFO] - Audio is None : ./dataset/kspondata/kss/3/3_4602.wav
[2023-03-22 13:11:46,252][kospeech.utils][INFO] - ./dataset/kspondata/kss
[2023-03-22 13:11:46,253][kospeech.utils][INFO] - Audio is None : ./dataset/kspondata/kss/3/3_1691.wav
[2023-03-22 13:11:46,254][kospeech.utils][INFO] - ./dataset/kspondata/kss
[2023-03-22 13:11:46,257][kospeech.utils][INFO] - Audio is None : ./dataset/kspondata/kss/4/4_2698.wav
[2023-03-22 13:11:46,257][kospeech.utils][INFO] - ./dataset/kspondata/kss
[2023-03-22 13:11:46,259][kospeech.utils][INFO] - Audio is None : ./dataset/kspondata/kss/4/4_0713.wav
[2023-03-22 13:11:46,259][kospeech.utils][INFO] - ./dataset/kspondata/kss
[2023-03-22 13:11:46,262][kospeech.utils][INFO] - Audio is None : ./dataset/kspondata/kss/3/3_2461.wav
[2023-03-22 13:11:46,262][kospeech.utils][INFO] - ./dataset/kspondata/kss
[2023-03-22 13:11:46,267][kospeech.utils][INFO] - Audio is None : ./dataset/kspondata/kss/3/3_0084.wav
[2023-03-22 13:11:46,267][kospeech.utils][INFO] - ./dataset/kspondata/kss
[2023-03-22 13:11:46,269][kospeech.utils][INFO] - Audio is None : ./dataset/kspondata/kss/4/4_2451.wav
[2023-03-22 13:11:46,269][kospeech.utils][INFO] - ./dataset/kspondata/kss
[2023-03-22 13:11:46,272][kospeech.utils][INFO] - Audio is None : ./dataset/kspondata/kss/3/3_1270.wav
[2023-03-22 13:11:46,273][kospeech.utils][INFO] - ./dataset/kspondata/kss
[2023-03-22 13:11:46,275][kospeech.utils][INFO] - Audio is None : ./dataset/kspondata/kss/3/3_3377.wav
[2023-03-22 13:11:46,275][kospeech.utils][INFO] - ./dataset/kspondata/kss
[2023-03-22 13:11:46,276][kospeech.utils][INFO] - Audio is None : ./dataset/kspondata/kss/2/2_0315.wav
[2023-03-22 13:11:46,276][kospeech.utils][INFO] - ./dataset/kspondata/kss
[2023-03-22 13:11:46,281][kospeech.utils][INFO] - Audio is None : ./dataset/kspondata/kss/3/3_0202.wav
[2023-03-22 13:11:46,281][kospeech.utils][INFO] - ./dataset/kspondata/kss
[2023-03-22 13:11:46,282][kospeech.utils][INFO] - Audio is None : ./dataset/kspondata/kss/4/4_1809.wav
[2023-03-22 13:11:46,283][kospeech.utils][INFO] - ./dataset/kspondata/kss
[2023-03-22 13:11:46,285][kospeech.utils][INFO] - Audio is None : ./dataset/kspondata/kss/3/3_0340.wav
[2023-03-22 13:11:46,286][kospeech.utils][INFO] - ./dataset/kspondata/kss
[2023-03-22 13:11:46,290][kospeech.utils][INFO] - Audio is None : ./dataset/kspondata/kss/4/4_1938.wav
[2023-03-22 13:11:46,290][kospeech.utils][INFO] - ./dataset/kspondata/kss
[2023-03-22 13:11:46,291][kospeech.utils][INFO] - Audio is None : ./dataset/kspondata/kss/3/3_1497.wav
[2023-03-22 13:11:46,291][kospeech.utils][INFO] - ./dataset/kspondata/kss
[2023-03-22 13:11:46,296][kospeech.utils][INFO] - Audio is None : ./dataset/kspondata/kss/3/3_4356.wav
[2023-03-22 13:11:46,296][kospeech.utils][INFO] - ./dataset/kspondata/kss
[2023-03-22 13:11:46,300][kospeech.utils][INFO] - Audio is None : ./dataset/kspondata/kss/3/3_0618.wav
[2023-03-22 13:11:46,301][kospeech.utils][INFO] - ./dataset/kspondata/kss
[2023-03-22 13:11:46,302][kospeech.utils][INFO] - Audio is None : ./dataset/kspondata/kss/4/4_4565.wav
[2023-03-22 13:11:46,303][kospeech.utils][INFO] - ./dataset/kspondata/kss
[2023-03-22 13:11:46,305][kospeech.utils][INFO] - Audio is None : ./dataset/kspondata/kss/4/4_0655.wav
[2023-03-22 13:11:46,305][kospeech.utils][INFO] - ./dataset/kspondata/kss
[2023-03-22 13:11:46,307][kospeech.utils][INFO] - Audio is None : ./dataset/kspondata/kss/3/3_3291.wav
[2023-03-22 13:11:46,307][kospeech.utils][INFO] - ./dataset/kspondata/kss
[2023-03-22 13:11:46,310][kospeech.utils][INFO] - Audio is None : ./dataset/kspondata/kss/3/3_0466.wav
[2023-03-22 13:11:46,310][kospeech.utils][INFO] - ./dataset/kspondata/kss
[2023-03-22 13:11:46,316][kospeech.utils][INFO] - Audio is None : ./dataset/kspondata/kss/1/1_0445.wav
[2023-03-22 13:11:46,317][kospeech.utils][INFO] - ./dataset/kspondata/kss
[2023-03-22 13:11:46,319][kospeech.utils][INFO] - Audio is None : ./dataset/kspondata/kss/4/4_4201.wav
[2023-03-22 13:11:46,320][kospeech.utils][INFO] - Audio is None : ./dataset/kspondata/kss/1/1_0809.wav
[2023-03-22 13:11:46,320][kospeech.utils][INFO] - ./dataset/kspondata/kss
[2023-03-22 13:11:46,320][kospeech.utils][INFO] - ./dataset/kspondata/kss
[2023-03-22 13:11:46,324][kospeech.utils][INFO] - Audio is None : ./dataset/kspondata/kss/3/3_2524.wav
[2023-03-22 13:11:46,324][kospeech.utils][INFO] - ./dataset/kspondata/kss
[2023-03-22 13:11:46,326][kospeech.utils][INFO] - Audio is None : ./dataset/kspondata/kss/3/3_4302.wav
[2023-03-22 13:11:46,326][kospeech.utils][INFO] - ./dataset/kspondata/kss
[2023-03-22 13:11:46,331][kospeech.utils][INFO] - Audio is None : ./dataset/kspondata/kss/4/4_1631.wav
[2023-03-22 13:11:46,332][kospeech.utils][INFO] - ./dataset/kspondata/kss
[2023-03-22 13:11:46,333][kospeech.utils][INFO] - Audio is None : ./dataset/kspondata/kss/4/4_2203.wav
[2023-03-22 13:11:46,333][kospeech.utils][INFO] - ./dataset/kspondata/kss
[2023-03-22 13:11:46,334][kospeech.utils][INFO] - Audio is None : ./dataset/kspondata/kss/3/3_3333.wav
[2023-03-22 13:11:46,335][kospeech.utils][INFO] - ./dataset/kspondata/kss
[2023-03-22 13:11:46,337][kospeech.utils][INFO] - Audio is None : ./dataset/kspondata/kss/4/4_1177.wav
[2023-03-22 13:11:46,338][kospeech.utils][INFO] - ./dataset/kspondata/kss
[2023-03-22 13:11:46,342][kospeech.utils][INFO] - Audio is None : ./dataset/kspondata/kss/4/4_2135.wav
[2023-03-22 13:11:46,342][kospeech.utils][INFO] - ./dataset/kspondata/kss
[2023-03-22 13:11:46,344][kospeech.utils][INFO] - Audio is None : ./dataset/kspondata/kss/4/4_1122.wav
[2023-03-22 13:11:46,345][kospeech.utils][INFO] - ./dataset/kspondata/kss
[2023-03-22 13:11:46,348][kospeech.utils][INFO] - Audio is None : ./dataset/kspondata/kss/4/4_0751.wav
[2023-03-22 13:11:46,349][kospeech.utils][INFO] - ./dataset/kspondata/kss
[2023-03-22 13:11:46,350][kospeech.utils][INFO] - Audio is None : ./dataset/kspondata/kss/4/4_4294.wav
[2023-03-22 13:11:46,350][kospeech.utils][INFO] - ./dataset/kspondata/kss
[2023-03-22 13:11:46,355][kospeech.utils][INFO] - Audio is None : ./dataset/kspondata/kss/2/2_0151.wav
[2023-03-22 13:11:46,355][kospeech.utils][INFO] - ./dataset/kspondata/kss
[2023-03-22 13:11:46,359][kospeech.utils][INFO] - Audio is None : ./dataset/kspondata/kss/3/3_0262.wav
[2023-03-22 13:11:46,359][kospeech.utils][INFO] - ./dataset/kspondata/kss
[2023-03-22 13:11:46,361][kospeech.utils][INFO] - Audio is None : ./dataset/kspondata/kss/3/3_4450.wav
[2023-03-22 13:11:46,362][kospeech.utils][INFO] - ./dataset/kspondata/kss
[2023-03-22 13:11:46,364][kospeech.utils][INFO] - Audio is None : ./dataset/kspondata/kss/3/3_0068.wav
[2023-03-22 13:11:46,365][kospeech.utils][INFO] - ./dataset/kspondata/kss
[2023-03-22 13:11:46,366][kospeech.utils][INFO] - Audio is None : ./dataset/kspondata/kss/4/4_0417.wav
[2023-03-22 13:11:46,367][kospeech.utils][INFO] - ./dataset/kspondata/kss
[2023-03-22 13:11:46,371][kospeech.utils][INFO] - Audio is None : ./dataset/kspondata/kss/1/1_0115.wav
[2023-03-22 13:11:46,372][kospeech.utils][INFO] - Audio is None : ./dataset/kspondata/kss/3/3_2551.wav
[2023-03-22 13:11:46,372][kospeech.utils][INFO] - ./dataset/kspondata/kss
[2023-03-22 13:11:46,372][kospeech.utils][INFO] - ./dataset/kspondata/kss
[2023-03-22 13:11:46,373][kospeech.utils][INFO] - Audio is None : ./dataset/kspondata/kss/4/4_2484.wav
[2023-03-22 13:11:46,374][kospeech.utils][INFO] - ./dataset/kspondata/kss
[2023-03-22 13:11:46,378][kospeech.utils][INFO] - Audio is None : ./dataset/kspondata/kss/4/4_4021.wav
[2023-03-22 13:11:46,378][kospeech.utils][INFO] - ./dataset/kspondata/kss
[2023-03-22 13:11:46,382][kospeech.utils][INFO] - Audio is None : ./dataset/kspondata/kss/4/4_3303.wav
[2023-03-22 13:11:46,382][kospeech.utils][INFO] - ./dataset/kspondata/kss
[2023-03-22 13:11:46,387][kospeech.utils][INFO] - Audio is None : ./dataset/kspondata/kss/3/3_2647.wav
[2023-03-22 13:11:46,388][kospeech.utils][INFO] - ./dataset/kspondata/kss
[2023-03-22 13:11:46,390][kospeech.utils][INFO] - Audio is None : ./dataset/kspondata/kss/2/2_0873.wav
[2023-03-22 13:11:46,390][kospeech.utils][INFO] - ./dataset/kspondata/kss
[2023-03-22 13:11:46,392][kospeech.utils][INFO] - Audio is None : ./dataset/kspondata/kss/1/1_0108.wav
[2023-03-22 13:11:46,392][kospeech.utils][INFO] - ./dataset/kspondata/kss
[2023-03-22 13:11:46,395][kospeech.utils][INFO] - Audio is None : ./dataset/kspondata/kss/4/4_4447.wav
[2023-03-22 13:11:46,396][kospeech.utils][INFO] - ./dataset/kspondata/kss
[2023-03-22 13:11:46,399][kospeech.utils][INFO] - Audio is None : ./dataset/kspondata/kss/3/3_2746.wav
[2023-03-22 13:11:46,399][kospeech.utils][INFO] - ./dataset/kspondata/kss
[2023-03-22 13:11:46,400][kospeech.utils][INFO] - Audio is None : ./dataset/kspondata/kss/1/1_0855.wav
[2023-03-22 13:11:46,400][kospeech.utils][INFO] - ./dataset/kspondata/kss
[2023-03-22 13:11:46,401][kospeech.utils][INFO] - Audio is None : ./dataset/kspondata/kss/3/3_3117.wav
[2023-03-22 13:11:46,402][kospeech.utils][INFO] - ./dataset/kspondata/kss
[2023-03-22 13:11:46,404][kospeech.utils][INFO] - Audio is None : ./dataset/kspondata/kss/3/3_1082.wav
[2023-03-22 13:11:46,405][kospeech.utils][INFO] - ./dataset/kspondata/kss
[2023-03-22 13:11:46,409][kospeech.utils][INFO] - Audio is None : ./dataset/kspondata/kss/1/1_0413.wav
[2023-03-22 13:11:46,409][kospeech.utils][INFO] - ./dataset/kspondata/kss
[2023-03-22 13:11:46,413][kospeech.utils][INFO] - Audio is None : ./dataset/kspondata/kss/3/3_0482.wav
[2023-03-22 13:11:46,414][kospeech.utils][INFO] - ./dataset/kspondata/kss
[2023-03-22 13:11:46,415][kospeech.utils][INFO] - Audio is None : ./dataset/kspondata/kss/4/4_3663.wav
[2023-03-22 13:11:46,415][kospeech.utils][INFO] - ./dataset/kspondata/kss
[2023-03-22 13:11:46,416][kospeech.utils][INFO] - Audio is None : ./dataset/kspondata/kss/3/3_2616.wav
[2023-03-22 13:11:46,417][kospeech.utils][INFO] - ./dataset/kspondata/kss
[2023-03-22 13:11:46,421][kospeech.utils][INFO] - Audio is None : ./dataset/kspondata/kss/3/3_3160.wav
[2023-03-22 13:11:46,422][kospeech.utils][INFO] - ./dataset/kspondata/kss
[2023-03-22 13:11:46,425][kospeech.utils][INFO] - Audio is None : ./dataset/kspondata/kss/3/3_0227.wav
[2023-03-22 13:11:46,425][kospeech.utils][INFO] - ./dataset/kspondata/kss
[2023-03-22 13:11:46,426][kospeech.utils][INFO] - Audio is None : ./dataset/kspondata/kss/1/1_0460.wav
[2023-03-22 13:11:46,427][kospeech.utils][INFO] - ./dataset/kspondata/kss
[2023-03-22 13:11:46,427][kospeech.utils][INFO] - Audio is None : ./dataset/kspondata/kss/4/4_4163.wav
[2023-03-22 13:11:46,428][kospeech.utils][INFO] - ./dataset/kspondata/kss
[2023-03-22 13:11:46,432][kospeech.utils][INFO] - Audio is None : ./dataset/kspondata/kss/2/2_0728.wav
[2023-03-22 13:11:46,433][kospeech.utils][INFO] - ./dataset/kspondata/kss
[2023-03-22 13:11:46,435][kospeech.utils][INFO] - Audio is None : ./dataset/kspondata/kss/3/3_2387.wav
[2023-03-22 13:11:46,436][kospeech.utils][INFO] - ./dataset/kspondata/kss
[2023-03-22 13:11:46,438][kospeech.utils][INFO] - Audio is None : ./dataset/kspondata/kss/3/3_1253.wav
[2023-03-22 13:11:46,439][kospeech.utils][INFO] - ./dataset/kspondata/kss
[2023-03-22 13:11:46,441][kospeech.utils][INFO] - Audio is None : ./dataset/kspondata/kss/3/3_1649.wav
[2023-03-22 13:11:46,441][kospeech.utils][INFO] - ./dataset/kspondata/kss
[2023-03-22 13:11:46,443][kospeech.utils][INFO] - Audio is None : ./dataset/kspondata/kss/3/3_0528.wav
[2023-03-22 13:11:46,444][kospeech.utils][INFO] - ./dataset/kspondata/kss
[2023-03-22 13:11:46,447][kospeech.utils][INFO] - Audio is None : ./dataset/kspondata/kss/4/4_0971.wav
[2023-03-22 13:11:46,448][kospeech.utils][INFO] - ./dataset/kspondata/kss
[2023-03-22 13:11:46,450][kospeech.utils][INFO] - Audio is None : ./dataset/kspondata/kss/4/4_4650.wav
[2023-03-22 13:11:46,451][kospeech.utils][INFO] - ./dataset/kspondata/kss
[2023-03-22 13:11:46,451][kospeech.utils][INFO] - Audio is None : ./dataset/kspondata/kss/4/4_3053.wav
[2023-03-22 13:11:46,452][kospeech.utils][INFO] - ./dataset/kspondata/kss
[2023-03-22 13:11:46,455][kospeech.utils][INFO] - Audio is None : ./dataset/kspondata/kss/3/3_1380.wav
[2023-03-22 13:11:46,456][kospeech.utils][INFO] - ./dataset/kspondata/kss
[2023-03-22 13:11:46,456][kospeech.utils][INFO] - Audio is None : ./dataset/kspondata/kss/1/1_0696.wav
[2023-03-22 13:11:46,457][kospeech.utils][INFO] - ./dataset/kspondata/kss
[2023-03-22 13:11:46,460][kospeech.utils][INFO] - Audio is None : ./dataset/kspondata/kss/3/3_1354.wav
[2023-03-22 13:11:46,461][kospeech.utils][INFO] - Audio is None : ./dataset/kspondata/kss/2/2_0976.wav
[2023-03-22 13:11:46,461][kospeech.utils][INFO] - ./dataset/kspondata/kss
[2023-03-22 13:11:46,462][kospeech.utils][INFO] - ./dataset/kspondata/kss
[2023-03-22 13:11:46,465][kospeech.utils][INFO] - Audio is None : ./dataset/kspondata/kss/3/3_4029.wav
[2023-03-22 13:11:46,465][kospeech.utils][INFO] - ./dataset/kspondata/kss
[2023-03-22 13:11:46,470][kospeech.utils][INFO] - Audio is None : ./dataset/kspondata/kss/3/3_1297.wav
[2023-03-22 13:11:46,470][kospeech.utils][INFO] - ./dataset/kspondata/kss
[2023-03-22 13:11:46,471][kospeech.utils][INFO] - Audio is None : ./dataset/kspondata/kss/4/4_3917.wav
[2023-03-22 13:11:46,472][kospeech.utils][INFO] - ./dataset/kspondata/kss
[2023-03-22 13:11:46,476][kospeech.utils][INFO] - Audio is None : ./dataset/kspondata/kss/3/3_0965.wav
[2023-03-22 13:11:46,476][kospeech.utils][INFO] - ./dataset/kspondata/kss
[2023-03-22 13:11:46,479][kospeech.utils][INFO] - Audio is None : ./dataset/kspondata/kss/1/1_0356.wav
[2023-03-22 13:11:46,480][kospeech.utils][INFO] - ./dataset/kspondata/kss
[2023-03-22 13:11:46,481][kospeech.utils][INFO] - Audio is None : ./dataset/kspondata/kss/1/1_0032.wav
[2023-03-22 13:11:46,481][kospeech.utils][INFO] - ./dataset/kspondata/kss
[2023-03-22 13:11:46,485][kospeech.utils][INFO] - Audio is None : ./dataset/kspondata/kss/3/3_3600.wav
[2023-03-22 13:11:46,485][kospeech.utils][INFO] - ./dataset/kspondata/kss
[2023-03-22 13:11:46,489][kospeech.utils][INFO] - Audio is None : ./dataset/kspondata/kss/3/3_3233.wav
[2023-03-22 13:11:46,490][kospeech.utils][INFO] - ./dataset/kspondata/kss
[2023-03-22 13:11:46,490][kospeech.utils][INFO] - Audio is None : ./dataset/kspondata/kss/2/2_0914.wav
[2023-03-22 13:11:46,490][kospeech.utils][INFO] - ./dataset/kspondata/kss
[2023-03-22 13:11:46,493][kospeech.utils][INFO] - Audio is None : ./dataset/kspondata/kss/3/3_0325.wav
[2023-03-22 13:11:46,493][kospeech.utils][INFO] - ./dataset/kspondata/kss
[2023-03-22 13:11:46,494][kospeech.utils][INFO] - Audio is None : ./dataset/kspondata/kss/4/4_2321.wav
[2023-03-22 13:11:46,495][kospeech.utils][INFO] - ./dataset/kspondata/kss
[2023-03-22 13:11:46,497][kospeech.utils][INFO] - Audio is None : ./dataset/kspondata/kss/3/3_0038.wav
[2023-03-22 13:11:46,498][kospeech.utils][INFO] - ./dataset/kspondata/kss
[2023-03-22 13:11:46,505][kospeech.utils][INFO] - Audio is None : ./dataset/kspondata/kss/3/3_3919.wav
[2023-03-22 13:11:46,505][kospeech.utils][INFO] - ./dataset/kspondata/kss
[2023-03-22 13:11:46,507][kospeech.utils][INFO] - Audio is None : ./dataset/kspondata/kss/3/3_1849.wav
[2023-03-22 13:11:46,507][kospeech.utils][INFO] - ./dataset/kspondata/kss
[2023-03-22 13:11:46,508][kospeech.utils][INFO] - Audio is None : ./dataset/kspondata/kss/3/3_0196.wav
[2023-03-22 13:11:46,509][kospeech.utils][INFO] - ./dataset/kspondata/kss
[2023-03-22 13:11:46,513][kospeech.utils][INFO] - Audio is None : ./dataset/kspondata/kss/3/3_4201.wav
[2023-03-22 13:11:46,513][kospeech.utils][INFO] - ./dataset/kspondata/kss
[2023-03-22 13:11:46,515][kospeech.utils][INFO] - Audio is None : ./dataset/kspondata/kss/4/4_0594.wav
[2023-03-22 13:11:46,516][kospeech.utils][INFO] - ./dataset/kspondata/kss
[2023-03-22 13:11:46,517][kospeech.utils][INFO] - Audio is None : ./dataset/kspondata/kss/1/1_0005.wav
[2023-03-22 13:11:46,518][kospeech.utils][INFO] - ./dataset/kspondata/kss
[2023-03-22 13:11:46,520][kospeech.utils][INFO] - Audio is None : ./dataset/kspondata/kss/3/3_3068.wav
[2023-03-22 13:11:46,520][kospeech.utils][INFO] - ./dataset/kspondata/kss
[2023-03-22 13:11:46,521][kospeech.utils][INFO] - Audio is None : ./dataset/kspondata/kss/4/4_4067.wav
[2023-03-22 13:11:46,521][kospeech.utils][INFO] - ./dataset/kspondata/kss
[2023-03-22 13:11:46,525][kospeech.utils][INFO] - Audio is None : ./dataset/kspondata/kss/4/4_1299.wav
[2023-03-22 13:11:46,525][kospeech.utils][INFO] - ./dataset/kspondata/kss
[2023-03-22 13:11:46,529][kospeech.utils][INFO] - Audio is None : ./dataset/kspondata/kss/4/4_0464.wav
[2023-03-22 13:11:46,529][kospeech.utils][INFO] - ./dataset/kspondata/kss
[2023-03-22 13:11:46,531][kospeech.utils][INFO] - Audio is None : ./dataset/kspondata/kss/4/4_3084.wav
[2023-03-22 13:11:46,531][kospeech.utils][INFO] - ./dataset/kspondata/kss
[2023-03-22 13:11:46,535][kospeech.utils][INFO] - Audio is None : ./dataset/kspondata/kss/3/3_3134.wav
[2023-03-22 13:11:46,536][kospeech.utils][INFO] - ./dataset/kspondata/kss
[2023-03-22 13:11:46,540][kospeech.utils][INFO] - Audio is None : ./dataset/kspondata/kss/1/1_0423.wav
[2023-03-22 13:11:46,545][kospeech.utils][INFO] - ./dataset/kspondata/kss
[2023-03-22 13:11:46,542][kospeech.utils][INFO] - Audio is None : ./dataset/kspondata/kss/3/3_3507.wav
[2023-03-22 13:11:46,550][kospeech.utils][INFO] - ./dataset/kspondata/kss
[2023-03-22 13:11:46,551][kospeech.utils][INFO] - Audio is None : ./dataset/kspondata/kss/3/3_0222.wav
[2023-03-22 13:11:46,553][kospeech.utils][INFO] - Audio is None : ./dataset/kspondata/kss/1/1_0063.wav
[2023-03-22 13:11:46,554][kospeech.utils][INFO] - ./dataset/kspondata/kss
[2023-03-22 13:11:46,554][kospeech.utils][INFO] - Audio is None : ./dataset/kspondata/kss/1/1_0272.wav
[2023-03-22 13:11:46,558][kospeech.utils][INFO] - ./dataset/kspondata/kss
[2023-03-22 13:11:46,555][kospeech.utils][INFO] - ./dataset/kspondata/kss
[2023-03-22 13:11:46,566][kospeech.utils][INFO] - Audio is None : ./dataset/kspondata/kss/4/4_1308.wav
[2023-03-22 13:11:46,568][kospeech.utils][INFO] - ./dataset/kspondata/kss
[2023-03-22 13:11:46,568][kospeech.utils][INFO] - Audio is None : ./dataset/kspondata/kss/4/4_4463.wav
[2023-03-22 13:11:46,569][kospeech.utils][INFO] - ./dataset/kspondata/kss
[2023-03-22 13:11:46,578][kospeech.utils][INFO] - Audio is None : ./dataset/kspondata/kss/3/3_1036.wav
[2023-03-22 13:11:46,578][kospeech.utils][INFO] - ./dataset/kspondata/kss
[2023-03-22 13:11:46,583][kospeech.utils][INFO] - Audio is None : ./dataset/kspondata/kss/4/4_4499.wav
[2023-03-22 13:11:46,584][kospeech.utils][INFO] - ./dataset/kspondata/kss
[2023-03-22 13:11:46,585][kospeech.utils][INFO] - Audio is None : ./dataset/kspondata/kss/2/2_0929.wav
[2023-03-22 13:11:46,586][kospeech.utils][INFO] - ./dataset/kspondata/kss
[2023-03-22 13:11:46,590][kospeech.utils][INFO] - Audio is None : ./dataset/kspondata/kss/2/2_0426.wav
[2023-03-22 13:11:46,591][kospeech.utils][INFO] - ./dataset/kspondata/kss
[2023-03-22 13:11:46,593][kospeech.utils][INFO] - Audio is None : ./dataset/kspondata/kss/4/4_3522.wav
[2023-03-22 13:11:46,593][kospeech.utils][INFO] - ./dataset/kspondata/kss
[2023-03-22 13:11:46,595][kospeech.utils][INFO] - Audio is None : ./dataset/kspondata/kss/3/3_0047.wav
[2023-03-22 13:11:46,596][kospeech.utils][INFO] - ./dataset/kspondata/kss
[2023-03-22 13:11:46,597][kospeech.utils][INFO] - Audio is None : ./dataset/kspondata/kss/4/4_4074.wav
[2023-03-22 13:11:46,597][kospeech.utils][INFO] - Audio is None : ./dataset/kspondata/kss/3/3_4134.wav
[2023-03-22 13:11:46,597][kospeech.utils][INFO] - ./dataset/kspondata/kss
[2023-03-22 13:11:46,598][kospeech.utils][INFO] - ./dataset/kspondata/kss
[2023-03-22 13:11:46,601][kospeech.utils][INFO] - Audio is None : ./dataset/kspondata/kss/4/4_1513.wav
[2023-03-22 13:11:46,602][kospeech.utils][INFO] - ./dataset/kspondata/kss
[2023-03-22 13:11:46,607][kospeech.utils][INFO] - Audio is None : ./dataset/kspondata/kss/2/2_1050.wav
[2023-03-22 13:11:46,607][kospeech.utils][INFO] - ./dataset/kspondata/kss
[2023-03-22 13:11:46,609][kospeech.utils][INFO] - Audio is None : ./dataset/kspondata/kss/2/2_0447.wav
[2023-03-22 13:11:46,609][kospeech.utils][INFO] - ./dataset/kspondata/kss
[2023-03-22 13:11:46,614][kospeech.utils][INFO] - Audio is None : ./dataset/kspondata/kss/4/4_3161.wav
[2023-03-22 13:11:46,614][kospeech.utils][INFO] - ./dataset/kspondata/kss
[2023-03-22 13:11:46,615][kospeech.utils][INFO] - Audio is None : ./dataset/kspondata/kss/3/3_2034.wav
[2023-03-22 13:11:46,615][kospeech.utils][INFO] - ./dataset/kspondata/kss
[2023-03-22 13:11:46,620][kospeech.utils][INFO] - Audio is None : ./dataset/kspondata/kss/3/3_3302.wav
[2023-03-22 13:11:46,620][kospeech.utils][INFO] - ./dataset/kspondata/kss
[2023-03-22 13:11:46,623][kospeech.utils][INFO] - Audio is None : ./dataset/kspondata/kss/1/1_0587.wav
[2023-03-22 13:11:46,624][kospeech.utils][INFO] - ./dataset/kspondata/kss
[2023-03-22 13:11:46,624][kospeech.utils][INFO] - Audio is None : ./dataset/kspondata/kss/3/3_1488.wav
[2023-03-22 13:11:46,625][kospeech.utils][INFO] - Audio is None : ./dataset/kspondata/kss/4/4_1796.wav
[2023-03-22 13:11:46,625][kospeech.utils][INFO] - ./dataset/kspondata/kss
[2023-03-22 13:11:46,625][kospeech.utils][INFO] - ./dataset/kspondata/kss
[2023-03-22 13:11:46,629][kospeech.utils][INFO] - Audio is None : ./dataset/kspondata/kss/4/4_0643.wav
[2023-03-22 13:11:46,629][kospeech.utils][INFO] - ./dataset/kspondata/kss
[2023-03-22 13:11:46,630][kospeech.utils][INFO] - Audio is None : ./dataset/kspondata/kss/2/2_0372.wav
[2023-03-22 13:11:46,631][kospeech.utils][INFO] - ./dataset/kspondata/kss
[2023-03-22 13:11:46,635][kospeech.utils][INFO] - Audio is None : ./dataset/kspondata/kss/3/3_2441.wav
[2023-03-22 13:11:46,636][kospeech.utils][INFO] - ./dataset/kspondata/kss
[2023-03-22 13:11:46,638][kospeech.utils][INFO] - Audio is None : ./dataset/kspondata/kss/4/4_3958.wav
[2023-03-22 13:11:46,638][kospeech.utils][INFO] - ./dataset/kspondata/kss
[2023-03-22 13:11:46,643][kospeech.utils][INFO] - Audio is None : ./dataset/kspondata/kss/2/2_0507.wav
[2023-03-22 13:11:46,643][kospeech.utils][INFO] - ./dataset/kspondata/kss
[2023-03-22 13:11:46,646][kospeech.utils][INFO] - Audio is None : ./dataset/kspondata/kss/3/3_4175.wav
[2023-03-22 13:11:46,647][kospeech.utils][INFO] - ./dataset/kspondata/kss
[2023-03-22 13:11:46,650][kospeech.utils][INFO] - Audio is None : ./dataset/kspondata/kss/1/1_0324.wav
[2023-03-22 13:11:46,650][kospeech.utils][INFO] - ./dataset/kspondata/kss
[2023-03-22 13:11:46,651][kospeech.utils][INFO] - Audio is None : ./dataset/kspondata/kss/3/3_3417.wav
[2023-03-22 13:11:46,652][kospeech.utils][INFO] - ./dataset/kspondata/kss
[2023-03-22 13:11:46,653][kospeech.utils][INFO] - Audio is None : ./dataset/kspondata/kss/3/3_3568.wav
[2023-03-22 13:11:46,653][kospeech.utils][INFO] - ./dataset/kspondata/kss
[2023-03-22 13:11:46,656][kospeech.utils][INFO] - Audio is None : ./dataset/kspondata/kss/3/3_2067.wav
[2023-03-22 13:11:46,656][kospeech.utils][INFO] - ./dataset/kspondata/kss
[2023-03-22 13:11:46,657][kospeech.utils][INFO] - Audio is None : ./dataset/kspondata/kss/3/3_2887.wav
[2023-03-22 13:11:46,658][kospeech.utils][INFO] - ./dataset/kspondata/kss
[2023-03-22 13:11:46,659][kospeech.utils][INFO] - Audio is None : ./dataset/kspondata/kss/3/3_2833.wav
[2023-03-22 13:11:46,659][kospeech.utils][INFO] - ./dataset/kspondata/kss
[2023-03-22 13:11:46,663][kospeech.utils][INFO] - Audio is None : ./dataset/kspondata/kss/3/3_3127.wav
[2023-03-22 13:11:46,664][kospeech.utils][INFO] - ./dataset/kspondata/kss
[2023-03-22 13:11:46,667][kospeech.utils][INFO] - Audio is None : ./dataset/kspondata/kss/4/4_2432.wav
[2023-03-22 13:11:46,668][kospeech.utils][INFO] - ./dataset/kspondata/kss
[2023-03-22 13:11:46,672][kospeech.utils][INFO] - Audio is None : ./dataset/kspondata/kss/4/4_1386.wav
[2023-03-22 13:11:46,672][kospeech.utils][INFO] - ./dataset/kspondata/kss
[2023-03-22 13:11:46,677][kospeech.utils][INFO] - Audio is None : ./dataset/kspondata/kss/3/3_0949.wav
[2023-03-22 13:11:46,678][kospeech.utils][INFO] - ./dataset/kspondata/kss
[2023-03-22 13:11:46,678][kospeech.utils][INFO] - Audio is None : ./dataset/kspondata/kss/3/3_3528.wav
[2023-03-22 13:11:46,678][kospeech.utils][INFO] - Audio is None : ./dataset/kspondata/kss/4/4_2360.wav
[2023-03-22 13:11:46,679][kospeech.utils][INFO] - ./dataset/kspondata/kss
[2023-03-22 13:11:46,679][kospeech.utils][INFO] - ./dataset/kspondata/kss
[2023-03-22 13:11:46,682][kospeech.utils][INFO] - Audio is None : ./dataset/kspondata/kss/3/3_4788.wav
[2023-03-22 13:11:46,682][kospeech.utils][INFO] - ./dataset/kspondata/kss
[2023-03-22 13:11:46,683][kospeech.utils][INFO] - Audio is None : ./dataset/kspondata/kss/4/4_3823.wav
[2023-03-22 13:11:46,683][kospeech.utils][INFO] - ./dataset/kspondata/kss
[2023-03-22 13:11:46,686][kospeech.utils][INFO] - Audio is None : ./dataset/kspondata/kss/3/3_3519.wav
[2023-03-22 13:11:46,686][kospeech.utils][INFO] - ./dataset/kspondata/kss
[2023-03-22 13:11:46,688][kospeech.utils][INFO] - Audio is None : ./dataset/kspondata/kss/4/4_1178.wav
[2023-03-22 13:11:46,689][kospeech.utils][INFO] - ./dataset/kspondata/kss
[2023-03-22 13:11:46,692][kospeech.utils][INFO] - Audio is None : ./dataset/kspondata/kss/4/4_0405.wav
[2023-03-22 13:11:46,693][kospeech.utils][INFO] - ./dataset/kspondata/kss
[2023-03-22 13:11:46,700][kospeech.utils][INFO] - Audio is None : ./dataset/kspondata/kss/4/4_0544.wav
[2023-03-22 13:11:46,700][kospeech.utils][INFO] - ./dataset/kspondata/kss
[2023-03-22 13:11:46,701][kospeech.utils][INFO] - Audio is None : ./dataset/kspondata/kss/1/1_0527.wav
[2023-03-22 13:11:46,702][kospeech.utils][INFO] - ./dataset/kspondata/kss
[2023-03-22 13:11:46,703][kospeech.utils][INFO] - Audio is None : ./dataset/kspondata/kss/3/3_0376.wav
[2023-03-22 13:11:46,704][kospeech.utils][INFO] - ./dataset/kspondata/kss
[2023-03-22 13:11:46,705][kospeech.utils][INFO] - Audio is None : ./dataset/kspondata/kss/4/4_3425.wav
[2023-03-22 13:11:46,706][kospeech.utils][INFO] - ./dataset/kspondata/kss
[2023-03-22 13:11:46,709][kospeech.utils][INFO] - Audio is None : ./dataset/kspondata/kss/4/4_0900.wav
[2023-03-22 13:11:46,710][kospeech.utils][INFO] - Audio is None : ./dataset/kspondata/kss/3/3_4341.wav
[2023-03-22 13:11:46,710][kospeech.utils][INFO] - ./dataset/kspondata/kss
[2023-03-22 13:11:46,711][kospeech.utils][INFO] - ./dataset/kspondata/kss
[2023-03-22 13:11:46,712][kospeech.utils][INFO] - Audio is None : ./dataset/kspondata/kss/4/4_2258.wav
[2023-03-22 13:11:46,712][kospeech.utils][INFO] - ./dataset/kspondata/kss
[2023-03-22 13:11:46,714][kospeech.utils][INFO] - Audio is None : ./dataset/kspondata/kss/2/2_0674.wav
[2023-03-22 13:11:46,714][kospeech.utils][INFO] - ./dataset/kspondata/kss
[2023-03-22 13:11:46,723][kospeech.utils][INFO] - Audio is None : ./dataset/kspondata/kss/4/4_2614.wav
[2023-03-22 13:11:46,723][kospeech.utils][INFO] - ./dataset/kspondata/kss
[2023-03-22 13:11:46,725][kospeech.utils][INFO] - Audio is None : ./dataset/kspondata/kss/3/3_1660.wav
[2023-03-22 13:11:46,725][kospeech.utils][INFO] - ./dataset/kspondata/kss
[2023-03-22 13:11:46,727][kospeech.utils][INFO] - Audio is None : ./dataset/kspondata/kss/4/4_0353.wav
[2023-03-22 13:11:46,727][kospeech.utils][INFO] - ./dataset/kspondata/kss
[2023-03-22 13:11:46,730][kospeech.utils][INFO] - Audio is None : ./dataset/kspondata/kss/3/3_3973.wav
[2023-03-22 13:11:46,731][kospeech.utils][INFO] - ./dataset/kspondata/kss
[2023-03-22 13:11:46,733][kospeech.utils][INFO] - Audio is None : ./dataset/kspondata/kss/3/3_1081.wav
[2023-03-22 13:11:46,733][kospeech.utils][INFO] - ./dataset/kspondata/kss
[2023-03-22 13:11:46,735][kospeech.utils][INFO] - Audio is None : ./dataset/kspondata/kss/4/4_3526.wav
[2023-03-22 13:11:46,735][kospeech.utils][INFO] - Audio is None : ./dataset/kspondata/kss/3/3_4084.wav
[2023-03-22 13:11:46,735][kospeech.utils][INFO] - ./dataset/kspondata/kss
[2023-03-22 13:11:46,736][kospeech.utils][INFO] - ./dataset/kspondata/kss
[2023-03-22 13:11:46,738][kospeech.utils][INFO] - Audio is None : ./dataset/kspondata/kss/2/2_0919.wav
[2023-03-22 13:11:46,739][kospeech.utils][INFO] - ./dataset/kspondata/kss
[2023-03-22 13:11:46,742][kospeech.utils][INFO] - Audio is None : ./dataset/kspondata/kss/4/4_1495.wav
[2023-03-22 13:11:46,743][kospeech.utils][INFO] - ./dataset/kspondata/kss
[2023-03-22 13:11:46,746][kospeech.utils][INFO] - Audio is None : ./dataset/kspondata/kss/3/3_3171.wav
[2023-03-22 13:11:46,747][kospeech.utils][INFO] - ./dataset/kspondata/kss
[2023-03-22 13:11:46,749][kospeech.utils][INFO] - Audio is None : ./dataset/kspondata/kss/4/4_2554.wav
[2023-03-22 13:11:46,749][kospeech.utils][INFO] - ./dataset/kspondata/kss
[2023-03-22 13:11:46,752][kospeech.utils][INFO] - Audio is None : ./dataset/kspondata/kss/3/3_0635.wav
[2023-03-22 13:11:46,752][kospeech.utils][INFO] - ./dataset/kspondata/kss
[2023-03-22 13:11:46,757][kospeech.utils][INFO] - Audio is None : ./dataset/kspondata/kss/2/2_1062.wav
[2023-03-22 13:11:46,757][kospeech.utils][INFO] - ./dataset/kspondata/kss
[2023-03-22 13:11:46,759][kospeech.utils][INFO] - Audio is None : ./dataset/kspondata/kss/3/3_3125.wav
[2023-03-22 13:11:46,760][kospeech.utils][INFO] - ./dataset/kspondata/kss
[2023-03-22 13:11:46,761][kospeech.utils][INFO] - Audio is None : ./dataset/kspondata/kss/4/4_3444.wav
[2023-03-22 13:11:46,761][kospeech.utils][INFO] - ./dataset/kspondata/kss
[2023-03-22 13:11:46,762][kospeech.utils][INFO] - Audio is None : ./dataset/kspondata/kss/3/3_4804.wav
[2023-03-22 13:11:46,763][kospeech.utils][INFO] - ./dataset/kspondata/kss
[2023-03-22 13:11:46,766][kospeech.utils][INFO] - Audio is None : ./dataset/kspondata/kss/4/4_3099.wav
[2023-03-22 13:11:46,766][kospeech.utils][INFO] - ./dataset/kspondata/kss
[2023-03-22 13:11:46,767][kospeech.utils][INFO] - Audio is None : ./dataset/kspondata/kss/4/4_4415.wav
[2023-03-22 13:11:46,768][kospeech.utils][INFO] - ./dataset/kspondata/kss
[2023-03-22 13:11:46,771][kospeech.utils][INFO] - Audio is None : ./dataset/kspondata/kss/4/4_0110.wav
[2023-03-22 13:11:46,771][kospeech.utils][INFO] - ./dataset/kspondata/kss
[2023-03-22 13:11:46,775][kospeech.utils][INFO] - Audio is None : ./dataset/kspondata/kss/3/3_0305.wav
[2023-03-22 13:11:46,776][kospeech.utils][INFO] - ./dataset/kspondata/kss
[2023-03-22 13:11:46,780][kospeech.utils][INFO] - Audio is None : ./dataset/kspondata/kss/4/4_2418.wav
[2023-03-22 13:11:46,780][kospeech.utils][INFO] - ./dataset/kspondata/kss
[2023-03-22 13:11:46,782][kospeech.utils][INFO] - Audio is None : ./dataset/kspondata/kss/4/4_1064.wav
[2023-03-22 13:11:46,782][kospeech.utils][INFO] - ./dataset/kspondata/kss
[2023-03-22 13:11:46,785][kospeech.utils][INFO] - Audio is None : ./dataset/kspondata/kss/4/4_2005.wav
[2023-03-22 13:11:46,786][kospeech.utils][INFO] - ./dataset/kspondata/kss
[2023-03-22 13:11:46,789][kospeech.utils][INFO] - Audio is None : ./dataset/kspondata/kss/3/3_4875.wav
[2023-03-22 13:11:46,789][kospeech.utils][INFO] - ./dataset/kspondata/kss
[2023-03-22 13:11:46,791][kospeech.utils][INFO] - Audio is None : ./dataset/kspondata/kss/4/4_3255.wav
[2023-03-22 13:11:46,791][kospeech.utils][INFO] - ./dataset/kspondata/kss
[2023-03-22 13:11:46,794][kospeech.utils][INFO] - Audio is None : ./dataset/kspondata/kss/3/3_4817.wav
[2023-03-22 13:11:46,794][kospeech.utils][INFO] - ./dataset/kspondata/kss
[2023-03-22 13:11:46,796][kospeech.utils][INFO] - Audio is None : ./dataset/kspondata/kss/3/3_0585.wav
[2023-03-22 13:11:46,797][kospeech.utils][INFO] - ./dataset/kspondata/kss
[2023-03-22 13:11:46,798][kospeech.utils][INFO] - Audio is None : ./dataset/kspondata/kss/4/4_3695.wav
[2023-03-22 13:11:46,798][kospeech.utils][INFO] - ./dataset/kspondata/kss
[2023-03-22 13:11:46,799][kospeech.utils][INFO] - Audio is None : ./dataset/kspondata/kss/3/3_2718.wav
[2023-03-22 13:11:46,799][kospeech.utils][INFO] - ./dataset/kspondata/kss
[2023-03-22 13:11:46,806][kospeech.utils][INFO] - Audio is None : ./dataset/kspondata/kss/3/3_0043.wav
[2023-03-22 13:11:46,806][kospeech.utils][INFO] - ./dataset/kspondata/kss
[2023-03-22 13:11:46,809][kospeech.utils][INFO] - Audio is None : ./dataset/kspondata/kss/4/4_4123.wav
[2023-03-22 13:11:46,809][kospeech.utils][INFO] - ./dataset/kspondata/kss
[2023-03-22 13:11:46,811][kospeech.utils][INFO] - Audio is None : ./dataset/kspondata/kss/2/2_0244.wav
[2023-03-22 13:11:46,812][kospeech.utils][INFO] - ./dataset/kspondata/kss
[2023-03-22 13:11:46,814][kospeech.utils][INFO] - Audio is None : ./dataset/kspondata/kss/2/2_1008.wav
[2023-03-22 13:11:46,815][kospeech.utils][INFO] - ./dataset/kspondata/kss
[2023-03-22 13:11:46,817][kospeech.utils][INFO] - Audio is None : ./dataset/kspondata/kss/4/4_1745.wav
[2023-03-22 13:11:46,817][kospeech.utils][INFO] - ./dataset/kspondata/kss
[2023-03-22 13:11:46,820][kospeech.utils][INFO] - Audio is None : ./dataset/kspondata/kss/3/3_3286.wav
[2023-03-22 13:11:46,820][kospeech.utils][INFO] - ./dataset/kspondata/kss
[2023-03-22 13:11:46,824][kospeech.utils][INFO] - Audio is None : ./dataset/kspondata/kss/3/3_0432.wav
[2023-03-22 13:11:46,824][kospeech.utils][INFO] - ./dataset/kspondata/kss
[2023-03-22 13:11:46,825][kospeech.utils][INFO] - Audio is None : ./dataset/kspondata/kss/4/4_0273.wav
[2023-03-22 13:11:46,826][kospeech.utils][INFO] - ./dataset/kspondata/kss
[2023-03-22 13:11:46,829][kospeech.utils][INFO] - Audio is None : ./dataset/kspondata/kss/3/3_4281.wav
[2023-03-22 13:11:46,829][kospeech.utils][INFO] - ./dataset/kspondata/kss
[2023-03-22 13:11:46,834][kospeech.utils][INFO] - Audio is None : ./dataset/kspondata/kss/3/3_3409.wav
[2023-03-22 13:11:46,835][kospeech.utils][INFO] - Audio is None : ./dataset/kspondata/kss/4/4_3313.wav
[2023-03-22 13:11:46,835][kospeech.utils][INFO] - ./dataset/kspondata/kss
[2023-03-22 13:11:46,835][kospeech.utils][INFO] - ./dataset/kspondata/kss
[2023-03-22 13:11:46,839][kospeech.utils][INFO] - Audio is None : ./dataset/kspondata/kss/3/3_1657.wav
[2023-03-22 13:11:46,839][kospeech.utils][INFO] - ./dataset/kspondata/kss
[2023-03-22 13:11:46,843][kospeech.utils][INFO] - Audio is None : ./dataset/kspondata/kss/4/4_0264.wav
[2023-03-22 13:11:46,844][kospeech.utils][INFO] - ./dataset/kspondata/kss
[2023-03-22 13:11:46,844][kospeech.utils][INFO] - Audio is None : ./dataset/kspondata/kss/4/4_0821.wav
[2023-03-22 13:11:46,845][kospeech.utils][INFO] - ./dataset/kspondata/kss
[2023-03-22 13:11:46,848][kospeech.utils][INFO] - Audio is None : ./dataset/kspondata/kss/4/4_1509.wav
[2023-03-22 13:11:46,849][kospeech.utils][INFO] - ./dataset/kspondata/kss
[2023-03-22 13:11:46,850][kospeech.utils][INFO] - Audio is None : ./dataset/kspondata/kss/2/2_1081.wav
[2023-03-22 13:11:46,850][kospeech.utils][INFO] - ./dataset/kspondata/kss
[2023-03-22 13:11:46,853][kospeech.utils][INFO] - Audio is None : ./dataset/kspondata/kss/3/3_2310.wav
[2023-03-22 13:11:46,854][kospeech.utils][INFO] - ./dataset/kspondata/kss
[2023-03-22 13:11:46,858][kospeech.utils][INFO] - Audio is None : ./dataset/kspondata/kss/4/4_2701.wav
[2023-03-22 13:11:46,859][kospeech.utils][INFO] - ./dataset/kspondata/kss
[2023-03-22 13:11:46,862][kospeech.utils][INFO] - Audio is None : ./dataset/kspondata/kss/4/4_4339.wav
[2023-03-22 13:11:46,862][kospeech.utils][INFO] - ./dataset/kspondata/kss
[2023-03-22 13:11:46,863][kospeech.utils][INFO] - Audio is None : ./dataset/kspondata/kss/4/4_0085.wav
[2023-03-22 13:11:46,863][kospeech.utils][INFO] - ./dataset/kspondata/kss
[2023-03-22 13:11:46,867][kospeech.utils][INFO] - Audio is None : ./dataset/kspondata/kss/4/4_3985.wav
[2023-03-22 13:11:46,867][kospeech.utils][INFO] - ./dataset/kspondata/kss
[2023-03-22 13:11:46,869][kospeech.utils][INFO] - Audio is None : ./dataset/kspondata/kss/4/4_2356.wav
[2023-03-22 13:11:46,869][kospeech.utils][INFO] - ./dataset/kspondata/kss
[2023-03-22 13:11:46,872][kospeech.utils][INFO] - Audio is None : ./dataset/kspondata/kss/3/3_0240.wav
[2023-03-22 13:11:46,873][kospeech.utils][INFO] - ./dataset/kspondata/kss
[2023-03-22 13:11:46,873][kospeech.utils][INFO] - Audio is None : ./dataset/kspondata/kss/1/1_1038.wav
[2023-03-22 13:11:46,874][kospeech.utils][INFO] - ./dataset/kspondata/kss
[2023-03-22 13:11:46,874][kospeech.utils][INFO] - Audio is None : ./dataset/kspondata/kss/3/3_1591.wav
[2023-03-22 13:11:46,875][kospeech.utils][INFO] - ./dataset/kspondata/kss
[2023-03-22 13:11:46,877][kospeech.utils][INFO] - Audio is None : ./dataset/kspondata/kss/4/4_1721.wav
[2023-03-22 13:11:46,878][kospeech.utils][INFO] - ./dataset/kspondata/kss
[2023-03-22 13:11:46,879][kospeech.utils][INFO] - Audio is None : ./dataset/kspondata/kss/3/3_0330.wav
[2023-03-22 13:11:46,879][kospeech.utils][INFO] - ./dataset/kspondata/kss
[2023-03-22 13:11:46,881][kospeech.utils][INFO] - Audio is None : ./dataset/kspondata/kss/1/1_0851.wav
[2023-03-22 13:11:46,881][kospeech.utils][INFO] - ./dataset/kspondata/kss
[2023-03-22 13:11:47,444][kospeech.utils][INFO] - save checkpoints
C:\Users\SSAFY\Desktop\Speech\gitstt\BE\KoreanSTT\outputs\2023-03-22\13-11-43\2023_03_22_13_11_46-trainer_states.pt
C:\Users\SSAFY\Desktop\Speech\gitstt\BE\KoreanSTT\outputs\2023-03-22\13-11-43\2023_03_22_13_11_46-model.pt
[2023-03-22 13:11:47,445][kospeech.utils][INFO] - train() completed
[2023-03-22 13:11:47,445][kospeech.utils][INFO] - 0
