[2023-03-22 12:48:17,402][kospeech.utils][INFO] - audio:
  audio_extension: wav
  sample_rate: 16000
  frame_length: 20
  frame_shift: 10
  normalize: true
  del_silence: true
  feature_extract_by: kaldi
  time_mask_num: 4
  freq_mask_num: 2
  spec_augment: true
  input_reverse: false
  transform_method: fbank
  n_mels: 80
  freq_mask_para: 18
model:
  architecture: deepspeech2
  teacher_forcing_ratio: 1.0
  teacher_forcing_step: 0.0
  min_teacher_forcing_ratio: 1.0
  dropout: 0.3
  bidirectional: false
  joint_ctc_attention: false
  max_len: 400
  use_bidirectional: true
  rnn_type: gru
  hidden_dim: 1024
  activation: hardtanh
  num_encoder_layers: 3
train:
  dataset: kspon
  dataset_path: ./dataset/kspondata/kss
  transcripts_path: ../../../transcripts.txt
  output_unit: character
  batch_size: 32
  save_result_every: 100
  checkpoint_every: 100
  print_every: 10
  mode: train
  num_workers: 8
  use_cuda: true
  num_threads: 2
  init_lr_scale: 0.01
  final_lr_scale: 0.05
  max_grad_norm: 400
  weight_decay: 1.0e-05
  total_steps: 200000
  seed: 777
  resume: false
  optimizer: adam
  init_lr: 1.0e-06
  final_lr: 1.0e-06
  peak_lr: 0.0001
  warmup_steps: 400
  num_epochs: 8
  reduction: mean
  lr_scheduler: tri_stage_lr_scheduler

[2023-03-22 12:48:17,436][kospeech.utils][INFO] - Operating System : Windows 10
[2023-03-22 12:48:17,437][kospeech.utils][INFO] - Processor : Intel64 Family 6 Model 158 Stepping 10, GenuineIntel
[2023-03-22 12:48:17,438][kospeech.utils][INFO] - device : NVIDIA GeForce RTX 2060
[2023-03-22 12:48:17,438][kospeech.utils][INFO] - CUDA is available : True
[2023-03-22 12:48:17,438][kospeech.utils][INFO] - CUDA version : 11.8
[2023-03-22 12:48:17,439][kospeech.utils][INFO] - PyTorch version : 2.0.0+cu118
[2023-03-22 12:48:17,476][kospeech.utils][INFO] - split dataset start !!
[2023-03-22 12:48:17,582][kospeech.utils][INFO] - Applying Spec Augmentation...
[2023-03-22 12:48:17,584][kospeech.utils][INFO] - split dataset complete !!
[2023-03-22 12:48:20,129][kospeech.utils][INFO] - start
[2023-03-22 12:48:20,129][kospeech.utils][INFO] - Epoch 0 start
[2023-03-22 12:48:20,167][kospeech.utils][INFO] - Audio is None : ./dataset/kspondata/kss\3/3_1496.wav
[2023-03-22 12:48:20,168][kospeech.utils][INFO] - ./dataset/kspondata/kss\3/3_1496.wav
[2023-03-22 12:48:20,169][kospeech.utils][INFO] - Audio is None : ./dataset/kspondata/kss\4/4_0807.wav
[2023-03-22 12:48:20,169][kospeech.utils][INFO] - ./dataset/kspondata/kss\4/4_0807.wav
[2023-03-22 12:48:20,170][kospeech.utils][INFO] - Audio is None : ./dataset/kspondata/kss\3/3_4707.wav
[2023-03-22 12:48:20,170][kospeech.utils][INFO] - ./dataset/kspondata/kss\3/3_4707.wav
[2023-03-22 12:48:20,172][kospeech.utils][INFO] - Audio is None : ./dataset/kspondata/kss\4/4_2040.wav
[2023-03-22 12:48:20,173][kospeech.utils][INFO] - ./dataset/kspondata/kss\4/4_2040.wav
[2023-03-22 12:48:20,173][kospeech.utils][INFO] - Audio is None : ./dataset/kspondata/kss\3/3_1664.wav
[2023-03-22 12:48:20,174][kospeech.utils][INFO] - ./dataset/kspondata/kss\3/3_1664.wav
[2023-03-22 12:48:20,177][kospeech.utils][INFO] - Audio is None : ./dataset/kspondata/kss\4/4_3090.wav
[2023-03-22 12:48:20,178][kospeech.utils][INFO] - ./dataset/kspondata/kss\4/4_3090.wav
[2023-03-22 12:48:20,181][kospeech.utils][INFO] - Audio is None : ./dataset/kspondata/kss\1/1_0729.wav
[2023-03-22 12:48:20,181][kospeech.utils][INFO] - Audio is None : ./dataset/kspondata/kss\3/3_3697.wav
[2023-03-22 12:48:20,182][kospeech.utils][INFO] - ./dataset/kspondata/kss\1/1_0729.wav
[2023-03-22 12:48:20,182][kospeech.utils][INFO] - ./dataset/kspondata/kss\3/3_3697.wav
[2023-03-22 12:48:20,191][kospeech.utils][INFO] - Audio is None : ./dataset/kspondata/kss\3/3_1401.wav
[2023-03-22 12:48:20,192][kospeech.utils][INFO] - ./dataset/kspondata/kss\3/3_1401.wav
[2023-03-22 12:48:20,194][kospeech.utils][INFO] - Audio is None : ./dataset/kspondata/kss\3/3_4367.wav
[2023-03-22 12:48:20,195][kospeech.utils][INFO] - ./dataset/kspondata/kss\3/3_4367.wav
[2023-03-22 12:48:20,197][kospeech.utils][INFO] - Audio is None : ./dataset/kspondata/kss\4/4_3016.wav
[2023-03-22 12:48:20,198][kospeech.utils][INFO] - ./dataset/kspondata/kss\4/4_3016.wav
[2023-03-22 12:48:20,200][kospeech.utils][INFO] - Audio is None : ./dataset/kspondata/kss\3/3_3051.wav
[2023-03-22 12:48:20,200][kospeech.utils][INFO] - ./dataset/kspondata/kss\3/3_3051.wav
[2023-03-22 12:48:20,203][kospeech.utils][INFO] - Audio is None : ./dataset/kspondata/kss\3/3_4310.wav
[2023-03-22 12:48:20,203][kospeech.utils][INFO] - ./dataset/kspondata/kss\3/3_4310.wav
[2023-03-22 12:48:20,205][kospeech.utils][INFO] - Audio is None : ./dataset/kspondata/kss\1/1_0317.wav
[2023-03-22 12:48:20,206][kospeech.utils][INFO] - ./dataset/kspondata/kss\1/1_0317.wav
[2023-03-22 12:48:20,208][kospeech.utils][INFO] - Audio is None : ./dataset/kspondata/kss\2/2_0233.wav
[2023-03-22 12:48:20,208][kospeech.utils][INFO] - ./dataset/kspondata/kss\2/2_0233.wav
[2023-03-22 12:48:20,209][kospeech.utils][INFO] - Audio is None : ./dataset/kspondata/kss\2/2_0061.wav
[2023-03-22 12:48:20,210][kospeech.utils][INFO] - ./dataset/kspondata/kss\2/2_0061.wav
[2023-03-22 12:48:20,219][kospeech.utils][INFO] - Audio is None : ./dataset/kspondata/kss\4/4_3566.wav
[2023-03-22 12:48:20,219][kospeech.utils][INFO] - ./dataset/kspondata/kss\4/4_3566.wav
[2023-03-22 12:48:20,222][kospeech.utils][INFO] - Audio is None : ./dataset/kspondata/kss\3/3_1803.wav
[2023-03-22 12:48:20,222][kospeech.utils][INFO] - ./dataset/kspondata/kss\3/3_1803.wav
[2023-03-22 12:48:20,223][kospeech.utils][INFO] - Audio is None : ./dataset/kspondata/kss\3/3_1825.wav
[2023-03-22 12:48:20,224][kospeech.utils][INFO] - ./dataset/kspondata/kss\3/3_1825.wav
[2023-03-22 12:48:20,225][kospeech.utils][INFO] - Audio is None : ./dataset/kspondata/kss\4/4_4314.wav
[2023-03-22 12:48:20,226][kospeech.utils][INFO] - ./dataset/kspondata/kss\4/4_4314.wav
[2023-03-22 12:48:20,229][kospeech.utils][INFO] - Audio is None : ./dataset/kspondata/kss\3/3_3364.wav
[2023-03-22 12:48:20,229][kospeech.utils][INFO] - ./dataset/kspondata/kss\3/3_3364.wav
[2023-03-22 12:48:20,234][kospeech.utils][INFO] - Audio is None : ./dataset/kspondata/kss\4/4_4298.wav
[2023-03-22 12:48:20,236][kospeech.utils][INFO] - Audio is None : ./dataset/kspondata/kss\3/3_0025.wav
[2023-03-22 12:48:20,236][kospeech.utils][INFO] - ./dataset/kspondata/kss\4/4_4298.wav
[2023-03-22 12:48:20,236][kospeech.utils][INFO] - ./dataset/kspondata/kss\3/3_0025.wav
[2023-03-22 12:48:20,238][kospeech.utils][INFO] - Audio is None : ./dataset/kspondata/kss\3/3_4492.wav
[2023-03-22 12:48:20,238][kospeech.utils][INFO] - ./dataset/kspondata/kss\3/3_4492.wav
[2023-03-22 12:48:20,243][kospeech.utils][INFO] - Audio is None : ./dataset/kspondata/kss\3/3_4776.wav
[2023-03-22 12:48:20,243][kospeech.utils][INFO] - ./dataset/kspondata/kss\3/3_4776.wav
[2023-03-22 12:48:20,245][kospeech.utils][INFO] - Audio is None : ./dataset/kspondata/kss\3/3_3107.wav
[2023-03-22 12:48:20,246][kospeech.utils][INFO] - ./dataset/kspondata/kss\3/3_3107.wav
[2023-03-22 12:48:20,247][kospeech.utils][INFO] - Audio is None : ./dataset/kspondata/kss\3/3_2113.wav
[2023-03-22 12:48:20,248][kospeech.utils][INFO] - ./dataset/kspondata/kss\3/3_2113.wav
[2023-03-22 12:48:20,250][kospeech.utils][INFO] - Audio is None : ./dataset/kspondata/kss\3/3_1755.wav
[2023-03-22 12:48:20,250][kospeech.utils][INFO] - ./dataset/kspondata/kss\3/3_1755.wav
[2023-03-22 12:48:20,254][kospeech.utils][INFO] - Audio is None : ./dataset/kspondata/kss\4/4_0693.wav
[2023-03-22 12:48:20,254][kospeech.utils][INFO] - ./dataset/kspondata/kss\4/4_0693.wav
[2023-03-22 12:48:20,260][kospeech.utils][INFO] - Audio is None : ./dataset/kspondata/kss\4/4_1280.wav
[2023-03-22 12:48:20,260][kospeech.utils][INFO] - ./dataset/kspondata/kss\4/4_1280.wav
[2023-03-22 12:48:20,262][kospeech.utils][INFO] - Audio is None : ./dataset/kspondata/kss\4/4_1677.wav
[2023-03-22 12:48:20,262][kospeech.utils][INFO] - ./dataset/kspondata/kss\4/4_1677.wav
[2023-03-22 12:48:20,265][kospeech.utils][INFO] - Audio is None : ./dataset/kspondata/kss\4/4_2351.wav
[2023-03-22 12:48:20,265][kospeech.utils][INFO] - ./dataset/kspondata/kss\4/4_2351.wav
[2023-03-22 12:48:20,267][kospeech.utils][INFO] - Audio is None : ./dataset/kspondata/kss\3/3_0650.wav
[2023-03-22 12:48:20,267][kospeech.utils][INFO] - ./dataset/kspondata/kss\3/3_0650.wav
[2023-03-22 12:48:20,269][kospeech.utils][INFO] - Audio is None : ./dataset/kspondata/kss\3/3_2386.wav
[2023-03-22 12:48:20,270][kospeech.utils][INFO] - ./dataset/kspondata/kss\3/3_2386.wav
[2023-03-22 12:48:20,271][kospeech.utils][INFO] - Audio is None : ./dataset/kspondata/kss\3/3_0443.wav
[2023-03-22 12:48:20,271][kospeech.utils][INFO] - ./dataset/kspondata/kss\3/3_0443.wav
[2023-03-22 12:48:20,274][kospeech.utils][INFO] - Audio is None : ./dataset/kspondata/kss\4/4_3502.wav
[2023-03-22 12:48:20,274][kospeech.utils][INFO] - ./dataset/kspondata/kss\4/4_3502.wav
[2023-03-22 12:48:20,277][kospeech.utils][INFO] - Audio is None : ./dataset/kspondata/kss\1/1_0319.wav
[2023-03-22 12:48:20,277][kospeech.utils][INFO] - ./dataset/kspondata/kss\1/1_0319.wav
[2023-03-22 12:48:20,285][kospeech.utils][INFO] - Audio is None : ./dataset/kspondata/kss\3/3_0369.wav
[2023-03-22 12:48:20,285][kospeech.utils][INFO] - ./dataset/kspondata/kss\3/3_0369.wav
[2023-03-22 12:48:20,286][kospeech.utils][INFO] - Audio is None : ./dataset/kspondata/kss\4/4_0534.wav
[2023-03-22 12:48:20,287][kospeech.utils][INFO] - ./dataset/kspondata/kss\4/4_0534.wav
[2023-03-22 12:48:20,288][kospeech.utils][INFO] - Audio is None : ./dataset/kspondata/kss\2/2_0704.wav
[2023-03-22 12:48:20,289][kospeech.utils][INFO] - ./dataset/kspondata/kss\2/2_0704.wav
[2023-03-22 12:48:20,291][kospeech.utils][INFO] - Audio is None : ./dataset/kspondata/kss\4/4_4362.wav
[2023-03-22 12:48:20,292][kospeech.utils][INFO] - ./dataset/kspondata/kss\4/4_4362.wav
[2023-03-22 12:48:20,294][kospeech.utils][INFO] - Audio is None : ./dataset/kspondata/kss\3/3_0931.wav
[2023-03-22 12:48:20,295][kospeech.utils][INFO] - ./dataset/kspondata/kss\3/3_0931.wav
[2023-03-22 12:48:20,297][kospeech.utils][INFO] - Audio is None : ./dataset/kspondata/kss\3/3_0390.wav
[2023-03-22 12:48:20,298][kospeech.utils][INFO] - ./dataset/kspondata/kss\3/3_0390.wav
[2023-03-22 12:48:20,300][kospeech.utils][INFO] - Audio is None : ./dataset/kspondata/kss\4/4_2984.wav
[2023-03-22 12:48:20,301][kospeech.utils][INFO] - ./dataset/kspondata/kss\4/4_2984.wav
[2023-03-22 12:48:20,301][kospeech.utils][INFO] - Audio is None : ./dataset/kspondata/kss\3/3_3968.wav
[2023-03-22 12:48:20,302][kospeech.utils][INFO] - ./dataset/kspondata/kss\3/3_3968.wav
[2023-03-22 12:48:20,305][kospeech.utils][INFO] - Audio is None : ./dataset/kspondata/kss\1/1_0065.wav
[2023-03-22 12:48:20,306][kospeech.utils][INFO] - ./dataset/kspondata/kss\1/1_0065.wav
[2023-03-22 12:48:20,310][kospeech.utils][INFO] - Audio is None : ./dataset/kspondata/kss\4/4_2237.wav
[2023-03-22 12:48:20,311][kospeech.utils][INFO] - ./dataset/kspondata/kss\4/4_2237.wav
[2023-03-22 12:48:20,314][kospeech.utils][INFO] - Audio is None : ./dataset/kspondata/kss\4/4_2698.wav
[2023-03-22 12:48:20,315][kospeech.utils][INFO] - ./dataset/kspondata/kss\4/4_2698.wav
[2023-03-22 12:48:20,315][kospeech.utils][INFO] - Audio is None : ./dataset/kspondata/kss\4/4_3847.wav
[2023-03-22 12:48:20,316][kospeech.utils][INFO] - ./dataset/kspondata/kss\4/4_3847.wav
[2023-03-22 12:48:20,319][kospeech.utils][INFO] - Audio is None : ./dataset/kspondata/kss\3/3_1270.wav
[2023-03-22 12:48:20,320][kospeech.utils][INFO] - ./dataset/kspondata/kss\3/3_1270.wav
[2023-03-22 12:48:20,325][kospeech.utils][INFO] - Audio is None : ./dataset/kspondata/kss\3/3_0084.wav
[2023-03-22 12:48:20,325][kospeech.utils][INFO] - ./dataset/kspondata/kss\3/3_0084.wav
[2023-03-22 12:48:20,328][kospeech.utils][INFO] - Audio is None : ./dataset/kspondata/kss\3/3_1691.wav
[2023-03-22 12:48:20,328][kospeech.utils][INFO] - ./dataset/kspondata/kss\3/3_1691.wav
[2023-03-22 12:48:20,329][kospeech.utils][INFO] - Audio is None : ./dataset/kspondata/kss\4/4_0713.wav
[2023-03-22 12:48:20,330][kospeech.utils][INFO] - ./dataset/kspondata/kss\4/4_0713.wav
[2023-03-22 12:48:20,331][kospeech.utils][INFO] - Audio is None : ./dataset/kspondata/kss\3/3_4602.wav
[2023-03-22 12:48:20,332][kospeech.utils][INFO] - ./dataset/kspondata/kss\3/3_4602.wav
[2023-03-22 12:48:20,336][kospeech.utils][INFO] - Audio is None : ./dataset/kspondata/kss\4/4_2451.wav
[2023-03-22 12:48:20,336][kospeech.utils][INFO] - ./dataset/kspondata/kss\4/4_2451.wav
[2023-03-22 12:48:20,338][kospeech.utils][INFO] - Audio is None : ./dataset/kspondata/kss\3/3_2461.wav
[2023-03-22 12:48:20,339][kospeech.utils][INFO] - ./dataset/kspondata/kss\3/3_2461.wav
[2023-03-22 12:48:20,343][kospeech.utils][INFO] - Audio is None : ./dataset/kspondata/kss\3/3_0202.wav
[2023-03-22 12:48:20,343][kospeech.utils][INFO] - ./dataset/kspondata/kss\3/3_0202.wav
[2023-03-22 12:48:20,345][kospeech.utils][INFO] - Audio is None : ./dataset/kspondata/kss\3/3_4356.wav
[2023-03-22 12:48:20,345][kospeech.utils][INFO] - ./dataset/kspondata/kss\3/3_4356.wav
[2023-03-22 12:48:20,348][kospeech.utils][INFO] - Audio is None : ./dataset/kspondata/kss\4/4_1938.wav
[2023-03-22 12:48:20,349][kospeech.utils][INFO] - ./dataset/kspondata/kss\4/4_1938.wav
[2023-03-22 12:48:20,353][kospeech.utils][INFO] - Audio is None : ./dataset/kspondata/kss\2/2_0315.wav
[2023-03-22 12:48:20,353][kospeech.utils][INFO] - ./dataset/kspondata/kss\2/2_0315.wav
[2023-03-22 12:48:20,355][kospeech.utils][INFO] - Audio is None : ./dataset/kspondata/kss\4/4_1809.wav
[2023-03-22 12:48:20,356][kospeech.utils][INFO] - ./dataset/kspondata/kss\4/4_1809.wav
[2023-03-22 12:48:20,357][kospeech.utils][INFO] - Audio is None : ./dataset/kspondata/kss\3/3_3377.wav
[2023-03-22 12:48:20,358][kospeech.utils][INFO] - ./dataset/kspondata/kss\3/3_3377.wav
[2023-03-22 12:48:20,360][kospeech.utils][INFO] - Audio is None : ./dataset/kspondata/kss\3/3_0340.wav
[2023-03-22 12:48:20,361][kospeech.utils][INFO] - ./dataset/kspondata/kss\3/3_0340.wav
[2023-03-22 12:48:20,362][kospeech.utils][INFO] - Audio is None : ./dataset/kspondata/kss\3/3_1497.wav
[2023-03-22 12:48:20,362][kospeech.utils][INFO] - ./dataset/kspondata/kss\3/3_1497.wav
[2023-03-22 12:48:20,365][kospeech.utils][INFO] - Audio is None : ./dataset/kspondata/kss\4/4_0655.wav
[2023-03-22 12:48:20,366][kospeech.utils][INFO] - ./dataset/kspondata/kss\4/4_0655.wav
[2023-03-22 12:48:20,367][kospeech.utils][INFO] - Audio is None : ./dataset/kspondata/kss\4/4_4201.wav
[2023-03-22 12:48:20,367][kospeech.utils][INFO] - ./dataset/kspondata/kss\4/4_4201.wav
[2023-03-22 12:48:20,371][kospeech.utils][INFO] - Audio is None : ./dataset/kspondata/kss\1/1_0445.wav
[2023-03-22 12:48:20,372][kospeech.utils][INFO] - ./dataset/kspondata/kss\1/1_0445.wav
[2023-03-22 12:48:20,377][kospeech.utils][INFO] - Audio is None : ./dataset/kspondata/kss\4/4_4565.wav
[2023-03-22 12:48:20,378][kospeech.utils][INFO] - ./dataset/kspondata/kss\4/4_4565.wav
[2023-03-22 12:48:20,381][kospeech.utils][INFO] - Audio is None : ./dataset/kspondata/kss\3/3_3291.wav
[2023-03-22 12:48:20,382][kospeech.utils][INFO] - ./dataset/kspondata/kss\3/3_3291.wav
[2023-03-22 12:48:20,383][kospeech.utils][INFO] - Audio is None : ./dataset/kspondata/kss\3/3_0618.wav
[2023-03-22 12:48:20,383][kospeech.utils][INFO] - ./dataset/kspondata/kss\3/3_0618.wav
[2023-03-22 12:48:20,385][kospeech.utils][INFO] - Audio is None : ./dataset/kspondata/kss\3/3_0466.wav
[2023-03-22 12:48:20,386][kospeech.utils][INFO] - ./dataset/kspondata/kss\3/3_0466.wav
[2023-03-22 12:48:20,387][kospeech.utils][INFO] - Audio is None : ./dataset/kspondata/kss\1/1_0809.wav
[2023-03-22 12:48:20,388][kospeech.utils][INFO] - ./dataset/kspondata/kss\1/1_0809.wav
[2023-03-22 12:48:20,390][kospeech.utils][INFO] - Audio is None : ./dataset/kspondata/kss\4/4_1631.wav
[2023-03-22 12:48:20,390][kospeech.utils][INFO] - ./dataset/kspondata/kss\4/4_1631.wav
[2023-03-22 12:48:20,393][kospeech.utils][INFO] - Audio is None : ./dataset/kspondata/kss\4/4_2135.wav
[2023-03-22 12:48:20,394][kospeech.utils][INFO] - ./dataset/kspondata/kss\4/4_2135.wav
[2023-03-22 12:48:20,395][kospeech.utils][INFO] - Audio is None : ./dataset/kspondata/kss\4/4_1177.wav
[2023-03-22 12:48:20,395][kospeech.utils][INFO] - ./dataset/kspondata/kss\4/4_1177.wav
[2023-03-22 12:48:20,401][kospeech.utils][INFO] - Audio is None : ./dataset/kspondata/kss\3/3_2524.wav
[2023-03-22 12:48:20,401][kospeech.utils][INFO] - ./dataset/kspondata/kss\3/3_2524.wav
[2023-03-22 12:48:20,407][kospeech.utils][INFO] - Audio is None : ./dataset/kspondata/kss\4/4_2203.wav
[2023-03-22 12:48:20,408][kospeech.utils][INFO] - ./dataset/kspondata/kss\4/4_2203.wav
[2023-03-22 12:48:20,410][kospeech.utils][INFO] - Audio is None : ./dataset/kspondata/kss\3/3_4302.wav
[2023-03-22 12:48:20,410][kospeech.utils][INFO] - ./dataset/kspondata/kss\3/3_4302.wav
[2023-03-22 12:48:20,412][kospeech.utils][INFO] - Audio is None : ./dataset/kspondata/kss\3/3_3333.wav
[2023-03-22 12:48:20,412][kospeech.utils][INFO] - ./dataset/kspondata/kss\3/3_3333.wav
[2023-03-22 12:48:20,413][kospeech.utils][INFO] - Audio is None : ./dataset/kspondata/kss\4/4_1122.wav
[2023-03-22 12:48:20,414][kospeech.utils][INFO] - ./dataset/kspondata/kss\4/4_1122.wav
[2023-03-22 12:48:20,419][kospeech.utils][INFO] - Audio is None : ./dataset/kspondata/kss\2/2_0151.wav
[2023-03-22 12:48:20,420][kospeech.utils][INFO] - ./dataset/kspondata/kss\2/2_0151.wav
[2023-03-22 12:48:20,421][kospeech.utils][INFO] - Audio is None : ./dataset/kspondata/kss\4/4_0417.wav
[2023-03-22 12:48:20,421][kospeech.utils][INFO] - ./dataset/kspondata/kss\4/4_0417.wav
[2023-03-22 12:48:20,426][kospeech.utils][INFO] - Audio is None : ./dataset/kspondata/kss\3/3_0068.wav
[2023-03-22 12:48:20,426][kospeech.utils][INFO] - ./dataset/kspondata/kss\3/3_0068.wav
[2023-03-22 12:48:20,427][kospeech.utils][INFO] - Audio is None : ./dataset/kspondata/kss\4/4_0751.wav
[2023-03-22 12:48:20,427][kospeech.utils][INFO] - ./dataset/kspondata/kss\4/4_0751.wav
[2023-03-22 12:48:20,431][kospeech.utils][INFO] - Audio is None : ./dataset/kspondata/kss\3/3_0262.wav
[2023-03-22 12:48:20,432][kospeech.utils][INFO] - ./dataset/kspondata/kss\3/3_0262.wav
[2023-03-22 12:48:20,434][kospeech.utils][INFO] - Audio is None : ./dataset/kspondata/kss\3/3_4450.wav
[2023-03-22 12:48:20,435][kospeech.utils][INFO] - ./dataset/kspondata/kss\3/3_4450.wav
[2023-03-22 12:48:20,439][kospeech.utils][INFO] - Audio is None : ./dataset/kspondata/kss\3/3_2551.wav
[2023-03-22 12:48:20,439][kospeech.utils][INFO] - ./dataset/kspondata/kss\3/3_2551.wav
[2023-03-22 12:48:20,441][kospeech.utils][INFO] - Audio is None : ./dataset/kspondata/kss\4/4_4294.wav
[2023-03-22 12:48:20,441][kospeech.utils][INFO] - ./dataset/kspondata/kss\4/4_4294.wav
[2023-03-22 12:48:20,445][kospeech.utils][INFO] - Audio is None : ./dataset/kspondata/kss\1/1_0108.wav
[2023-03-22 12:48:20,445][kospeech.utils][INFO] - Audio is None : ./dataset/kspondata/kss\4/4_4021.wav
[2023-03-22 12:48:20,445][kospeech.utils][INFO] - ./dataset/kspondata/kss\1/1_0108.wav
[2023-03-22 12:48:20,445][kospeech.utils][INFO] - ./dataset/kspondata/kss\4/4_4021.wav
[2023-03-22 12:48:20,451][kospeech.utils][INFO] - Audio is None : ./dataset/kspondata/kss\2/2_0873.wav
[2023-03-22 12:48:20,451][kospeech.utils][INFO] - ./dataset/kspondata/kss\2/2_0873.wav
[2023-03-22 12:48:20,454][kospeech.utils][INFO] - Audio is None : ./dataset/kspondata/kss\1/1_0115.wav
[2023-03-22 12:48:20,454][kospeech.utils][INFO] - Audio is None : ./dataset/kspondata/kss\4/4_3303.wav
[2023-03-22 12:48:20,454][kospeech.utils][INFO] - ./dataset/kspondata/kss\1/1_0115.wav
[2023-03-22 12:48:20,455][kospeech.utils][INFO] - ./dataset/kspondata/kss\4/4_3303.wav
[2023-03-22 12:48:20,457][kospeech.utils][INFO] - Audio is None : ./dataset/kspondata/kss\3/3_2647.wav
[2023-03-22 12:48:20,457][kospeech.utils][INFO] - ./dataset/kspondata/kss\3/3_2647.wav
[2023-03-22 12:48:20,460][kospeech.utils][INFO] - Audio is None : ./dataset/kspondata/kss\4/4_4447.wav
[2023-03-22 12:48:20,460][kospeech.utils][INFO] - ./dataset/kspondata/kss\4/4_4447.wav
[2023-03-22 12:48:20,465][kospeech.utils][INFO] - Audio is None : ./dataset/kspondata/kss\4/4_2484.wav
[2023-03-22 12:48:20,466][kospeech.utils][INFO] - ./dataset/kspondata/kss\4/4_2484.wav
[2023-03-22 12:48:20,470][kospeech.utils][INFO] - Audio is None : ./dataset/kspondata/kss\4/4_3663.wav
[2023-03-22 12:48:20,470][kospeech.utils][INFO] - ./dataset/kspondata/kss\4/4_3663.wav
[2023-03-22 12:48:20,471][kospeech.utils][INFO] - Audio is None : ./dataset/kspondata/kss\3/3_3117.wav
[2023-03-22 12:48:20,471][kospeech.utils][INFO] - ./dataset/kspondata/kss\3/3_3117.wav
[2023-03-22 12:48:20,475][kospeech.utils][INFO] - Audio is None : ./dataset/kspondata/kss\3/3_0482.wav
[2023-03-22 12:48:20,475][kospeech.utils][INFO] - ./dataset/kspondata/kss\3/3_0482.wav
[2023-03-22 12:48:20,478][kospeech.utils][INFO] - Audio is None : ./dataset/kspondata/kss\3/3_2746.wav
[2023-03-22 12:48:20,479][kospeech.utils][INFO] - ./dataset/kspondata/kss\3/3_2746.wav
[2023-03-22 12:48:20,481][kospeech.utils][INFO] - Audio is None : ./dataset/kspondata/kss\3/3_1082.wav
[2023-03-22 12:48:20,481][kospeech.utils][INFO] - ./dataset/kspondata/kss\3/3_1082.wav
[2023-03-22 12:48:20,484][kospeech.utils][INFO] - Audio is None : ./dataset/kspondata/kss\1/1_0413.wav
[2023-03-22 12:48:20,484][kospeech.utils][INFO] - ./dataset/kspondata/kss\1/1_0413.wav
[2023-03-22 12:48:20,486][kospeech.utils][INFO] - Audio is None : ./dataset/kspondata/kss\3/3_2616.wav
[2023-03-22 12:48:20,486][kospeech.utils][INFO] - ./dataset/kspondata/kss\3/3_2616.wav
[2023-03-22 12:48:20,489][kospeech.utils][INFO] - Audio is None : ./dataset/kspondata/kss\1/1_0855.wav
[2023-03-22 12:48:20,489][kospeech.utils][INFO] - ./dataset/kspondata/kss\1/1_0855.wav
[2023-03-22 12:48:20,495][kospeech.utils][INFO] - Audio is None : ./dataset/kspondata/kss\3/3_1253.wav
[2023-03-22 12:48:20,496][kospeech.utils][INFO] - ./dataset/kspondata/kss\3/3_1253.wav
[2023-03-22 12:48:20,496][kospeech.utils][INFO] - Audio is None : ./dataset/kspondata/kss\1/1_0460.wav
[2023-03-22 12:48:20,497][kospeech.utils][INFO] - ./dataset/kspondata/kss\1/1_0460.wav
[2023-03-22 12:48:20,500][kospeech.utils][INFO] - Audio is None : ./dataset/kspondata/kss\3/3_2387.wav
[2023-03-22 12:48:20,501][kospeech.utils][INFO] - ./dataset/kspondata/kss\3/3_2387.wav
[2023-03-22 12:48:20,501][kospeech.utils][INFO] - Audio is None : ./dataset/kspondata/kss\3/3_3160.wav
[2023-03-22 12:48:20,502][kospeech.utils][INFO] - ./dataset/kspondata/kss\3/3_3160.wav
[2023-03-22 12:48:20,505][kospeech.utils][INFO] - Audio is None : ./dataset/kspondata/kss\4/4_4163.wav
[2023-03-22 12:48:20,506][kospeech.utils][INFO] - ./dataset/kspondata/kss\4/4_4163.wav
[2023-03-22 12:48:20,508][kospeech.utils][INFO] - Audio is None : ./dataset/kspondata/kss\3/3_1649.wav
[2023-03-22 12:48:20,509][kospeech.utils][INFO] - ./dataset/kspondata/kss\3/3_1649.wav
[2023-03-22 12:48:20,510][kospeech.utils][INFO] - Audio is None : ./dataset/kspondata/kss\2/2_0728.wav
[2023-03-22 12:48:20,511][kospeech.utils][INFO] - ./dataset/kspondata/kss\2/2_0728.wav
[2023-03-22 12:48:20,514][kospeech.utils][INFO] - Audio is None : ./dataset/kspondata/kss\3/3_0227.wav
[2023-03-22 12:48:20,515][kospeech.utils][INFO] - ./dataset/kspondata/kss\3/3_0227.wav
[2023-03-22 12:48:20,519][kospeech.utils][INFO] - Audio is None : ./dataset/kspondata/kss\4/4_4650.wav
[2023-03-22 12:48:20,520][kospeech.utils][INFO] - ./dataset/kspondata/kss\4/4_4650.wav
[2023-03-22 12:48:20,521][kospeech.utils][INFO] - Audio is None : ./dataset/kspondata/kss\2/2_0976.wav
[2023-03-22 12:48:20,522][kospeech.utils][INFO] - ./dataset/kspondata/kss\2/2_0976.wav
[2023-03-22 12:48:20,526][kospeech.utils][INFO] - Audio is None : ./dataset/kspondata/kss\1/1_0696.wav
[2023-03-22 12:48:20,527][kospeech.utils][INFO] - ./dataset/kspondata/kss\1/1_0696.wav
[2023-03-22 12:48:20,529][kospeech.utils][INFO] - Audio is None : ./dataset/kspondata/kss\3/3_0528.wav
[2023-03-22 12:48:20,530][kospeech.utils][INFO] - ./dataset/kspondata/kss\3/3_0528.wav
[2023-03-22 12:48:20,534][kospeech.utils][INFO] - Audio is None : ./dataset/kspondata/kss\4/4_3053.wav
[2023-03-22 12:48:20,535][kospeech.utils][INFO] - ./dataset/kspondata/kss\4/4_3053.wav
[2023-03-22 12:48:20,536][kospeech.utils][INFO] - Audio is None : ./dataset/kspondata/kss\3/3_1380.wav
[2023-03-22 12:48:20,536][kospeech.utils][INFO] - ./dataset/kspondata/kss\3/3_1380.wav
[2023-03-22 12:48:20,539][kospeech.utils][INFO] - Audio is None : ./dataset/kspondata/kss\3/3_1354.wav
[2023-03-22 12:48:20,540][kospeech.utils][INFO] - ./dataset/kspondata/kss\3/3_1354.wav
[2023-03-22 12:48:20,541][kospeech.utils][INFO] - Audio is None : ./dataset/kspondata/kss\4/4_0971.wav
[2023-03-22 12:48:20,542][kospeech.utils][INFO] - ./dataset/kspondata/kss\4/4_0971.wav
[2023-03-22 12:48:20,543][kospeech.utils][INFO] - Audio is None : ./dataset/kspondata/kss\4/4_3917.wav
[2023-03-22 12:48:20,543][kospeech.utils][INFO] - ./dataset/kspondata/kss\4/4_3917.wav
[2023-03-22 12:48:20,545][kospeech.utils][INFO] - Audio is None : ./dataset/kspondata/kss\3/3_3600.wav
[2023-03-22 12:48:20,546][kospeech.utils][INFO] - ./dataset/kspondata/kss\3/3_3600.wav
[2023-03-22 12:48:20,550][kospeech.utils][INFO] - Audio is None : ./dataset/kspondata/kss\1/1_0356.wav
[2023-03-22 12:48:20,550][kospeech.utils][INFO] - ./dataset/kspondata/kss\1/1_0356.wav
[2023-03-22 12:48:20,554][kospeech.utils][INFO] - Audio is None : ./dataset/kspondata/kss\3/3_4029.wav
[2023-03-22 12:48:20,555][kospeech.utils][INFO] - ./dataset/kspondata/kss\3/3_4029.wav
[2023-03-22 12:48:20,559][kospeech.utils][INFO] - Audio is None : ./dataset/kspondata/kss\3/3_0965.wav
[2023-03-22 12:48:20,560][kospeech.utils][INFO] - ./dataset/kspondata/kss\3/3_0965.wav
[2023-03-22 12:48:20,561][kospeech.utils][INFO] - Audio is None : ./dataset/kspondata/kss\1/1_0032.wav
[2023-03-22 12:48:20,561][kospeech.utils][INFO] - ./dataset/kspondata/kss\1/1_0032.wav
[2023-03-22 12:48:20,564][kospeech.utils][INFO] - Audio is None : ./dataset/kspondata/kss\4/4_2321.wav
[2023-03-22 12:48:20,565][kospeech.utils][INFO] - Audio is None : ./dataset/kspondata/kss\3/3_3233.wav
[2023-03-22 12:48:20,565][kospeech.utils][INFO] - ./dataset/kspondata/kss\4/4_2321.wav
[2023-03-22 12:48:20,565][kospeech.utils][INFO] - ./dataset/kspondata/kss\3/3_3233.wav
[2023-03-22 12:48:20,567][kospeech.utils][INFO] - Audio is None : ./dataset/kspondata/kss\3/3_1297.wav
[2023-03-22 12:48:20,567][kospeech.utils][INFO] - ./dataset/kspondata/kss\3/3_1297.wav
[2023-03-22 12:48:20,571][kospeech.utils][INFO] - Audio is None : ./dataset/kspondata/kss\3/3_0196.wav
[2023-03-22 12:48:20,571][kospeech.utils][INFO] - ./dataset/kspondata/kss\3/3_0196.wav
[2023-03-22 12:48:20,572][kospeech.utils][INFO] - Audio is None : ./dataset/kspondata/kss\3/3_3919.wav
[2023-03-22 12:48:20,573][kospeech.utils][INFO] - ./dataset/kspondata/kss\3/3_3919.wav
[2023-03-22 12:48:20,576][kospeech.utils][INFO] - Audio is None : ./dataset/kspondata/kss\2/2_0914.wav
[2023-03-22 12:48:20,577][kospeech.utils][INFO] - ./dataset/kspondata/kss\2/2_0914.wav
[2023-03-22 12:48:20,583][kospeech.utils][INFO] - Audio is None : ./dataset/kspondata/kss\3/3_0038.wav
[2023-03-22 12:48:20,584][kospeech.utils][INFO] - ./dataset/kspondata/kss\3/3_0038.wav
[2023-03-22 12:48:20,585][kospeech.utils][INFO] - Audio is None : ./dataset/kspondata/kss\3/3_1849.wav
[2023-03-22 12:48:20,586][kospeech.utils][INFO] - ./dataset/kspondata/kss\3/3_1849.wav
[2023-03-22 12:48:20,587][kospeech.utils][INFO] - Audio is None : ./dataset/kspondata/kss\4/4_0594.wav
[2023-03-22 12:48:20,588][kospeech.utils][INFO] - ./dataset/kspondata/kss\4/4_0594.wav
[2023-03-22 12:48:20,590][kospeech.utils][INFO] - Audio is None : ./dataset/kspondata/kss\3/3_3068.wav
[2023-03-22 12:48:20,590][kospeech.utils][INFO] - ./dataset/kspondata/kss\3/3_3068.wav
[2023-03-22 12:48:20,594][kospeech.utils][INFO] - Audio is None : ./dataset/kspondata/kss\3/3_0325.wav
[2023-03-22 12:48:20,594][kospeech.utils][INFO] - ./dataset/kspondata/kss\3/3_0325.wav
[2023-03-22 12:48:20,595][kospeech.utils][INFO] - Audio is None : ./dataset/kspondata/kss\4/4_1299.wav
[2023-03-22 12:48:20,596][kospeech.utils][INFO] - ./dataset/kspondata/kss\4/4_1299.wav
[2023-03-22 12:48:20,596][kospeech.utils][INFO] - Audio is None : ./dataset/kspondata/kss\4/4_3084.wav
[2023-03-22 12:48:20,597][kospeech.utils][INFO] - ./dataset/kspondata/kss\4/4_3084.wav
[2023-03-22 12:48:20,599][kospeech.utils][INFO] - Audio is None : ./dataset/kspondata/kss\3/3_4201.wav
[2023-03-22 12:48:20,599][kospeech.utils][INFO] - ./dataset/kspondata/kss\3/3_4201.wav
[2023-03-22 12:48:20,607][kospeech.utils][INFO] - Audio is None : ./dataset/kspondata/kss\4/4_4067.wav
[2023-03-22 12:48:20,607][kospeech.utils][INFO] - ./dataset/kspondata/kss\4/4_4067.wav
[2023-03-22 12:48:20,611][kospeech.utils][INFO] - Audio is None : ./dataset/kspondata/kss\4/4_0464.wav
[2023-03-22 12:48:20,611][kospeech.utils][INFO] - ./dataset/kspondata/kss\4/4_0464.wav
[2023-03-22 12:48:20,613][kospeech.utils][INFO] - Audio is None : ./dataset/kspondata/kss\1/1_0423.wav
[2023-03-22 12:48:20,613][kospeech.utils][INFO] - ./dataset/kspondata/kss\1/1_0423.wav
[2023-03-22 12:48:20,616][kospeech.utils][INFO] - Audio is None : ./dataset/kspondata/kss\3/3_0222.wav
[2023-03-22 12:48:20,617][kospeech.utils][INFO] - ./dataset/kspondata/kss\3/3_0222.wav
[2023-03-22 12:48:20,621][kospeech.utils][INFO] - Audio is None : ./dataset/kspondata/kss\1/1_0005.wav
[2023-03-22 12:48:20,622][kospeech.utils][INFO] - ./dataset/kspondata/kss\1/1_0005.wav
[2023-03-22 12:48:20,623][kospeech.utils][INFO] - Audio is None : ./dataset/kspondata/kss\1/1_0272.wav
[2023-03-22 12:48:20,623][kospeech.utils][INFO] - ./dataset/kspondata/kss\1/1_0272.wav
[2023-03-22 12:48:20,627][kospeech.utils][INFO] - Audio is None : ./dataset/kspondata/kss\4/4_4463.wav
[2023-03-22 12:48:20,628][kospeech.utils][INFO] - ./dataset/kspondata/kss\4/4_4463.wav
[2023-03-22 12:48:20,631][kospeech.utils][INFO] - Audio is None : ./dataset/kspondata/kss\3/3_3134.wav
[2023-03-22 12:48:20,631][kospeech.utils][INFO] - ./dataset/kspondata/kss\3/3_3134.wav
[2023-03-22 12:48:20,632][kospeech.utils][INFO] - Audio is None : ./dataset/kspondata/kss\1/1_0063.wav
[2023-03-22 12:48:20,633][kospeech.utils][INFO] - ./dataset/kspondata/kss\1/1_0063.wav
[2023-03-22 12:48:20,635][kospeech.utils][INFO] - Audio is None : ./dataset/kspondata/kss\4/4_1308.wav
[2023-03-22 12:48:20,636][kospeech.utils][INFO] - Audio is None : ./dataset/kspondata/kss\2/2_0929.wav
[2023-03-22 12:48:20,636][kospeech.utils][INFO] - ./dataset/kspondata/kss\4/4_1308.wav
[2023-03-22 12:48:20,637][kospeech.utils][INFO] - ./dataset/kspondata/kss\2/2_0929.wav
[2023-03-22 12:48:20,637][kospeech.utils][INFO] - Audio is None : ./dataset/kspondata/kss\2/2_0426.wav
[2023-03-22 12:48:20,638][kospeech.utils][INFO] - ./dataset/kspondata/kss\2/2_0426.wav
[2023-03-22 12:48:20,647][kospeech.utils][INFO] - Audio is None : ./dataset/kspondata/kss\3/3_3507.wav
[2023-03-22 12:48:20,647][kospeech.utils][INFO] - ./dataset/kspondata/kss\3/3_3507.wav
[2023-03-22 12:48:20,648][kospeech.utils][INFO] - Audio is None : ./dataset/kspondata/kss\4/4_3522.wav
[2023-03-22 12:48:20,649][kospeech.utils][INFO] - ./dataset/kspondata/kss\4/4_3522.wav
[2023-03-22 12:48:20,651][kospeech.utils][INFO] - Audio is None : ./dataset/kspondata/kss\4/4_4074.wav
[2023-03-22 12:48:20,652][kospeech.utils][INFO] - ./dataset/kspondata/kss\4/4_4074.wav
[2023-03-22 12:48:20,655][kospeech.utils][INFO] - Audio is None : ./dataset/kspondata/kss\3/3_1036.wav
[2023-03-22 12:48:20,655][kospeech.utils][INFO] - ./dataset/kspondata/kss\3/3_1036.wav
[2023-03-22 12:48:20,659][kospeech.utils][INFO] - Audio is None : ./dataset/kspondata/kss\3/3_0047.wav
[2023-03-22 12:48:20,660][kospeech.utils][INFO] - ./dataset/kspondata/kss\3/3_0047.wav
[2023-03-22 12:48:20,663][kospeech.utils][INFO] - Audio is None : ./dataset/kspondata/kss\4/4_3161.wav
[2023-03-22 12:48:20,664][kospeech.utils][INFO] - ./dataset/kspondata/kss\4/4_3161.wav
[2023-03-22 12:48:20,669][kospeech.utils][INFO] - Audio is None : ./dataset/kspondata/kss\3/3_4134.wav
[2023-03-22 12:48:20,669][kospeech.utils][INFO] - ./dataset/kspondata/kss\3/3_4134.wav
[2023-03-22 12:48:20,673][kospeech.utils][INFO] - Audio is None : ./dataset/kspondata/kss\2/2_0447.wav
[2023-03-22 12:48:20,674][kospeech.utils][INFO] - ./dataset/kspondata/kss\2/2_0447.wav
[2023-03-22 12:48:20,682][kospeech.utils][INFO] - Audio is None : ./dataset/kspondata/kss\3/3_2034.wav
[2023-03-22 12:48:20,682][kospeech.utils][INFO] - ./dataset/kspondata/kss\3/3_2034.wav
[2023-03-22 12:48:20,689][kospeech.utils][INFO] - Audio is None : ./dataset/kspondata/kss\1/1_0587.wav
[2023-03-22 12:48:20,690][kospeech.utils][INFO] - ./dataset/kspondata/kss\1/1_0587.wav
[2023-03-22 12:48:20,695][kospeech.utils][INFO] - Audio is None : ./dataset/kspondata/kss\4/4_4499.wav
[2023-03-22 12:48:20,696][kospeech.utils][INFO] - Audio is None : ./dataset/kspondata/kss\3/3_2441.wav
[2023-03-22 12:48:20,696][kospeech.utils][INFO] - ./dataset/kspondata/kss\4/4_4499.wav
[2023-03-22 12:48:20,696][kospeech.utils][INFO] - ./dataset/kspondata/kss\3/3_2441.wav
[2023-03-22 12:48:20,698][kospeech.utils][INFO] - Audio is None : ./dataset/kspondata/kss\3/3_3302.wav
[2023-03-22 12:48:20,699][kospeech.utils][INFO] - ./dataset/kspondata/kss\3/3_3302.wav
[2023-03-22 12:48:20,701][kospeech.utils][INFO] - Audio is None : ./dataset/kspondata/kss\4/4_1513.wav
[2023-03-22 12:48:20,702][kospeech.utils][INFO] - ./dataset/kspondata/kss\4/4_1513.wav
[2023-03-22 12:48:20,702][kospeech.utils][INFO] - Audio is None : ./dataset/kspondata/kss\3/3_1488.wav
[2023-03-22 12:48:20,703][kospeech.utils][INFO] - ./dataset/kspondata/kss\3/3_1488.wav
[2023-03-22 12:48:20,708][kospeech.utils][INFO] - Audio is None : ./dataset/kspondata/kss\4/4_3958.wav
[2023-03-22 12:48:20,708][kospeech.utils][INFO] - ./dataset/kspondata/kss\4/4_3958.wav
[2023-03-22 12:48:20,709][kospeech.utils][INFO] - Audio is None : ./dataset/kspondata/kss\2/2_0372.wav
[2023-03-22 12:48:20,709][kospeech.utils][INFO] - ./dataset/kspondata/kss\2/2_0372.wav
[2023-03-22 12:48:20,716][kospeech.utils][INFO] - Audio is None : ./dataset/kspondata/kss\3/3_4175.wav
[2023-03-22 12:48:20,716][kospeech.utils][INFO] - ./dataset/kspondata/kss\3/3_4175.wav
[2023-03-22 12:48:20,722][kospeech.utils][INFO] - Audio is None : ./dataset/kspondata/kss\2/2_1050.wav
[2023-03-22 12:48:20,722][kospeech.utils][INFO] - ./dataset/kspondata/kss\2/2_1050.wav
[2023-03-22 12:48:20,724][kospeech.utils][INFO] - Audio is None : ./dataset/kspondata/kss\3/3_2887.wav
[2023-03-22 12:48:20,724][kospeech.utils][INFO] - ./dataset/kspondata/kss\3/3_2887.wav
[2023-03-22 12:48:20,725][kospeech.utils][INFO] - Audio is None : ./dataset/kspondata/kss\4/4_1796.wav
[2023-03-22 12:48:20,725][kospeech.utils][INFO] - ./dataset/kspondata/kss\4/4_1796.wav
[2023-03-22 12:48:20,730][kospeech.utils][INFO] - Audio is None : ./dataset/kspondata/kss\2/2_0507.wav
[2023-03-22 12:48:20,731][kospeech.utils][INFO] - ./dataset/kspondata/kss\2/2_0507.wav
[2023-03-22 12:48:20,732][kospeech.utils][INFO] - Audio is None : ./dataset/kspondata/kss\1/1_0324.wav
[2023-03-22 12:48:20,733][kospeech.utils][INFO] - ./dataset/kspondata/kss\1/1_0324.wav
[2023-03-22 12:48:20,735][kospeech.utils][INFO] - Audio is None : ./dataset/kspondata/kss\3/3_3568.wav
[2023-03-22 12:48:20,735][kospeech.utils][INFO] - ./dataset/kspondata/kss\3/3_3568.wav
[2023-03-22 12:48:20,736][kospeech.utils][INFO] - Audio is None : ./dataset/kspondata/kss\3/3_2833.wav
[2023-03-22 12:48:20,736][kospeech.utils][INFO] - ./dataset/kspondata/kss\3/3_2833.wav
[2023-03-22 12:48:20,737][kospeech.utils][INFO] - Audio is None : ./dataset/kspondata/kss\4/4_2432.wav
[2023-03-22 12:48:20,737][kospeech.utils][INFO] - ./dataset/kspondata/kss\4/4_2432.wav
[2023-03-22 12:48:20,744][kospeech.utils][INFO] - Audio is None : ./dataset/kspondata/kss\4/4_0643.wav
[2023-03-22 12:48:20,745][kospeech.utils][INFO] - ./dataset/kspondata/kss\4/4_0643.wav
[2023-03-22 12:48:20,747][kospeech.utils][INFO] - Audio is None : ./dataset/kspondata/kss\3/3_4788.wav
[2023-03-22 12:48:20,747][kospeech.utils][INFO] - ./dataset/kspondata/kss\3/3_4788.wav
[2023-03-22 12:48:20,748][kospeech.utils][INFO] - Audio is None : ./dataset/kspondata/kss\3/3_2067.wav
[2023-03-22 12:48:20,749][kospeech.utils][INFO] - ./dataset/kspondata/kss\3/3_2067.wav
[2023-03-22 12:48:20,755][kospeech.utils][INFO] - Audio is None : ./dataset/kspondata/kss\3/3_3127.wav
[2023-03-22 12:48:20,755][kospeech.utils][INFO] - ./dataset/kspondata/kss\3/3_3127.wav
[2023-03-22 12:48:20,758][kospeech.utils][INFO] - Audio is None : ./dataset/kspondata/kss\3/3_0949.wav
[2023-03-22 12:48:20,759][kospeech.utils][INFO] - ./dataset/kspondata/kss\3/3_0949.wav
[2023-03-22 12:48:20,760][kospeech.utils][INFO] - Audio is None : ./dataset/kspondata/kss\3/3_3528.wav
[2023-03-22 12:48:20,760][kospeech.utils][INFO] - Audio is None : ./dataset/kspondata/kss\4/4_3823.wav
[2023-03-22 12:48:20,760][kospeech.utils][INFO] - ./dataset/kspondata/kss\3/3_3528.wav
[2023-03-22 12:48:20,761][kospeech.utils][INFO] - ./dataset/kspondata/kss\4/4_3823.wav
[2023-03-22 12:48:20,763][kospeech.utils][INFO] - Audio is None : ./dataset/kspondata/kss\4/4_1178.wav
[2023-03-22 12:48:20,763][kospeech.utils][INFO] - ./dataset/kspondata/kss\4/4_1178.wav
[2023-03-22 12:48:20,766][kospeech.utils][INFO] - Audio is None : ./dataset/kspondata/kss\3/3_3417.wav
[2023-03-22 12:48:20,767][kospeech.utils][INFO] - ./dataset/kspondata/kss\3/3_3417.wav
[2023-03-22 12:48:20,769][kospeech.utils][INFO] - Audio is None : ./dataset/kspondata/kss\4/4_3425.wav
[2023-03-22 12:48:20,769][kospeech.utils][INFO] - ./dataset/kspondata/kss\4/4_3425.wav
[2023-03-22 12:48:20,772][kospeech.utils][INFO] - Audio is None : ./dataset/kspondata/kss\4/4_2360.wav
[2023-03-22 12:48:20,772][kospeech.utils][INFO] - ./dataset/kspondata/kss\4/4_2360.wav
[2023-03-22 12:48:20,779][kospeech.utils][INFO] - Audio is None : ./dataset/kspondata/kss\3/3_3519.wav
[2023-03-22 12:48:20,779][kospeech.utils][INFO] - ./dataset/kspondata/kss\3/3_3519.wav
[2023-03-22 12:48:20,783][kospeech.utils][INFO] - Audio is None : ./dataset/kspondata/kss\4/4_0544.wav
[2023-03-22 12:48:20,784][kospeech.utils][INFO] - ./dataset/kspondata/kss\4/4_0544.wav
[2023-03-22 12:48:20,785][kospeech.utils][INFO] - Audio is None : ./dataset/kspondata/kss\1/1_0527.wav
[2023-03-22 12:48:20,785][kospeech.utils][INFO] - ./dataset/kspondata/kss\1/1_0527.wav
[2023-03-22 12:48:20,788][kospeech.utils][INFO] - Audio is None : ./dataset/kspondata/kss\4/4_0900.wav
[2023-03-22 12:48:20,789][kospeech.utils][INFO] - ./dataset/kspondata/kss\4/4_0900.wav
[2023-03-22 12:48:20,790][kospeech.utils][INFO] - Audio is None : ./dataset/kspondata/kss\3/3_4341.wav
[2023-03-22 12:48:20,790][kospeech.utils][INFO] - ./dataset/kspondata/kss\3/3_4341.wav
[2023-03-22 12:48:20,793][kospeech.utils][INFO] - Audio is None : ./dataset/kspondata/kss\4/4_1386.wav
[2023-03-22 12:48:20,794][kospeech.utils][INFO] - ./dataset/kspondata/kss\4/4_1386.wav
[2023-03-22 12:48:20,795][kospeech.utils][INFO] - Audio is None : ./dataset/kspondata/kss\4/4_0353.wav
[2023-03-22 12:48:20,796][kospeech.utils][INFO] - ./dataset/kspondata/kss\4/4_0353.wav
[2023-03-22 12:48:20,797][kospeech.utils][INFO] - Audio is None : ./dataset/kspondata/kss\3/3_0376.wav
[2023-03-22 12:48:20,798][kospeech.utils][INFO] - ./dataset/kspondata/kss\3/3_0376.wav
[2023-03-22 12:48:20,798][kospeech.utils][INFO] - Audio is None : ./dataset/kspondata/kss\4/4_2258.wav
[2023-03-22 12:48:20,799][kospeech.utils][INFO] - ./dataset/kspondata/kss\4/4_2258.wav
[2023-03-22 12:48:20,806][kospeech.utils][INFO] - Audio is None : ./dataset/kspondata/kss\4/4_2614.wav
[2023-03-22 12:48:20,807][kospeech.utils][INFO] - ./dataset/kspondata/kss\4/4_2614.wav
[2023-03-22 12:48:20,807][kospeech.utils][INFO] - Audio is None : ./dataset/kspondata/kss\3/3_1660.wav
[2023-03-22 12:48:20,808][kospeech.utils][INFO] - ./dataset/kspondata/kss\3/3_1660.wav
[2023-03-22 12:48:20,813][kospeech.utils][INFO] - Audio is None : ./dataset/kspondata/kss\3/3_4084.wav
[2023-03-22 12:48:20,813][kospeech.utils][INFO] - ./dataset/kspondata/kss\3/3_4084.wav
[2023-03-22 12:48:20,814][kospeech.utils][INFO] - Audio is None : ./dataset/kspondata/kss\3/3_1081.wav
[2023-03-22 12:48:20,815][kospeech.utils][INFO] - ./dataset/kspondata/kss\3/3_1081.wav
[2023-03-22 12:48:20,817][kospeech.utils][INFO] - Audio is None : ./dataset/kspondata/kss\4/4_0405.wav
[2023-03-22 12:48:20,817][kospeech.utils][INFO] - ./dataset/kspondata/kss\4/4_0405.wav
[2023-03-22 12:48:20,822][kospeech.utils][INFO] - Audio is None : ./dataset/kspondata/kss\2/2_0919.wav
[2023-03-22 12:48:20,822][kospeech.utils][INFO] - ./dataset/kspondata/kss\2/2_0919.wav
[2023-03-22 12:48:20,826][kospeech.utils][INFO] - Audio is None : ./dataset/kspondata/kss\4/4_2554.wav
[2023-03-22 12:48:20,826][kospeech.utils][INFO] - ./dataset/kspondata/kss\4/4_2554.wav
[2023-03-22 12:48:20,828][kospeech.utils][INFO] - Audio is None : ./dataset/kspondata/kss\3/3_3973.wav
[2023-03-22 12:48:20,828][kospeech.utils][INFO] - ./dataset/kspondata/kss\3/3_3973.wav
[2023-03-22 12:48:20,833][kospeech.utils][INFO] - Audio is None : ./dataset/kspondata/kss\3/3_3171.wav
[2023-03-22 12:48:20,833][kospeech.utils][INFO] - Audio is None : ./dataset/kspondata/kss\4/4_1495.wav
[2023-03-22 12:48:20,834][kospeech.utils][INFO] - ./dataset/kspondata/kss\3/3_3171.wav
[2023-03-22 12:48:20,834][kospeech.utils][INFO] - ./dataset/kspondata/kss\4/4_1495.wav
[2023-03-22 12:48:20,837][kospeech.utils][INFO] - Audio is None : ./dataset/kspondata/kss\3/3_3125.wav
[2023-03-22 12:48:20,837][kospeech.utils][INFO] - ./dataset/kspondata/kss\3/3_3125.wav
[2023-03-22 12:48:20,839][kospeech.utils][INFO] - Audio is None : ./dataset/kspondata/kss\2/2_1062.wav
[2023-03-22 12:48:20,840][kospeech.utils][INFO] - ./dataset/kspondata/kss\2/2_1062.wav
[2023-03-22 12:48:20,842][kospeech.utils][INFO] - Audio is None : ./dataset/kspondata/kss\2/2_0674.wav
[2023-03-22 12:48:20,843][kospeech.utils][INFO] - ./dataset/kspondata/kss\2/2_0674.wav
[2023-03-22 12:48:20,847][kospeech.utils][INFO] - Audio is None : ./dataset/kspondata/kss\3/3_4804.wav
[2023-03-22 12:48:20,848][kospeech.utils][INFO] - ./dataset/kspondata/kss\3/3_4804.wav
[2023-03-22 12:48:20,849][kospeech.utils][INFO] - Audio is None : ./dataset/kspondata/kss\4/4_0110.wav
[2023-03-22 12:48:20,850][kospeech.utils][INFO] - ./dataset/kspondata/kss\4/4_0110.wav
[2023-03-22 12:48:20,852][kospeech.utils][INFO] - Audio is None : ./dataset/kspondata/kss\3/3_0635.wav
[2023-03-22 12:48:20,852][kospeech.utils][INFO] - ./dataset/kspondata/kss\3/3_0635.wav
[2023-03-22 12:48:20,856][kospeech.utils][INFO] - Audio is None : ./dataset/kspondata/kss\4/4_4415.wav
[2023-03-22 12:48:20,856][kospeech.utils][INFO] - ./dataset/kspondata/kss\4/4_4415.wav
[2023-03-22 12:48:20,861][kospeech.utils][INFO] - Audio is None : ./dataset/kspondata/kss\4/4_3099.wav
[2023-03-22 12:48:20,861][kospeech.utils][INFO] - ./dataset/kspondata/kss\4/4_3099.wav
[2023-03-22 12:48:20,863][kospeech.utils][INFO] - Audio is None : ./dataset/kspondata/kss\4/4_1064.wav
[2023-03-22 12:48:20,863][kospeech.utils][INFO] - ./dataset/kspondata/kss\4/4_1064.wav
[2023-03-22 12:48:20,866][kospeech.utils][INFO] - Audio is None : ./dataset/kspondata/kss\4/4_2418.wav
[2023-03-22 12:48:20,866][kospeech.utils][INFO] - ./dataset/kspondata/kss\4/4_2418.wav
[2023-03-22 12:48:20,867][kospeech.utils][INFO] - Audio is None : ./dataset/kspondata/kss\4/4_3526.wav
[2023-03-22 12:48:20,867][kospeech.utils][INFO] - ./dataset/kspondata/kss\4/4_3526.wav
[2023-03-22 12:48:20,870][kospeech.utils][INFO] - Audio is None : ./dataset/kspondata/kss\3/3_4875.wav
[2023-03-22 12:48:20,870][kospeech.utils][INFO] - ./dataset/kspondata/kss\3/3_4875.wav
[2023-03-22 12:48:20,875][kospeech.utils][INFO] - Audio is None : ./dataset/kspondata/kss\3/3_0585.wav
[2023-03-22 12:48:20,875][kospeech.utils][INFO] - ./dataset/kspondata/kss\3/3_0585.wav
[2023-03-22 12:48:20,876][kospeech.utils][INFO] - Audio is None : ./dataset/kspondata/kss\3/3_0305.wav
[2023-03-22 12:48:20,877][kospeech.utils][INFO] - ./dataset/kspondata/kss\3/3_0305.wav
[2023-03-22 12:48:20,881][kospeech.utils][INFO] - Audio is None : ./dataset/kspondata/kss\3/3_4817.wav
[2023-03-22 12:48:20,881][kospeech.utils][INFO] - ./dataset/kspondata/kss\3/3_4817.wav
[2023-03-22 12:48:20,888][kospeech.utils][INFO] - Audio is None : ./dataset/kspondata/kss\3/3_0043.wav
[2023-03-22 12:48:20,888][kospeech.utils][INFO] - ./dataset/kspondata/kss\3/3_0043.wav
[2023-03-22 12:48:20,890][kospeech.utils][INFO] - Audio is None : ./dataset/kspondata/kss\4/4_3255.wav
[2023-03-22 12:48:20,890][kospeech.utils][INFO] - ./dataset/kspondata/kss\4/4_3255.wav
[2023-03-22 12:48:20,892][kospeech.utils][INFO] - Audio is None : ./dataset/kspondata/kss\3/3_2718.wav
[2023-03-22 12:48:20,893][kospeech.utils][INFO] - ./dataset/kspondata/kss\3/3_2718.wav
[2023-03-22 12:48:20,896][kospeech.utils][INFO] - Audio is None : ./dataset/kspondata/kss\2/2_0244.wav
[2023-03-22 12:48:20,897][kospeech.utils][INFO] - ./dataset/kspondata/kss\2/2_0244.wav
[2023-03-22 12:48:20,898][kospeech.utils][INFO] - Audio is None : ./dataset/kspondata/kss\4/4_3444.wav
[2023-03-22 12:48:20,899][kospeech.utils][INFO] - ./dataset/kspondata/kss\4/4_3444.wav
[2023-03-22 12:48:20,901][kospeech.utils][INFO] - Audio is None : ./dataset/kspondata/kss\3/3_3286.wav
[2023-03-22 12:48:20,901][kospeech.utils][INFO] - ./dataset/kspondata/kss\3/3_3286.wav
[2023-03-22 12:48:20,902][kospeech.utils][INFO] - Audio is None : ./dataset/kspondata/kss\4/4_3695.wav
[2023-03-22 12:48:20,903][kospeech.utils][INFO] - ./dataset/kspondata/kss\4/4_3695.wav
[2023-03-22 12:48:20,905][kospeech.utils][INFO] - Audio is None : ./dataset/kspondata/kss\4/4_1745.wav
[2023-03-22 12:48:20,905][kospeech.utils][INFO] - ./dataset/kspondata/kss\4/4_1745.wav
[2023-03-22 12:48:20,910][kospeech.utils][INFO] - Audio is None : ./dataset/kspondata/kss\3/3_4281.wav
[2023-03-22 12:48:20,910][kospeech.utils][INFO] - ./dataset/kspondata/kss\3/3_4281.wav
[2023-03-22 12:48:20,912][kospeech.utils][INFO] - Audio is None : ./dataset/kspondata/kss\2/2_1008.wav
[2023-03-22 12:48:20,912][kospeech.utils][INFO] - ./dataset/kspondata/kss\2/2_1008.wav
[2023-03-22 12:48:20,915][kospeech.utils][INFO] - Audio is None : ./dataset/kspondata/kss\4/4_0273.wav
[2023-03-22 12:48:20,916][kospeech.utils][INFO] - ./dataset/kspondata/kss\4/4_0273.wav
[2023-03-22 12:48:20,920][kospeech.utils][INFO] - Audio is None : ./dataset/kspondata/kss\4/4_3313.wav
[2023-03-22 12:48:20,921][kospeech.utils][INFO] - ./dataset/kspondata/kss\4/4_3313.wav
[2023-03-22 12:48:20,923][kospeech.utils][INFO] - Audio is None : ./dataset/kspondata/kss\4/4_2005.wav
[2023-03-22 12:48:20,924][kospeech.utils][INFO] - ./dataset/kspondata/kss\4/4_2005.wav
[2023-03-22 12:48:20,926][kospeech.utils][INFO] - Audio is None : ./dataset/kspondata/kss\4/4_0821.wav
[2023-03-22 12:48:20,927][kospeech.utils][INFO] - ./dataset/kspondata/kss\4/4_0821.wav
[2023-03-22 12:48:20,931][kospeech.utils][INFO] - Audio is None : ./dataset/kspondata/kss\3/3_0432.wav
[2023-03-22 12:48:20,932][kospeech.utils][INFO] - Audio is None : ./dataset/kspondata/kss\4/4_0264.wav
[2023-03-22 12:48:20,932][kospeech.utils][INFO] - ./dataset/kspondata/kss\3/3_0432.wav
[2023-03-22 12:48:20,932][kospeech.utils][INFO] - ./dataset/kspondata/kss\4/4_0264.wav
[2023-03-22 12:48:20,933][kospeech.utils][INFO] - Audio is None : ./dataset/kspondata/kss\3/3_2310.wav
[2023-03-22 12:48:20,934][kospeech.utils][INFO] - ./dataset/kspondata/kss\3/3_2310.wav
[2023-03-22 12:48:20,936][kospeech.utils][INFO] - Audio is None : ./dataset/kspondata/kss\3/3_1657.wav
[2023-03-22 12:48:20,937][kospeech.utils][INFO] - ./dataset/kspondata/kss\3/3_1657.wav
[2023-03-22 12:48:20,938][kospeech.utils][INFO] - Audio is None : ./dataset/kspondata/kss\2/2_1081.wav
[2023-03-22 12:48:20,938][kospeech.utils][INFO] - ./dataset/kspondata/kss\2/2_1081.wav
[2023-03-22 12:48:20,947][kospeech.utils][INFO] - Audio is None : ./dataset/kspondata/kss\4/4_4339.wav
[2023-03-22 12:48:20,948][kospeech.utils][INFO] - ./dataset/kspondata/kss\4/4_4339.wav
[2023-03-22 12:48:20,949][kospeech.utils][INFO] - Audio is None : ./dataset/kspondata/kss\4/4_4123.wav
[2023-03-22 12:48:20,950][kospeech.utils][INFO] - Audio is None : ./dataset/kspondata/kss\4/4_2356.wav
[2023-03-22 12:48:20,950][kospeech.utils][INFO] - ./dataset/kspondata/kss\4/4_4123.wav
[2023-03-22 12:48:20,950][kospeech.utils][INFO] - ./dataset/kspondata/kss\4/4_2356.wav
[2023-03-22 12:48:20,953][kospeech.utils][INFO] - Audio is None : ./dataset/kspondata/kss\4/4_1509.wav
[2023-03-22 12:48:20,953][kospeech.utils][INFO] - ./dataset/kspondata/kss\4/4_1509.wav
[2023-03-22 12:48:20,954][kospeech.utils][INFO] - Audio is None : ./dataset/kspondata/kss\3/3_1591.wav
[2023-03-22 12:48:20,955][kospeech.utils][INFO] - ./dataset/kspondata/kss\3/3_1591.wav
[2023-03-22 12:48:20,958][kospeech.utils][INFO] - Audio is None : ./dataset/kspondata/kss\4/4_3985.wav
[2023-03-22 12:48:20,958][kospeech.utils][INFO] - ./dataset/kspondata/kss\4/4_3985.wav
[2023-03-22 12:48:20,959][kospeech.utils][INFO] - Audio is None : ./dataset/kspondata/kss\4/4_0085.wav
[2023-03-22 12:48:20,959][kospeech.utils][INFO] - ./dataset/kspondata/kss\4/4_0085.wav
[2023-03-22 12:48:20,960][kospeech.utils][INFO] - Audio is None : ./dataset/kspondata/kss\1/1_1038.wav
[2023-03-22 12:48:20,961][kospeech.utils][INFO] - ./dataset/kspondata/kss\1/1_1038.wav
[2023-03-22 12:48:20,966][kospeech.utils][INFO] - Audio is None : ./dataset/kspondata/kss\4/4_1721.wav
[2023-03-22 12:48:20,966][kospeech.utils][INFO] - ./dataset/kspondata/kss\4/4_1721.wav
[2023-03-22 12:48:20,967][kospeech.utils][INFO] - Audio is None : ./dataset/kspondata/kss\3/3_3409.wav
[2023-03-22 12:48:20,967][kospeech.utils][INFO] - ./dataset/kspondata/kss\3/3_3409.wav
[2023-03-22 12:48:20,969][kospeech.utils][INFO] - Audio is None : ./dataset/kspondata/kss\3/3_0240.wav
[2023-03-22 12:48:20,970][kospeech.utils][INFO] - ./dataset/kspondata/kss\3/3_0240.wav
[2023-03-22 12:48:20,973][kospeech.utils][INFO] - Audio is None : ./dataset/kspondata/kss\1/1_0851.wav
[2023-03-22 12:48:20,973][kospeech.utils][INFO] - ./dataset/kspondata/kss\1/1_0851.wav
[2023-03-22 12:48:20,974][kospeech.utils][INFO] - Audio is None : ./dataset/kspondata/kss\3/3_0330.wav
[2023-03-22 12:48:20,974][kospeech.utils][INFO] - ./dataset/kspondata/kss\3/3_0330.wav
[2023-03-22 12:48:20,978][kospeech.utils][INFO] - Audio is None : ./dataset/kspondata/kss\4/4_2701.wav
[2023-03-22 12:48:20,978][kospeech.utils][INFO] - ./dataset/kspondata/kss\4/4_2701.wav
[2023-03-22 12:48:21,564][kospeech.utils][INFO] - save checkpoints
C:\Users\SSAFY\Desktop\Speech\gitstt\BE\KoreanSTT\outputs\2023-03-22\12-48-17\2023_03_22_12_48_20-trainer_states.pt
C:\Users\SSAFY\Desktop\Speech\gitstt\BE\KoreanSTT\outputs\2023-03-22\12-48-17\2023_03_22_12_48_20-model.pt
[2023-03-22 12:48:21,565][kospeech.utils][INFO] - train() completed
[2023-03-22 12:48:21,566][kospeech.utils][INFO] - 0
