[2023-03-22 14:31:06,672][kospeech.utils][INFO] - audio:
  audio_extension: wav
  sample_rate: 16000
  frame_length: 20
  frame_shift: 10
  normalize: true
  del_silence: true
  feature_extract_by: kaldi
  time_mask_num: 4
  freq_mask_num: 2
  spec_augment: true
  input_reverse: false
  transform_method: fbank
  n_mels: 80
  freq_mask_para: 18
model:
  architecture: deepspeech2
  teacher_forcing_ratio: 1.0
  teacher_forcing_step: 0.0
  min_teacher_forcing_ratio: 1.0
  dropout: 0.3
  bidirectional: false
  joint_ctc_attention: false
  max_len: 400
  use_bidirectional: true
  rnn_type: gru
  hidden_dim: 1024
  activation: hardtanh
  num_encoder_layers: 3
train:
  dataset: kspon
  dataset_path: C:/Users/SSAFY/Desktop/Speech/gitstt/BE/KoreanSTT/dataset/kspon/data/kss/kss
  transcripts_path: ../../../transcripts.txt
  output_unit: character
  batch_size: 32
  save_result_every: 100
  checkpoint_every: 100
  print_every: 10
  mode: train
  num_workers: 8
  use_cuda: true
  num_threads: 2
  init_lr_scale: 0.01
  final_lr_scale: 0.05
  max_grad_norm: 400
  weight_decay: 1.0e-05
  total_steps: 200000
  seed: 777
  resume: false
  optimizer: adam
  init_lr: 1.0e-06
  final_lr: 1.0e-06
  peak_lr: 0.0001
  warmup_steps: 400
  num_epochs: 8
  reduction: mean
  lr_scheduler: tri_stage_lr_scheduler

[2023-03-22 14:31:06,714][kospeech.utils][INFO] - Operating System : Windows 10
[2023-03-22 14:31:06,714][kospeech.utils][INFO] - Processor : Intel64 Family 6 Model 158 Stepping 10, GenuineIntel
[2023-03-22 14:31:06,715][kospeech.utils][INFO] - device : NVIDIA GeForce RTX 2060
[2023-03-22 14:31:06,716][kospeech.utils][INFO] - CUDA is available : True
[2023-03-22 14:31:06,716][kospeech.utils][INFO] - CUDA version : 11.8
[2023-03-22 14:31:06,716][kospeech.utils][INFO] - PyTorch version : 2.0.0+cu118
[2023-03-22 14:31:06,753][kospeech.utils][INFO] - split dataset start !!
[2023-03-22 14:31:06,858][kospeech.utils][INFO] - Applying Spec Augmentation...
[2023-03-22 14:31:06,859][kospeech.utils][INFO] - split dataset complete !!
[2023-03-22 14:31:09,295][kospeech.utils][INFO] - start
[2023-03-22 14:31:09,296][kospeech.utils][INFO] - Epoch 0 start
[2023-03-22 14:31:49,733][kospeech.utils][INFO] - step:   10/ 776, loss: 56.878880, cer: 14.99, elapsed: 40.42s 0.67m 0.01h, lr: 0.000002
[2023-03-22 14:32:08,718][kospeech.utils][INFO] - step:   20/ 776, loss: 22.546898, cer: 9.30, elapsed: 18.98s 0.99m 0.02h, lr: 0.000005
[2023-03-22 14:32:27,995][kospeech.utils][INFO] - step:   30/ 776, loss: 10.308675, cer: 6.52, elapsed: 19.28s 1.31m 0.02h, lr: 0.000007
