[2023-03-21 13:58:38,549][kospeech.utils][INFO] - audio:
  audio_extension: wav
  sample_rate: 16000
  frame_length: 20
  frame_shift: 10
  normalize: true
  del_silence: true
  feature_extract_by: kaldi
  time_mask_num: 4
  freq_mask_num: 2
  spec_augment: true
  input_reverse: false
  transform_method: fbank
  n_mels: 80
  freq_mask_para: 18
model:
  architecture: deepspeech2
  teacher_forcing_ratio: 1.0
  teacher_forcing_step: 0.0
  min_teacher_forcing_ratio: 1.0
  dropout: 0.3
  bidirectional: false
  joint_ctc_attention: false
  max_len: 400
  use_bidirectional: true
  rnn_type: gru
  hidden_dim: 1024
  activation: hardtanh
  num_encoder_layers: 3
train:
  dataset: kspon
  dataset_path: C:\Users\SSAFY\Desktop\Speech\KoreanSTT\dataset\kspon\data
  transcripts_path: ../../../data/transcripts.txt
  output_unit: character
  batch_size: 32
  save_result_every: 100
  checkpoint_every: 100
  print_every: 10
  mode: train
  num_workers: 4
  use_cuda: true
  num_threads: 2
  init_lr_scale: 0.01
  final_lr_scale: 0.05
  max_grad_norm: 400
  weight_decay: 1.0e-05
  total_steps: 200000
  seed: 777
  resume: false
  optimizer: adam
  init_lr: 1.0e-06
  final_lr: 1.0e-06
  peak_lr: 0.0001
  warmup_steps: 400
  num_epochs: 20
  reduction: mean
  lr_scheduler: tri_stage_lr_scheduler

[2023-03-21 13:58:38,559][kospeech.utils][INFO] - Operating System : Windows 10
[2023-03-21 13:58:38,560][kospeech.utils][INFO] - Processor : Intel64 Family 6 Model 158 Stepping 10, GenuineIntel
[2023-03-21 13:58:38,560][kospeech.utils][INFO] - CUDA is available : False
[2023-03-21 13:58:38,560][kospeech.utils][INFO] - PyTorch version : 1.10.0+cpu
[2023-03-21 13:58:38,592][kospeech.utils][INFO] - split dataset start !!
[2023-03-21 13:58:38,670][kospeech.utils][INFO] - Applying Spec Augmentation...
[2023-03-21 13:58:38,732][kospeech.utils][INFO] - Applying Spec Augmentation...
[2023-03-21 13:58:38,739][kospeech.utils][INFO] - Applying Spec Augmentation...
[2023-03-21 13:58:38,747][kospeech.utils][INFO] - Applying Spec Augmentation...
[2023-03-21 13:58:38,759][kospeech.utils][INFO] - split dataset complete !!
[2023-03-21 13:58:39,041][kospeech.utils][INFO] - start
[2023-03-21 13:58:39,041][kospeech.utils][INFO] - Epoch 0 start
[2023-03-21 13:58:39,079][kospeech.utils][INFO] - Audio is None : C:\Users\SSAFY\Desktop\Speech\KoreanSTT\dataset\kspon\data\2/2_1073.wav
[2023-03-21 13:58:39,080][kospeech.utils][INFO] - Audio is None : C:\Users\SSAFY\Desktop\Speech\KoreanSTT\dataset\kspon\data\3/3_0742.wav
[2023-03-21 13:58:39,081][kospeech.utils][INFO] - Audio is None : C:\Users\SSAFY\Desktop\Speech\KoreanSTT\dataset\kspon\data\3/3_4488.wav
[2023-03-21 13:58:39,082][kospeech.utils][INFO] - Audio is None : C:\Users\SSAFY\Desktop\Speech\KoreanSTT\dataset\kspon\data\1/1_0336.wav
[2023-03-21 13:58:39,091][kospeech.utils][INFO] - Audio is None : C:\Users\SSAFY\Desktop\Speech\KoreanSTT\dataset\kspon\data\3/3_2940.wav
[2023-03-21 13:58:39,091][kospeech.utils][INFO] - Audio is None : C:\Users\SSAFY\Desktop\Speech\KoreanSTT\dataset\kspon\data\4/4_0272.wav
[2023-03-21 13:58:39,094][kospeech.utils][INFO] - Audio is None : C:\Users\SSAFY\Desktop\Speech\KoreanSTT\dataset\kspon\data\3/3_1509.wav
[2023-03-21 13:58:39,094][kospeech.utils][INFO] - Audio is None : C:\Users\SSAFY\Desktop\Speech\KoreanSTT\dataset\kspon\data\2/2_0938.wav
[2023-03-21 13:58:39,101][kospeech.utils][INFO] - Audio is None : C:\Users\SSAFY\Desktop\Speech\KoreanSTT\dataset\kspon\data\1/1_0457.wav
[2023-03-21 13:58:39,101][kospeech.utils][INFO] - Audio is None : C:\Users\SSAFY\Desktop\Speech\KoreanSTT\dataset\kspon\data\3/3_1734.wav
[2023-03-21 13:58:39,103][kospeech.utils][INFO] - Audio is None : C:\Users\SSAFY\Desktop\Speech\KoreanSTT\dataset\kspon\data\1/1_0381.wav
[2023-03-21 13:58:39,104][kospeech.utils][INFO] - Audio is None : C:\Users\SSAFY\Desktop\Speech\KoreanSTT\dataset\kspon\data\4/4_1978.wav
[2023-03-21 13:58:39,110][kospeech.utils][INFO] - Audio is None : C:\Users\SSAFY\Desktop\Speech\KoreanSTT\dataset\kspon\data\4/4_3305.wav
[2023-03-21 13:58:39,111][kospeech.utils][INFO] - Audio is None : C:\Users\SSAFY\Desktop\Speech\KoreanSTT\dataset\kspon\data\2/2_0517.wav
[2023-03-21 13:58:39,114][kospeech.utils][INFO] - Audio is None : C:\Users\SSAFY\Desktop\Speech\KoreanSTT\dataset\kspon\data\4/4_1945.wav
[2023-03-21 13:58:39,115][kospeech.utils][INFO] - Audio is None : C:\Users\SSAFY\Desktop\Speech\KoreanSTT\dataset\kspon\data\3/3_4496.wav
[2023-03-21 13:58:39,121][kospeech.utils][INFO] - Audio is None : C:\Users\SSAFY\Desktop\Speech\KoreanSTT\dataset\kspon\data\1/1_0614.wav
[2023-03-21 13:58:39,121][kospeech.utils][INFO] - Audio is None : C:\Users\SSAFY\Desktop\Speech\KoreanSTT\dataset\kspon\data\2/2_0772.wav
[2023-03-21 13:58:39,124][kospeech.utils][INFO] - Audio is None : C:\Users\SSAFY\Desktop\Speech\KoreanSTT\dataset\kspon\data\3/3_2141.wav
[2023-03-21 13:58:39,126][kospeech.utils][INFO] - Audio is None : C:\Users\SSAFY\Desktop\Speech\KoreanSTT\dataset\kspon\data\3/3_3182.wav
[2023-03-21 13:58:39,133][kospeech.utils][INFO] - Audio is None : C:\Users\SSAFY\Desktop\Speech\KoreanSTT\dataset\kspon\data\2/2_0390.wav
[2023-03-21 13:58:39,134][kospeech.utils][INFO] - Audio is None : C:\Users\SSAFY\Desktop\Speech\KoreanSTT\dataset\kspon\data\4/4_4332.wav
[2023-03-21 13:58:39,138][kospeech.utils][INFO] - Audio is None : C:\Users\SSAFY\Desktop\Speech\KoreanSTT\dataset\kspon\data\2/2_0370.wav
[2023-03-21 13:58:39,139][kospeech.utils][INFO] - Audio is None : C:\Users\SSAFY\Desktop\Speech\KoreanSTT\dataset\kspon\data\3/3_1873.wav
[2023-03-21 13:58:39,144][kospeech.utils][INFO] - Audio is None : C:\Users\SSAFY\Desktop\Speech\KoreanSTT\dataset\kspon\data\2/2_0279.wav
[2023-03-21 13:58:39,147][kospeech.utils][INFO] - Audio is None : C:\Users\SSAFY\Desktop\Speech\KoreanSTT\dataset\kspon\data\3/3_0036.wav
[2023-03-21 13:58:39,149][kospeech.utils][INFO] - Audio is None : C:\Users\SSAFY\Desktop\Speech\KoreanSTT\dataset\kspon\data\3/3_3633.wav
[2023-03-21 13:58:39,150][kospeech.utils][INFO] - Audio is None : C:\Users\SSAFY\Desktop\Speech\KoreanSTT\dataset\kspon\data\4/4_0088.wav
[2023-03-21 13:58:39,156][kospeech.utils][INFO] - Audio is None : C:\Users\SSAFY\Desktop\Speech\KoreanSTT\dataset\kspon\data\1/1_0977.wav
[2023-03-21 13:58:39,157][kospeech.utils][INFO] - Audio is None : C:\Users\SSAFY\Desktop\Speech\KoreanSTT\dataset\kspon\data\4/4_3575.wav
[2023-03-21 13:58:39,162][kospeech.utils][INFO] - Audio is None : C:\Users\SSAFY\Desktop\Speech\KoreanSTT\dataset\kspon\data\3/3_0865.wav
[2023-03-21 13:58:39,162][kospeech.utils][INFO] - Audio is None : C:\Users\SSAFY\Desktop\Speech\KoreanSTT\dataset\kspon\data\1/1_0785.wav
[2023-03-21 13:58:39,168][kospeech.utils][INFO] - Audio is None : C:\Users\SSAFY\Desktop\Speech\KoreanSTT\dataset\kspon\data\3/3_3776.wav
[2023-03-21 13:58:39,168][kospeech.utils][INFO] - Audio is None : C:\Users\SSAFY\Desktop\Speech\KoreanSTT\dataset\kspon\data\4/4_4172.wav
[2023-03-21 13:58:39,172][kospeech.utils][INFO] - Audio is None : C:\Users\SSAFY\Desktop\Speech\KoreanSTT\dataset\kspon\data\4/4_2145.wav
[2023-03-21 13:58:39,175][kospeech.utils][INFO] - Audio is None : C:\Users\SSAFY\Desktop\Speech\KoreanSTT\dataset\kspon\data\4/4_2260.wav
[2023-03-21 13:58:39,180][kospeech.utils][INFO] - Audio is None : C:\Users\SSAFY\Desktop\Speech\KoreanSTT\dataset\kspon\data\3/3_2248.wav
[2023-03-21 13:58:39,182][kospeech.utils][INFO] - Audio is None : C:\Users\SSAFY\Desktop\Speech\KoreanSTT\dataset\kspon\data\4/4_0790.wav
[2023-03-21 13:58:39,184][kospeech.utils][INFO] - Audio is None : C:\Users\SSAFY\Desktop\Speech\KoreanSTT\dataset\kspon\data\3/3_3689.wav
[2023-03-21 13:58:39,188][kospeech.utils][INFO] - Audio is None : C:\Users\SSAFY\Desktop\Speech\KoreanSTT\dataset\kspon\data\4/4_3120.wav
[2023-03-21 13:58:39,191][kospeech.utils][INFO] - Audio is None : C:\Users\SSAFY\Desktop\Speech\KoreanSTT\dataset\kspon\data\3/3_3419.wav
[2023-03-21 13:58:39,194][kospeech.utils][INFO] - Audio is None : C:\Users\SSAFY\Desktop\Speech\KoreanSTT\dataset\kspon\data\3/3_3332.wav
[2023-03-21 13:58:39,195][kospeech.utils][INFO] - Audio is None : C:\Users\SSAFY\Desktop\Speech\KoreanSTT\dataset\kspon\data\1/1_0394.wav
[2023-03-21 13:58:39,198][kospeech.utils][INFO] - Audio is None : C:\Users\SSAFY\Desktop\Speech\KoreanSTT\dataset\kspon\data\2/2_1066.wav
[2023-03-21 13:58:39,200][kospeech.utils][INFO] - Audio is None : C:\Users\SSAFY\Desktop\Speech\KoreanSTT\dataset\kspon\data\4/4_4778.wav
[2023-03-21 13:58:39,205][kospeech.utils][INFO] - Audio is None : C:\Users\SSAFY\Desktop\Speech\KoreanSTT\dataset\kspon\data\2/2_1106.wav
[2023-03-21 13:58:39,206][kospeech.utils][INFO] - Audio is None : C:\Users\SSAFY\Desktop\Speech\KoreanSTT\dataset\kspon\data\2/2_0177.wav
[2023-03-21 13:58:39,209][kospeech.utils][INFO] - Audio is None : C:\Users\SSAFY\Desktop\Speech\KoreanSTT\dataset\kspon\data\3/3_3540.wav
[2023-03-21 13:58:39,210][kospeech.utils][INFO] - Audio is None : C:\Users\SSAFY\Desktop\Speech\KoreanSTT\dataset\kspon\data\3/3_4229.wav
[2023-03-21 13:58:39,215][kospeech.utils][INFO] - Audio is None : C:\Users\SSAFY\Desktop\Speech\KoreanSTT\dataset\kspon\data\2/2_0582.wav
[2023-03-21 13:58:39,217][kospeech.utils][INFO] - Audio is None : C:\Users\SSAFY\Desktop\Speech\KoreanSTT\dataset\kspon\data\4/4_3680.wav
[2023-03-21 13:58:39,220][kospeech.utils][INFO] - Audio is None : C:\Users\SSAFY\Desktop\Speech\KoreanSTT\dataset\kspon\data\4/4_4658.wav
[2023-03-21 13:58:39,220][kospeech.utils][INFO] - Audio is None : C:\Users\SSAFY\Desktop\Speech\KoreanSTT\dataset\kspon\data\3/3_4750.wav
[2023-03-21 13:58:39,226][kospeech.utils][INFO] - Audio is None : C:\Users\SSAFY\Desktop\Speech\KoreanSTT\dataset\kspon\data\4/4_0446.wav
[2023-03-21 13:58:39,228][kospeech.utils][INFO] - Audio is None : C:\Users\SSAFY\Desktop\Speech\KoreanSTT\dataset\kspon\data\4/4_1099.wav
[2023-03-21 13:58:39,230][kospeech.utils][INFO] - Audio is None : C:\Users\SSAFY\Desktop\Speech\KoreanSTT\dataset\kspon\data\4/4_0704.wav
[2023-03-21 13:58:39,231][kospeech.utils][INFO] - Audio is None : C:\Users\SSAFY\Desktop\Speech\KoreanSTT\dataset\kspon\data\2/2_0877.wav
[2023-03-21 13:58:39,238][kospeech.utils][INFO] - Audio is None : C:\Users\SSAFY\Desktop\Speech\KoreanSTT\dataset\kspon\data\4/4_4654.wav
[2023-03-21 13:58:39,240][kospeech.utils][INFO] - Audio is None : C:\Users\SSAFY\Desktop\Speech\KoreanSTT\dataset\kspon\data\3/3_2203.wav
[2023-03-21 13:58:39,241][kospeech.utils][INFO] - Audio is None : C:\Users\SSAFY\Desktop\Speech\KoreanSTT\dataset\kspon\data\3/3_0874.wav
[2023-03-21 13:58:39,242][kospeech.utils][INFO] - Audio is None : C:\Users\SSAFY\Desktop\Speech\KoreanSTT\dataset\kspon\data\4/4_2770.wav
[2023-03-21 13:58:39,248][kospeech.utils][INFO] - Audio is None : C:\Users\SSAFY\Desktop\Speech\KoreanSTT\dataset\kspon\data\4/4_0503.wav
[2023-03-21 13:58:39,251][kospeech.utils][INFO] - Audio is None : C:\Users\SSAFY\Desktop\Speech\KoreanSTT\dataset\kspon\data\4/4_0431.wav
[2023-03-21 13:58:39,254][kospeech.utils][INFO] - Audio is None : C:\Users\SSAFY\Desktop\Speech\KoreanSTT\dataset\kspon\data\1/1_0174.wav
[2023-03-21 13:58:39,254][kospeech.utils][INFO] - Audio is None : C:\Users\SSAFY\Desktop\Speech\KoreanSTT\dataset\kspon\data\4/4_1460.wav
[2023-03-21 13:58:39,260][kospeech.utils][INFO] - Audio is None : C:\Users\SSAFY\Desktop\Speech\KoreanSTT\dataset\kspon\data\3/3_3966.wav
[2023-03-21 13:58:39,262][kospeech.utils][INFO] - Audio is None : C:\Users\SSAFY\Desktop\Speech\KoreanSTT\dataset\kspon\data\3/3_0522.wav
[2023-03-21 13:58:39,267][kospeech.utils][INFO] - Audio is None : C:\Users\SSAFY\Desktop\Speech\KoreanSTT\dataset\kspon\data\3/3_1072.wav
[2023-03-21 13:58:39,267][kospeech.utils][INFO] - Audio is None : C:\Users\SSAFY\Desktop\Speech\KoreanSTT\dataset\kspon\data\4/4_0774.wav
[2023-03-21 13:58:39,271][kospeech.utils][INFO] - Audio is None : C:\Users\SSAFY\Desktop\Speech\KoreanSTT\dataset\kspon\data\3/3_0710.wav
[2023-03-21 13:58:39,274][kospeech.utils][INFO] - Audio is None : C:\Users\SSAFY\Desktop\Speech\KoreanSTT\dataset\kspon\data\3/3_3029.wav
[2023-03-21 13:58:39,280][kospeech.utils][INFO] - Audio is None : C:\Users\SSAFY\Desktop\Speech\KoreanSTT\dataset\kspon\data\4/4_4401.wav
[2023-03-21 13:58:39,281][kospeech.utils][INFO] - Audio is None : C:\Users\SSAFY\Desktop\Speech\KoreanSTT\dataset\kspon\data\3/3_2841.wav
[2023-03-21 13:58:39,285][kospeech.utils][INFO] - Audio is None : C:\Users\SSAFY\Desktop\Speech\KoreanSTT\dataset\kspon\data\2/2_0643.wav
[2023-03-21 13:58:39,286][kospeech.utils][INFO] - Audio is None : C:\Users\SSAFY\Desktop\Speech\KoreanSTT\dataset\kspon\data\2/2_0065.wav
[2023-03-21 13:58:39,293][kospeech.utils][INFO] - Audio is None : C:\Users\SSAFY\Desktop\Speech\KoreanSTT\dataset\kspon\data\3/3_1781.wav
[2023-03-21 13:58:39,294][kospeech.utils][INFO] - Audio is None : C:\Users\SSAFY\Desktop\Speech\KoreanSTT\dataset\kspon\data\3/3_2447.wav
[2023-03-21 13:58:39,299][kospeech.utils][INFO] - Audio is None : C:\Users\SSAFY\Desktop\Speech\KoreanSTT\dataset\kspon\data\4/4_4260.wav
[2023-03-21 13:58:39,299][kospeech.utils][INFO] - Audio is None : C:\Users\SSAFY\Desktop\Speech\KoreanSTT\dataset\kspon\data\4/4_3777.wav
[2023-03-21 13:58:39,306][kospeech.utils][INFO] - Audio is None : C:\Users\SSAFY\Desktop\Speech\KoreanSTT\dataset\kspon\data\4/4_4277.wav
[2023-03-21 13:58:39,306][kospeech.utils][INFO] - Audio is None : C:\Users\SSAFY\Desktop\Speech\KoreanSTT\dataset\kspon\data\4/4_1724.wav
[2023-03-21 13:58:39,310][kospeech.utils][INFO] - Audio is None : C:\Users\SSAFY\Desktop\Speech\KoreanSTT\dataset\kspon\data\3/3_1292.wav
[2023-03-21 13:58:39,313][kospeech.utils][INFO] - Audio is None : C:\Users\SSAFY\Desktop\Speech\KoreanSTT\dataset\kspon\data\3/3_3953.wav
[2023-03-21 13:58:39,321][kospeech.utils][INFO] - Audio is None : C:\Users\SSAFY\Desktop\Speech\KoreanSTT\dataset\kspon\data\3/3_2306.wav
[2023-03-21 13:58:39,322][kospeech.utils][INFO] - Audio is None : C:\Users\SSAFY\Desktop\Speech\KoreanSTT\dataset\kspon\data\3/3_2886.wav
[2023-03-21 13:58:39,326][kospeech.utils][INFO] - Audio is None : C:\Users\SSAFY\Desktop\Speech\KoreanSTT\dataset\kspon\data\4/4_0019.wav
[2023-03-21 13:58:39,329][kospeech.utils][INFO] - Audio is None : C:\Users\SSAFY\Desktop\Speech\KoreanSTT\dataset\kspon\data\3/3_0543.wav
[2023-03-21 13:58:39,338][kospeech.utils][INFO] - Audio is None : C:\Users\SSAFY\Desktop\Speech\KoreanSTT\dataset\kspon\data\4/4_0158.wav
[2023-03-21 13:58:39,338][kospeech.utils][INFO] - Audio is None : C:\Users\SSAFY\Desktop\Speech\KoreanSTT\dataset\kspon\data\4/4_4283.wav
[2023-03-21 13:58:39,341][kospeech.utils][INFO] - Audio is None : C:\Users\SSAFY\Desktop\Speech\KoreanSTT\dataset\kspon\data\2/2_0723.wav
[2023-03-21 13:58:39,344][kospeech.utils][INFO] - Audio is None : C:\Users\SSAFY\Desktop\Speech\KoreanSTT\dataset\kspon\data\3/3_3345.wav
[2023-03-21 13:58:39,352][kospeech.utils][INFO] - Audio is None : C:\Users\SSAFY\Desktop\Speech\KoreanSTT\dataset\kspon\data\3/3_1210.wav
[2023-03-21 13:58:39,353][kospeech.utils][INFO] - Audio is None : C:\Users\SSAFY\Desktop\Speech\KoreanSTT\dataset\kspon\data\3/3_1277.wav
[2023-03-21 13:58:39,355][kospeech.utils][INFO] - Audio is None : C:\Users\SSAFY\Desktop\Speech\KoreanSTT\dataset\kspon\data\4/4_0156.wav
[2023-03-21 13:58:39,356][kospeech.utils][INFO] - Audio is None : C:\Users\SSAFY\Desktop\Speech\KoreanSTT\dataset\kspon\data\4/4_2280.wav
[2023-03-21 13:58:39,366][kospeech.utils][INFO] - Audio is None : C:\Users\SSAFY\Desktop\Speech\KoreanSTT\dataset\kspon\data\4/4_3197.wav
[2023-03-21 13:58:39,367][kospeech.utils][INFO] - Audio is None : C:\Users\SSAFY\Desktop\Speech\KoreanSTT\dataset\kspon\data\3/3_2146.wav
[2023-03-21 13:58:39,369][kospeech.utils][INFO] - Audio is None : C:\Users\SSAFY\Desktop\Speech\KoreanSTT\dataset\kspon\data\2/2_0094.wav
[2023-03-21 13:58:39,370][kospeech.utils][INFO] - Audio is None : C:\Users\SSAFY\Desktop\Speech\KoreanSTT\dataset\kspon\data\3/3_3236.wav
[2023-03-21 13:58:39,378][kospeech.utils][INFO] - Audio is None : C:\Users\SSAFY\Desktop\Speech\KoreanSTT\dataset\kspon\data\3/3_4598.wav
[2023-03-21 13:58:39,380][kospeech.utils][INFO] - Audio is None : C:\Users\SSAFY\Desktop\Speech\KoreanSTT\dataset\kspon\data\4/4_1973.wav
[2023-03-21 13:58:39,381][kospeech.utils][INFO] - Audio is None : C:\Users\SSAFY\Desktop\Speech\KoreanSTT\dataset\kspon\data\4/4_0238.wav
[2023-03-21 13:58:39,384][kospeech.utils][INFO] - Audio is None : C:\Users\SSAFY\Desktop\Speech\KoreanSTT\dataset\kspon\data\4/4_1907.wav
[2023-03-21 13:58:39,390][kospeech.utils][INFO] - Audio is None : C:\Users\SSAFY\Desktop\Speech\KoreanSTT\dataset\kspon\data\3/3_3626.wav
[2023-03-21 13:58:39,393][kospeech.utils][INFO] - Audio is None : C:\Users\SSAFY\Desktop\Speech\KoreanSTT\dataset\kspon\data\3/3_0764.wav
[2023-03-21 13:58:39,394][kospeech.utils][INFO] - Audio is None : C:\Users\SSAFY\Desktop\Speech\KoreanSTT\dataset\kspon\data\3/3_2425.wav
[2023-03-21 13:58:39,397][kospeech.utils][INFO] - Audio is None : C:\Users\SSAFY\Desktop\Speech\KoreanSTT\dataset\kspon\data\3/3_3752.wav
[2023-03-21 13:58:39,403][kospeech.utils][INFO] - Audio is None : C:\Users\SSAFY\Desktop\Speech\KoreanSTT\dataset\kspon\data\3/3_1679.wav
[2023-03-21 13:58:39,406][kospeech.utils][INFO] - Audio is None : C:\Users\SSAFY\Desktop\Speech\KoreanSTT\dataset\kspon\data\1/1_0233.wav
[2023-03-21 13:58:39,407][kospeech.utils][INFO] - Audio is None : C:\Users\SSAFY\Desktop\Speech\KoreanSTT\dataset\kspon\data\3/3_3996.wav
[2023-03-21 13:58:39,409][kospeech.utils][INFO] - Audio is None : C:\Users\SSAFY\Desktop\Speech\KoreanSTT\dataset\kspon\data\3/3_4125.wav
[2023-03-21 13:58:39,415][kospeech.utils][INFO] - Audio is None : C:\Users\SSAFY\Desktop\Speech\KoreanSTT\dataset\kspon\data\3/3_1198.wav
[2023-03-21 13:58:39,419][kospeech.utils][INFO] - Audio is None : C:\Users\SSAFY\Desktop\Speech\KoreanSTT\dataset\kspon\data\4/4_2694.wav
[2023-03-21 13:58:39,421][kospeech.utils][INFO] - Audio is None : C:\Users\SSAFY\Desktop\Speech\KoreanSTT\dataset\kspon\data\2/2_0031.wav
[2023-03-21 13:58:39,422][kospeech.utils][INFO] - Audio is None : C:\Users\SSAFY\Desktop\Speech\KoreanSTT\dataset\kspon\data\4/4_3588.wav
[2023-03-21 13:58:39,427][kospeech.utils][INFO] - Audio is None : C:\Users\SSAFY\Desktop\Speech\KoreanSTT\dataset\kspon\data\3/3_0526.wav
[2023-03-21 13:58:39,431][kospeech.utils][INFO] - Audio is None : C:\Users\SSAFY\Desktop\Speech\KoreanSTT\dataset\kspon\data\2/2_0713.wav
[2023-03-21 13:58:39,433][kospeech.utils][INFO] - Audio is None : C:\Users\SSAFY\Desktop\Speech\KoreanSTT\dataset\kspon\data\3/3_3520.wav
[2023-03-21 13:58:39,434][kospeech.utils][INFO] - Audio is None : C:\Users\SSAFY\Desktop\Speech\KoreanSTT\dataset\kspon\data\3/3_1132.wav
[2023-03-21 13:58:39,441][kospeech.utils][INFO] - Audio is None : C:\Users\SSAFY\Desktop\Speech\KoreanSTT\dataset\kspon\data\2/2_0154.wav
[2023-03-21 13:58:39,443][kospeech.utils][INFO] - Audio is None : C:\Users\SSAFY\Desktop\Speech\KoreanSTT\dataset\kspon\data\3/3_3721.wav
[2023-03-21 13:58:39,447][kospeech.utils][INFO] - Audio is None : C:\Users\SSAFY\Desktop\Speech\KoreanSTT\dataset\kspon\data\2/2_0111.wav
[2023-03-21 13:58:39,447][kospeech.utils][INFO] - Audio is None : C:\Users\SSAFY\Desktop\Speech\KoreanSTT\dataset\kspon\data\4/4_4711.wav
[2023-03-21 13:58:39,452][kospeech.utils][INFO] - Audio is None : C:\Users\SSAFY\Desktop\Speech\KoreanSTT\dataset\kspon\data\4/4_2426.wav
[2023-03-21 13:58:39,454][kospeech.utils][INFO] - Audio is None : C:\Users\SSAFY\Desktop\Speech\KoreanSTT\dataset\kspon\data\4/4_0826.wav
[2023-03-21 13:58:39,457][kospeech.utils][INFO] - Audio is None : C:\Users\SSAFY\Desktop\Speech\KoreanSTT\dataset\kspon\data\4/4_0268.wav
[2023-03-21 13:58:39,462][kospeech.utils][INFO] - Audio is None : C:\Users\SSAFY\Desktop\Speech\KoreanSTT\dataset\kspon\data\4/4_4393.wav
[2023-03-21 13:58:39,463][kospeech.utils][INFO] - Audio is None : C:\Users\SSAFY\Desktop\Speech\KoreanSTT\dataset\kspon\data\4/4_1063.wav
[2023-03-21 13:58:39,910][kospeech.utils][INFO] - save checkpoints
C:\Users\SSAFY\Desktop\Speech\KoreanSTT\outputs\2023-03-21\13-58-38\2023_03_21_13_58_39-trainer_states.pt
C:\Users\SSAFY\Desktop\Speech\KoreanSTT\outputs\2023-03-21\13-58-38\2023_03_21_13_58_39-model.pt
[2023-03-21 13:58:39,911][kospeech.utils][INFO] - train() completed
[2023-03-21 13:58:39,911][kospeech.utils][INFO] - 0
