[2023-03-21 14:06:29,842][kospeech.utils][INFO] - audio:
  audio_extension: wav
  sample_rate: 16000
  frame_length: 20
  frame_shift: 10
  normalize: true
  del_silence: true
  feature_extract_by: kaldi
  time_mask_num: 4
  freq_mask_num: 2
  spec_augment: true
  input_reverse: false
  transform_method: fbank
  n_mels: 80
  freq_mask_para: 18
model:
  architecture: deepspeech2
  teacher_forcing_ratio: 1.0
  teacher_forcing_step: 0.0
  min_teacher_forcing_ratio: 1.0
  dropout: 0.3
  bidirectional: false
  joint_ctc_attention: false
  max_len: 400
  use_bidirectional: true
  rnn_type: gru
  hidden_dim: 1024
  activation: hardtanh
  num_encoder_layers: 3
train:
  dataset: kspon
  dataset_path: C:\Users\SSAFY\Desktop\Speech\KoreanSTT\dataset\kspon\data
  transcripts_path: ../../../data/transcripts.txt
  output_unit: character
  batch_size: 32
  save_result_every: 100
  checkpoint_every: 100
  print_every: 10
  mode: train
  num_workers: 4
  use_cuda: true
  num_threads: 2
  init_lr_scale: 0.01
  final_lr_scale: 0.05
  max_grad_norm: 400
  weight_decay: 1.0e-05
  total_steps: 200000
  seed: 777
  resume: false
  optimizer: adam
  init_lr: 1.0e-06
  final_lr: 1.0e-06
  peak_lr: 0.0001
  warmup_steps: 400
  num_epochs: 20
  reduction: mean
  lr_scheduler: tri_stage_lr_scheduler

[2023-03-21 14:06:29,850][kospeech.utils][INFO] - Operating System : Windows 10
[2023-03-21 14:06:29,851][kospeech.utils][INFO] - Processor : Intel64 Family 6 Model 158 Stepping 10, GenuineIntel
[2023-03-21 14:06:29,851][kospeech.utils][INFO] - CUDA is available : False
[2023-03-21 14:06:29,851][kospeech.utils][INFO] - PyTorch version : 1.10.0+cpu
[2023-03-21 14:06:29,888][kospeech.utils][INFO] - split dataset start !!
[2023-03-21 14:06:29,953][kospeech.utils][INFO] - Applying Spec Augmentation...
[2023-03-21 14:06:30,010][kospeech.utils][INFO] - Applying Spec Augmentation...
[2023-03-21 14:06:30,017][kospeech.utils][INFO] - Applying Spec Augmentation...
[2023-03-21 14:06:30,024][kospeech.utils][INFO] - Applying Spec Augmentation...
[2023-03-21 14:06:30,033][kospeech.utils][INFO] - split dataset complete !!
[2023-03-21 14:06:30,312][kospeech.utils][INFO] - start
[2023-03-21 14:06:30,312][kospeech.utils][INFO] - Epoch 0 start
[2023-03-21 14:06:30,346][kospeech.utils][INFO] - Audio is None : C:\Users\SSAFY\Desktop\Speech\KoreanSTT\dataset\kspon\data\3/3_0742.wav
[2023-03-21 14:06:30,347][kospeech.utils][INFO] - Audio is None : C:\Users\SSAFY\Desktop\Speech\KoreanSTT\dataset\kspon\data\3/3_4488.wav
[2023-03-21 14:06:30,349][kospeech.utils][INFO] - Audio is None : C:\Users\SSAFY\Desktop\Speech\KoreanSTT\dataset\kspon\data\2/2_1073.wav
[2023-03-21 14:06:30,350][kospeech.utils][INFO] - Audio is None : C:\Users\SSAFY\Desktop\Speech\KoreanSTT\dataset\kspon\data\1/1_0336.wav
[2023-03-21 14:06:30,359][kospeech.utils][INFO] - Audio is None : C:\Users\SSAFY\Desktop\Speech\KoreanSTT\dataset\kspon\data\3/3_1509.wav
[2023-03-21 14:06:30,359][kospeech.utils][INFO] - Audio is None : C:\Users\SSAFY\Desktop\Speech\KoreanSTT\dataset\kspon\data\4/4_0272.wav
[2023-03-21 14:06:30,359][kospeech.utils][INFO] - Audio is None : C:\Users\SSAFY\Desktop\Speech\KoreanSTT\dataset\kspon\data\2/2_0938.wav
[2023-03-21 14:06:30,362][kospeech.utils][INFO] - Audio is None : C:\Users\SSAFY\Desktop\Speech\KoreanSTT\dataset\kspon\data\3/3_2940.wav
[2023-03-21 14:06:30,370][kospeech.utils][INFO] - Audio is None : C:\Users\SSAFY\Desktop\Speech\KoreanSTT\dataset\kspon\data\3/3_1734.wav
[2023-03-21 14:06:30,371][kospeech.utils][INFO] - Audio is None : C:\Users\SSAFY\Desktop\Speech\KoreanSTT\dataset\kspon\data\4/4_1978.wav
[2023-03-21 14:06:30,373][kospeech.utils][INFO] - Audio is None : C:\Users\SSAFY\Desktop\Speech\KoreanSTT\dataset\kspon\data\1/1_0457.wav
[2023-03-21 14:06:30,374][kospeech.utils][INFO] - Audio is None : C:\Users\SSAFY\Desktop\Speech\KoreanSTT\dataset\kspon\data\1/1_0381.wav
[2023-03-21 14:06:30,380][kospeech.utils][INFO] - Audio is None : C:\Users\SSAFY\Desktop\Speech\KoreanSTT\dataset\kspon\data\4/4_3305.wav
[2023-03-21 14:06:30,382][kospeech.utils][INFO] - Audio is None : C:\Users\SSAFY\Desktop\Speech\KoreanSTT\dataset\kspon\data\3/3_4496.wav
[2023-03-21 14:06:30,384][kospeech.utils][INFO] - Audio is None : C:\Users\SSAFY\Desktop\Speech\KoreanSTT\dataset\kspon\data\2/2_0517.wav
[2023-03-21 14:06:30,385][kospeech.utils][INFO] - Audio is None : C:\Users\SSAFY\Desktop\Speech\KoreanSTT\dataset\kspon\data\4/4_1945.wav
[2023-03-21 14:06:30,392][kospeech.utils][INFO] - Audio is None : C:\Users\SSAFY\Desktop\Speech\KoreanSTT\dataset\kspon\data\1/1_0614.wav
[2023-03-21 14:06:30,395][kospeech.utils][INFO] - Audio is None : C:\Users\SSAFY\Desktop\Speech\KoreanSTT\dataset\kspon\data\2/2_0772.wav
[2023-03-21 14:06:30,397][kospeech.utils][INFO] - Audio is None : C:\Users\SSAFY\Desktop\Speech\KoreanSTT\dataset\kspon\data\3/3_3182.wav
[2023-03-21 14:06:30,399][kospeech.utils][INFO] - Audio is None : C:\Users\SSAFY\Desktop\Speech\KoreanSTT\dataset\kspon\data\3/3_2141.wav
[2023-03-21 14:06:30,406][kospeech.utils][INFO] - Audio is None : C:\Users\SSAFY\Desktop\Speech\KoreanSTT\dataset\kspon\data\2/2_0390.wav
[2023-03-21 14:06:30,411][kospeech.utils][INFO] - Audio is None : C:\Users\SSAFY\Desktop\Speech\KoreanSTT\dataset\kspon\data\3/3_1873.wav
[2023-03-21 14:06:30,412][kospeech.utils][INFO] - Audio is None : C:\Users\SSAFY\Desktop\Speech\KoreanSTT\dataset\kspon\data\4/4_4332.wav
[2023-03-21 14:06:30,418][kospeech.utils][INFO] - Audio is None : C:\Users\SSAFY\Desktop\Speech\KoreanSTT\dataset\kspon\data\2/2_0370.wav
[2023-03-21 14:06:30,421][kospeech.utils][INFO] - Audio is None : C:\Users\SSAFY\Desktop\Speech\KoreanSTT\dataset\kspon\data\2/2_0279.wav
[2023-03-21 14:06:30,425][kospeech.utils][INFO] - Audio is None : C:\Users\SSAFY\Desktop\Speech\KoreanSTT\dataset\kspon\data\4/4_0088.wav
[2023-03-21 14:06:30,428][kospeech.utils][INFO] - Audio is None : C:\Users\SSAFY\Desktop\Speech\KoreanSTT\dataset\kspon\data\3/3_0036.wav
[2023-03-21 14:06:30,431][kospeech.utils][INFO] - Audio is None : C:\Users\SSAFY\Desktop\Speech\KoreanSTT\dataset\kspon\data\3/3_3633.wav
[2023-03-21 14:06:30,434][kospeech.utils][INFO] - Audio is None : C:\Users\SSAFY\Desktop\Speech\KoreanSTT\dataset\kspon\data\1/1_0977.wav
[2023-03-21 14:06:30,437][kospeech.utils][INFO] - Audio is None : C:\Users\SSAFY\Desktop\Speech\KoreanSTT\dataset\kspon\data\3/3_0865.wav
[2023-03-21 14:06:30,440][kospeech.utils][INFO] - Audio is None : C:\Users\SSAFY\Desktop\Speech\KoreanSTT\dataset\kspon\data\4/4_3575.wav
[2023-03-21 14:06:30,442][kospeech.utils][INFO] - Audio is None : C:\Users\SSAFY\Desktop\Speech\KoreanSTT\dataset\kspon\data\1/1_0785.wav
[2023-03-21 14:06:30,446][kospeech.utils][INFO] - Audio is None : C:\Users\SSAFY\Desktop\Speech\KoreanSTT\dataset\kspon\data\3/3_3776.wav
[2023-03-21 14:06:30,450][kospeech.utils][INFO] - Audio is None : C:\Users\SSAFY\Desktop\Speech\KoreanSTT\dataset\kspon\data\4/4_2145.wav
[2023-03-21 14:06:30,453][kospeech.utils][INFO] - Audio is None : C:\Users\SSAFY\Desktop\Speech\KoreanSTT\dataset\kspon\data\4/4_2260.wav
[2023-03-21 14:06:30,454][kospeech.utils][INFO] - Audio is None : C:\Users\SSAFY\Desktop\Speech\KoreanSTT\dataset\kspon\data\4/4_4172.wav
[2023-03-21 14:06:30,457][kospeech.utils][INFO] - Audio is None : C:\Users\SSAFY\Desktop\Speech\KoreanSTT\dataset\kspon\data\3/3_2248.wav
[2023-03-21 14:06:30,460][kospeech.utils][INFO] - Audio is None : C:\Users\SSAFY\Desktop\Speech\KoreanSTT\dataset\kspon\data\3/3_3689.wav
[2023-03-21 14:06:30,462][kospeech.utils][INFO] - Audio is None : C:\Users\SSAFY\Desktop\Speech\KoreanSTT\dataset\kspon\data\4/4_3120.wav
[2023-03-21 14:06:30,465][kospeech.utils][INFO] - Audio is None : C:\Users\SSAFY\Desktop\Speech\KoreanSTT\dataset\kspon\data\4/4_0790.wav
[2023-03-21 14:06:30,467][kospeech.utils][INFO] - Audio is None : C:\Users\SSAFY\Desktop\Speech\KoreanSTT\dataset\kspon\data\3/3_3419.wav
[2023-03-21 14:06:30,470][kospeech.utils][INFO] - Audio is None : C:\Users\SSAFY\Desktop\Speech\KoreanSTT\dataset\kspon\data\1/1_0394.wav
[2023-03-21 14:06:30,472][kospeech.utils][INFO] - Audio is None : C:\Users\SSAFY\Desktop\Speech\KoreanSTT\dataset\kspon\data\2/2_1066.wav
[2023-03-21 14:06:30,475][kospeech.utils][INFO] - Audio is None : C:\Users\SSAFY\Desktop\Speech\KoreanSTT\dataset\kspon\data\3/3_3332.wav
[2023-03-21 14:06:30,476][kospeech.utils][INFO] - Audio is None : C:\Users\SSAFY\Desktop\Speech\KoreanSTT\dataset\kspon\data\4/4_4778.wav
[2023-03-21 14:06:30,479][kospeech.utils][INFO] - Audio is None : C:\Users\SSAFY\Desktop\Speech\KoreanSTT\dataset\kspon\data\2/2_1106.wav
[2023-03-21 14:06:30,481][kospeech.utils][INFO] - Audio is None : C:\Users\SSAFY\Desktop\Speech\KoreanSTT\dataset\kspon\data\3/3_3540.wav
[2023-03-21 14:06:30,486][kospeech.utils][INFO] - Audio is None : C:\Users\SSAFY\Desktop\Speech\KoreanSTT\dataset\kspon\data\3/3_4229.wav
[2023-03-21 14:06:30,487][kospeech.utils][INFO] - Audio is None : C:\Users\SSAFY\Desktop\Speech\KoreanSTT\dataset\kspon\data\2/2_0177.wav
[2023-03-21 14:06:30,488][kospeech.utils][INFO] - Audio is None : C:\Users\SSAFY\Desktop\Speech\KoreanSTT\dataset\kspon\data\2/2_0582.wav
[2023-03-21 14:06:30,490][kospeech.utils][INFO] - Audio is None : C:\Users\SSAFY\Desktop\Speech\KoreanSTT\dataset\kspon\data\4/4_4658.wav
[2023-03-21 14:06:30,495][kospeech.utils][INFO] - Audio is None : C:\Users\SSAFY\Desktop\Speech\KoreanSTT\dataset\kspon\data\3/3_4750.wav
[2023-03-21 14:06:30,496][kospeech.utils][INFO] - Audio is None : C:\Users\SSAFY\Desktop\Speech\KoreanSTT\dataset\kspon\data\4/4_3680.wav
[2023-03-21 14:06:30,497][kospeech.utils][INFO] - Audio is None : C:\Users\SSAFY\Desktop\Speech\KoreanSTT\dataset\kspon\data\4/4_0446.wav
[2023-03-21 14:06:30,499][kospeech.utils][INFO] - Audio is None : C:\Users\SSAFY\Desktop\Speech\KoreanSTT\dataset\kspon\data\4/4_0704.wav
[2023-03-21 14:06:30,505][kospeech.utils][INFO] - Audio is None : C:\Users\SSAFY\Desktop\Speech\KoreanSTT\dataset\kspon\data\4/4_1099.wav
[2023-03-21 14:06:30,506][kospeech.utils][INFO] - Audio is None : C:\Users\SSAFY\Desktop\Speech\KoreanSTT\dataset\kspon\data\2/2_0877.wav
[2023-03-21 14:06:30,507][kospeech.utils][INFO] - Audio is None : C:\Users\SSAFY\Desktop\Speech\KoreanSTT\dataset\kspon\data\4/4_4654.wav
[2023-03-21 14:06:30,508][kospeech.utils][INFO] - Audio is None : C:\Users\SSAFY\Desktop\Speech\KoreanSTT\dataset\kspon\data\4/4_2770.wav
[2023-03-21 14:06:30,515][kospeech.utils][INFO] - Audio is None : C:\Users\SSAFY\Desktop\Speech\KoreanSTT\dataset\kspon\data\3/3_2203.wav
[2023-03-21 14:06:30,516][kospeech.utils][INFO] - Audio is None : C:\Users\SSAFY\Desktop\Speech\KoreanSTT\dataset\kspon\data\3/3_0874.wav
[2023-03-21 14:06:30,517][kospeech.utils][INFO] - Audio is None : C:\Users\SSAFY\Desktop\Speech\KoreanSTT\dataset\kspon\data\4/4_0503.wav
[2023-03-21 14:06:30,517][kospeech.utils][INFO] - Audio is None : C:\Users\SSAFY\Desktop\Speech\KoreanSTT\dataset\kspon\data\4/4_1460.wav
[2023-03-21 14:06:30,526][kospeech.utils][INFO] - Audio is None : C:\Users\SSAFY\Desktop\Speech\KoreanSTT\dataset\kspon\data\4/4_0431.wav
[2023-03-21 14:06:30,526][kospeech.utils][INFO] - Audio is None : C:\Users\SSAFY\Desktop\Speech\KoreanSTT\dataset\kspon\data\1/1_0174.wav
[2023-03-21 14:06:30,527][kospeech.utils][INFO] - Audio is None : C:\Users\SSAFY\Desktop\Speech\KoreanSTT\dataset\kspon\data\3/3_3966.wav
[2023-03-21 14:06:30,528][kospeech.utils][INFO] - Audio is None : C:\Users\SSAFY\Desktop\Speech\KoreanSTT\dataset\kspon\data\4/4_0774.wav
[2023-03-21 14:06:30,534][kospeech.utils][INFO] - Audio is None : C:\Users\SSAFY\Desktop\Speech\KoreanSTT\dataset\kspon\data\3/3_0522.wav
[2023-03-21 14:06:30,535][kospeech.utils][INFO] - Audio is None : C:\Users\SSAFY\Desktop\Speech\KoreanSTT\dataset\kspon\data\3/3_1072.wav
[2023-03-21 14:06:30,536][kospeech.utils][INFO] - Audio is None : C:\Users\SSAFY\Desktop\Speech\KoreanSTT\dataset\kspon\data\3/3_0710.wav
[2023-03-21 14:06:30,537][kospeech.utils][INFO] - Audio is None : C:\Users\SSAFY\Desktop\Speech\KoreanSTT\dataset\kspon\data\3/3_2841.wav
[2023-03-21 14:06:30,545][kospeech.utils][INFO] - Audio is None : C:\Users\SSAFY\Desktop\Speech\KoreanSTT\dataset\kspon\data\3/3_3029.wav
[2023-03-21 14:06:30,545][kospeech.utils][INFO] - Audio is None : C:\Users\SSAFY\Desktop\Speech\KoreanSTT\dataset\kspon\data\4/4_4401.wav
[2023-03-21 14:06:30,547][kospeech.utils][INFO] - Audio is None : C:\Users\SSAFY\Desktop\Speech\KoreanSTT\dataset\kspon\data\3/3_2447.wav
[2023-03-21 14:06:30,547][kospeech.utils][INFO] - Audio is None : C:\Users\SSAFY\Desktop\Speech\KoreanSTT\dataset\kspon\data\2/2_0643.wav
[2023-03-21 14:06:30,553][kospeech.utils][INFO] - Audio is None : C:\Users\SSAFY\Desktop\Speech\KoreanSTT\dataset\kspon\data\2/2_0065.wav
[2023-03-21 14:06:30,554][kospeech.utils][INFO] - Audio is None : C:\Users\SSAFY\Desktop\Speech\KoreanSTT\dataset\kspon\data\3/3_1781.wav
[2023-03-21 14:06:30,556][kospeech.utils][INFO] - Audio is None : C:\Users\SSAFY\Desktop\Speech\KoreanSTT\dataset\kspon\data\4/4_1724.wav
[2023-03-21 14:06:30,557][kospeech.utils][INFO] - Audio is None : C:\Users\SSAFY\Desktop\Speech\KoreanSTT\dataset\kspon\data\4/4_4260.wav
[2023-03-21 14:06:30,563][kospeech.utils][INFO] - Audio is None : C:\Users\SSAFY\Desktop\Speech\KoreanSTT\dataset\kspon\data\4/4_3777.wav
[2023-03-21 14:06:30,564][kospeech.utils][INFO] - Audio is None : C:\Users\SSAFY\Desktop\Speech\KoreanSTT\dataset\kspon\data\4/4_4277.wav
[2023-03-21 14:06:30,565][kospeech.utils][INFO] - Audio is None : C:\Users\SSAFY\Desktop\Speech\KoreanSTT\dataset\kspon\data\3/3_2886.wav
[2023-03-21 14:06:30,566][kospeech.utils][INFO] - Audio is None : C:\Users\SSAFY\Desktop\Speech\KoreanSTT\dataset\kspon\data\3/3_1292.wav
[2023-03-21 14:06:30,572][kospeech.utils][INFO] - Audio is None : C:\Users\SSAFY\Desktop\Speech\KoreanSTT\dataset\kspon\data\3/3_3953.wav
[2023-03-21 14:06:30,574][kospeech.utils][INFO] - Audio is None : C:\Users\SSAFY\Desktop\Speech\KoreanSTT\dataset\kspon\data\3/3_2306.wav
[2023-03-21 14:06:30,576][kospeech.utils][INFO] - Audio is None : C:\Users\SSAFY\Desktop\Speech\KoreanSTT\dataset\kspon\data\4/4_4283.wav
[2023-03-21 14:06:30,576][kospeech.utils][INFO] - Audio is None : C:\Users\SSAFY\Desktop\Speech\KoreanSTT\dataset\kspon\data\4/4_0019.wav
[2023-03-21 14:06:30,581][kospeech.utils][INFO] - Audio is None : C:\Users\SSAFY\Desktop\Speech\KoreanSTT\dataset\kspon\data\3/3_0543.wav
[2023-03-21 14:06:30,583][kospeech.utils][INFO] - Audio is None : C:\Users\SSAFY\Desktop\Speech\KoreanSTT\dataset\kspon\data\4/4_0158.wav
[2023-03-21 14:06:30,586][kospeech.utils][INFO] - Audio is None : C:\Users\SSAFY\Desktop\Speech\KoreanSTT\dataset\kspon\data\2/2_0723.wav
[2023-03-21 14:06:30,586][kospeech.utils][INFO] - Audio is None : C:\Users\SSAFY\Desktop\Speech\KoreanSTT\dataset\kspon\data\3/3_1277.wav
[2023-03-21 14:06:30,592][kospeech.utils][INFO] - Audio is None : C:\Users\SSAFY\Desktop\Speech\KoreanSTT\dataset\kspon\data\3/3_3345.wav
[2023-03-21 14:06:30,594][kospeech.utils][INFO] - Audio is None : C:\Users\SSAFY\Desktop\Speech\KoreanSTT\dataset\kspon\data\3/3_1210.wav
[2023-03-21 14:06:30,596][kospeech.utils][INFO] - Audio is None : C:\Users\SSAFY\Desktop\Speech\KoreanSTT\dataset\kspon\data\3/3_2146.wav
[2023-03-21 14:06:30,598][kospeech.utils][INFO] - Audio is None : C:\Users\SSAFY\Desktop\Speech\KoreanSTT\dataset\kspon\data\4/4_0156.wav
[2023-03-21 14:06:30,601][kospeech.utils][INFO] - Audio is None : C:\Users\SSAFY\Desktop\Speech\KoreanSTT\dataset\kspon\data\4/4_2280.wav
[2023-03-21 14:06:30,602][kospeech.utils][INFO] - Audio is None : C:\Users\SSAFY\Desktop\Speech\KoreanSTT\dataset\kspon\data\4/4_3197.wav
[2023-03-21 14:06:30,606][kospeech.utils][INFO] - Audio is None : C:\Users\SSAFY\Desktop\Speech\KoreanSTT\dataset\kspon\data\4/4_1973.wav
[2023-03-21 14:06:30,607][kospeech.utils][INFO] - Audio is None : C:\Users\SSAFY\Desktop\Speech\KoreanSTT\dataset\kspon\data\2/2_0094.wav
[2023-03-21 14:06:30,610][kospeech.utils][INFO] - Audio is None : C:\Users\SSAFY\Desktop\Speech\KoreanSTT\dataset\kspon\data\3/3_3236.wav
[2023-03-21 14:06:30,612][kospeech.utils][INFO] - Audio is None : C:\Users\SSAFY\Desktop\Speech\KoreanSTT\dataset\kspon\data\3/3_4598.wav
[2023-03-21 14:06:30,615][kospeech.utils][INFO] - Audio is None : C:\Users\SSAFY\Desktop\Speech\KoreanSTT\dataset\kspon\data\3/3_0764.wav
[2023-03-21 14:06:30,616][kospeech.utils][INFO] - Audio is None : C:\Users\SSAFY\Desktop\Speech\KoreanSTT\dataset\kspon\data\4/4_0238.wav
[2023-03-21 14:06:30,620][kospeech.utils][INFO] - Audio is None : C:\Users\SSAFY\Desktop\Speech\KoreanSTT\dataset\kspon\data\4/4_1907.wav
[2023-03-21 14:06:30,621][kospeech.utils][INFO] - Audio is None : C:\Users\SSAFY\Desktop\Speech\KoreanSTT\dataset\kspon\data\3/3_3626.wav
[2023-03-21 14:06:30,625][kospeech.utils][INFO] - Audio is None : C:\Users\SSAFY\Desktop\Speech\KoreanSTT\dataset\kspon\data\1/1_0233.wav
[2023-03-21 14:06:30,625][kospeech.utils][INFO] - Audio is None : C:\Users\SSAFY\Desktop\Speech\KoreanSTT\dataset\kspon\data\3/3_2425.wav
[2023-03-21 14:06:30,628][kospeech.utils][INFO] - Audio is None : C:\Users\SSAFY\Desktop\Speech\KoreanSTT\dataset\kspon\data\3/3_3752.wav
[2023-03-21 14:06:30,630][kospeech.utils][INFO] - Audio is None : C:\Users\SSAFY\Desktop\Speech\KoreanSTT\dataset\kspon\data\3/3_1679.wav
[2023-03-21 14:06:30,634][kospeech.utils][INFO] - Audio is None : C:\Users\SSAFY\Desktop\Speech\KoreanSTT\dataset\kspon\data\4/4_2694.wav
[2023-03-21 14:06:30,635][kospeech.utils][INFO] - Audio is None : C:\Users\SSAFY\Desktop\Speech\KoreanSTT\dataset\kspon\data\3/3_3996.wav
[2023-03-21 14:06:30,637][kospeech.utils][INFO] - Audio is None : C:\Users\SSAFY\Desktop\Speech\KoreanSTT\dataset\kspon\data\3/3_4125.wav
[2023-03-21 14:06:30,640][kospeech.utils][INFO] - Audio is None : C:\Users\SSAFY\Desktop\Speech\KoreanSTT\dataset\kspon\data\3/3_1198.wav
[2023-03-21 14:06:30,645][kospeech.utils][INFO] - Audio is None : C:\Users\SSAFY\Desktop\Speech\KoreanSTT\dataset\kspon\data\2/2_0031.wav
[2023-03-21 14:06:30,645][kospeech.utils][INFO] - Audio is None : C:\Users\SSAFY\Desktop\Speech\KoreanSTT\dataset\kspon\data\2/2_0713.wav
[2023-03-21 14:06:30,646][kospeech.utils][INFO] - Audio is None : C:\Users\SSAFY\Desktop\Speech\KoreanSTT\dataset\kspon\data\4/4_3588.wav
[2023-03-21 14:06:30,648][kospeech.utils][INFO] - Audio is None : C:\Users\SSAFY\Desktop\Speech\KoreanSTT\dataset\kspon\data\3/3_0526.wav
[2023-03-21 14:06:30,654][kospeech.utils][INFO] - Audio is None : C:\Users\SSAFY\Desktop\Speech\KoreanSTT\dataset\kspon\data\3/3_3520.wav
[2023-03-21 14:06:30,655][kospeech.utils][INFO] - Audio is None : C:\Users\SSAFY\Desktop\Speech\KoreanSTT\dataset\kspon\data\3/3_3721.wav
[2023-03-21 14:06:30,656][kospeech.utils][INFO] - Audio is None : C:\Users\SSAFY\Desktop\Speech\KoreanSTT\dataset\kspon\data\3/3_1132.wav
[2023-03-21 14:06:30,657][kospeech.utils][INFO] - Audio is None : C:\Users\SSAFY\Desktop\Speech\KoreanSTT\dataset\kspon\data\2/2_0154.wav
[2023-03-21 14:06:30,663][kospeech.utils][INFO] - Audio is None : C:\Users\SSAFY\Desktop\Speech\KoreanSTT\dataset\kspon\data\4/4_4711.wav
[2023-03-21 14:06:30,663][kospeech.utils][INFO] - Audio is None : C:\Users\SSAFY\Desktop\Speech\KoreanSTT\dataset\kspon\data\4/4_0826.wav
[2023-03-21 14:06:30,664][kospeech.utils][INFO] - Audio is None : C:\Users\SSAFY\Desktop\Speech\KoreanSTT\dataset\kspon\data\2/2_0111.wav
[2023-03-21 14:06:30,666][kospeech.utils][INFO] - Audio is None : C:\Users\SSAFY\Desktop\Speech\KoreanSTT\dataset\kspon\data\4/4_2426.wav
[2023-03-21 14:06:30,672][kospeech.utils][INFO] - Audio is None : C:\Users\SSAFY\Desktop\Speech\KoreanSTT\dataset\kspon\data\4/4_1063.wav
[2023-03-21 14:06:30,672][kospeech.utils][INFO] - Audio is None : C:\Users\SSAFY\Desktop\Speech\KoreanSTT\dataset\kspon\data\4/4_0268.wav
[2023-03-21 14:06:30,673][kospeech.utils][INFO] - Audio is None : C:\Users\SSAFY\Desktop\Speech\KoreanSTT\dataset\kspon\data\4/4_4393.wav
[2023-03-21 14:06:31,144][kospeech.utils][INFO] - save checkpoints
C:\Users\SSAFY\Desktop\Speech\KoreanSTT\outputs\2023-03-21\14-06-29\2023_03_21_14_06_30-trainer_states.pt
C:\Users\SSAFY\Desktop\Speech\KoreanSTT\outputs\2023-03-21\14-06-29\2023_03_21_14_06_30-model.pt
[2023-03-21 14:06:31,144][kospeech.utils][INFO] - train() completed
[2023-03-21 14:06:31,145][kospeech.utils][INFO] - 0
