[2023-03-22 14:00:58,473][kospeech.utils][INFO] - audio:
  audio_extension: wav
  sample_rate: 16000
  frame_length: 20
  frame_shift: 10
  normalize: true
  del_silence: true
  feature_extract_by: kaldi
  time_mask_num: 4
  freq_mask_num: 2
  spec_augment: true
  input_reverse: false
  transform_method: fbank
  n_mels: 80
  freq_mask_para: 18
model:
  architecture: deepspeech2
  teacher_forcing_ratio: 1.0
  teacher_forcing_step: 0.0
  min_teacher_forcing_ratio: 1.0
  dropout: 0.3
  bidirectional: false
  joint_ctc_attention: false
  max_len: 400
  use_bidirectional: true
  rnn_type: gru
  hidden_dim: 1024
  activation: hardtanh
  num_encoder_layers: 3
train:
  dataset: kspon
  dataset_path: ../../../dataset/kspondata/kss
  transcripts_path: ../../../transcripts.txt
  output_unit: character
  batch_size: 32
  save_result_every: 100
  checkpoint_every: 100
  print_every: 10
  mode: train
  num_workers: 8
  use_cuda: true
  num_threads: 2
  init_lr_scale: 0.01
  final_lr_scale: 0.05
  max_grad_norm: 400
  weight_decay: 1.0e-05
  total_steps: 200000
  seed: 777
  resume: false
  optimizer: adam
  init_lr: 1.0e-06
  final_lr: 1.0e-06
  peak_lr: 0.0001
  warmup_steps: 400
  num_epochs: 8
  reduction: mean
  lr_scheduler: tri_stage_lr_scheduler

[2023-03-22 14:00:58,514][kospeech.utils][INFO] - Operating System : Windows 10
[2023-03-22 14:00:58,515][kospeech.utils][INFO] - Processor : Intel64 Family 6 Model 158 Stepping 10, GenuineIntel
[2023-03-22 14:00:58,516][kospeech.utils][INFO] - device : NVIDIA GeForce RTX 2060
[2023-03-22 14:00:58,516][kospeech.utils][INFO] - CUDA is available : True
[2023-03-22 14:00:58,516][kospeech.utils][INFO] - CUDA version : 11.8
[2023-03-22 14:00:58,517][kospeech.utils][INFO] - PyTorch version : 2.0.0+cu118
[2023-03-22 14:00:58,561][kospeech.utils][INFO] - split dataset start !!
[2023-03-22 14:00:58,738][kospeech.utils][INFO] - Applying Spec Augmentation...
[2023-03-22 14:00:58,740][kospeech.utils][INFO] - split dataset complete !!
[2023-03-22 14:01:01,241][kospeech.utils][INFO] - start
[2023-03-22 14:01:01,241][kospeech.utils][INFO] - Epoch 0 start
[2023-03-22 14:01:01,282][kospeech.utils][INFO] - Audio is None : ../../../dataset/kspondata/kss/4/4_0807.wav
[2023-03-22 14:01:01,283][kospeech.utils][INFO] - Audio is None : ../../../dataset/kspondata/kss/4/4_2040.wav
[2023-03-22 14:01:01,285][kospeech.utils][INFO] - Audio is None : ../../../dataset/kspondata/kss/3/3_1496.wav
[2023-03-22 14:01:01,285][kospeech.utils][INFO] - Audio is None : ../../../dataset/kspondata/kss/3/3_4707.wav
[2023-03-22 14:01:01,287][kospeech.utils][INFO] - Audio is None : ../../../dataset/kspondata/kss/3/3_1664.wav
[2023-03-22 14:01:01,293][kospeech.utils][INFO] - Audio is None : ../../../dataset/kspondata/kss/4/4_3090.wav
[2023-03-22 14:01:01,296][kospeech.utils][INFO] - Audio is None : ../../../dataset/kspondata/kss/1/1_0729.wav
[2023-03-22 14:01:01,297][kospeech.utils][INFO] - Audio is None : ../../../dataset/kspondata/kss/3/3_3697.wav
[2023-03-22 14:01:01,306][kospeech.utils][INFO] - Audio is None : ../../../dataset/kspondata/kss/3/3_3051.wav
[2023-03-22 14:01:01,309][kospeech.utils][INFO] - Audio is None : ../../../dataset/kspondata/kss/4/4_3016.wav
[2023-03-22 14:01:01,312][kospeech.utils][INFO] - Audio is None : ../../../dataset/kspondata/kss/3/3_1401.wav
[2023-03-22 14:01:01,313][kospeech.utils][INFO] - Audio is None : ../../../dataset/kspondata/kss/3/3_4367.wav
[2023-03-22 14:01:01,314][kospeech.utils][INFO] - Audio is None : ../../../dataset/kspondata/kss/3/3_4310.wav
[2023-03-22 14:01:01,319][kospeech.utils][INFO] - Audio is None : ../../../dataset/kspondata/kss/1/1_0317.wav
[2023-03-22 14:01:01,321][kospeech.utils][INFO] - Audio is None : ../../../dataset/kspondata/kss/2/2_0233.wav
[2023-03-22 14:01:01,323][kospeech.utils][INFO] - Audio is None : ../../../dataset/kspondata/kss/2/2_0061.wav
[2023-03-22 14:01:01,327][kospeech.utils][INFO] - Audio is None : ../../../dataset/kspondata/kss/4/4_4314.wav
[2023-03-22 14:01:01,333][kospeech.utils][INFO] - Audio is None : ../../../dataset/kspondata/kss/3/3_1825.wav
[2023-03-22 14:01:01,338][kospeech.utils][INFO] - Audio is None : ../../../dataset/kspondata/kss/4/4_3566.wav
[2023-03-22 14:01:01,340][kospeech.utils][INFO] - Audio is None : ../../../dataset/kspondata/kss/3/3_1803.wav
[2023-03-22 14:01:01,345][kospeech.utils][INFO] - Audio is None : ../../../dataset/kspondata/kss/3/3_3364.wav
[2023-03-22 14:01:01,346][kospeech.utils][INFO] - Audio is None : ../../../dataset/kspondata/kss/4/4_4298.wav
[2023-03-22 14:01:01,351][kospeech.utils][INFO] - Audio is None : ../../../dataset/kspondata/kss/3/3_1755.wav
[2023-03-22 14:01:01,352][kospeech.utils][INFO] - Audio is None : ../../../dataset/kspondata/kss/3/3_0025.wav
[2023-03-22 14:01:01,352][kospeech.utils][INFO] - Audio is None : ../../../dataset/kspondata/kss/3/3_4492.wav
[2023-03-22 14:01:01,354][kospeech.utils][INFO] - Audio is None : ../../../dataset/kspondata/kss/3/3_2113.wav
[2023-03-22 14:01:01,359][kospeech.utils][INFO] - Audio is None : ../../../dataset/kspondata/kss/3/3_4776.wav
[2023-03-22 14:01:01,362][kospeech.utils][INFO] - Audio is None : ../../../dataset/kspondata/kss/3/3_3107.wav
[2023-03-22 14:01:01,368][kospeech.utils][INFO] - Audio is None : ../../../dataset/kspondata/kss/4/4_1280.wav
[2023-03-22 14:01:01,370][kospeech.utils][INFO] - Audio is None : ../../../dataset/kspondata/kss/4/4_0693.wav
[2023-03-22 14:01:01,372][kospeech.utils][INFO] - Audio is None : ../../../dataset/kspondata/kss/4/4_3502.wav
[2023-03-22 14:01:01,376][kospeech.utils][INFO] - Audio is None : ../../../dataset/kspondata/kss/4/4_1677.wav
[2023-03-22 14:01:01,380][kospeech.utils][INFO] - Audio is None : ../../../dataset/kspondata/kss/4/4_2351.wav
[2023-03-22 14:01:01,382][kospeech.utils][INFO] - Audio is None : ../../../dataset/kspondata/kss/3/3_0443.wav
[2023-03-22 14:01:01,385][kospeech.utils][INFO] - Audio is None : ../../../dataset/kspondata/kss/3/3_0650.wav
[2023-03-22 14:01:01,386][kospeech.utils][INFO] - Audio is None : ../../../dataset/kspondata/kss/3/3_2386.wav
[2023-03-22 14:01:01,394][kospeech.utils][INFO] - Audio is None : ../../../dataset/kspondata/kss/3/3_0369.wav
[2023-03-22 14:01:01,395][kospeech.utils][INFO] - Audio is None : ../../../dataset/kspondata/kss/1/1_0319.wav
[2023-03-22 14:01:01,397][kospeech.utils][INFO] - Audio is None : ../../../dataset/kspondata/kss/4/4_2984.wav
[2023-03-22 14:01:01,401][kospeech.utils][INFO] - Audio is None : ../../../dataset/kspondata/kss/4/4_0534.wav
[2023-03-22 14:01:01,403][kospeech.utils][INFO] - Audio is None : ../../../dataset/kspondata/kss/3/3_0931.wav
[2023-03-22 14:01:01,408][kospeech.utils][INFO] - Audio is None : ../../../dataset/kspondata/kss/2/2_0704.wav
[2023-03-22 14:01:01,412][kospeech.utils][INFO] - Audio is None : ../../../dataset/kspondata/kss/3/3_0390.wav
[2023-03-22 14:01:01,414][kospeech.utils][INFO] - Audio is None : ../../../dataset/kspondata/kss/4/4_4362.wav
[2023-03-22 14:01:01,420][kospeech.utils][INFO] - Audio is None : ../../../dataset/kspondata/kss/1/1_0065.wav
[2023-03-22 14:01:01,422][kospeech.utils][INFO] - Audio is None : ../../../dataset/kspondata/kss/3/3_3968.wav
[2023-03-22 14:01:01,427][kospeech.utils][INFO] - Audio is None : ../../../dataset/kspondata/kss/3/3_1691.wav
[2023-03-22 14:01:01,428][kospeech.utils][INFO] - Audio is None : ../../../dataset/kspondata/kss/4/4_2237.wav
[2023-03-22 14:01:01,429][kospeech.utils][INFO] - Audio is None : ../../../dataset/kspondata/kss/3/3_1270.wav
[2023-03-22 14:01:01,434][kospeech.utils][INFO] - Audio is None : ../../../dataset/kspondata/kss/4/4_3847.wav
[2023-03-22 14:01:01,437][kospeech.utils][INFO] - Audio is None : ../../../dataset/kspondata/kss/3/3_0084.wav
[2023-03-22 14:01:01,439][kospeech.utils][INFO] - Audio is None : ../../../dataset/kspondata/kss/4/4_2698.wav
[2023-03-22 14:01:01,444][kospeech.utils][INFO] - Audio is None : ../../../dataset/kspondata/kss/3/3_4602.wav
[2023-03-22 14:01:01,448][kospeech.utils][INFO] - Audio is None : ../../../dataset/kspondata/kss/4/4_0713.wav
[2023-03-22 14:01:01,451][kospeech.utils][INFO] - Audio is None : ../../../dataset/kspondata/kss/2/2_0315.wav
[2023-03-22 14:01:01,455][kospeech.utils][INFO] - Audio is None : ../../../dataset/kspondata/kss/3/3_4356.wav
[2023-03-22 14:01:01,460][kospeech.utils][INFO] - Audio is None : ../../../dataset/kspondata/kss/3/3_2461.wav
[2023-03-22 14:01:01,461][kospeech.utils][INFO] - Audio is None : ../../../dataset/kspondata/kss/4/4_2451.wav
[2023-03-22 14:01:01,462][kospeech.utils][INFO] - Audio is None : ../../../dataset/kspondata/kss/4/4_1938.wav
[2023-03-22 14:01:01,463][kospeech.utils][INFO] - Audio is None : ../../../dataset/kspondata/kss/3/3_0202.wav
[2023-03-22 14:01:01,466][kospeech.utils][INFO] - Audio is None : ../../../dataset/kspondata/kss/3/3_3377.wav
[2023-03-22 14:01:01,470][kospeech.utils][INFO] - Audio is None : ../../../dataset/kspondata/kss/4/4_1809.wav
[2023-03-22 14:01:01,472][kospeech.utils][INFO] - Audio is None : ../../../dataset/kspondata/kss/4/4_4565.wav
[2023-03-22 14:01:01,478][kospeech.utils][INFO] - Audio is None : ../../../dataset/kspondata/kss/4/4_4201.wav
[2023-03-22 14:01:01,483][kospeech.utils][INFO] - Audio is None : ../../../dataset/kspondata/kss/3/3_1497.wav
[2023-03-22 14:01:01,484][kospeech.utils][INFO] - Audio is None : ../../../dataset/kspondata/kss/3/3_0340.wav
[2023-03-22 14:01:01,485][kospeech.utils][INFO] - Audio is None : ../../../dataset/kspondata/kss/1/1_0445.wav
[2023-03-22 14:01:01,486][kospeech.utils][INFO] - Audio is None : ../../../dataset/kspondata/kss/4/4_0655.wav
[2023-03-22 14:01:01,492][kospeech.utils][INFO] - Audio is None : ../../../dataset/kspondata/kss/3/3_0618.wav
[2023-03-22 14:01:01,494][kospeech.utils][INFO] - Audio is None : ../../../dataset/kspondata/kss/3/3_3291.wav
[2023-03-22 14:01:01,496][kospeech.utils][INFO] - Audio is None : ../../../dataset/kspondata/kss/3/3_2524.wav
[2023-03-22 14:01:01,498][kospeech.utils][INFO] - Audio is None : ../../../dataset/kspondata/kss/4/4_2135.wav
[2023-03-22 14:01:01,505][kospeech.utils][INFO] - Audio is None : ../../../dataset/kspondata/kss/1/1_0809.wav
[2023-03-22 14:01:01,508][kospeech.utils][INFO] - Audio is None : ../../../dataset/kspondata/kss/4/4_1177.wav
[2023-03-22 14:01:01,510][kospeech.utils][INFO] - Audio is None : ../../../dataset/kspondata/kss/3/3_0466.wav
[2023-03-22 14:01:01,510][kospeech.utils][INFO] - Audio is None : ../../../dataset/kspondata/kss/4/4_1631.wav
[2023-03-22 14:01:01,514][kospeech.utils][INFO] - Audio is None : ../../../dataset/kspondata/kss/3/3_4302.wav
[2023-03-22 14:01:01,520][kospeech.utils][INFO] - Audio is None : ../../../dataset/kspondata/kss/4/4_2203.wav
[2023-03-22 14:01:01,521][kospeech.utils][INFO] - Audio is None : ../../../dataset/kspondata/kss/4/4_0751.wav
[2023-03-22 14:01:01,523][kospeech.utils][INFO] - Audio is None : ../../../dataset/kspondata/kss/4/4_0417.wav
[2023-03-22 14:01:01,527][kospeech.utils][INFO] - Audio is None : ../../../dataset/kspondata/kss/4/4_1122.wav
[2023-03-22 14:01:01,532][kospeech.utils][INFO] - Audio is None : ../../../dataset/kspondata/kss/3/3_0068.wav
[2023-03-22 14:01:01,534][kospeech.utils][INFO] - Audio is None : ../../../dataset/kspondata/kss/3/3_3333.wav
[2023-03-22 14:01:01,534][kospeech.utils][INFO] - Audio is None : ../../../dataset/kspondata/kss/2/2_0151.wav
[2023-03-22 14:01:01,536][kospeech.utils][INFO] - Audio is None : ../../../dataset/kspondata/kss/4/4_4294.wav
[2023-03-22 14:01:01,541][kospeech.utils][INFO] - Audio is None : ../../../dataset/kspondata/kss/3/3_0262.wav
[2023-03-22 14:01:01,545][kospeech.utils][INFO] - Audio is None : ../../../dataset/kspondata/kss/1/1_0115.wav
[2023-03-22 14:01:01,549][kospeech.utils][INFO] - Audio is None : ../../../dataset/kspondata/kss/1/1_0108.wav
[2023-03-22 14:01:01,551][kospeech.utils][INFO] - Audio is None : ../../../dataset/kspondata/kss/3/3_2551.wav
[2023-03-22 14:01:01,554][kospeech.utils][INFO] - Audio is None : ../../../dataset/kspondata/kss/2/2_0873.wav
[2023-03-22 14:01:01,556][kospeech.utils][INFO] - Audio is None : ../../../dataset/kspondata/kss/4/4_4021.wav
[2023-03-22 14:01:01,560][kospeech.utils][INFO] - Audio is None : ../../../dataset/kspondata/kss/3/3_4450.wav
[2023-03-22 14:01:01,563][kospeech.utils][INFO] - Audio is None : ../../../dataset/kspondata/kss/4/4_2484.wav
[2023-03-22 14:01:01,564][kospeech.utils][INFO] - Audio is None : ../../../dataset/kspondata/kss/4/4_3303.wav
[2023-03-22 14:01:01,566][kospeech.utils][INFO] - Audio is None : ../../../dataset/kspondata/kss/3/3_2746.wav
[2023-03-22 14:01:01,570][kospeech.utils][INFO] - Audio is None : ../../../dataset/kspondata/kss/4/4_3663.wav
[2023-03-22 14:01:01,572][kospeech.utils][INFO] - Audio is None : ../../../dataset/kspondata/kss/4/4_4447.wav
[2023-03-22 14:01:01,576][kospeech.utils][INFO] - Audio is None : ../../../dataset/kspondata/kss/3/3_0482.wav
[2023-03-22 14:01:01,584][kospeech.utils][INFO] - Audio is None : ../../../dataset/kspondata/kss/3/3_2647.wav
[2023-03-22 14:01:01,587][kospeech.utils][INFO] - Audio is None : ../../../dataset/kspondata/kss/3/3_3117.wav
[2023-03-22 14:01:01,599][kospeech.utils][INFO] - Audio is None : ../../../dataset/kspondata/kss/3/3_3160.wav
[2023-03-22 14:01:01,604][kospeech.utils][INFO] - Audio is None : ../../../dataset/kspondata/kss/3/3_1082.wav
[2023-03-22 14:01:01,608][kospeech.utils][INFO] - Audio is None : ../../../dataset/kspondata/kss/3/3_1253.wav
[2023-03-22 14:01:01,613][kospeech.utils][INFO] - Audio is None : ../../../dataset/kspondata/kss/1/1_0855.wav
[2023-03-22 14:01:01,615][kospeech.utils][INFO] - Audio is None : ../../../dataset/kspondata/kss/3/3_2616.wav
[2023-03-22 14:01:01,619][kospeech.utils][INFO] - Audio is None : ../../../dataset/kspondata/kss/1/1_0413.wav
[2023-03-22 14:01:01,619][kospeech.utils][INFO] - Audio is None : ../../../dataset/kspondata/kss/3/3_2387.wav
[2023-03-22 14:01:01,621][kospeech.utils][INFO] - Audio is None : ../../../dataset/kspondata/kss/3/3_0528.wav
[2023-03-22 14:01:01,622][kospeech.utils][INFO] - Audio is None : ../../../dataset/kspondata/kss/1/1_0460.wav
[2023-03-22 14:01:01,627][kospeech.utils][INFO] - Audio is None : ../../../dataset/kspondata/kss/4/4_4163.wav
[2023-03-22 14:01:01,634][kospeech.utils][INFO] - Audio is None : ../../../dataset/kspondata/kss/2/2_0976.wav
[2023-03-22 14:01:01,638][kospeech.utils][INFO] - Audio is None : ../../../dataset/kspondata/kss/3/3_0227.wav
[2023-03-22 14:01:01,639][kospeech.utils][INFO] - Audio is None : ../../../dataset/kspondata/kss/3/3_1649.wav
[2023-03-22 14:01:01,645][kospeech.utils][INFO] - Audio is None : ../../../dataset/kspondata/kss/1/1_0696.wav
[2023-03-22 14:01:01,648][kospeech.utils][INFO] - Audio is None : ../../../dataset/kspondata/kss/3/3_4029.wav
[2023-03-22 14:01:01,649][kospeech.utils][INFO] - Audio is None : ../../../dataset/kspondata/kss/2/2_0728.wav
[2023-03-22 14:01:01,652][kospeech.utils][INFO] - Audio is None : ../../../dataset/kspondata/kss/4/4_4650.wav
[2023-03-22 14:01:01,654][kospeech.utils][INFO] - Audio is None : ../../../dataset/kspondata/kss/4/4_3053.wav
[2023-03-22 14:01:01,657][kospeech.utils][INFO] - Audio is None : ../../../dataset/kspondata/kss/3/3_3600.wav
[2023-03-22 14:01:01,660][kospeech.utils][INFO] - Audio is None : ../../../dataset/kspondata/kss/4/4_0971.wav
[2023-03-22 14:01:01,662][kospeech.utils][INFO] - Audio is None : ../../../dataset/kspondata/kss/3/3_1354.wav
[2023-03-22 14:01:01,667][kospeech.utils][INFO] - Audio is None : ../../../dataset/kspondata/kss/1/1_0356.wav
[2023-03-22 14:01:01,674][kospeech.utils][INFO] - Audio is None : ../../../dataset/kspondata/kss/2/2_0914.wav
[2023-03-22 14:01:01,675][kospeech.utils][INFO] - Audio is None : ../../../dataset/kspondata/kss/3/3_1380.wav
[2023-03-22 14:01:01,679][kospeech.utils][INFO] - Audio is None : ../../../dataset/kspondata/kss/4/4_3917.wav
[2023-03-22 14:01:01,680][kospeech.utils][INFO] - Audio is None : ../../../dataset/kspondata/kss/3/3_0965.wav
[2023-03-22 14:01:01,682][kospeech.utils][INFO] - Audio is None : ../../../dataset/kspondata/kss/3/3_0196.wav
[2023-03-22 14:01:01,684][kospeech.utils][INFO] - Audio is None : ../../../dataset/kspondata/kss/3/3_1297.wav
[2023-03-22 14:01:01,686][kospeech.utils][INFO] - Audio is None : ../../../dataset/kspondata/kss/3/3_3233.wav
[2023-03-22 14:01:01,688][kospeech.utils][INFO] - Audio is None : ../../../dataset/kspondata/kss/3/3_3919.wav
[2023-03-22 14:01:01,696][kospeech.utils][INFO] - Audio is None : ../../../dataset/kspondata/kss/3/3_4201.wav
[2023-03-22 14:01:01,698][kospeech.utils][INFO] - Audio is None : ../../../dataset/kspondata/kss/1/1_0032.wav
[2023-03-22 14:01:01,700][kospeech.utils][INFO] - Audio is None : ../../../dataset/kspondata/kss/4/4_2321.wav
[2023-03-22 14:01:01,702][kospeech.utils][INFO] - Audio is None : ../../../dataset/kspondata/kss/3/3_0038.wav
[2023-03-22 14:01:01,704][kospeech.utils][INFO] - Audio is None : ../../../dataset/kspondata/kss/4/4_3084.wav
[2023-03-22 14:01:01,711][kospeech.utils][INFO] - Audio is None : ../../../dataset/kspondata/kss/3/3_0325.wav
[2023-03-22 14:01:01,712][kospeech.utils][INFO] - Audio is None : ../../../dataset/kspondata/kss/4/4_1299.wav
[2023-03-22 14:01:01,715][kospeech.utils][INFO] - Audio is None : ../../../dataset/kspondata/kss/4/4_0594.wav
[2023-03-22 14:01:01,719][kospeech.utils][INFO] - Audio is None : ../../../dataset/kspondata/kss/3/3_3134.wav
[2023-03-22 14:01:01,721][kospeech.utils][INFO] - Audio is None : ../../../dataset/kspondata/kss/3/3_1849.wav
[2023-03-22 14:01:01,724][kospeech.utils][INFO] - Audio is None : ../../../dataset/kspondata/kss/3/3_3068.wav
[2023-03-22 14:01:01,728][kospeech.utils][INFO] - Audio is None : ../../../dataset/kspondata/kss/4/4_4463.wav
[2023-03-22 14:01:01,731][kospeech.utils][INFO] - Audio is None : ../../../dataset/kspondata/kss/4/4_4067.wav
[2023-03-22 14:01:01,733][kospeech.utils][INFO] - Audio is None : ../../../dataset/kspondata/kss/1/1_0005.wav
[2023-03-22 14:01:01,737][kospeech.utils][INFO] - Audio is None : ../../../dataset/kspondata/kss/1/1_0272.wav
[2023-03-22 14:01:01,738][kospeech.utils][INFO] - Audio is None : ../../../dataset/kspondata/kss/1/1_0423.wav
[2023-03-22 14:01:01,743][kospeech.utils][INFO] - Audio is None : ../../../dataset/kspondata/kss/3/3_1036.wav
[2023-03-22 14:01:01,747][kospeech.utils][INFO] - Audio is None : ../../../dataset/kspondata/kss/4/4_0464.wav
[2023-03-22 14:01:01,750][kospeech.utils][INFO] - Audio is None : ../../../dataset/kspondata/kss/3/3_0222.wav
[2023-03-22 14:01:01,754][kospeech.utils][INFO] - Audio is None : ../../../dataset/kspondata/kss/4/4_4074.wav
[2023-03-22 14:01:01,757][kospeech.utils][INFO] - Audio is None : ../../../dataset/kspondata/kss/1/1_0063.wav
[2023-03-22 14:01:01,758][kospeech.utils][INFO] - Audio is None : ../../../dataset/kspondata/kss/3/3_3507.wav
[2023-03-22 14:01:01,761][kospeech.utils][INFO] - Audio is None : ../../../dataset/kspondata/kss/4/4_3522.wav
[2023-03-22 14:01:01,763][kospeech.utils][INFO] - Audio is None : ../../../dataset/kspondata/kss/2/2_0929.wav
[2023-03-22 14:01:01,766][kospeech.utils][INFO] - Audio is None : ../../../dataset/kspondata/kss/4/4_1513.wav
[2023-03-22 14:01:01,769][kospeech.utils][INFO] - Audio is None : ../../../dataset/kspondata/kss/4/4_1308.wav
[2023-03-22 14:01:01,773][kospeech.utils][INFO] - Audio is None : ../../../dataset/kspondata/kss/2/2_0426.wav
[2023-03-22 14:01:01,780][kospeech.utils][INFO] - Audio is None : ../../../dataset/kspondata/kss/1/1_0587.wav
[2023-03-22 14:01:01,782][kospeech.utils][INFO] - Audio is None : ../../../dataset/kspondata/kss/3/3_0047.wav
[2023-03-22 14:01:01,785][kospeech.utils][INFO] - Audio is None : ../../../dataset/kspondata/kss/4/4_4499.wav
[2023-03-22 14:01:01,788][kospeech.utils][INFO] - Audio is None : ../../../dataset/kspondata/kss/2/2_0447.wav
[2023-03-22 14:01:01,790][kospeech.utils][INFO] - Audio is None : ../../../dataset/kspondata/kss/3/3_2034.wav
[2023-03-22 14:01:01,793][kospeech.utils][INFO] - Audio is None : ../../../dataset/kspondata/kss/3/3_4134.wav
[2023-03-22 14:01:01,796][kospeech.utils][INFO] - Audio is None : ../../../dataset/kspondata/kss/4/4_1796.wav
[2023-03-22 14:01:01,798][kospeech.utils][INFO] - Audio is None : ../../../dataset/kspondata/kss/4/4_3161.wav
[2023-03-22 14:01:01,805][kospeech.utils][INFO] - Audio is None : ../../../dataset/kspondata/kss/3/3_4175.wav
[2023-03-22 14:01:01,807][kospeech.utils][INFO] - Audio is None : ../../../dataset/kspondata/kss/3/3_3302.wav
[2023-03-22 14:01:01,810][kospeech.utils][INFO] - Audio is None : ../../../dataset/kspondata/kss/2/2_1050.wav
[2023-03-22 14:01:01,812][kospeech.utils][INFO] - Audio is None : ../../../dataset/kspondata/kss/2/2_0372.wav
[2023-03-22 14:01:01,816][kospeech.utils][INFO] - Audio is None : ../../../dataset/kspondata/kss/4/4_3958.wav
[2023-03-22 14:01:01,819][kospeech.utils][INFO] - Audio is None : ../../../dataset/kspondata/kss/3/3_1488.wav
[2023-03-22 14:01:01,824][kospeech.utils][INFO] - Audio is None : ../../../dataset/kspondata/kss/3/3_2441.wav
[2023-03-22 14:01:01,826][kospeech.utils][INFO] - Audio is None : ../../../dataset/kspondata/kss/3/3_2067.wav
[2023-03-22 14:01:01,832][kospeech.utils][INFO] - Audio is None : ../../../dataset/kspondata/kss/4/4_2432.wav
[2023-03-22 14:01:01,834][kospeech.utils][INFO] - Audio is None : ../../../dataset/kspondata/kss/4/4_0643.wav
[2023-03-22 14:01:01,836][kospeech.utils][INFO] - Audio is None : ../../../dataset/kspondata/kss/2/2_0507.wav
[2023-03-22 14:01:01,838][kospeech.utils][INFO] - Audio is None : ../../../dataset/kspondata/kss/3/3_3568.wav
[2023-03-22 14:01:01,840][kospeech.utils][INFO] - Audio is None : ../../../dataset/kspondata/kss/3/3_2833.wav
[2023-03-22 14:01:01,843][kospeech.utils][INFO] - Audio is None : ../../../dataset/kspondata/kss/1/1_0324.wav
[2023-03-22 14:01:01,847][kospeech.utils][INFO] - Audio is None : ../../../dataset/kspondata/kss/3/3_2887.wav
[2023-03-22 14:01:01,849][kospeech.utils][INFO] - Audio is None : ../../../dataset/kspondata/kss/4/4_2360.wav
[2023-03-22 14:01:01,855][kospeech.utils][INFO] - Audio is None : ../../../dataset/kspondata/kss/4/4_1178.wav
[2023-03-22 14:01:01,859][kospeech.utils][INFO] - Audio is None : ../../../dataset/kspondata/kss/3/3_3417.wav
[2023-03-22 14:01:01,860][kospeech.utils][INFO] - Audio is None : ../../../dataset/kspondata/kss/3/3_3127.wav
[2023-03-22 14:01:01,863][kospeech.utils][INFO] - Audio is None : ../../../dataset/kspondata/kss/4/4_3823.wav
[2023-03-22 14:01:01,867][kospeech.utils][INFO] - Audio is None : ../../../dataset/kspondata/kss/3/3_3528.wav
[2023-03-22 14:01:01,868][kospeech.utils][INFO] - Audio is None : ../../../dataset/kspondata/kss/3/3_0949.wav
[2023-03-22 14:01:01,869][kospeech.utils][INFO] - Audio is None : ../../../dataset/kspondata/kss/3/3_0376.wav
[2023-03-22 14:01:01,873][kospeech.utils][INFO] - Audio is None : ../../../dataset/kspondata/kss/3/3_4788.wav
[2023-03-22 14:01:01,877][kospeech.utils][INFO] - Audio is None : ../../../dataset/kspondata/kss/3/3_4341.wav
[2023-03-22 14:01:01,882][kospeech.utils][INFO] - Audio is None : ../../../dataset/kspondata/kss/4/4_1386.wav
[2023-03-22 14:01:01,883][kospeech.utils][INFO] - Audio is None : ../../../dataset/kspondata/kss/3/3_3519.wav
[2023-03-22 14:01:01,889][kospeech.utils][INFO] - Audio is None : ../../../dataset/kspondata/kss/4/4_0900.wav
[2023-03-22 14:01:01,893][kospeech.utils][INFO] - Audio is None : ../../../dataset/kspondata/kss/1/1_0527.wav
[2023-03-22 14:01:01,896][kospeech.utils][INFO] - Audio is None : ../../../dataset/kspondata/kss/4/4_0544.wav
[2023-03-22 14:01:01,898][kospeech.utils][INFO] - Audio is None : ../../../dataset/kspondata/kss/3/3_3973.wav
[2023-03-22 14:01:01,901][kospeech.utils][INFO] - Audio is None : ../../../dataset/kspondata/kss/4/4_3425.wav
[2023-03-22 14:01:01,904][kospeech.utils][INFO] - Audio is None : ../../../dataset/kspondata/kss/3/3_1081.wav
[2023-03-22 14:01:01,906][kospeech.utils][INFO] - Audio is None : ../../../dataset/kspondata/kss/4/4_0405.wav
[2023-03-22 14:01:01,908][kospeech.utils][INFO] - Audio is None : ../../../dataset/kspondata/kss/4/4_2258.wav
[2023-03-22 14:01:01,912][kospeech.utils][INFO] - Audio is None : ../../../dataset/kspondata/kss/3/3_4084.wav
[2023-03-22 14:01:01,917][kospeech.utils][INFO] - Audio is None : ../../../dataset/kspondata/kss/3/3_1660.wav
[2023-03-22 14:01:01,919][kospeech.utils][INFO] - Audio is None : ../../../dataset/kspondata/kss/4/4_2614.wav
[2023-03-22 14:01:01,921][kospeech.utils][INFO] - Audio is None : ../../../dataset/kspondata/kss/3/3_0635.wav
[2023-03-22 14:01:01,923][kospeech.utils][INFO] - Audio is None : ../../../dataset/kspondata/kss/4/4_0353.wav
[2023-03-22 14:01:01,928][kospeech.utils][INFO] - Audio is None : ../../../dataset/kspondata/kss/2/2_1062.wav
[2023-03-22 14:01:01,930][kospeech.utils][INFO] - Audio is None : ../../../dataset/kspondata/kss/2/2_0674.wav
[2023-03-22 14:01:01,932][kospeech.utils][INFO] - Audio is None : ../../../dataset/kspondata/kss/2/2_0919.wav
[2023-03-22 14:01:01,935][kospeech.utils][INFO] - Audio is None : ../../../dataset/kspondata/kss/3/3_3125.wav
[2023-03-22 14:01:01,940][kospeech.utils][INFO] - Audio is None : ../../../dataset/kspondata/kss/3/3_3171.wav
[2023-03-22 14:01:01,944][kospeech.utils][INFO] - Audio is None : ../../../dataset/kspondata/kss/4/4_1495.wav
[2023-03-22 14:01:01,946][kospeech.utils][INFO] - Audio is None : ../../../dataset/kspondata/kss/3/3_0305.wav
[2023-03-22 14:01:01,948][kospeech.utils][INFO] - Audio is None : ../../../dataset/kspondata/kss/4/4_2554.wav
[2023-03-22 14:01:01,953][kospeech.utils][INFO] - Audio is None : ../../../dataset/kspondata/kss/4/4_2418.wav
[2023-03-22 14:01:01,957][kospeech.utils][INFO] - Audio is None : ../../../dataset/kspondata/kss/4/4_3526.wav
[2023-03-22 14:01:01,959][kospeech.utils][INFO] - Audio is None : ../../../dataset/kspondata/kss/3/3_4804.wav
[2023-03-22 14:01:01,962][kospeech.utils][INFO] - Audio is None : ../../../dataset/kspondata/kss/4/4_1064.wav
[2023-03-22 14:01:01,963][kospeech.utils][INFO] - Audio is None : ../../../dataset/kspondata/kss/4/4_4415.wav
[2023-03-22 14:01:01,965][kospeech.utils][INFO] - Audio is None : ../../../dataset/kspondata/kss/4/4_3099.wav
[2023-03-22 14:01:01,970][kospeech.utils][INFO] - Audio is None : ../../../dataset/kspondata/kss/4/4_3695.wav
[2023-03-22 14:01:01,972][kospeech.utils][INFO] - Audio is None : ../../../dataset/kspondata/kss/4/4_0110.wav
[2023-03-22 14:01:01,976][kospeech.utils][INFO] - Audio is None : ../../../dataset/kspondata/kss/3/3_2718.wav
[2023-03-22 14:01:01,979][kospeech.utils][INFO] - Audio is None : ../../../dataset/kspondata/kss/4/4_3444.wav
[2023-03-22 14:01:01,982][kospeech.utils][INFO] - Audio is None : ../../../dataset/kspondata/kss/3/3_4875.wav
[2023-03-22 14:01:01,987][kospeech.utils][INFO] - Audio is None : ../../../dataset/kspondata/kss/3/3_0043.wav
[2023-03-22 14:01:01,989][kospeech.utils][INFO] - Audio is None : ../../../dataset/kspondata/kss/3/3_4817.wav
[2023-03-22 14:01:01,992][kospeech.utils][INFO] - Audio is None : ../../../dataset/kspondata/kss/4/4_3255.wav
[2023-03-22 14:01:01,994][kospeech.utils][INFO] - Audio is None : ../../../dataset/kspondata/kss/3/3_0432.wav
[2023-03-22 14:01:01,997][kospeech.utils][INFO] - Audio is None : ../../../dataset/kspondata/kss/3/3_0585.wav
[2023-03-22 14:01:01,999][kospeech.utils][INFO] - Audio is None : ../../../dataset/kspondata/kss/4/4_0273.wav
[2023-03-22 14:01:02,005][kospeech.utils][INFO] - Audio is None : ../../../dataset/kspondata/kss/4/4_2005.wav
[2023-03-22 14:01:02,007][kospeech.utils][INFO] - Audio is None : ../../../dataset/kspondata/kss/2/2_0244.wav
[2023-03-22 14:01:02,014][kospeech.utils][INFO] - Audio is None : ../../../dataset/kspondata/kss/3/3_4281.wav
[2023-03-22 14:01:02,018][kospeech.utils][INFO] - Audio is None : ../../../dataset/kspondata/kss/4/4_1745.wav
[2023-03-22 14:01:02,021][kospeech.utils][INFO] - Audio is None : ../../../dataset/kspondata/kss/2/2_1008.wav
[2023-03-22 14:01:02,023][kospeech.utils][INFO] - Audio is None : ../../../dataset/kspondata/kss/4/4_1509.wav
[2023-03-22 14:01:02,024][kospeech.utils][INFO] - Audio is None : ../../../dataset/kspondata/kss/2/2_1081.wav
[2023-03-22 14:01:02,027][kospeech.utils][INFO] - Audio is None : ../../../dataset/kspondata/kss/3/3_3286.wav
[2023-03-22 14:01:02,029][kospeech.utils][INFO] - Audio is None : ../../../dataset/kspondata/kss/4/4_4123.wav
[2023-03-22 14:01:02,031][kospeech.utils][INFO] - Audio is None : ../../../dataset/kspondata/kss/4/4_3313.wav
[2023-03-22 14:01:02,038][kospeech.utils][INFO] - Audio is None : ../../../dataset/kspondata/kss/3/3_2310.wav
[2023-03-22 14:01:02,043][kospeech.utils][INFO] - Audio is None : ../../../dataset/kspondata/kss/4/4_0264.wav
[2023-03-22 14:01:02,047][kospeech.utils][INFO] - Audio is None : ../../../dataset/kspondata/kss/3/3_1657.wav
[2023-03-22 14:01:02,048][kospeech.utils][INFO] - Audio is None : ../../../dataset/kspondata/kss/3/3_0240.wav
[2023-03-22 14:01:02,050][kospeech.utils][INFO] - Audio is None : ../../../dataset/kspondata/kss/1/1_1038.wav
[2023-03-22 14:01:02,053][kospeech.utils][INFO] - Audio is None : ../../../dataset/kspondata/kss/3/3_3409.wav
[2023-03-22 14:01:02,056][kospeech.utils][INFO] - Audio is None : ../../../dataset/kspondata/kss/4/4_4339.wav
[2023-03-22 14:01:02,057][kospeech.utils][INFO] - Audio is None : ../../../dataset/kspondata/kss/4/4_0821.wav
[2023-03-22 14:01:02,059][kospeech.utils][INFO] - Audio is None : ../../../dataset/kspondata/kss/3/3_1591.wav
[2023-03-22 14:01:02,061][kospeech.utils][INFO] - Audio is None : ../../../dataset/kspondata/kss/4/4_3985.wav
[2023-03-22 14:01:02,065][kospeech.utils][INFO] - Audio is None : ../../../dataset/kspondata/kss/4/4_0085.wav
[2023-03-22 14:01:02,069][kospeech.utils][INFO] - Audio is None : ../../../dataset/kspondata/kss/4/4_2701.wav
[2023-03-22 14:01:02,072][kospeech.utils][INFO] - Audio is None : ../../../dataset/kspondata/kss/4/4_1721.wav
[2023-03-22 14:01:02,072][kospeech.utils][INFO] - Audio is None : ../../../dataset/kspondata/kss/4/4_2356.wav
[2023-03-22 14:01:02,075][kospeech.utils][INFO] - Audio is None : ../../../dataset/kspondata/kss/1/1_0851.wav
[2023-03-22 14:01:02,077][kospeech.utils][INFO] - Audio is None : ../../../dataset/kspondata/kss/3/3_0330.wav
[2023-03-22 14:01:02,692][kospeech.utils][INFO] - save checkpoints
C:\Users\SSAFY\Desktop\Speech\gitstt\BE\KoreanSTT\outputs\2023-03-22\14-00-58\2023_03_22_14_01_02-trainer_states.pt
C:\Users\SSAFY\Desktop\Speech\gitstt\BE\KoreanSTT\outputs\2023-03-22\14-00-58\2023_03_22_14_01_02-model.pt
[2023-03-22 14:01:02,693][kospeech.utils][INFO] - train() completed
[2023-03-22 14:01:02,693][kospeech.utils][INFO] - 0
