[2023-03-22 13:11:54,914][kospeech.utils][INFO] - audio:
  audio_extension: wav
  sample_rate: 16000
  frame_length: 20
  frame_shift: 10
  normalize: true
  del_silence: true
  feature_extract_by: kaldi
  time_mask_num: 4
  freq_mask_num: 2
  spec_augment: true
  input_reverse: false
  transform_method: fbank
  n_mels: 80
  freq_mask_para: 18
model:
  architecture: deepspeech2
  teacher_forcing_ratio: 1.0
  teacher_forcing_step: 0.0
  min_teacher_forcing_ratio: 1.0
  dropout: 0.3
  bidirectional: false
  joint_ctc_attention: false
  max_len: 400
  use_bidirectional: true
  rnn_type: gru
  hidden_dim: 1024
  activation: hardtanh
  num_encoder_layers: 3
train:
  dataset: kspon
  dataset_path: ./dataset/kspon/data/kss
  transcripts_path: ../../../transcripts.txt
  output_unit: character
  batch_size: 32
  save_result_every: 100
  checkpoint_every: 100
  print_every: 10
  mode: train
  num_workers: 8
  use_cuda: true
  num_threads: 2
  init_lr_scale: 0.01
  final_lr_scale: 0.05
  max_grad_norm: 400
  weight_decay: 1.0e-05
  total_steps: 200000
  seed: 777
  resume: false
  optimizer: adam
  init_lr: 1.0e-06
  final_lr: 1.0e-06
  peak_lr: 0.0001
  warmup_steps: 400
  num_epochs: 8
  reduction: mean
  lr_scheduler: tri_stage_lr_scheduler

[2023-03-22 13:11:54,965][kospeech.utils][INFO] - Operating System : Windows 10
[2023-03-22 13:11:54,965][kospeech.utils][INFO] - Processor : Intel64 Family 6 Model 158 Stepping 10, GenuineIntel
[2023-03-22 13:11:54,966][kospeech.utils][INFO] - device : NVIDIA GeForce RTX 2060
[2023-03-22 13:11:54,967][kospeech.utils][INFO] - CUDA is available : True
[2023-03-22 13:11:54,967][kospeech.utils][INFO] - CUDA version : 11.8
[2023-03-22 13:11:54,967][kospeech.utils][INFO] - PyTorch version : 2.0.0+cu118
[2023-03-22 13:11:55,011][kospeech.utils][INFO] - split dataset start !!
[2023-03-22 13:11:55,113][kospeech.utils][INFO] - Applying Spec Augmentation...
[2023-03-22 13:11:55,115][kospeech.utils][INFO] - split dataset complete !!
[2023-03-22 13:11:57,481][kospeech.utils][INFO] - start
[2023-03-22 13:11:57,482][kospeech.utils][INFO] - Epoch 0 start
[2023-03-22 13:11:57,514][kospeech.utils][INFO] - Audio is None : ./dataset/kspon/data/kss/1/1_0729.wav
[2023-03-22 13:11:57,514][kospeech.utils][INFO] - ./dataset/kspon/data/kss
[2023-03-22 13:11:57,516][kospeech.utils][INFO] - Audio is None : ./dataset/kspon/data/kss/4/4_2040.wav
[2023-03-22 13:11:57,516][kospeech.utils][INFO] - ./dataset/kspon/data/kss
[2023-03-22 13:11:57,518][kospeech.utils][INFO] - Audio is None : ./dataset/kspon/data/kss/3/3_1496.wav
[2023-03-22 13:11:57,519][kospeech.utils][INFO] - Audio is None : ./dataset/kspon/data/kss/4/4_0807.wav
[2023-03-22 13:11:57,520][kospeech.utils][INFO] - Audio is None : ./dataset/kspon/data/kss/3/3_1664.wav
[2023-03-22 13:11:57,525][kospeech.utils][INFO] - Audio is None : ./dataset/kspon/data/kss/4/4_3090.wav
[2023-03-22 13:11:57,526][kospeech.utils][INFO] - ./dataset/kspon/data/kss
[2023-03-22 13:11:57,527][kospeech.utils][INFO] - ./dataset/kspon/data/kss
[2023-03-22 13:11:57,530][kospeech.utils][INFO] - ./dataset/kspon/data/kss
[2023-03-22 13:11:57,530][kospeech.utils][INFO] - ./dataset/kspon/data/kss
[2023-03-22 13:11:57,531][kospeech.utils][INFO] - Audio is None : ./dataset/kspon/data/kss/3/3_4707.wav
[2023-03-22 13:11:57,536][kospeech.utils][INFO] - ./dataset/kspon/data/kss
[2023-03-22 13:11:57,537][kospeech.utils][INFO] - Audio is None : ./dataset/kspon/data/kss/3/3_3697.wav
[2023-03-22 13:11:57,539][kospeech.utils][INFO] - ./dataset/kspon/data/kss
[2023-03-22 13:11:57,541][kospeech.utils][INFO] - Audio is None : ./dataset/kspon/data/kss/2/2_0061.wav
[2023-03-22 13:11:57,543][kospeech.utils][INFO] - ./dataset/kspon/data/kss
[2023-03-22 13:11:57,553][kospeech.utils][INFO] - Audio is None : ./dataset/kspon/data/kss/3/3_3051.wav
[2023-03-22 13:11:57,553][kospeech.utils][INFO] - ./dataset/kspon/data/kss
[2023-03-22 13:11:57,557][kospeech.utils][INFO] - Audio is None : ./dataset/kspon/data/kss/3/3_1401.wav
[2023-03-22 13:11:57,557][kospeech.utils][INFO] - ./dataset/kspon/data/kss
[2023-03-22 13:11:57,562][kospeech.utils][INFO] - Audio is None : ./dataset/kspon/data/kss/1/1_0317.wav
[2023-03-22 13:11:57,562][kospeech.utils][INFO] - ./dataset/kspon/data/kss
[2023-03-22 13:11:57,566][kospeech.utils][INFO] - Audio is None : ./dataset/kspon/data/kss/4/4_3016.wav
[2023-03-22 13:11:57,567][kospeech.utils][INFO] - ./dataset/kspon/data/kss
[2023-03-22 13:11:57,569][kospeech.utils][INFO] - Audio is None : ./dataset/kspon/data/kss/3/3_4310.wav
[2023-03-22 13:11:57,569][kospeech.utils][INFO] - ./dataset/kspon/data/kss
[2023-03-22 13:11:57,572][kospeech.utils][INFO] - Audio is None : ./dataset/kspon/data/kss/3/3_4367.wav
[2023-03-22 13:11:57,573][kospeech.utils][INFO] - ./dataset/kspon/data/kss
[2023-03-22 13:11:57,574][kospeech.utils][INFO] - Audio is None : ./dataset/kspon/data/kss/3/3_0025.wav
[2023-03-22 13:11:57,574][kospeech.utils][INFO] - ./dataset/kspon/data/kss
[2023-03-22 13:11:57,575][kospeech.utils][INFO] - Audio is None : ./dataset/kspon/data/kss/2/2_0233.wav
[2023-03-22 13:11:57,576][kospeech.utils][INFO] - ./dataset/kspon/data/kss
[2023-03-22 13:11:57,579][kospeech.utils][INFO] - Audio is None : ./dataset/kspon/data/kss/4/4_4314.wav
[2023-03-22 13:11:57,579][kospeech.utils][INFO] - ./dataset/kspon/data/kss
[2023-03-22 13:11:57,580][kospeech.utils][INFO] - Audio is None : ./dataset/kspon/data/kss/4/4_3566.wav
[2023-03-22 13:11:57,580][kospeech.utils][INFO] - ./dataset/kspon/data/kss
[2023-03-22 13:11:57,584][kospeech.utils][INFO] - Audio is None : ./dataset/kspon/data/kss/4/4_4298.wav
[2023-03-22 13:11:57,584][kospeech.utils][INFO] - ./dataset/kspon/data/kss
[2023-03-22 13:11:57,588][kospeech.utils][INFO] - Audio is None : ./dataset/kspon/data/kss/3/3_1825.wav
[2023-03-22 13:11:57,588][kospeech.utils][INFO] - ./dataset/kspon/data/kss
[2023-03-22 13:11:57,591][kospeech.utils][INFO] - Audio is None : ./dataset/kspon/data/kss/3/3_3364.wav
[2023-03-22 13:11:57,591][kospeech.utils][INFO] - ./dataset/kspon/data/kss
[2023-03-22 13:11:57,594][kospeech.utils][INFO] - Audio is None : ./dataset/kspon/data/kss/3/3_1803.wav
[2023-03-22 13:11:57,594][kospeech.utils][INFO] - ./dataset/kspon/data/kss
[2023-03-22 13:11:57,597][kospeech.utils][INFO] - Audio is None : ./dataset/kspon/data/kss/4/4_2351.wav
[2023-03-22 13:11:57,597][kospeech.utils][INFO] - ./dataset/kspon/data/kss
[2023-03-22 13:11:57,597][kospeech.utils][INFO] - Audio is None : ./dataset/kspon/data/kss/3/3_4492.wav
[2023-03-22 13:11:57,598][kospeech.utils][INFO] - ./dataset/kspon/data/kss
[2023-03-22 13:11:57,599][kospeech.utils][INFO] - Audio is None : ./dataset/kspon/data/kss/3/3_1755.wav
[2023-03-22 13:11:57,600][kospeech.utils][INFO] - ./dataset/kspon/data/kss
[2023-03-22 13:11:57,601][kospeech.utils][INFO] - Audio is None : ./dataset/kspon/data/kss/3/3_4776.wav
[2023-03-22 13:11:57,602][kospeech.utils][INFO] - ./dataset/kspon/data/kss
[2023-03-22 13:11:57,603][kospeech.utils][INFO] - Audio is None : ./dataset/kspon/data/kss/4/4_1280.wav
[2023-03-22 13:11:57,604][kospeech.utils][INFO] - ./dataset/kspon/data/kss
[2023-03-22 13:11:57,609][kospeech.utils][INFO] - Audio is None : ./dataset/kspon/data/kss/3/3_2113.wav
[2023-03-22 13:11:57,610][kospeech.utils][INFO] - ./dataset/kspon/data/kss
[2023-03-22 13:11:57,612][kospeech.utils][INFO] - Audio is None : ./dataset/kspon/data/kss/4/4_0693.wav
[2023-03-22 13:11:57,613][kospeech.utils][INFO] - ./dataset/kspon/data/kss
[2023-03-22 13:11:57,616][kospeech.utils][INFO] - Audio is None : ./dataset/kspon/data/kss/3/3_3107.wav
[2023-03-22 13:11:57,617][kospeech.utils][INFO] - ./dataset/kspon/data/kss
[2023-03-22 13:11:57,618][kospeech.utils][INFO] - Audio is None : ./dataset/kspon/data/kss/4/4_1677.wav
[2023-03-22 13:11:57,619][kospeech.utils][INFO] - ./dataset/kspon/data/kss
[2023-03-22 13:11:57,621][kospeech.utils][INFO] - Audio is None : ./dataset/kspon/data/kss/2/2_0704.wav
[2023-03-22 13:11:57,621][kospeech.utils][INFO] - ./dataset/kspon/data/kss
[2023-03-22 13:11:57,623][kospeech.utils][INFO] - Audio is None : ./dataset/kspon/data/kss/3/3_0650.wav
[2023-03-22 13:11:57,623][kospeech.utils][INFO] - ./dataset/kspon/data/kss
[2023-03-22 13:11:57,625][kospeech.utils][INFO] - Audio is None : ./dataset/kspon/data/kss/4/4_3502.wav
[2023-03-22 13:11:57,626][kospeech.utils][INFO] - ./dataset/kspon/data/kss
[2023-03-22 13:11:57,629][kospeech.utils][INFO] - Audio is None : ./dataset/kspon/data/kss/3/3_0369.wav
[2023-03-22 13:11:57,629][kospeech.utils][INFO] - ./dataset/kspon/data/kss
[2023-03-22 13:11:57,630][kospeech.utils][INFO] - Audio is None : ./dataset/kspon/data/kss/3/3_0443.wav
[2023-03-22 13:11:57,631][kospeech.utils][INFO] - ./dataset/kspon/data/kss
[2023-03-22 13:11:57,631][kospeech.utils][INFO] - Audio is None : ./dataset/kspon/data/kss/1/1_0319.wav
[2023-03-22 13:11:57,632][kospeech.utils][INFO] - ./dataset/kspon/data/kss
[2023-03-22 13:11:57,639][kospeech.utils][INFO] - Audio is None : ./dataset/kspon/data/kss/3/3_2386.wav
[2023-03-22 13:11:57,640][kospeech.utils][INFO] - ./dataset/kspon/data/kss
[2023-03-22 13:11:57,642][kospeech.utils][INFO] - Audio is None : ./dataset/kspon/data/kss/4/4_0534.wav
[2023-03-22 13:11:57,642][kospeech.utils][INFO] - ./dataset/kspon/data/kss
[2023-03-22 13:11:57,643][kospeech.utils][INFO] - Audio is None : ./dataset/kspon/data/kss/4/4_3847.wav
[2023-03-22 13:11:57,644][kospeech.utils][INFO] - Audio is None : ./dataset/kspon/data/kss/4/4_4362.wav
[2023-03-22 13:11:57,644][kospeech.utils][INFO] - ./dataset/kspon/data/kss
[2023-03-22 13:11:57,645][kospeech.utils][INFO] - ./dataset/kspon/data/kss
[2023-03-22 13:11:57,648][kospeech.utils][INFO] - Audio is None : ./dataset/kspon/data/kss/4/4_2984.wav
[2023-03-22 13:11:57,649][kospeech.utils][INFO] - Audio is None : ./dataset/kspon/data/kss/1/1_0065.wav
[2023-03-22 13:11:57,649][kospeech.utils][INFO] - ./dataset/kspon/data/kss
[2023-03-22 13:11:57,649][kospeech.utils][INFO] - ./dataset/kspon/data/kss
[2023-03-22 13:11:57,652][kospeech.utils][INFO] - Audio is None : ./dataset/kspon/data/kss/3/3_3968.wav
[2023-03-22 13:11:57,652][kospeech.utils][INFO] - ./dataset/kspon/data/kss
[2023-03-22 13:11:57,653][kospeech.utils][INFO] - Audio is None : ./dataset/kspon/data/kss/3/3_0931.wav
[2023-03-22 13:11:57,654][kospeech.utils][INFO] - ./dataset/kspon/data/kss
[2023-03-22 13:11:57,660][kospeech.utils][INFO] - Audio is None : ./dataset/kspon/data/kss/3/3_0390.wav
[2023-03-22 13:11:57,661][kospeech.utils][INFO] - ./dataset/kspon/data/kss
[2023-03-22 13:11:57,663][kospeech.utils][INFO] - Audio is None : ./dataset/kspon/data/kss/4/4_2237.wav
[2023-03-22 13:11:57,664][kospeech.utils][INFO] - ./dataset/kspon/data/kss
[2023-03-22 13:11:57,665][kospeech.utils][INFO] - Audio is None : ./dataset/kspon/data/kss/3/3_2461.wav
[2023-03-22 13:11:57,666][kospeech.utils][INFO] - ./dataset/kspon/data/kss
[2023-03-22 13:11:57,669][kospeech.utils][INFO] - Audio is None : ./dataset/kspon/data/kss/4/4_2698.wav
[2023-03-22 13:11:57,669][kospeech.utils][INFO] - ./dataset/kspon/data/kss
[2023-03-22 13:11:57,670][kospeech.utils][INFO] - Audio is None : ./dataset/kspon/data/kss/3/3_1691.wav
[2023-03-22 13:11:57,670][kospeech.utils][INFO] - ./dataset/kspon/data/kss
[2023-03-22 13:11:57,671][kospeech.utils][INFO] - Audio is None : ./dataset/kspon/data/kss/3/3_4602.wav
[2023-03-22 13:11:57,671][kospeech.utils][INFO] - ./dataset/kspon/data/kss
[2023-03-22 13:11:57,674][kospeech.utils][INFO] - Audio is None : ./dataset/kspon/data/kss/4/4_0713.wav
[2023-03-22 13:11:57,674][kospeech.utils][INFO] - ./dataset/kspon/data/kss
[2023-03-22 13:11:57,675][kospeech.utils][INFO] - Audio is None : ./dataset/kspon/data/kss/3/3_1270.wav
[2023-03-22 13:11:57,676][kospeech.utils][INFO] - ./dataset/kspon/data/kss
[2023-03-22 13:11:57,680][kospeech.utils][INFO] - Audio is None : ./dataset/kspon/data/kss/3/3_0084.wav
[2023-03-22 13:11:57,681][kospeech.utils][INFO] - ./dataset/kspon/data/kss
[2023-03-22 13:11:57,685][kospeech.utils][INFO] - Audio is None : ./dataset/kspon/data/kss/4/4_2451.wav
[2023-03-22 13:11:57,686][kospeech.utils][INFO] - ./dataset/kspon/data/kss
[2023-03-22 13:11:57,686][kospeech.utils][INFO] - Audio is None : ./dataset/kspon/data/kss/3/3_0340.wav
[2023-03-22 13:11:57,687][kospeech.utils][INFO] - ./dataset/kspon/data/kss
[2023-03-22 13:11:57,691][kospeech.utils][INFO] - Audio is None : ./dataset/kspon/data/kss/2/2_0315.wav
[2023-03-22 13:11:57,692][kospeech.utils][INFO] - ./dataset/kspon/data/kss
[2023-03-22 13:11:57,694][kospeech.utils][INFO] - Audio is None : ./dataset/kspon/data/kss/3/3_0202.wav
[2023-03-22 13:11:57,695][kospeech.utils][INFO] - ./dataset/kspon/data/kss
[2023-03-22 13:11:57,696][kospeech.utils][INFO] - Audio is None : ./dataset/kspon/data/kss/3/3_3377.wav
[2023-03-22 13:11:57,696][kospeech.utils][INFO] - ./dataset/kspon/data/kss
[2023-03-22 13:11:57,698][kospeech.utils][INFO] - Audio is None : ./dataset/kspon/data/kss/4/4_1809.wav
[2023-03-22 13:11:57,699][kospeech.utils][INFO] - ./dataset/kspon/data/kss
[2023-03-22 13:11:57,700][kospeech.utils][INFO] - Audio is None : ./dataset/kspon/data/kss/3/3_4356.wav
[2023-03-22 13:11:57,700][kospeech.utils][INFO] - ./dataset/kspon/data/kss
[2023-03-22 13:11:57,702][kospeech.utils][INFO] - Audio is None : ./dataset/kspon/data/kss/4/4_1938.wav
[2023-03-22 13:11:57,702][kospeech.utils][INFO] - ./dataset/kspon/data/kss
[2023-03-22 13:11:57,705][kospeech.utils][INFO] - Audio is None : ./dataset/kspon/data/kss/3/3_1497.wav
[2023-03-22 13:11:57,705][kospeech.utils][INFO] - ./dataset/kspon/data/kss
[2023-03-22 13:11:57,710][kospeech.utils][INFO] - Audio is None : ./dataset/kspon/data/kss/3/3_0466.wav
[2023-03-22 13:11:57,710][kospeech.utils][INFO] - ./dataset/kspon/data/kss
[2023-03-22 13:11:57,713][kospeech.utils][INFO] - Audio is None : ./dataset/kspon/data/kss/4/4_4565.wav
[2023-03-22 13:11:57,714][kospeech.utils][INFO] - ./dataset/kspon/data/kss
[2023-03-22 13:11:57,717][kospeech.utils][INFO] - Audio is None : ./dataset/kspon/data/kss/4/4_0655.wav
[2023-03-22 13:11:57,717][kospeech.utils][INFO] - ./dataset/kspon/data/kss
[2023-03-22 13:11:57,720][kospeech.utils][INFO] - Audio is None : ./dataset/kspon/data/kss/3/3_0618.wav
[2023-03-22 13:11:57,720][kospeech.utils][INFO] - ./dataset/kspon/data/kss
[2023-03-22 13:11:57,721][kospeech.utils][INFO] - Audio is None : ./dataset/kspon/data/kss/3/3_3291.wav
[2023-03-22 13:11:57,721][kospeech.utils][INFO] - ./dataset/kspon/data/kss
[2023-03-22 13:11:57,725][kospeech.utils][INFO] - Audio is None : ./dataset/kspon/data/kss/4/4_4201.wav
[2023-03-22 13:11:57,726][kospeech.utils][INFO] - ./dataset/kspon/data/kss
[2023-03-22 13:11:57,726][kospeech.utils][INFO] - Audio is None : ./dataset/kspon/data/kss/1/1_0445.wav
[2023-03-22 13:11:57,728][kospeech.utils][INFO] - ./dataset/kspon/data/kss
[2023-03-22 13:11:57,731][kospeech.utils][INFO] - Audio is None : ./dataset/kspon/data/kss/1/1_0809.wav
[2023-03-22 13:11:57,731][kospeech.utils][INFO] - Audio is None : ./dataset/kspon/data/kss/3/3_3333.wav
[2023-03-22 13:11:57,731][kospeech.utils][INFO] - ./dataset/kspon/data/kss
[2023-03-22 13:11:57,732][kospeech.utils][INFO] - ./dataset/kspon/data/kss
[2023-03-22 13:11:57,735][kospeech.utils][INFO] - Audio is None : ./dataset/kspon/data/kss/3/3_2524.wav
[2023-03-22 13:11:57,735][kospeech.utils][INFO] - ./dataset/kspon/data/kss
[2023-03-22 13:11:57,736][kospeech.utils][INFO] - Audio is None : ./dataset/kspon/data/kss/4/4_1631.wav
[2023-03-22 13:11:57,737][kospeech.utils][INFO] - ./dataset/kspon/data/kss
[2023-03-22 13:11:57,742][kospeech.utils][INFO] - Audio is None : ./dataset/kspon/data/kss/3/3_4302.wav
[2023-03-22 13:11:57,742][kospeech.utils][INFO] - ./dataset/kspon/data/kss
[2023-03-22 13:11:57,745][kospeech.utils][INFO] - Audio is None : ./dataset/kspon/data/kss/4/4_2203.wav
[2023-03-22 13:11:57,745][kospeech.utils][INFO] - ./dataset/kspon/data/kss
[2023-03-22 13:11:57,748][kospeech.utils][INFO] - Audio is None : ./dataset/kspon/data/kss/4/4_2135.wav
[2023-03-22 13:11:57,749][kospeech.utils][INFO] - ./dataset/kspon/data/kss
[2023-03-22 13:11:57,750][kospeech.utils][INFO] - Audio is None : ./dataset/kspon/data/kss/4/4_1177.wav
[2023-03-22 13:11:57,751][kospeech.utils][INFO] - ./dataset/kspon/data/kss
[2023-03-22 13:11:57,754][kospeech.utils][INFO] - Audio is None : ./dataset/kspon/data/kss/3/3_4450.wav
[2023-03-22 13:11:57,755][kospeech.utils][INFO] - ./dataset/kspon/data/kss
[2023-03-22 13:11:57,756][kospeech.utils][INFO] - Audio is None : ./dataset/kspon/data/kss/4/4_1122.wav
[2023-03-22 13:11:57,757][kospeech.utils][INFO] - ./dataset/kspon/data/kss
[2023-03-22 13:11:57,758][kospeech.utils][INFO] - Audio is None : ./dataset/kspon/data/kss/2/2_0151.wav
[2023-03-22 13:11:57,759][kospeech.utils][INFO] - ./dataset/kspon/data/kss
[2023-03-22 13:11:57,759][kospeech.utils][INFO] - Audio is None : ./dataset/kspon/data/kss/4/4_0751.wav
[2023-03-22 13:11:57,760][kospeech.utils][INFO] - ./dataset/kspon/data/kss
[2023-03-22 13:11:57,764][kospeech.utils][INFO] - Audio is None : ./dataset/kspon/data/kss/4/4_4294.wav
[2023-03-22 13:11:57,764][kospeech.utils][INFO] - ./dataset/kspon/data/kss
[2023-03-22 13:11:57,766][kospeech.utils][INFO] - Audio is None : ./dataset/kspon/data/kss/3/3_0262.wav
[2023-03-22 13:11:57,766][kospeech.utils][INFO] - ./dataset/kspon/data/kss
[2023-03-22 13:11:57,770][kospeech.utils][INFO] - Audio is None : ./dataset/kspon/data/kss/4/4_0417.wav
[2023-03-22 13:11:57,770][kospeech.utils][INFO] - ./dataset/kspon/data/kss
[2023-03-22 13:11:57,774][kospeech.utils][INFO] - Audio is None : ./dataset/kspon/data/kss/3/3_0068.wav
[2023-03-22 13:11:57,774][kospeech.utils][INFO] - ./dataset/kspon/data/kss
[2023-03-22 13:11:57,778][kospeech.utils][INFO] - Audio is None : ./dataset/kspon/data/kss/3/3_2647.wav
[2023-03-22 13:11:57,778][kospeech.utils][INFO] - ./dataset/kspon/data/kss
[2023-03-22 13:11:57,782][kospeech.utils][INFO] - Audio is None : ./dataset/kspon/data/kss/3/3_2551.wav
[2023-03-22 13:11:57,782][kospeech.utils][INFO] - ./dataset/kspon/data/kss
[2023-03-22 13:11:57,783][kospeech.utils][INFO] - Audio is None : ./dataset/kspon/data/kss/4/4_4021.wav
[2023-03-22 13:11:57,783][kospeech.utils][INFO] - ./dataset/kspon/data/kss
[2023-03-22 13:11:57,787][kospeech.utils][INFO] - Audio is None : ./dataset/kspon/data/kss/1/1_0115.wav
[2023-03-22 13:11:57,787][kospeech.utils][INFO] - Audio is None : ./dataset/kspon/data/kss/4/4_3303.wav
[2023-03-22 13:11:57,787][kospeech.utils][INFO] - ./dataset/kspon/data/kss
[2023-03-22 13:11:57,788][kospeech.utils][INFO] - ./dataset/kspon/data/kss
[2023-03-22 13:11:57,788][kospeech.utils][INFO] - Audio is None : ./dataset/kspon/data/kss/4/4_2484.wav
[2023-03-22 13:11:57,790][kospeech.utils][INFO] - ./dataset/kspon/data/kss
[2023-03-22 13:11:57,790][kospeech.utils][INFO] - Audio is None : ./dataset/kspon/data/kss/1/1_0108.wav
[2023-03-22 13:11:57,791][kospeech.utils][INFO] - ./dataset/kspon/data/kss
[2023-03-22 13:11:57,795][kospeech.utils][INFO] - Audio is None : ./dataset/kspon/data/kss/2/2_0873.wav
[2023-03-22 13:11:57,795][kospeech.utils][INFO] - ./dataset/kspon/data/kss
[2023-03-22 13:11:57,799][kospeech.utils][INFO] - Audio is None : ./dataset/kspon/data/kss/1/1_0413.wav
[2023-03-22 13:11:57,800][kospeech.utils][INFO] - ./dataset/kspon/data/kss
[2023-03-22 13:11:57,804][kospeech.utils][INFO] - Audio is None : ./dataset/kspon/data/kss/4/4_4447.wav
[2023-03-22 13:11:57,805][kospeech.utils][INFO] - ./dataset/kspon/data/kss
[2023-03-22 13:11:57,805][kospeech.utils][INFO] - Audio is None : ./dataset/kspon/data/kss/3/3_3117.wav
[2023-03-22 13:11:57,806][kospeech.utils][INFO] - ./dataset/kspon/data/kss
[2023-03-22 13:11:57,810][kospeech.utils][INFO] - Audio is None : ./dataset/kspon/data/kss/3/3_1082.wav
[2023-03-22 13:11:57,811][kospeech.utils][INFO] - ./dataset/kspon/data/kss
[2023-03-22 13:11:57,811][kospeech.utils][INFO] - Audio is None : ./dataset/kspon/data/kss/3/3_2746.wav
[2023-03-22 13:11:57,812][kospeech.utils][INFO] - ./dataset/kspon/data/kss
[2023-03-22 13:11:57,814][kospeech.utils][INFO] - Audio is None : ./dataset/kspon/data/kss/4/4_3663.wav
[2023-03-22 13:11:57,814][kospeech.utils][INFO] - ./dataset/kspon/data/kss
[2023-03-22 13:11:57,817][kospeech.utils][INFO] - Audio is None : ./dataset/kspon/data/kss/1/1_0855.wav
[2023-03-22 13:11:57,817][kospeech.utils][INFO] - ./dataset/kspon/data/kss
[2023-03-22 13:11:57,819][kospeech.utils][INFO] - Audio is None : ./dataset/kspon/data/kss/3/3_0482.wav
[2023-03-22 13:11:57,819][kospeech.utils][INFO] - ./dataset/kspon/data/kss
[2023-03-22 13:11:57,821][kospeech.utils][INFO] - Audio is None : ./dataset/kspon/data/kss/2/2_0728.wav
[2023-03-22 13:11:57,821][kospeech.utils][INFO] - ./dataset/kspon/data/kss
[2023-03-22 13:11:57,824][kospeech.utils][INFO] - Audio is None : ./dataset/kspon/data/kss/1/1_0460.wav
[2023-03-22 13:11:57,825][kospeech.utils][INFO] - ./dataset/kspon/data/kss
[2023-03-22 13:11:57,827][kospeech.utils][INFO] - Audio is None : ./dataset/kspon/data/kss/3/3_2616.wav
[2023-03-22 13:11:57,827][kospeech.utils][INFO] - ./dataset/kspon/data/kss
[2023-03-22 13:11:57,834][kospeech.utils][INFO] - Audio is None : ./dataset/kspon/data/kss/4/4_4163.wav
[2023-03-22 13:11:57,834][kospeech.utils][INFO] - ./dataset/kspon/data/kss
[2023-03-22 13:11:57,836][kospeech.utils][INFO] - Audio is None : ./dataset/kspon/data/kss/3/3_1253.wav
[2023-03-22 13:11:57,836][kospeech.utils][INFO] - ./dataset/kspon/data/kss
[2023-03-22 13:11:57,838][kospeech.utils][INFO] - Audio is None : ./dataset/kspon/data/kss/3/3_3160.wav
[2023-03-22 13:11:57,838][kospeech.utils][INFO] - ./dataset/kspon/data/kss
[2023-03-22 13:11:57,840][kospeech.utils][INFO] - Audio is None : ./dataset/kspon/data/kss/3/3_2387.wav
[2023-03-22 13:11:57,840][kospeech.utils][INFO] - ./dataset/kspon/data/kss
[2023-03-22 13:11:57,842][kospeech.utils][INFO] - Audio is None : ./dataset/kspon/data/kss/3/3_0227.wav
[2023-03-22 13:11:57,842][kospeech.utils][INFO] - ./dataset/kspon/data/kss
[2023-03-22 13:11:57,844][kospeech.utils][INFO] - Audio is None : ./dataset/kspon/data/kss/3/3_1380.wav
[2023-03-22 13:11:57,844][kospeech.utils][INFO] - ./dataset/kspon/data/kss
[2023-03-22 13:11:57,846][kospeech.utils][INFO] - Audio is None : ./dataset/kspon/data/kss/4/4_4650.wav
[2023-03-22 13:11:57,846][kospeech.utils][INFO] - ./dataset/kspon/data/kss
[2023-03-22 13:11:57,849][kospeech.utils][INFO] - Audio is None : ./dataset/kspon/data/kss/3/3_1649.wav
[2023-03-22 13:11:57,849][kospeech.utils][INFO] - ./dataset/kspon/data/kss
[2023-03-22 13:11:57,857][kospeech.utils][INFO] - Audio is None : ./dataset/kspon/data/kss/4/4_3053.wav
[2023-03-22 13:11:57,858][kospeech.utils][INFO] - ./dataset/kspon/data/kss
[2023-03-22 13:11:57,860][kospeech.utils][INFO] - Audio is None : ./dataset/kspon/data/kss/2/2_0976.wav
[2023-03-22 13:11:57,860][kospeech.utils][INFO] - ./dataset/kspon/data/kss
[2023-03-22 13:11:57,861][kospeech.utils][INFO] - Audio is None : ./dataset/kspon/data/kss/1/1_0696.wav
[2023-03-22 13:11:57,861][kospeech.utils][INFO] - ./dataset/kspon/data/kss
[2023-03-22 13:11:57,864][kospeech.utils][INFO] - Audio is None : ./dataset/kspon/data/kss/3/3_0528.wav
[2023-03-22 13:11:57,865][kospeech.utils][INFO] - ./dataset/kspon/data/kss
[2023-03-22 13:11:57,867][kospeech.utils][INFO] - Audio is None : ./dataset/kspon/data/kss/4/4_0971.wav
[2023-03-22 13:11:57,867][kospeech.utils][INFO] - ./dataset/kspon/data/kss
[2023-03-22 13:11:57,868][kospeech.utils][INFO] - Audio is None : ./dataset/kspon/data/kss/1/1_0032.wav
[2023-03-22 13:11:57,869][kospeech.utils][INFO] - ./dataset/kspon/data/kss
[2023-03-22 13:11:57,872][kospeech.utils][INFO] - Audio is None : ./dataset/kspon/data/kss/3/3_1354.wav
[2023-03-22 13:11:57,872][kospeech.utils][INFO] - Audio is None : ./dataset/kspon/data/kss/4/4_3917.wav
[2023-03-22 13:11:57,873][kospeech.utils][INFO] - ./dataset/kspon/data/kss
[2023-03-22 13:11:57,873][kospeech.utils][INFO] - ./dataset/kspon/data/kss
[2023-03-22 13:11:57,878][kospeech.utils][INFO] - Audio is None : ./dataset/kspon/data/kss/3/3_0965.wav
[2023-03-22 13:11:57,878][kospeech.utils][INFO] - ./dataset/kspon/data/kss
[2023-03-22 13:11:57,884][kospeech.utils][INFO] - Audio is None : ./dataset/kspon/data/kss/3/3_3600.wav
[2023-03-22 13:11:57,885][kospeech.utils][INFO] - ./dataset/kspon/data/kss
[2023-03-22 13:11:57,886][kospeech.utils][INFO] - Audio is None : ./dataset/kspon/data/kss/1/1_0356.wav
[2023-03-22 13:11:57,887][kospeech.utils][INFO] - ./dataset/kspon/data/kss
[2023-03-22 13:11:57,888][kospeech.utils][INFO] - Audio is None : ./dataset/kspon/data/kss/3/3_4029.wav
[2023-03-22 13:11:57,888][kospeech.utils][INFO] - ./dataset/kspon/data/kss
[2023-03-22 13:11:57,892][kospeech.utils][INFO] - Audio is None : ./dataset/kspon/data/kss/3/3_1297.wav
[2023-03-22 13:11:57,892][kospeech.utils][INFO] - Audio is None : ./dataset/kspon/data/kss/3/3_1849.wav
[2023-03-22 13:11:57,893][kospeech.utils][INFO] - ./dataset/kspon/data/kss
[2023-03-22 13:11:57,893][kospeech.utils][INFO] - ./dataset/kspon/data/kss
[2023-03-22 13:11:57,895][kospeech.utils][INFO] - Audio is None : ./dataset/kspon/data/kss/4/4_2321.wav
[2023-03-22 13:11:57,896][kospeech.utils][INFO] - ./dataset/kspon/data/kss
[2023-03-22 13:11:57,898][kospeech.utils][INFO] - Audio is None : ./dataset/kspon/data/kss/3/3_3233.wav
[2023-03-22 13:11:57,898][kospeech.utils][INFO] - Audio is None : ./dataset/kspon/data/kss/3/3_0038.wav
[2023-03-22 13:11:57,898][kospeech.utils][INFO] - ./dataset/kspon/data/kss
[2023-03-22 13:11:57,899][kospeech.utils][INFO] - ./dataset/kspon/data/kss
[2023-03-22 13:11:57,906][kospeech.utils][INFO] - Audio is None : ./dataset/kspon/data/kss/3/3_0196.wav
[2023-03-22 13:11:57,907][kospeech.utils][INFO] - ./dataset/kspon/data/kss
[2023-03-22 13:11:57,908][kospeech.utils][INFO] - Audio is None : ./dataset/kspon/data/kss/2/2_0914.wav
[2023-03-22 13:11:57,908][kospeech.utils][INFO] - ./dataset/kspon/data/kss
[2023-03-22 13:11:57,909][kospeech.utils][INFO] - Audio is None : ./dataset/kspon/data/kss/3/3_3919.wav
[2023-03-22 13:11:57,910][kospeech.utils][INFO] - ./dataset/kspon/data/kss
[2023-03-22 13:11:57,915][kospeech.utils][INFO] - Audio is None : ./dataset/kspon/data/kss/3/3_0325.wav
[2023-03-22 13:11:57,915][kospeech.utils][INFO] - ./dataset/kspon/data/kss
[2023-03-22 13:11:57,920][kospeech.utils][INFO] - Audio is None : ./dataset/kspon/data/kss/4/4_0464.wav
[2023-03-22 13:11:57,920][kospeech.utils][INFO] - Audio is None : ./dataset/kspon/data/kss/3/3_3068.wav
[2023-03-22 13:11:57,920][kospeech.utils][INFO] - ./dataset/kspon/data/kss
[2023-03-22 13:11:57,921][kospeech.utils][INFO] - ./dataset/kspon/data/kss
[2023-03-22 13:11:57,922][kospeech.utils][INFO] - Audio is None : ./dataset/kspon/data/kss/4/4_0594.wav
[2023-03-22 13:11:57,922][kospeech.utils][INFO] - ./dataset/kspon/data/kss
[2023-03-22 13:11:57,924][kospeech.utils][INFO] - Audio is None : ./dataset/kspon/data/kss/4/4_4067.wav
[2023-03-22 13:11:57,925][kospeech.utils][INFO] - ./dataset/kspon/data/kss
[2023-03-22 13:11:57,925][kospeech.utils][INFO] - Audio is None : ./dataset/kspon/data/kss/4/4_3084.wav
[2023-03-22 13:11:57,926][kospeech.utils][INFO] - ./dataset/kspon/data/kss
[2023-03-22 13:11:57,929][kospeech.utils][INFO] - Audio is None : ./dataset/kspon/data/kss/3/3_4201.wav
[2023-03-22 13:11:57,929][kospeech.utils][INFO] - ./dataset/kspon/data/kss
[2023-03-22 13:11:57,931][kospeech.utils][INFO] - Audio is None : ./dataset/kspon/data/kss/4/4_1299.wav
[2023-03-22 13:11:57,931][kospeech.utils][INFO] - ./dataset/kspon/data/kss
[2023-03-22 13:11:57,937][kospeech.utils][INFO] - Audio is None : ./dataset/kspon/data/kss/1/1_0005.wav
[2023-03-22 13:11:57,937][kospeech.utils][INFO] - ./dataset/kspon/data/kss
[2023-03-22 13:11:57,943][kospeech.utils][INFO] - Audio is None : ./dataset/kspon/data/kss/4/4_1308.wav
[2023-03-22 13:11:57,943][kospeech.utils][INFO] - ./dataset/kspon/data/kss
[2023-03-22 13:11:57,944][kospeech.utils][INFO] - Audio is None : ./dataset/kspon/data/kss/3/3_0222.wav
[2023-03-22 13:11:57,944][kospeech.utils][INFO] - ./dataset/kspon/data/kss
[2023-03-22 13:11:57,946][kospeech.utils][INFO] - Audio is None : ./dataset/kspon/data/kss/1/1_0423.wav
[2023-03-22 13:11:57,947][kospeech.utils][INFO] - ./dataset/kspon/data/kss
[2023-03-22 13:11:57,948][kospeech.utils][INFO] - Audio is None : ./dataset/kspon/data/kss/1/1_0063.wav
[2023-03-22 13:11:57,949][kospeech.utils][INFO] - ./dataset/kspon/data/kss
[2023-03-22 13:11:57,951][kospeech.utils][INFO] - Audio is None : ./dataset/kspon/data/kss/3/3_3134.wav
[2023-03-22 13:11:57,951][kospeech.utils][INFO] - ./dataset/kspon/data/kss
[2023-03-22 13:11:57,953][kospeech.utils][INFO] - Audio is None : ./dataset/kspon/data/kss/4/4_4463.wav
[2023-03-22 13:11:57,953][kospeech.utils][INFO] - ./dataset/kspon/data/kss
[2023-03-22 13:11:57,955][kospeech.utils][INFO] - Audio is None : ./dataset/kspon/data/kss/1/1_0272.wav
[2023-03-22 13:11:57,955][kospeech.utils][INFO] - ./dataset/kspon/data/kss
[2023-03-22 13:11:57,957][kospeech.utils][INFO] - Audio is None : ./dataset/kspon/data/kss/3/3_3507.wav
[2023-03-22 13:11:57,958][kospeech.utils][INFO] - ./dataset/kspon/data/kss
[2023-03-22 13:11:57,966][kospeech.utils][INFO] - Audio is None : ./dataset/kspon/data/kss/3/3_4134.wav
[2023-03-22 13:11:57,966][kospeech.utils][INFO] - ./dataset/kspon/data/kss
[2023-03-22 13:11:57,967][kospeech.utils][INFO] - Audio is None : ./dataset/kspon/data/kss/2/2_0426.wav
[2023-03-22 13:11:57,968][kospeech.utils][INFO] - ./dataset/kspon/data/kss
[2023-03-22 13:11:57,970][kospeech.utils][INFO] - Audio is None : ./dataset/kspon/data/kss/2/2_0929.wav
[2023-03-22 13:11:57,970][kospeech.utils][INFO] - ./dataset/kspon/data/kss
[2023-03-22 13:11:57,971][kospeech.utils][INFO] - Audio is None : ./dataset/kspon/data/kss/3/3_0047.wav
[2023-03-22 13:11:57,972][kospeech.utils][INFO] - ./dataset/kspon/data/kss
[2023-03-22 13:11:57,977][kospeech.utils][INFO] - Audio is None : ./dataset/kspon/data/kss/4/4_4074.wav
[2023-03-22 13:11:57,977][kospeech.utils][INFO] - ./dataset/kspon/data/kss
[2023-03-22 13:11:57,981][kospeech.utils][INFO] - Audio is None : ./dataset/kspon/data/kss/3/3_1036.wav
[2023-03-22 13:11:57,981][kospeech.utils][INFO] - Audio is None : ./dataset/kspon/data/kss/4/4_3522.wav
[2023-03-22 13:11:57,982][kospeech.utils][INFO] - ./dataset/kspon/data/kss
[2023-03-22 13:11:57,982][kospeech.utils][INFO] - ./dataset/kspon/data/kss
[2023-03-22 13:11:57,982][kospeech.utils][INFO] - Audio is None : ./dataset/kspon/data/kss/4/4_4499.wav
[2023-03-22 13:11:57,984][kospeech.utils][INFO] - ./dataset/kspon/data/kss
[2023-03-22 13:11:57,988][kospeech.utils][INFO] - Audio is None : ./dataset/kspon/data/kss/3/3_1488.wav
[2023-03-22 13:11:57,988][kospeech.utils][INFO] - ./dataset/kspon/data/kss
[2023-03-22 13:11:57,992][kospeech.utils][INFO] - Audio is None : ./dataset/kspon/data/kss/4/4_3161.wav
[2023-03-22 13:11:57,992][kospeech.utils][INFO] - ./dataset/kspon/data/kss
[2023-03-22 13:11:57,996][kospeech.utils][INFO] - Audio is None : ./dataset/kspon/data/kss/2/2_0447.wav
[2023-03-22 13:11:57,996][kospeech.utils][INFO] - ./dataset/kspon/data/kss
[2023-03-22 13:11:57,998][kospeech.utils][INFO] - Audio is None : ./dataset/kspon/data/kss/3/3_3302.wav
[2023-03-22 13:11:57,998][kospeech.utils][INFO] - ./dataset/kspon/data/kss
[2023-03-22 13:11:58,000][kospeech.utils][INFO] - Audio is None : ./dataset/kspon/data/kss/1/1_0587.wav
[2023-03-22 13:11:58,000][kospeech.utils][INFO] - ./dataset/kspon/data/kss
[2023-03-22 13:11:58,004][kospeech.utils][INFO] - Audio is None : ./dataset/kspon/data/kss/4/4_1513.wav
[2023-03-22 13:11:58,004][kospeech.utils][INFO] - ./dataset/kspon/data/kss
[2023-03-22 13:11:58,007][kospeech.utils][INFO] - Audio is None : ./dataset/kspon/data/kss/3/3_2034.wav
[2023-03-22 13:11:58,007][kospeech.utils][INFO] - ./dataset/kspon/data/kss
[2023-03-22 13:11:58,009][kospeech.utils][INFO] - Audio is None : ./dataset/kspon/data/kss/2/2_1050.wav
[2023-03-22 13:11:58,010][kospeech.utils][INFO] - ./dataset/kspon/data/kss
[2023-03-22 13:11:58,011][kospeech.utils][INFO] - Audio is None : ./dataset/kspon/data/kss/1/1_0324.wav
[2023-03-22 13:11:58,011][kospeech.utils][INFO] - ./dataset/kspon/data/kss
[2023-03-22 13:11:58,012][kospeech.utils][INFO] - Audio is None : ./dataset/kspon/data/kss/3/3_2441.wav
[2023-03-22 13:11:58,013][kospeech.utils][INFO] - ./dataset/kspon/data/kss
[2023-03-22 13:11:58,019][kospeech.utils][INFO] - Audio is None : ./dataset/kspon/data/kss/2/2_0372.wav
[2023-03-22 13:11:58,019][kospeech.utils][INFO] - ./dataset/kspon/data/kss
[2023-03-22 13:11:58,023][kospeech.utils][INFO] - Audio is None : ./dataset/kspon/data/kss/2/2_0507.wav
[2023-03-22 13:11:58,024][kospeech.utils][INFO] - ./dataset/kspon/data/kss
[2023-03-22 13:11:58,024][kospeech.utils][INFO] - Audio is None : ./dataset/kspon/data/kss/3/3_4175.wav
[2023-03-22 13:11:58,025][kospeech.utils][INFO] - ./dataset/kspon/data/kss
[2023-03-22 13:11:58,025][kospeech.utils][INFO] - Audio is None : ./dataset/kspon/data/kss/4/4_1796.wav
[2023-03-22 13:11:58,026][kospeech.utils][INFO] - ./dataset/kspon/data/kss
[2023-03-22 13:11:58,029][kospeech.utils][INFO] - Audio is None : ./dataset/kspon/data/kss/4/4_3958.wav
[2023-03-22 13:11:58,030][kospeech.utils][INFO] - ./dataset/kspon/data/kss
[2023-03-22 13:11:58,033][kospeech.utils][INFO] - Audio is None : ./dataset/kspon/data/kss/4/4_0643.wav
[2023-03-22 13:11:58,034][kospeech.utils][INFO] - ./dataset/kspon/data/kss
[2023-03-22 13:11:58,034][kospeech.utils][INFO] - Audio is None : ./dataset/kspon/data/kss/3/3_0949.wav
[2023-03-22 13:11:58,035][kospeech.utils][INFO] - ./dataset/kspon/data/kss
[2023-03-22 13:11:58,036][kospeech.utils][INFO] - Audio is None : ./dataset/kspon/data/kss/3/3_2887.wav
[2023-03-22 13:11:58,036][kospeech.utils][INFO] - ./dataset/kspon/data/kss
[2023-03-22 13:11:58,040][kospeech.utils][INFO] - Audio is None : ./dataset/kspon/data/kss/3/3_3568.wav
[2023-03-22 13:11:58,041][kospeech.utils][INFO] - ./dataset/kspon/data/kss
[2023-03-22 13:11:58,046][kospeech.utils][INFO] - Audio is None : ./dataset/kspon/data/kss/4/4_2432.wav
[2023-03-22 13:11:58,046][kospeech.utils][INFO] - ./dataset/kspon/data/kss
[2023-03-22 13:11:58,047][kospeech.utils][INFO] - Audio is None : ./dataset/kspon/data/kss/3/3_3127.wav
[2023-03-22 13:11:58,048][kospeech.utils][INFO] - ./dataset/kspon/data/kss
[2023-03-22 13:11:58,050][kospeech.utils][INFO] - Audio is None : ./dataset/kspon/data/kss/3/3_2067.wav
[2023-03-22 13:11:58,051][kospeech.utils][INFO] - ./dataset/kspon/data/kss
[2023-03-22 13:11:58,052][kospeech.utils][INFO] - Audio is None : ./dataset/kspon/data/kss/3/3_2833.wav
[2023-03-22 13:11:58,052][kospeech.utils][INFO] - ./dataset/kspon/data/kss
[2023-03-22 13:11:58,054][kospeech.utils][INFO] - Audio is None : ./dataset/kspon/data/kss/3/3_3417.wav
[2023-03-22 13:11:58,054][kospeech.utils][INFO] - ./dataset/kspon/data/kss
[2023-03-22 13:11:58,056][kospeech.utils][INFO] - Audio is None : ./dataset/kspon/data/kss/3/3_4788.wav
[2023-03-22 13:11:58,057][kospeech.utils][INFO] - ./dataset/kspon/data/kss
[2023-03-22 13:11:58,058][kospeech.utils][INFO] - Audio is None : ./dataset/kspon/data/kss/4/4_0544.wav
[2023-03-22 13:11:58,058][kospeech.utils][INFO] - ./dataset/kspon/data/kss
[2023-03-22 13:11:58,060][kospeech.utils][INFO] - Audio is None : ./dataset/kspon/data/kss/3/3_3528.wav
[2023-03-22 13:11:58,061][kospeech.utils][INFO] - ./dataset/kspon/data/kss
[2023-03-22 13:11:58,068][kospeech.utils][INFO] - Audio is None : ./dataset/kspon/data/kss/4/4_1178.wav
[2023-03-22 13:11:58,069][kospeech.utils][INFO] - ./dataset/kspon/data/kss
[2023-03-22 13:11:58,072][kospeech.utils][INFO] - Audio is None : ./dataset/kspon/data/kss/3/3_3519.wav
[2023-03-22 13:11:58,072][kospeech.utils][INFO] - ./dataset/kspon/data/kss
[2023-03-22 13:11:58,073][kospeech.utils][INFO] - Audio is None : ./dataset/kspon/data/kss/4/4_2360.wav
[2023-03-22 13:11:58,073][kospeech.utils][INFO] - ./dataset/kspon/data/kss
[2023-03-22 13:11:58,076][kospeech.utils][INFO] - Audio is None : ./dataset/kspon/data/kss/4/4_3823.wav
[2023-03-22 13:11:58,076][kospeech.utils][INFO] - ./dataset/kspon/data/kss
[2023-03-22 13:11:58,078][kospeech.utils][INFO] - Audio is None : ./dataset/kspon/data/kss/4/4_1386.wav
[2023-03-22 13:11:58,078][kospeech.utils][INFO] - ./dataset/kspon/data/kss
[2023-03-22 13:11:58,079][kospeech.utils][INFO] - Audio is None : ./dataset/kspon/data/kss/4/4_2614.wav
[2023-03-22 13:11:58,080][kospeech.utils][INFO] - ./dataset/kspon/data/kss
[2023-03-22 13:11:58,082][kospeech.utils][INFO] - Audio is None : ./dataset/kspon/data/kss/4/4_3425.wav
[2023-03-22 13:11:58,082][kospeech.utils][INFO] - ./dataset/kspon/data/kss
[2023-03-22 13:11:58,083][kospeech.utils][INFO] - Audio is None : ./dataset/kspon/data/kss/1/1_0527.wav
[2023-03-22 13:11:58,083][kospeech.utils][INFO] - ./dataset/kspon/data/kss
[2023-03-22 13:11:58,088][kospeech.utils][INFO] - Audio is None : ./dataset/kspon/data/kss/3/3_4341.wav
[2023-03-22 13:11:58,088][kospeech.utils][INFO] - ./dataset/kspon/data/kss
[2023-03-22 13:11:58,093][kospeech.utils][INFO] - Audio is None : ./dataset/kspon/data/kss/4/4_2258.wav
[2023-03-22 13:11:58,094][kospeech.utils][INFO] - ./dataset/kspon/data/kss
[2023-03-22 13:11:58,096][kospeech.utils][INFO] - Audio is None : ./dataset/kspon/data/kss/3/3_0376.wav
[2023-03-22 13:11:58,096][kospeech.utils][INFO] - ./dataset/kspon/data/kss
[2023-03-22 13:11:58,097][kospeech.utils][INFO] - Audio is None : ./dataset/kspon/data/kss/4/4_0900.wav
[2023-03-22 13:11:58,097][kospeech.utils][INFO] - ./dataset/kspon/data/kss
[2023-03-22 13:11:58,099][kospeech.utils][INFO] - Audio is None : ./dataset/kspon/data/kss/4/4_0405.wav
[2023-03-22 13:11:58,099][kospeech.utils][INFO] - ./dataset/kspon/data/kss
[2023-03-22 13:11:58,103][kospeech.utils][INFO] - Audio is None : ./dataset/kspon/data/kss/4/4_1495.wav
[2023-03-22 13:11:58,104][kospeech.utils][INFO] - ./dataset/kspon/data/kss
[2023-03-22 13:11:58,105][kospeech.utils][INFO] - Audio is None : ./dataset/kspon/data/kss/4/4_0353.wav
[2023-03-22 13:11:58,105][kospeech.utils][INFO] - ./dataset/kspon/data/kss
[2023-03-22 13:11:58,107][kospeech.utils][INFO] - Audio is None : ./dataset/kspon/data/kss/3/3_1660.wav
[2023-03-22 13:11:58,107][kospeech.utils][INFO] - ./dataset/kspon/data/kss
[2023-03-22 13:11:58,109][kospeech.utils][INFO] - Audio is None : ./dataset/kspon/data/kss/3/3_1081.wav
[2023-03-22 13:11:58,109][kospeech.utils][INFO] - ./dataset/kspon/data/kss
[2023-03-22 13:11:58,113][kospeech.utils][INFO] - Audio is None : ./dataset/kspon/data/kss/2/2_0919.wav
[2023-03-22 13:11:58,114][kospeech.utils][INFO] - ./dataset/kspon/data/kss
[2023-03-22 13:11:58,118][kospeech.utils][INFO] - Audio is None : ./dataset/kspon/data/kss/3/3_3973.wav
[2023-03-22 13:11:58,119][kospeech.utils][INFO] - ./dataset/kspon/data/kss
[2023-03-22 13:11:58,121][kospeech.utils][INFO] - Audio is None : ./dataset/kspon/data/kss/3/3_4084.wav
[2023-03-22 13:11:58,122][kospeech.utils][INFO] - ./dataset/kspon/data/kss
[2023-03-22 13:11:58,122][kospeech.utils][INFO] - Audio is None : ./dataset/kspon/data/kss/2/2_0674.wav
[2023-03-22 13:11:58,123][kospeech.utils][INFO] - ./dataset/kspon/data/kss
[2023-03-22 13:11:58,127][kospeech.utils][INFO] - Audio is None : ./dataset/kspon/data/kss/4/4_2554.wav
[2023-03-22 13:11:58,127][kospeech.utils][INFO] - ./dataset/kspon/data/kss
[2023-03-22 13:11:58,131][kospeech.utils][INFO] - Audio is None : ./dataset/kspon/data/kss/3/3_3171.wav
[2023-03-22 13:11:58,131][kospeech.utils][INFO] - Audio is None : ./dataset/kspon/data/kss/4/4_3099.wav
[2023-03-22 13:11:58,131][kospeech.utils][INFO] - Audio is None : ./dataset/kspon/data/kss/2/2_1062.wav
[2023-03-22 13:11:58,132][kospeech.utils][INFO] - ./dataset/kspon/data/kss
[2023-03-22 13:11:58,132][kospeech.utils][INFO] - ./dataset/kspon/data/kss
[2023-03-22 13:11:58,132][kospeech.utils][INFO] - ./dataset/kspon/data/kss
[2023-03-22 13:11:58,133][kospeech.utils][INFO] - Audio is None : ./dataset/kspon/data/kss/3/3_4804.wav
[2023-03-22 13:11:58,134][kospeech.utils][INFO] - ./dataset/kspon/data/kss
[2023-03-22 13:11:58,138][kospeech.utils][INFO] - Audio is None : ./dataset/kspon/data/kss/3/3_0635.wav
[2023-03-22 13:11:58,138][kospeech.utils][INFO] - ./dataset/kspon/data/kss
[2023-03-22 13:11:58,144][kospeech.utils][INFO] - Audio is None : ./dataset/kspon/data/kss/3/3_3125.wav
[2023-03-22 13:11:58,144][kospeech.utils][INFO] - ./dataset/kspon/data/kss
[2023-03-22 13:11:58,145][kospeech.utils][INFO] - Audio is None : ./dataset/kspon/data/kss/4/4_3526.wav
[2023-03-22 13:11:58,146][kospeech.utils][INFO] - ./dataset/kspon/data/kss
[2023-03-22 13:11:58,148][kospeech.utils][INFO] - Audio is None : ./dataset/kspon/data/kss/4/4_0110.wav
[2023-03-22 13:11:58,148][kospeech.utils][INFO] - ./dataset/kspon/data/kss
[2023-03-22 13:11:58,152][kospeech.utils][INFO] - Audio is None : ./dataset/kspon/data/kss/4/4_4415.wav
[2023-03-22 13:11:58,152][kospeech.utils][INFO] - ./dataset/kspon/data/kss
[2023-03-22 13:11:58,155][kospeech.utils][INFO] - Audio is None : ./dataset/kspon/data/kss/4/4_3255.wav
[2023-03-22 13:11:58,156][kospeech.utils][INFO] - ./dataset/kspon/data/kss
[2023-03-22 13:11:58,157][kospeech.utils][INFO] - Audio is None : ./dataset/kspon/data/kss/3/3_4875.wav
[2023-03-22 13:11:58,157][kospeech.utils][INFO] - ./dataset/kspon/data/kss
[2023-03-22 13:11:58,158][kospeech.utils][INFO] - Audio is None : ./dataset/kspon/data/kss/4/4_2418.wav
[2023-03-22 13:11:58,159][kospeech.utils][INFO] - ./dataset/kspon/data/kss
[2023-03-22 13:11:58,160][kospeech.utils][INFO] - Audio is None : ./dataset/kspon/data/kss/3/3_0305.wav
[2023-03-22 13:11:58,161][kospeech.utils][INFO] - ./dataset/kspon/data/kss
[2023-03-22 13:11:58,166][kospeech.utils][INFO] - Audio is None : ./dataset/kspon/data/kss/4/4_1064.wav
[2023-03-22 13:11:58,166][kospeech.utils][INFO] - ./dataset/kspon/data/kss
[2023-03-22 13:11:58,168][kospeech.utils][INFO] - Audio is None : ./dataset/kspon/data/kss/4/4_3444.wav
[2023-03-22 13:11:58,168][kospeech.utils][INFO] - ./dataset/kspon/data/kss
[2023-03-22 13:11:58,170][kospeech.utils][INFO] - Audio is None : ./dataset/kspon/data/kss/3/3_0585.wav
[2023-03-22 13:11:58,170][kospeech.utils][INFO] - ./dataset/kspon/data/kss
[2023-03-22 13:11:58,172][kospeech.utils][INFO] - Audio is None : ./dataset/kspon/data/kss/3/3_4817.wav
[2023-03-22 13:11:58,172][kospeech.utils][INFO] - ./dataset/kspon/data/kss
[2023-03-22 13:11:58,176][kospeech.utils][INFO] - Audio is None : ./dataset/kspon/data/kss/2/2_1008.wav
[2023-03-22 13:11:58,177][kospeech.utils][INFO] - ./dataset/kspon/data/kss
[2023-03-22 13:11:58,180][kospeech.utils][INFO] - Audio is None : ./dataset/kspon/data/kss/2/2_0244.wav
[2023-03-22 13:11:58,180][kospeech.utils][INFO] - ./dataset/kspon/data/kss
[2023-03-22 13:11:58,182][kospeech.utils][INFO] - Audio is None : ./dataset/kspon/data/kss/3/3_2718.wav
[2023-03-22 13:11:58,183][kospeech.utils][INFO] - ./dataset/kspon/data/kss
[2023-03-22 13:11:58,185][kospeech.utils][INFO] - Audio is None : ./dataset/kspon/data/kss/4/4_3695.wav
[2023-03-22 13:11:58,185][kospeech.utils][INFO] - ./dataset/kspon/data/kss
[2023-03-22 13:11:58,189][kospeech.utils][INFO] - Audio is None : ./dataset/kspon/data/kss/3/3_0043.wav
[2023-03-22 13:11:58,189][kospeech.utils][INFO] - ./dataset/kspon/data/kss
[2023-03-22 13:11:58,191][kospeech.utils][INFO] - Audio is None : ./dataset/kspon/data/kss/4/4_2005.wav
[2023-03-22 13:11:58,191][kospeech.utils][INFO] - ./dataset/kspon/data/kss
[2023-03-22 13:11:58,193][kospeech.utils][INFO] - Audio is None : ./dataset/kspon/data/kss/3/3_3286.wav
[2023-03-22 13:11:58,193][kospeech.utils][INFO] - ./dataset/kspon/data/kss
[2023-03-22 13:11:58,195][kospeech.utils][INFO] - Audio is None : ./dataset/kspon/data/kss/4/4_1745.wav
[2023-03-22 13:11:58,196][kospeech.utils][INFO] - ./dataset/kspon/data/kss
[2023-03-22 13:11:58,197][kospeech.utils][INFO] - Audio is None : ./dataset/kspon/data/kss/3/3_1657.wav
[2023-03-22 13:11:58,197][kospeech.utils][INFO] - ./dataset/kspon/data/kss
[2023-03-22 13:11:58,200][kospeech.utils][INFO] - Audio is None : ./dataset/kspon/data/kss/4/4_3313.wav
[2023-03-22 13:11:58,200][kospeech.utils][INFO] - ./dataset/kspon/data/kss
[2023-03-22 13:11:58,202][kospeech.utils][INFO] - Audio is None : ./dataset/kspon/data/kss/4/4_0273.wav
[2023-03-22 13:11:58,203][kospeech.utils][INFO] - ./dataset/kspon/data/kss
[2023-03-22 13:11:58,206][kospeech.utils][INFO] - Audio is None : ./dataset/kspon/data/kss/3/3_0432.wav
[2023-03-22 13:11:58,206][kospeech.utils][INFO] - ./dataset/kspon/data/kss
[2023-03-22 13:11:58,211][kospeech.utils][INFO] - Audio is None : ./dataset/kspon/data/kss/3/3_4281.wav
[2023-03-22 13:11:58,212][kospeech.utils][INFO] - ./dataset/kspon/data/kss
[2023-03-22 13:11:58,214][kospeech.utils][INFO] - Audio is None : ./dataset/kspon/data/kss/4/4_4123.wav
[2023-03-22 13:11:58,215][kospeech.utils][INFO] - ./dataset/kspon/data/kss
[2023-03-22 13:11:58,216][kospeech.utils][INFO] - Audio is None : ./dataset/kspon/data/kss/4/4_0821.wav
[2023-03-22 13:11:58,216][kospeech.utils][INFO] - ./dataset/kspon/data/kss
[2023-03-22 13:11:58,219][kospeech.utils][INFO] - Audio is None : ./dataset/kspon/data/kss/4/4_0264.wav
[2023-03-22 13:11:58,220][kospeech.utils][INFO] - ./dataset/kspon/data/kss
[2023-03-22 13:11:58,225][kospeech.utils][INFO] - Audio is None : ./dataset/kspon/data/kss/4/4_4339.wav
[2023-03-22 13:11:58,226][kospeech.utils][INFO] - ./dataset/kspon/data/kss
[2023-03-22 13:11:58,228][kospeech.utils][INFO] - Audio is None : ./dataset/kspon/data/kss/4/4_0085.wav
[2023-03-22 13:11:58,229][kospeech.utils][INFO] - ./dataset/kspon/data/kss
[2023-03-22 13:11:58,228][kospeech.utils][INFO] - Audio is None : ./dataset/kspon/data/kss/2/2_1081.wav
[2023-03-22 13:11:58,233][kospeech.utils][INFO] - ./dataset/kspon/data/kss
[2023-03-22 13:11:58,238][kospeech.utils][INFO] - Audio is None : ./dataset/kspon/data/kss/3/3_2310.wav
[2023-03-22 13:11:58,239][kospeech.utils][INFO] - Audio is None : ./dataset/kspon/data/kss/4/4_1509.wav
[2023-03-22 13:11:58,239][kospeech.utils][INFO] - ./dataset/kspon/data/kss
[2023-03-22 13:11:58,240][kospeech.utils][INFO] - ./dataset/kspon/data/kss
[2023-03-22 13:11:58,253][kospeech.utils][INFO] - Audio is None : ./dataset/kspon/data/kss/4/4_2356.wav
[2023-03-22 13:11:58,254][kospeech.utils][INFO] - ./dataset/kspon/data/kss
[2023-03-22 13:11:58,254][kospeech.utils][INFO] - Audio is None : ./dataset/kspon/data/kss/3/3_3409.wav
[2023-03-22 13:11:58,255][kospeech.utils][INFO] - ./dataset/kspon/data/kss
[2023-03-22 13:11:58,259][kospeech.utils][INFO] - Audio is None : ./dataset/kspon/data/kss/4/4_3985.wav
[2023-03-22 13:11:58,259][kospeech.utils][INFO] - Audio is None : ./dataset/kspon/data/kss/3/3_0330.wav
[2023-03-22 13:11:58,259][kospeech.utils][INFO] - ./dataset/kspon/data/kss
[2023-03-22 13:11:58,260][kospeech.utils][INFO] - ./dataset/kspon/data/kss
[2023-03-22 13:11:58,264][kospeech.utils][INFO] - Audio is None : ./dataset/kspon/data/kss/4/4_1721.wav
[2023-03-22 13:11:58,264][kospeech.utils][INFO] - ./dataset/kspon/data/kss
[2023-03-22 13:11:58,266][kospeech.utils][INFO] - Audio is None : ./dataset/kspon/data/kss/1/1_1038.wav
[2023-03-22 13:11:58,267][kospeech.utils][INFO] - ./dataset/kspon/data/kss
[2023-03-22 13:11:58,268][kospeech.utils][INFO] - Audio is None : ./dataset/kspon/data/kss/3/3_0240.wav
[2023-03-22 13:11:58,268][kospeech.utils][INFO] - ./dataset/kspon/data/kss
[2023-03-22 13:11:58,270][kospeech.utils][INFO] - Audio is None : ./dataset/kspon/data/kss/3/3_1591.wav
[2023-03-22 13:11:58,270][kospeech.utils][INFO] - ./dataset/kspon/data/kss
[2023-03-22 13:11:58,273][kospeech.utils][INFO] - Audio is None : ./dataset/kspon/data/kss/4/4_2701.wav
[2023-03-22 13:11:58,274][kospeech.utils][INFO] - ./dataset/kspon/data/kss
[2023-03-22 13:11:58,275][kospeech.utils][INFO] - Audio is None : ./dataset/kspon/data/kss/1/1_0851.wav
[2023-03-22 13:11:58,276][kospeech.utils][INFO] - ./dataset/kspon/data/kss
[2023-03-22 13:11:58,858][kospeech.utils][INFO] - save checkpoints
C:\Users\SSAFY\Desktop\Speech\gitstt\BE\KoreanSTT\outputs\2023-03-22\13-11-54\2023_03_22_13_11_58-trainer_states.pt
C:\Users\SSAFY\Desktop\Speech\gitstt\BE\KoreanSTT\outputs\2023-03-22\13-11-54\2023_03_22_13_11_58-model.pt
[2023-03-22 13:11:58,859][kospeech.utils][INFO] - train() completed
[2023-03-22 13:11:58,860][kospeech.utils][INFO] - 0
