[2023-03-21 13:59:19,518][kospeech.utils][INFO] - audio:
  audio_extension: wav
  sample_rate: 16000
  frame_length: 20
  frame_shift: 10
  normalize: true
  del_silence: true
  feature_extract_by: kaldi
  time_mask_num: 4
  freq_mask_num: 2
  spec_augment: true
  input_reverse: false
  transform_method: fbank
  n_mels: 80
  freq_mask_para: 18
model:
  architecture: deepspeech2
  teacher_forcing_ratio: 1.0
  teacher_forcing_step: 0.0
  min_teacher_forcing_ratio: 1.0
  dropout: 0.3
  bidirectional: false
  joint_ctc_attention: false
  max_len: 400
  use_bidirectional: true
  rnn_type: gru
  hidden_dim: 1024
  activation: hardtanh
  num_encoder_layers: 3
train:
  dataset: kspon
  dataset_path: C:\Users\SSAFY\Desktop\Speech\KoreanSTT\dataset\kspon\data
  transcripts_path: ../../../data/transcripts.txt
  output_unit: character
  batch_size: 32
  save_result_every: 100
  checkpoint_every: 100
  print_every: 10
  mode: train
  num_workers: 4
  use_cuda: true
  num_threads: 2
  init_lr_scale: 0.01
  final_lr_scale: 0.05
  max_grad_norm: 400
  weight_decay: 1.0e-05
  total_steps: 200000
  seed: 777
  resume: false
  optimizer: adam
  init_lr: 1.0e-06
  final_lr: 1.0e-06
  peak_lr: 0.0001
  warmup_steps: 400
  num_epochs: 20
  reduction: mean
  lr_scheduler: tri_stage_lr_scheduler

[2023-03-21 13:59:19,529][kospeech.utils][INFO] - Operating System : Windows 10
[2023-03-21 13:59:19,530][kospeech.utils][INFO] - Processor : Intel64 Family 6 Model 158 Stepping 10, GenuineIntel
[2023-03-21 13:59:19,530][kospeech.utils][INFO] - CUDA is available : False
[2023-03-21 13:59:19,531][kospeech.utils][INFO] - PyTorch version : 1.10.0+cpu
[2023-03-21 13:59:19,567][kospeech.utils][INFO] - split dataset start !!
[2023-03-21 13:59:19,636][kospeech.utils][INFO] - Applying Spec Augmentation...
[2023-03-21 13:59:19,691][kospeech.utils][INFO] - Applying Spec Augmentation...
[2023-03-21 13:59:19,698][kospeech.utils][INFO] - Applying Spec Augmentation...
[2023-03-21 13:59:19,705][kospeech.utils][INFO] - Applying Spec Augmentation...
[2023-03-21 13:59:19,714][kospeech.utils][INFO] - split dataset complete !!
[2023-03-21 13:59:20,002][kospeech.utils][INFO] - start
[2023-03-21 13:59:20,002][kospeech.utils][INFO] - Epoch 0 start
[2023-03-21 13:59:20,048][kospeech.utils][INFO] - Audio is None : C:\Users\SSAFY\Desktop\Speech\KoreanSTT\dataset\kspon\data\3/3_4488.wav
[2023-03-21 13:59:20,050][kospeech.utils][INFO] - Audio is None : C:\Users\SSAFY\Desktop\Speech\KoreanSTT\dataset\kspon\data\1/1_0336.wav
[2023-03-21 13:59:20,052][kospeech.utils][INFO] - Audio is None : C:\Users\SSAFY\Desktop\Speech\KoreanSTT\dataset\kspon\data\3/3_0742.wav
[2023-03-21 13:59:20,052][kospeech.utils][INFO] - Audio is None : C:\Users\SSAFY\Desktop\Speech\KoreanSTT\dataset\kspon\data\2/2_1073.wav
[2023-03-21 13:59:20,064][kospeech.utils][INFO] - Audio is None : C:\Users\SSAFY\Desktop\Speech\KoreanSTT\dataset\kspon\data\3/3_1509.wav
[2023-03-21 13:59:20,065][kospeech.utils][INFO] - Audio is None : C:\Users\SSAFY\Desktop\Speech\KoreanSTT\dataset\kspon\data\2/2_0938.wav
[2023-03-21 13:59:20,067][kospeech.utils][INFO] - Audio is None : C:\Users\SSAFY\Desktop\Speech\KoreanSTT\dataset\kspon\data\4/4_0272.wav
[2023-03-21 13:59:20,068][kospeech.utils][INFO] - Audio is None : C:\Users\SSAFY\Desktop\Speech\KoreanSTT\dataset\kspon\data\3/3_2940.wav
[2023-03-21 13:59:20,076][kospeech.utils][INFO] - Audio is None : C:\Users\SSAFY\Desktop\Speech\KoreanSTT\dataset\kspon\data\4/4_1978.wav
[2023-03-21 13:59:20,078][kospeech.utils][INFO] - Audio is None : C:\Users\SSAFY\Desktop\Speech\KoreanSTT\dataset\kspon\data\1/1_0381.wav
[2023-03-21 13:59:20,080][kospeech.utils][INFO] - Audio is None : C:\Users\SSAFY\Desktop\Speech\KoreanSTT\dataset\kspon\data\3/3_1734.wav
[2023-03-21 13:59:20,081][kospeech.utils][INFO] - Audio is None : C:\Users\SSAFY\Desktop\Speech\KoreanSTT\dataset\kspon\data\1/1_0457.wav
[2023-03-21 13:59:20,092][kospeech.utils][INFO] - Audio is None : C:\Users\SSAFY\Desktop\Speech\KoreanSTT\dataset\kspon\data\4/4_1945.wav
[2023-03-21 13:59:20,092][kospeech.utils][INFO] - Audio is None : C:\Users\SSAFY\Desktop\Speech\KoreanSTT\dataset\kspon\data\3/3_4496.wav
[2023-03-21 13:59:20,094][kospeech.utils][INFO] - Audio is None : C:\Users\SSAFY\Desktop\Speech\KoreanSTT\dataset\kspon\data\2/2_0517.wav
[2023-03-21 13:59:20,095][kospeech.utils][INFO] - Audio is None : C:\Users\SSAFY\Desktop\Speech\KoreanSTT\dataset\kspon\data\4/4_3305.wav
[2023-03-21 13:59:20,101][kospeech.utils][INFO] - Audio is None : C:\Users\SSAFY\Desktop\Speech\KoreanSTT\dataset\kspon\data\3/3_2141.wav
[2023-03-21 13:59:20,102][kospeech.utils][INFO] - Audio is None : C:\Users\SSAFY\Desktop\Speech\KoreanSTT\dataset\kspon\data\3/3_3182.wav
[2023-03-21 13:59:20,104][kospeech.utils][INFO] - Audio is None : C:\Users\SSAFY\Desktop\Speech\KoreanSTT\dataset\kspon\data\1/1_0614.wav
[2023-03-21 13:59:20,105][kospeech.utils][INFO] - Audio is None : C:\Users\SSAFY\Desktop\Speech\KoreanSTT\dataset\kspon\data\2/2_0772.wav
[2023-03-21 13:59:20,110][kospeech.utils][INFO] - Audio is None : C:\Users\SSAFY\Desktop\Speech\KoreanSTT\dataset\kspon\data\2/2_0370.wav
[2023-03-21 13:59:20,114][kospeech.utils][INFO] - Audio is None : C:\Users\SSAFY\Desktop\Speech\KoreanSTT\dataset\kspon\data\2/2_0390.wav
[2023-03-21 13:59:20,115][kospeech.utils][INFO] - Audio is None : C:\Users\SSAFY\Desktop\Speech\KoreanSTT\dataset\kspon\data\3/3_1873.wav
[2023-03-21 13:59:20,117][kospeech.utils][INFO] - Audio is None : C:\Users\SSAFY\Desktop\Speech\KoreanSTT\dataset\kspon\data\4/4_4332.wav
[2023-03-21 13:59:20,122][kospeech.utils][INFO] - Audio is None : C:\Users\SSAFY\Desktop\Speech\KoreanSTT\dataset\kspon\data\3/3_3633.wav
[2023-03-21 13:59:20,124][kospeech.utils][INFO] - Audio is None : C:\Users\SSAFY\Desktop\Speech\KoreanSTT\dataset\kspon\data\2/2_0279.wav
[2023-03-21 13:59:20,126][kospeech.utils][INFO] - Audio is None : C:\Users\SSAFY\Desktop\Speech\KoreanSTT\dataset\kspon\data\4/4_0088.wav
[2023-03-21 13:59:20,127][kospeech.utils][INFO] - Audio is None : C:\Users\SSAFY\Desktop\Speech\KoreanSTT\dataset\kspon\data\3/3_0036.wav
[2023-03-21 13:59:20,133][kospeech.utils][INFO] - Audio is None : C:\Users\SSAFY\Desktop\Speech\KoreanSTT\dataset\kspon\data\1/1_0785.wav
[2023-03-21 13:59:20,136][kospeech.utils][INFO] - Audio is None : C:\Users\SSAFY\Desktop\Speech\KoreanSTT\dataset\kspon\data\4/4_3575.wav
[2023-03-21 13:59:20,137][kospeech.utils][INFO] - Audio is None : C:\Users\SSAFY\Desktop\Speech\KoreanSTT\dataset\kspon\data\1/1_0977.wav
[2023-03-21 13:59:20,138][kospeech.utils][INFO] - Audio is None : C:\Users\SSAFY\Desktop\Speech\KoreanSTT\dataset\kspon\data\3/3_0865.wav
[2023-03-21 13:59:20,143][kospeech.utils][INFO] - Audio is None : C:\Users\SSAFY\Desktop\Speech\KoreanSTT\dataset\kspon\data\4/4_2260.wav
[2023-03-21 13:59:20,146][kospeech.utils][INFO] - Audio is None : C:\Users\SSAFY\Desktop\Speech\KoreanSTT\dataset\kspon\data\4/4_4172.wav
[2023-03-21 13:59:20,147][kospeech.utils][INFO] - Audio is None : C:\Users\SSAFY\Desktop\Speech\KoreanSTT\dataset\kspon\data\3/3_3776.wav
[2023-03-21 13:59:20,148][kospeech.utils][INFO] - Audio is None : C:\Users\SSAFY\Desktop\Speech\KoreanSTT\dataset\kspon\data\4/4_2145.wav
[2023-03-21 13:59:20,152][kospeech.utils][INFO] - Audio is None : C:\Users\SSAFY\Desktop\Speech\KoreanSTT\dataset\kspon\data\4/4_3120.wav
[2023-03-21 13:59:20,157][kospeech.utils][INFO] - Audio is None : C:\Users\SSAFY\Desktop\Speech\KoreanSTT\dataset\kspon\data\4/4_0790.wav
[2023-03-21 13:59:20,157][kospeech.utils][INFO] - Audio is None : C:\Users\SSAFY\Desktop\Speech\KoreanSTT\dataset\kspon\data\3/3_2248.wav
[2023-03-21 13:59:20,158][kospeech.utils][INFO] - Audio is None : C:\Users\SSAFY\Desktop\Speech\KoreanSTT\dataset\kspon\data\3/3_3689.wav
[2023-03-21 13:59:20,162][kospeech.utils][INFO] - Audio is None : C:\Users\SSAFY\Desktop\Speech\KoreanSTT\dataset\kspon\data\2/2_1066.wav
[2023-03-21 13:59:20,167][kospeech.utils][INFO] - Audio is None : C:\Users\SSAFY\Desktop\Speech\KoreanSTT\dataset\kspon\data\3/3_3332.wav
[2023-03-21 13:59:20,168][kospeech.utils][INFO] - Audio is None : C:\Users\SSAFY\Desktop\Speech\KoreanSTT\dataset\kspon\data\3/3_3419.wav
[2023-03-21 13:59:20,168][kospeech.utils][INFO] - Audio is None : C:\Users\SSAFY\Desktop\Speech\KoreanSTT\dataset\kspon\data\1/1_0394.wav
[2023-03-21 13:59:20,173][kospeech.utils][INFO] - Audio is None : C:\Users\SSAFY\Desktop\Speech\KoreanSTT\dataset\kspon\data\3/3_3540.wav
[2023-03-21 13:59:20,177][kospeech.utils][INFO] - Audio is None : C:\Users\SSAFY\Desktop\Speech\KoreanSTT\dataset\kspon\data\2/2_0177.wav
[2023-03-21 13:59:20,178][kospeech.utils][INFO] - Audio is None : C:\Users\SSAFY\Desktop\Speech\KoreanSTT\dataset\kspon\data\2/2_1106.wav
[2023-03-21 13:59:20,179][kospeech.utils][INFO] - Audio is None : C:\Users\SSAFY\Desktop\Speech\KoreanSTT\dataset\kspon\data\4/4_4778.wav
[2023-03-21 13:59:20,184][kospeech.utils][INFO] - Audio is None : C:\Users\SSAFY\Desktop\Speech\KoreanSTT\dataset\kspon\data\4/4_4658.wav
[2023-03-21 13:59:20,190][kospeech.utils][INFO] - Audio is None : C:\Users\SSAFY\Desktop\Speech\KoreanSTT\dataset\kspon\data\2/2_0582.wav
[2023-03-21 13:59:20,192][kospeech.utils][INFO] - Audio is None : C:\Users\SSAFY\Desktop\Speech\KoreanSTT\dataset\kspon\data\3/3_4229.wav
[2023-03-21 13:59:20,193][kospeech.utils][INFO] - Audio is None : C:\Users\SSAFY\Desktop\Speech\KoreanSTT\dataset\kspon\data\4/4_3680.wav
[2023-03-21 13:59:20,195][kospeech.utils][INFO] - Audio is None : C:\Users\SSAFY\Desktop\Speech\KoreanSTT\dataset\kspon\data\4/4_0704.wav
[2023-03-21 13:59:20,201][kospeech.utils][INFO] - Audio is None : C:\Users\SSAFY\Desktop\Speech\KoreanSTT\dataset\kspon\data\4/4_0446.wav
[2023-03-21 13:59:20,202][kospeech.utils][INFO] - Audio is None : C:\Users\SSAFY\Desktop\Speech\KoreanSTT\dataset\kspon\data\3/3_4750.wav
[2023-03-21 13:59:20,204][kospeech.utils][INFO] - Audio is None : C:\Users\SSAFY\Desktop\Speech\KoreanSTT\dataset\kspon\data\4/4_1099.wav
[2023-03-21 13:59:20,205][kospeech.utils][INFO] - Audio is None : C:\Users\SSAFY\Desktop\Speech\KoreanSTT\dataset\kspon\data\4/4_2770.wav
[2023-03-21 13:59:20,212][kospeech.utils][INFO] - Audio is None : C:\Users\SSAFY\Desktop\Speech\KoreanSTT\dataset\kspon\data\2/2_0877.wav
[2023-03-21 13:59:20,213][kospeech.utils][INFO] - Audio is None : C:\Users\SSAFY\Desktop\Speech\KoreanSTT\dataset\kspon\data\4/4_4654.wav
[2023-03-21 13:59:20,215][kospeech.utils][INFO] - Audio is None : C:\Users\SSAFY\Desktop\Speech\KoreanSTT\dataset\kspon\data\3/3_2203.wav
[2023-03-21 13:59:20,215][kospeech.utils][INFO] - Audio is None : C:\Users\SSAFY\Desktop\Speech\KoreanSTT\dataset\kspon\data\4/4_1460.wav
[2023-03-21 13:59:20,224][kospeech.utils][INFO] - Audio is None : C:\Users\SSAFY\Desktop\Speech\KoreanSTT\dataset\kspon\data\3/3_0874.wav
[2023-03-21 13:59:20,225][kospeech.utils][INFO] - Audio is None : C:\Users\SSAFY\Desktop\Speech\KoreanSTT\dataset\kspon\data\4/4_0774.wav
[2023-03-21 13:59:20,225][kospeech.utils][INFO] - Audio is None : C:\Users\SSAFY\Desktop\Speech\KoreanSTT\dataset\kspon\data\4/4_0503.wav
[2023-03-21 13:59:20,228][kospeech.utils][INFO] - Audio is None : C:\Users\SSAFY\Desktop\Speech\KoreanSTT\dataset\kspon\data\1/1_0174.wav
[2023-03-21 13:59:20,233][kospeech.utils][INFO] - Audio is None : C:\Users\SSAFY\Desktop\Speech\KoreanSTT\dataset\kspon\data\4/4_0431.wav
[2023-03-21 13:59:20,235][kospeech.utils][INFO] - Audio is None : C:\Users\SSAFY\Desktop\Speech\KoreanSTT\dataset\kspon\data\3/3_2841.wav
[2023-03-21 13:59:20,236][kospeech.utils][INFO] - Audio is None : C:\Users\SSAFY\Desktop\Speech\KoreanSTT\dataset\kspon\data\3/3_3966.wav
[2023-03-21 13:59:20,239][kospeech.utils][INFO] - Audio is None : C:\Users\SSAFY\Desktop\Speech\KoreanSTT\dataset\kspon\data\3/3_1072.wav
[2023-03-21 13:59:20,245][kospeech.utils][INFO] - Audio is None : C:\Users\SSAFY\Desktop\Speech\KoreanSTT\dataset\kspon\data\3/3_0522.wav
[2023-03-21 13:59:20,246][kospeech.utils][INFO] - Audio is None : C:\Users\SSAFY\Desktop\Speech\KoreanSTT\dataset\kspon\data\3/3_2447.wav
[2023-03-21 13:59:20,249][kospeech.utils][INFO] - Audio is None : C:\Users\SSAFY\Desktop\Speech\KoreanSTT\dataset\kspon\data\3/3_0710.wav
[2023-03-21 13:59:20,253][kospeech.utils][INFO] - Audio is None : C:\Users\SSAFY\Desktop\Speech\KoreanSTT\dataset\kspon\data\4/4_4401.wav
[2023-03-21 13:59:20,257][kospeech.utils][INFO] - Audio is None : C:\Users\SSAFY\Desktop\Speech\KoreanSTT\dataset\kspon\data\3/3_3029.wav
[2023-03-21 13:59:20,259][kospeech.utils][INFO] - Audio is None : C:\Users\SSAFY\Desktop\Speech\KoreanSTT\dataset\kspon\data\4/4_1724.wav
[2023-03-21 13:59:20,261][kospeech.utils][INFO] - Audio is None : C:\Users\SSAFY\Desktop\Speech\KoreanSTT\dataset\kspon\data\2/2_0643.wav
[2023-03-21 13:59:20,265][kospeech.utils][INFO] - Audio is None : C:\Users\SSAFY\Desktop\Speech\KoreanSTT\dataset\kspon\data\3/3_1781.wav
[2023-03-21 13:59:20,270][kospeech.utils][INFO] - Audio is None : C:\Users\SSAFY\Desktop\Speech\KoreanSTT\dataset\kspon\data\2/2_0065.wav
[2023-03-21 13:59:20,271][kospeech.utils][INFO] - Audio is None : C:\Users\SSAFY\Desktop\Speech\KoreanSTT\dataset\kspon\data\3/3_2886.wav
[2023-03-21 13:59:20,273][kospeech.utils][INFO] - Audio is None : C:\Users\SSAFY\Desktop\Speech\KoreanSTT\dataset\kspon\data\4/4_4260.wav
[2023-03-21 13:59:20,277][kospeech.utils][INFO] - Audio is None : C:\Users\SSAFY\Desktop\Speech\KoreanSTT\dataset\kspon\data\4/4_4277.wav
[2023-03-21 13:59:20,284][kospeech.utils][INFO] - Audio is None : C:\Users\SSAFY\Desktop\Speech\KoreanSTT\dataset\kspon\data\4/4_3777.wav
[2023-03-21 13:59:20,285][kospeech.utils][INFO] - Audio is None : C:\Users\SSAFY\Desktop\Speech\KoreanSTT\dataset\kspon\data\4/4_4283.wav
[2023-03-21 13:59:20,287][kospeech.utils][INFO] - Audio is None : C:\Users\SSAFY\Desktop\Speech\KoreanSTT\dataset\kspon\data\3/3_1292.wav
[2023-03-21 13:59:20,288][kospeech.utils][INFO] - Audio is None : C:\Users\SSAFY\Desktop\Speech\KoreanSTT\dataset\kspon\data\3/3_2306.wav
[2023-03-21 13:59:20,298][kospeech.utils][INFO] - Audio is None : C:\Users\SSAFY\Desktop\Speech\KoreanSTT\dataset\kspon\data\3/3_3953.wav
[2023-03-21 13:59:20,300][kospeech.utils][INFO] - Audio is None : C:\Users\SSAFY\Desktop\Speech\KoreanSTT\dataset\kspon\data\3/3_1277.wav
[2023-03-21 13:59:20,303][kospeech.utils][INFO] - Audio is None : C:\Users\SSAFY\Desktop\Speech\KoreanSTT\dataset\kspon\data\4/4_0019.wav
[2023-03-21 13:59:20,304][kospeech.utils][INFO] - Audio is None : C:\Users\SSAFY\Desktop\Speech\KoreanSTT\dataset\kspon\data\4/4_0158.wav
[2023-03-21 13:59:20,314][kospeech.utils][INFO] - Audio is None : C:\Users\SSAFY\Desktop\Speech\KoreanSTT\dataset\kspon\data\3/3_0543.wav
[2023-03-21 13:59:20,314][kospeech.utils][INFO] - Audio is None : C:\Users\SSAFY\Desktop\Speech\KoreanSTT\dataset\kspon\data\3/3_2146.wav
[2023-03-21 13:59:20,316][kospeech.utils][INFO] - Audio is None : C:\Users\SSAFY\Desktop\Speech\KoreanSTT\dataset\kspon\data\2/2_0723.wav
[2023-03-21 13:59:20,318][kospeech.utils][INFO] - Audio is None : C:\Users\SSAFY\Desktop\Speech\KoreanSTT\dataset\kspon\data\3/3_1210.wav
[2023-03-21 13:59:20,325][kospeech.utils][INFO] - Audio is None : C:\Users\SSAFY\Desktop\Speech\KoreanSTT\dataset\kspon\data\4/4_1973.wav
[2023-03-21 13:59:20,327][kospeech.utils][INFO] - Audio is None : C:\Users\SSAFY\Desktop\Speech\KoreanSTT\dataset\kspon\data\3/3_3345.wav
[2023-03-21 13:59:20,329][kospeech.utils][INFO] - Audio is None : C:\Users\SSAFY\Desktop\Speech\KoreanSTT\dataset\kspon\data\4/4_0156.wav
[2023-03-21 13:59:20,330][kospeech.utils][INFO] - Audio is None : C:\Users\SSAFY\Desktop\Speech\KoreanSTT\dataset\kspon\data\4/4_3197.wav
[2023-03-21 13:59:20,338][kospeech.utils][INFO] - Audio is None : C:\Users\SSAFY\Desktop\Speech\KoreanSTT\dataset\kspon\data\3/3_0764.wav
[2023-03-21 13:59:20,340][kospeech.utils][INFO] - Audio is None : C:\Users\SSAFY\Desktop\Speech\KoreanSTT\dataset\kspon\data\4/4_2280.wav
[2023-03-21 13:59:20,342][kospeech.utils][INFO] - Audio is None : C:\Users\SSAFY\Desktop\Speech\KoreanSTT\dataset\kspon\data\3/3_4598.wav
[2023-03-21 13:59:20,343][kospeech.utils][INFO] - Audio is None : C:\Users\SSAFY\Desktop\Speech\KoreanSTT\dataset\kspon\data\2/2_0094.wav
[2023-03-21 13:59:20,350][kospeech.utils][INFO] - Audio is None : C:\Users\SSAFY\Desktop\Speech\KoreanSTT\dataset\kspon\data\1/1_0233.wav
[2023-03-21 13:59:20,354][kospeech.utils][INFO] - Audio is None : C:\Users\SSAFY\Desktop\Speech\KoreanSTT\dataset\kspon\data\3/3_3236.wav
[2023-03-21 13:59:20,355][kospeech.utils][INFO] - Audio is None : C:\Users\SSAFY\Desktop\Speech\KoreanSTT\dataset\kspon\data\3/3_3626.wav
[2023-03-21 13:59:20,356][kospeech.utils][INFO] - Audio is None : C:\Users\SSAFY\Desktop\Speech\KoreanSTT\dataset\kspon\data\4/4_0238.wav
[2023-03-21 13:59:20,361][kospeech.utils][INFO] - Audio is None : C:\Users\SSAFY\Desktop\Speech\KoreanSTT\dataset\kspon\data\4/4_2694.wav
[2023-03-21 13:59:20,365][kospeech.utils][INFO] - Audio is None : C:\Users\SSAFY\Desktop\Speech\KoreanSTT\dataset\kspon\data\4/4_1907.wav
[2023-03-21 13:59:20,367][kospeech.utils][INFO] - Audio is None : C:\Users\SSAFY\Desktop\Speech\KoreanSTT\dataset\kspon\data\3/3_2425.wav
[2023-03-21 13:59:20,368][kospeech.utils][INFO] - Audio is None : C:\Users\SSAFY\Desktop\Speech\KoreanSTT\dataset\kspon\data\3/3_1679.wav
[2023-03-21 13:59:20,372][kospeech.utils][INFO] - Audio is None : C:\Users\SSAFY\Desktop\Speech\KoreanSTT\dataset\kspon\data\2/2_0713.wav
[2023-03-21 13:59:20,378][kospeech.utils][INFO] - Audio is None : C:\Users\SSAFY\Desktop\Speech\KoreanSTT\dataset\kspon\data\3/3_3752.wav
[2023-03-21 13:59:20,380][kospeech.utils][INFO] - Audio is None : C:\Users\SSAFY\Desktop\Speech\KoreanSTT\dataset\kspon\data\3/3_3996.wav
[2023-03-21 13:59:20,381][kospeech.utils][INFO] - Audio is None : C:\Users\SSAFY\Desktop\Speech\KoreanSTT\dataset\kspon\data\3/3_1198.wav
[2023-03-21 13:59:20,383][kospeech.utils][INFO] - Audio is None : C:\Users\SSAFY\Desktop\Speech\KoreanSTT\dataset\kspon\data\3/3_3721.wav
[2023-03-21 13:59:20,389][kospeech.utils][INFO] - Audio is None : C:\Users\SSAFY\Desktop\Speech\KoreanSTT\dataset\kspon\data\3/3_4125.wav
[2023-03-21 13:59:20,393][kospeech.utils][INFO] - Audio is None : C:\Users\SSAFY\Desktop\Speech\KoreanSTT\dataset\kspon\data\2/2_0031.wav
[2023-03-21 13:59:20,393][kospeech.utils][INFO] - Audio is None : C:\Users\SSAFY\Desktop\Speech\KoreanSTT\dataset\kspon\data\3/3_0526.wav
[2023-03-21 13:59:20,396][kospeech.utils][INFO] - Audio is None : C:\Users\SSAFY\Desktop\Speech\KoreanSTT\dataset\kspon\data\4/4_0826.wav
[2023-03-21 13:59:20,402][kospeech.utils][INFO] - Audio is None : C:\Users\SSAFY\Desktop\Speech\KoreanSTT\dataset\kspon\data\4/4_3588.wav
[2023-03-21 13:59:20,405][kospeech.utils][INFO] - Audio is None : C:\Users\SSAFY\Desktop\Speech\KoreanSTT\dataset\kspon\data\3/3_3520.wav
[2023-03-21 13:59:20,407][kospeech.utils][INFO] - Audio is None : C:\Users\SSAFY\Desktop\Speech\KoreanSTT\dataset\kspon\data\2/2_0154.wav
[2023-03-21 13:59:20,408][kospeech.utils][INFO] - Audio is None : C:\Users\SSAFY\Desktop\Speech\KoreanSTT\dataset\kspon\data\4/4_1063.wav
[2023-03-21 13:59:20,414][kospeech.utils][INFO] - Audio is None : C:\Users\SSAFY\Desktop\Speech\KoreanSTT\dataset\kspon\data\3/3_1132.wav
[2023-03-21 13:59:20,416][kospeech.utils][INFO] - Audio is None : C:\Users\SSAFY\Desktop\Speech\KoreanSTT\dataset\kspon\data\4/4_4711.wav
[2023-03-21 13:59:20,417][kospeech.utils][INFO] - Audio is None : C:\Users\SSAFY\Desktop\Speech\KoreanSTT\dataset\kspon\data\4/4_2426.wav
[2023-03-21 13:59:20,422][kospeech.utils][INFO] - Audio is None : C:\Users\SSAFY\Desktop\Speech\KoreanSTT\dataset\kspon\data\2/2_0111.wav
[2023-03-21 13:59:20,424][kospeech.utils][INFO] - Audio is None : C:\Users\SSAFY\Desktop\Speech\KoreanSTT\dataset\kspon\data\4/4_0268.wav
[2023-03-21 13:59:20,425][kospeech.utils][INFO] - Audio is None : C:\Users\SSAFY\Desktop\Speech\KoreanSTT\dataset\kspon\data\4/4_4393.wav
[2023-03-21 13:59:20,866][kospeech.utils][INFO] - save checkpoints
C:\Users\SSAFY\Desktop\Speech\KoreanSTT\outputs\2023-03-21\13-59-19\2023_03_21_13_59_20-trainer_states.pt
C:\Users\SSAFY\Desktop\Speech\KoreanSTT\outputs\2023-03-21\13-59-19\2023_03_21_13_59_20-model.pt
[2023-03-21 13:59:20,867][kospeech.utils][INFO] - train() completed
[2023-03-21 13:59:20,867][kospeech.utils][INFO] - 0
