[2023-03-22 13:16:14,732][kospeech.utils][INFO] - audio:
  audio_extension: wav
  sample_rate: 16000
  frame_length: 20
  frame_shift: 10
  normalize: true
  del_silence: true
  feature_extract_by: kaldi
  time_mask_num: 4
  freq_mask_num: 2
  spec_augment: true
  input_reverse: false
  transform_method: fbank
  n_mels: 80
  freq_mask_para: 18
model:
  architecture: deepspeech2
  teacher_forcing_ratio: 1.0
  teacher_forcing_step: 0.0
  min_teacher_forcing_ratio: 1.0
  dropout: 0.3
  bidirectional: false
  joint_ctc_attention: false
  max_len: 400
  use_bidirectional: true
  rnn_type: gru
  hidden_dim: 1024
  activation: hardtanh
  num_encoder_layers: 3
train:
  dataset: kspon
  dataset_path: ./dataset/kspondata/kss
  transcripts_path: ../../../transcripts.txt
  output_unit: character
  batch_size: 32
  save_result_every: 100
  checkpoint_every: 100
  print_every: 10
  mode: train
  num_workers: 8
  use_cuda: true
  num_threads: 2
  init_lr_scale: 0.01
  final_lr_scale: 0.05
  max_grad_norm: 400
  weight_decay: 1.0e-05
  total_steps: 200000
  seed: 777
  resume: false
  optimizer: adam
  init_lr: 1.0e-06
  final_lr: 1.0e-06
  peak_lr: 0.0001
  warmup_steps: 400
  num_epochs: 8
  reduction: mean
  lr_scheduler: tri_stage_lr_scheduler

[2023-03-22 13:16:14,775][kospeech.utils][INFO] - Operating System : Windows 10
[2023-03-22 13:16:14,776][kospeech.utils][INFO] - Processor : Intel64 Family 6 Model 158 Stepping 10, GenuineIntel
[2023-03-22 13:16:14,777][kospeech.utils][INFO] - device : NVIDIA GeForce RTX 2060
[2023-03-22 13:16:14,777][kospeech.utils][INFO] - CUDA is available : True
[2023-03-22 13:16:14,778][kospeech.utils][INFO] - CUDA version : 11.8
[2023-03-22 13:16:14,778][kospeech.utils][INFO] - PyTorch version : 2.0.0+cu118
[2023-03-22 13:16:14,821][kospeech.utils][INFO] - split dataset start !!
[2023-03-22 13:16:14,936][kospeech.utils][INFO] - Applying Spec Augmentation...
[2023-03-22 13:16:14,938][kospeech.utils][INFO] - split dataset complete !!
[2023-03-22 13:16:17,419][kospeech.utils][INFO] - start
[2023-03-22 13:16:17,420][kospeech.utils][INFO] - Epoch 0 start
[2023-03-22 13:16:17,455][kospeech.utils][INFO] - Audio is None : ./dataset/kspondata/kss/4/4_0807.wav
[2023-03-22 13:16:17,455][kospeech.utils][INFO] - ./dataset/kspondata/kss\4/4_0807.wav
[2023-03-22 13:16:17,455][kospeech.utils][INFO] - Audio is None : ./dataset/kspondata/kss/1/1_0729.wav
[2023-03-22 13:16:17,456][kospeech.utils][INFO] - ./dataset/kspondata/kss\1/1_0729.wav
[2023-03-22 13:16:17,457][kospeech.utils][INFO] - Audio is None : ./dataset/kspondata/kss/3/3_1496.wav
[2023-03-22 13:16:17,457][kospeech.utils][INFO] - ./dataset/kspondata/kss\3/3_1496.wav
[2023-03-22 13:16:17,459][kospeech.utils][INFO] - Audio is None : ./dataset/kspondata/kss/4/4_2040.wav
[2023-03-22 13:16:17,460][kospeech.utils][INFO] - ./dataset/kspondata/kss\4/4_2040.wav
[2023-03-22 13:16:17,461][kospeech.utils][INFO] - Audio is None : ./dataset/kspondata/kss/3/3_3697.wav
[2023-03-22 13:16:17,461][kospeech.utils][INFO] - ./dataset/kspondata/kss\3/3_3697.wav
[2023-03-22 13:16:17,465][kospeech.utils][INFO] - Audio is None : ./dataset/kspondata/kss/3/3_4707.wav
[2023-03-22 13:16:17,466][kospeech.utils][INFO] - Audio is None : ./dataset/kspondata/kss/3/3_1664.wav
[2023-03-22 13:16:17,466][kospeech.utils][INFO] - ./dataset/kspondata/kss\3/3_4707.wav
[2023-03-22 13:16:17,466][kospeech.utils][INFO] - ./dataset/kspondata/kss\3/3_1664.wav
[2023-03-22 13:16:17,469][kospeech.utils][INFO] - Audio is None : ./dataset/kspondata/kss/4/4_3090.wav
[2023-03-22 13:16:17,469][kospeech.utils][INFO] - ./dataset/kspondata/kss\4/4_3090.wav
[2023-03-22 13:16:17,478][kospeech.utils][INFO] - Audio is None : ./dataset/kspondata/kss/4/4_3016.wav
[2023-03-22 13:16:17,479][kospeech.utils][INFO] - ./dataset/kspondata/kss\4/4_3016.wav
[2023-03-22 13:16:17,481][kospeech.utils][INFO] - Audio is None : ./dataset/kspondata/kss/2/2_0061.wav
[2023-03-22 13:16:17,482][kospeech.utils][INFO] - ./dataset/kspondata/kss\2/2_0061.wav
[2023-03-22 13:16:17,484][kospeech.utils][INFO] - Audio is None : ./dataset/kspondata/kss/3/3_1401.wav
[2023-03-22 13:16:17,484][kospeech.utils][INFO] - ./dataset/kspondata/kss\3/3_1401.wav
[2023-03-22 13:16:17,488][kospeech.utils][INFO] - Audio is None : ./dataset/kspondata/kss/3/3_3051.wav
[2023-03-22 13:16:17,488][kospeech.utils][INFO] - ./dataset/kspondata/kss\3/3_3051.wav
[2023-03-22 13:16:17,489][kospeech.utils][INFO] - Audio is None : ./dataset/kspondata/kss/2/2_0233.wav
[2023-03-22 13:16:17,490][kospeech.utils][INFO] - ./dataset/kspondata/kss\2/2_0233.wav
[2023-03-22 13:16:17,493][kospeech.utils][INFO] - Audio is None : ./dataset/kspondata/kss/3/3_4367.wav
[2023-03-22 13:16:17,493][kospeech.utils][INFO] - ./dataset/kspondata/kss\3/3_4367.wav
[2023-03-22 13:16:17,496][kospeech.utils][INFO] - Audio is None : ./dataset/kspondata/kss/1/1_0317.wav
[2023-03-22 13:16:17,497][kospeech.utils][INFO] - Audio is None : ./dataset/kspondata/kss/3/3_4310.wav
[2023-03-22 13:16:17,498][kospeech.utils][INFO] - ./dataset/kspondata/kss\1/1_0317.wav
[2023-03-22 13:16:17,498][kospeech.utils][INFO] - ./dataset/kspondata/kss\3/3_4310.wav
[2023-03-22 13:16:17,505][kospeech.utils][INFO] - Audio is None : ./dataset/kspondata/kss/3/3_1825.wav
[2023-03-22 13:16:17,506][kospeech.utils][INFO] - ./dataset/kspondata/kss\3/3_1825.wav
[2023-03-22 13:16:17,511][kospeech.utils][INFO] - Audio is None : ./dataset/kspondata/kss/3/3_0025.wav
[2023-03-22 13:16:17,512][kospeech.utils][INFO] - ./dataset/kspondata/kss\3/3_0025.wav
[2023-03-22 13:16:17,515][kospeech.utils][INFO] - Audio is None : ./dataset/kspondata/kss/4/4_3566.wav
[2023-03-22 13:16:17,515][kospeech.utils][INFO] - ./dataset/kspondata/kss\4/4_3566.wav
[2023-03-22 13:16:17,517][kospeech.utils][INFO] - Audio is None : ./dataset/kspondata/kss/4/4_4314.wav
[2023-03-22 13:16:17,518][kospeech.utils][INFO] - ./dataset/kspondata/kss\4/4_4314.wav
[2023-03-22 13:16:17,520][kospeech.utils][INFO] - Audio is None : ./dataset/kspondata/kss/3/3_4492.wav
[2023-03-22 13:16:17,520][kospeech.utils][INFO] - ./dataset/kspondata/kss\3/3_4492.wav
[2023-03-22 13:16:17,525][kospeech.utils][INFO] - Audio is None : ./dataset/kspondata/kss/3/3_1803.wav
[2023-03-22 13:16:17,525][kospeech.utils][INFO] - ./dataset/kspondata/kss\3/3_1803.wav
[2023-03-22 13:16:17,527][kospeech.utils][INFO] - Audio is None : ./dataset/kspondata/kss/3/3_3364.wav
[2023-03-22 13:16:17,527][kospeech.utils][INFO] - ./dataset/kspondata/kss\3/3_3364.wav
[2023-03-22 13:16:17,530][kospeech.utils][INFO] - Audio is None : ./dataset/kspondata/kss/3/3_2113.wav
[2023-03-22 13:16:17,531][kospeech.utils][INFO] - ./dataset/kspondata/kss\3/3_2113.wav
[2023-03-22 13:16:17,533][kospeech.utils][INFO] - Audio is None : ./dataset/kspondata/kss/4/4_4298.wav
[2023-03-22 13:16:17,533][kospeech.utils][INFO] - ./dataset/kspondata/kss\4/4_4298.wav
[2023-03-22 13:16:17,538][kospeech.utils][INFO] - Audio is None : ./dataset/kspondata/kss/4/4_2351.wav
[2023-03-22 13:16:17,538][kospeech.utils][INFO] - ./dataset/kspondata/kss\4/4_2351.wav
[2023-03-22 13:16:17,540][kospeech.utils][INFO] - Audio is None : ./dataset/kspondata/kss/3/3_4776.wav
[2023-03-22 13:16:17,540][kospeech.utils][INFO] - ./dataset/kspondata/kss\3/3_4776.wav
[2023-03-22 13:16:17,546][kospeech.utils][INFO] - Audio is None : ./dataset/kspondata/kss/3/3_1755.wav
[2023-03-22 13:16:17,546][kospeech.utils][INFO] - ./dataset/kspondata/kss\3/3_1755.wav
[2023-03-22 13:16:17,547][kospeech.utils][INFO] - Audio is None : ./dataset/kspondata/kss/4/4_1677.wav
[2023-03-22 13:16:17,548][kospeech.utils][INFO] - ./dataset/kspondata/kss\4/4_1677.wav
[2023-03-22 13:16:17,551][kospeech.utils][INFO] - Audio is None : ./dataset/kspondata/kss/4/4_0693.wav
[2023-03-22 13:16:17,552][kospeech.utils][INFO] - ./dataset/kspondata/kss\4/4_0693.wav
[2023-03-22 13:16:17,555][kospeech.utils][INFO] - Audio is None : ./dataset/kspondata/kss/3/3_3107.wav
[2023-03-22 13:16:17,556][kospeech.utils][INFO] - ./dataset/kspondata/kss\3/3_3107.wav
[2023-03-22 13:16:17,559][kospeech.utils][INFO] - Audio is None : ./dataset/kspondata/kss/3/3_0443.wav
[2023-03-22 13:16:17,559][kospeech.utils][INFO] - ./dataset/kspondata/kss\3/3_0443.wav
[2023-03-22 13:16:17,560][kospeech.utils][INFO] - Audio is None : ./dataset/kspondata/kss/4/4_1280.wav
[2023-03-22 13:16:17,561][kospeech.utils][INFO] - ./dataset/kspondata/kss\4/4_1280.wav
[2023-03-22 13:16:17,562][kospeech.utils][INFO] - Audio is None : ./dataset/kspondata/kss/2/2_0704.wav
[2023-03-22 13:16:17,563][kospeech.utils][INFO] - ./dataset/kspondata/kss\2/2_0704.wav
[2023-03-22 13:16:17,567][kospeech.utils][INFO] - Audio is None : ./dataset/kspondata/kss/3/3_0650.wav
[2023-03-22 13:16:17,567][kospeech.utils][INFO] - ./dataset/kspondata/kss\3/3_0650.wav
[2023-03-22 13:16:17,571][kospeech.utils][INFO] - Audio is None : ./dataset/kspondata/kss/4/4_3502.wav
[2023-03-22 13:16:17,571][kospeech.utils][INFO] - ./dataset/kspondata/kss\4/4_3502.wav
[2023-03-22 13:16:17,572][kospeech.utils][INFO] - Audio is None : ./dataset/kspondata/kss/4/4_0534.wav
[2023-03-22 13:16:17,572][kospeech.utils][INFO] - ./dataset/kspondata/kss\4/4_0534.wav
[2023-03-22 13:16:17,575][kospeech.utils][INFO] - Audio is None : ./dataset/kspondata/kss/1/1_0319.wav
[2023-03-22 13:16:17,575][kospeech.utils][INFO] - ./dataset/kspondata/kss\1/1_0319.wav
[2023-03-22 13:16:17,580][kospeech.utils][INFO] - Audio is None : ./dataset/kspondata/kss/3/3_2386.wav
[2023-03-22 13:16:17,581][kospeech.utils][INFO] - ./dataset/kspondata/kss\3/3_2386.wav
[2023-03-22 13:16:17,583][kospeech.utils][INFO] - Audio is None : ./dataset/kspondata/kss/3/3_0931.wav
[2023-03-22 13:16:17,584][kospeech.utils][INFO] - ./dataset/kspondata/kss\3/3_0931.wav
[2023-03-22 13:16:17,586][kospeech.utils][INFO] - Audio is None : ./dataset/kspondata/kss/4/4_3847.wav
[2023-03-22 13:16:17,586][kospeech.utils][INFO] - ./dataset/kspondata/kss\4/4_3847.wav
[2023-03-22 13:16:17,587][kospeech.utils][INFO] - Audio is None : ./dataset/kspondata/kss/3/3_0369.wav
[2023-03-22 13:16:17,588][kospeech.utils][INFO] - ./dataset/kspondata/kss\3/3_0369.wav
[2023-03-22 13:16:17,589][kospeech.utils][INFO] - Audio is None : ./dataset/kspondata/kss/4/4_4362.wav
[2023-03-22 13:16:17,589][kospeech.utils][INFO] - ./dataset/kspondata/kss\4/4_4362.wav
[2023-03-22 13:16:17,594][kospeech.utils][INFO] - Audio is None : ./dataset/kspondata/kss/4/4_2984.wav
[2023-03-22 13:16:17,595][kospeech.utils][INFO] - ./dataset/kspondata/kss\4/4_2984.wav
[2023-03-22 13:16:17,596][kospeech.utils][INFO] - Audio is None : ./dataset/kspondata/kss/4/4_2237.wav
[2023-03-22 13:16:17,597][kospeech.utils][INFO] - ./dataset/kspondata/kss\4/4_2237.wav
[2023-03-22 13:16:17,599][kospeech.utils][INFO] - Audio is None : ./dataset/kspondata/kss/3/3_3968.wav
[2023-03-22 13:16:17,599][kospeech.utils][INFO] - ./dataset/kspondata/kss\3/3_3968.wav
[2023-03-22 13:16:17,603][kospeech.utils][INFO] - Audio is None : ./dataset/kspondata/kss/3/3_0390.wav
[2023-03-22 13:16:17,603][kospeech.utils][INFO] - ./dataset/kspondata/kss\3/3_0390.wav
[2023-03-22 13:16:17,607][kospeech.utils][INFO] - Audio is None : ./dataset/kspondata/kss/3/3_1270.wav
[2023-03-22 13:16:17,607][kospeech.utils][INFO] - ./dataset/kspondata/kss\3/3_1270.wav
[2023-03-22 13:16:17,613][kospeech.utils][INFO] - Audio is None : ./dataset/kspondata/kss/3/3_2461.wav
[2023-03-22 13:16:17,613][kospeech.utils][INFO] - ./dataset/kspondata/kss\3/3_2461.wav
[2023-03-22 13:16:17,614][kospeech.utils][INFO] - Audio is None : ./dataset/kspondata/kss/4/4_2698.wav
[2023-03-22 13:16:17,614][kospeech.utils][INFO] - ./dataset/kspondata/kss\4/4_2698.wav
[2023-03-22 13:16:17,614][kospeech.utils][INFO] - Audio is None : ./dataset/kspondata/kss/1/1_0065.wav
[2023-03-22 13:16:17,615][kospeech.utils][INFO] - ./dataset/kspondata/kss\1/1_0065.wav
[2023-03-22 13:16:17,617][kospeech.utils][INFO] - Audio is None : ./dataset/kspondata/kss/3/3_1691.wav
[2023-03-22 13:16:17,617][kospeech.utils][INFO] - ./dataset/kspondata/kss\3/3_1691.wav
[2023-03-22 13:16:17,620][kospeech.utils][INFO] - Audio is None : ./dataset/kspondata/kss/4/4_2451.wav
[2023-03-22 13:16:17,620][kospeech.utils][INFO] - ./dataset/kspondata/kss\4/4_2451.wav
[2023-03-22 13:16:17,621][kospeech.utils][INFO] - Audio is None : ./dataset/kspondata/kss/4/4_0713.wav
[2023-03-22 13:16:17,622][kospeech.utils][INFO] - ./dataset/kspondata/kss\4/4_0713.wav
[2023-03-22 13:16:17,625][kospeech.utils][INFO] - Audio is None : ./dataset/kspondata/kss/3/3_0084.wav
[2023-03-22 13:16:17,625][kospeech.utils][INFO] - ./dataset/kspondata/kss\3/3_0084.wav
[2023-03-22 13:16:17,629][kospeech.utils][INFO] - Audio is None : ./dataset/kspondata/kss/3/3_4356.wav
[2023-03-22 13:16:17,630][kospeech.utils][INFO] - ./dataset/kspondata/kss\3/3_4356.wav
[2023-03-22 13:16:17,634][kospeech.utils][INFO] - Audio is None : ./dataset/kspondata/kss/3/3_0202.wav
[2023-03-22 13:16:17,635][kospeech.utils][INFO] - ./dataset/kspondata/kss\3/3_0202.wav
[2023-03-22 13:16:17,636][kospeech.utils][INFO] - Audio is None : ./dataset/kspondata/kss/3/3_4602.wav
[2023-03-22 13:16:17,637][kospeech.utils][INFO] - ./dataset/kspondata/kss\3/3_4602.wav
[2023-03-22 13:16:17,638][kospeech.utils][INFO] - Audio is None : ./dataset/kspondata/kss/3/3_0340.wav
[2023-03-22 13:16:17,639][kospeech.utils][INFO] - ./dataset/kspondata/kss\3/3_0340.wav
[2023-03-22 13:16:17,643][kospeech.utils][INFO] - Audio is None : ./dataset/kspondata/kss/2/2_0315.wav
[2023-03-22 13:16:17,644][kospeech.utils][INFO] - ./dataset/kspondata/kss\2/2_0315.wav
[2023-03-22 13:16:17,645][kospeech.utils][INFO] - Audio is None : ./dataset/kspondata/kss/3/3_1497.wav
[2023-03-22 13:16:17,645][kospeech.utils][INFO] - ./dataset/kspondata/kss\3/3_1497.wav
[2023-03-22 13:16:17,649][kospeech.utils][INFO] - Audio is None : ./dataset/kspondata/kss/4/4_1809.wav
[2023-03-22 13:16:17,649][kospeech.utils][INFO] - ./dataset/kspondata/kss\4/4_1809.wav
[2023-03-22 13:16:17,650][kospeech.utils][INFO] - Audio is None : ./dataset/kspondata/kss/4/4_1938.wav
[2023-03-22 13:16:17,650][kospeech.utils][INFO] - ./dataset/kspondata/kss\4/4_1938.wav
[2023-03-22 13:16:17,653][kospeech.utils][INFO] - Audio is None : ./dataset/kspondata/kss/4/4_4201.wav
[2023-03-22 13:16:17,654][kospeech.utils][INFO] - ./dataset/kspondata/kss\4/4_4201.wav
[2023-03-22 13:16:17,656][kospeech.utils][INFO] - Audio is None : ./dataset/kspondata/kss/4/4_0655.wav
[2023-03-22 13:16:17,656][kospeech.utils][INFO] - ./dataset/kspondata/kss\4/4_0655.wav
[2023-03-22 13:16:17,658][kospeech.utils][INFO] - Audio is None : ./dataset/kspondata/kss/3/3_3377.wav
[2023-03-22 13:16:17,659][kospeech.utils][INFO] - ./dataset/kspondata/kss\3/3_3377.wav
[2023-03-22 13:16:17,662][kospeech.utils][INFO] - Audio is None : ./dataset/kspondata/kss/3/3_0466.wav
[2023-03-22 13:16:17,662][kospeech.utils][INFO] - ./dataset/kspondata/kss\3/3_0466.wav
[2023-03-22 13:16:17,667][kospeech.utils][INFO] - Audio is None : ./dataset/kspondata/kss/4/4_4565.wav
[2023-03-22 13:16:17,668][kospeech.utils][INFO] - ./dataset/kspondata/kss\4/4_4565.wav
[2023-03-22 13:16:17,670][kospeech.utils][INFO] - Audio is None : ./dataset/kspondata/kss/1/1_0809.wav
[2023-03-22 13:16:17,671][kospeech.utils][INFO] - ./dataset/kspondata/kss\1/1_0809.wav
[2023-03-22 13:16:17,672][kospeech.utils][INFO] - Audio is None : ./dataset/kspondata/kss/1/1_0445.wav
[2023-03-22 13:16:17,672][kospeech.utils][INFO] - ./dataset/kspondata/kss\1/1_0445.wav
[2023-03-22 13:16:17,675][kospeech.utils][INFO] - Audio is None : ./dataset/kspondata/kss/3/3_3291.wav
[2023-03-22 13:16:17,676][kospeech.utils][INFO] - ./dataset/kspondata/kss\3/3_3291.wav
[2023-03-22 13:16:17,678][kospeech.utils][INFO] - Audio is None : ./dataset/kspondata/kss/4/4_2135.wav
[2023-03-22 13:16:17,678][kospeech.utils][INFO] - ./dataset/kspondata/kss\4/4_2135.wav
[2023-03-22 13:16:17,680][kospeech.utils][INFO] - Audio is None : ./dataset/kspondata/kss/4/4_1631.wav
[2023-03-22 13:16:17,680][kospeech.utils][INFO] - ./dataset/kspondata/kss\4/4_1631.wav
[2023-03-22 13:16:17,681][kospeech.utils][INFO] - Audio is None : ./dataset/kspondata/kss/3/3_0618.wav
[2023-03-22 13:16:17,682][kospeech.utils][INFO] - ./dataset/kspondata/kss\3/3_0618.wav
[2023-03-22 13:16:17,682][kospeech.utils][INFO] - Audio is None : ./dataset/kspondata/kss/3/3_3333.wav
[2023-03-22 13:16:17,683][kospeech.utils][INFO] - ./dataset/kspondata/kss\3/3_3333.wav
[2023-03-22 13:16:17,689][kospeech.utils][INFO] - Audio is None : ./dataset/kspondata/kss/3/3_2524.wav
[2023-03-22 13:16:17,690][kospeech.utils][INFO] - ./dataset/kspondata/kss\3/3_2524.wav
[2023-03-22 13:16:17,692][kospeech.utils][INFO] - Audio is None : ./dataset/kspondata/kss/4/4_1122.wav
[2023-03-22 13:16:17,693][kospeech.utils][INFO] - ./dataset/kspondata/kss\4/4_1122.wav
[2023-03-22 13:16:17,696][kospeech.utils][INFO] - Audio is None : ./dataset/kspondata/kss/4/4_1177.wav
[2023-03-22 13:16:17,696][kospeech.utils][INFO] - ./dataset/kspondata/kss\4/4_1177.wav
[2023-03-22 13:16:17,697][kospeech.utils][INFO] - Audio is None : ./dataset/kspondata/kss/4/4_2203.wav
[2023-03-22 13:16:17,698][kospeech.utils][INFO] - ./dataset/kspondata/kss\4/4_2203.wav
[2023-03-22 13:16:17,700][kospeech.utils][INFO] - Audio is None : ./dataset/kspondata/kss/4/4_0417.wav
[2023-03-22 13:16:17,700][kospeech.utils][INFO] - ./dataset/kspondata/kss\4/4_0417.wav
[2023-03-22 13:16:17,702][kospeech.utils][INFO] - Audio is None : ./dataset/kspondata/kss/2/2_0151.wav
[2023-03-22 13:16:17,703][kospeech.utils][INFO] - ./dataset/kspondata/kss\2/2_0151.wav
[2023-03-22 13:16:17,707][kospeech.utils][INFO] - Audio is None : ./dataset/kspondata/kss/3/3_4302.wav
[2023-03-22 13:16:17,707][kospeech.utils][INFO] - ./dataset/kspondata/kss\3/3_4302.wav
[2023-03-22 13:16:17,710][kospeech.utils][INFO] - Audio is None : ./dataset/kspondata/kss/3/3_4450.wav
[2023-03-22 13:16:17,711][kospeech.utils][INFO] - ./dataset/kspondata/kss\3/3_4450.wav
[2023-03-22 13:16:17,711][kospeech.utils][INFO] - Audio is None : ./dataset/kspondata/kss/4/4_0751.wav
[2023-03-22 13:16:17,712][kospeech.utils][INFO] - ./dataset/kspondata/kss\4/4_0751.wav
[2023-03-22 13:16:17,717][kospeech.utils][INFO] - Audio is None : ./dataset/kspondata/kss/3/3_0068.wav
[2023-03-22 13:16:17,717][kospeech.utils][INFO] - ./dataset/kspondata/kss\3/3_0068.wav
[2023-03-22 13:16:17,719][kospeech.utils][INFO] - Audio is None : ./dataset/kspondata/kss/3/3_2551.wav
[2023-03-22 13:16:17,719][kospeech.utils][INFO] - ./dataset/kspondata/kss\3/3_2551.wav
[2023-03-22 13:16:17,723][kospeech.utils][INFO] - Audio is None : ./dataset/kspondata/kss/3/3_0262.wav
[2023-03-22 13:16:17,724][kospeech.utils][INFO] - ./dataset/kspondata/kss\3/3_0262.wav
[2023-03-22 13:16:17,724][kospeech.utils][INFO] - Audio is None : ./dataset/kspondata/kss/1/1_0108.wav
[2023-03-22 13:16:17,725][kospeech.utils][INFO] - ./dataset/kspondata/kss\1/1_0108.wav
[2023-03-22 13:16:17,728][kospeech.utils][INFO] - Audio is None : ./dataset/kspondata/kss/4/4_4021.wav
[2023-03-22 13:16:17,728][kospeech.utils][INFO] - ./dataset/kspondata/kss\4/4_4021.wav
[2023-03-22 13:16:17,733][kospeech.utils][INFO] - Audio is None : ./dataset/kspondata/kss/4/4_4294.wav
[2023-03-22 13:16:17,735][kospeech.utils][INFO] - Audio is None : ./dataset/kspondata/kss/3/3_2647.wav
[2023-03-22 13:16:17,735][kospeech.utils][INFO] - ./dataset/kspondata/kss\4/4_4294.wav
[2023-03-22 13:16:17,736][kospeech.utils][INFO] - ./dataset/kspondata/kss\3/3_2647.wav
[2023-03-22 13:16:17,743][kospeech.utils][INFO] - Audio is None : ./dataset/kspondata/kss/1/1_0115.wav
[2023-03-22 13:16:17,744][kospeech.utils][INFO] - ./dataset/kspondata/kss\1/1_0115.wav
[2023-03-22 13:16:17,752][kospeech.utils][INFO] - Audio is None : ./dataset/kspondata/kss/4/4_4447.wav
[2023-03-22 13:16:17,753][kospeech.utils][INFO] - ./dataset/kspondata/kss\4/4_4447.wav
[2023-03-22 13:16:17,761][kospeech.utils][INFO] - Audio is None : ./dataset/kspondata/kss/4/4_3663.wav
[2023-03-22 13:16:17,761][kospeech.utils][INFO] - ./dataset/kspondata/kss\4/4_3663.wav
[2023-03-22 13:16:17,762][kospeech.utils][INFO] - Audio is None : ./dataset/kspondata/kss/2/2_0873.wav
[2023-03-22 13:16:17,763][kospeech.utils][INFO] - ./dataset/kspondata/kss\2/2_0873.wav
[2023-03-22 13:16:17,764][kospeech.utils][INFO] - Audio is None : ./dataset/kspondata/kss/3/3_3117.wav
[2023-03-22 13:16:17,765][kospeech.utils][INFO] - ./dataset/kspondata/kss\3/3_3117.wav
[2023-03-22 13:16:17,768][kospeech.utils][INFO] - Audio is None : ./dataset/kspondata/kss/4/4_2484.wav
[2023-03-22 13:16:17,769][kospeech.utils][INFO] - ./dataset/kspondata/kss\4/4_2484.wav
[2023-03-22 13:16:17,773][kospeech.utils][INFO] - Audio is None : ./dataset/kspondata/kss/3/3_2746.wav
[2023-03-22 13:16:17,774][kospeech.utils][INFO] - ./dataset/kspondata/kss\3/3_2746.wav
[2023-03-22 13:16:17,775][kospeech.utils][INFO] - Audio is None : ./dataset/kspondata/kss/4/4_3303.wav
[2023-03-22 13:16:17,776][kospeech.utils][INFO] - ./dataset/kspondata/kss\4/4_3303.wav
[2023-03-22 13:16:17,776][kospeech.utils][INFO] - Audio is None : ./dataset/kspondata/kss/1/1_0413.wav
[2023-03-22 13:16:17,777][kospeech.utils][INFO] - ./dataset/kspondata/kss\1/1_0413.wav
[2023-03-22 13:16:17,778][kospeech.utils][INFO] - Audio is None : ./dataset/kspondata/kss/3/3_2616.wav
[2023-03-22 13:16:17,779][kospeech.utils][INFO] - ./dataset/kspondata/kss\3/3_2616.wav
[2023-03-22 13:16:17,787][kospeech.utils][INFO] - Audio is None : ./dataset/kspondata/kss/3/3_1253.wav
[2023-03-22 13:16:17,788][kospeech.utils][INFO] - ./dataset/kspondata/kss\3/3_1253.wav
[2023-03-22 13:16:17,791][kospeech.utils][INFO] - Audio is None : ./dataset/kspondata/kss/3/3_0482.wav
[2023-03-22 13:16:17,791][kospeech.utils][INFO] - ./dataset/kspondata/kss\3/3_0482.wav
[2023-03-22 13:16:17,792][kospeech.utils][INFO] - Audio is None : ./dataset/kspondata/kss/1/1_0460.wav
[2023-03-22 13:16:17,793][kospeech.utils][INFO] - ./dataset/kspondata/kss\1/1_0460.wav
[2023-03-22 13:16:17,794][kospeech.utils][INFO] - Audio is None : ./dataset/kspondata/kss/1/1_0855.wav
[2023-03-22 13:16:17,794][kospeech.utils][INFO] - ./dataset/kspondata/kss\1/1_0855.wav
[2023-03-22 13:16:17,796][kospeech.utils][INFO] - Audio is None : ./dataset/kspondata/kss/3/3_3160.wav
[2023-03-22 13:16:17,797][kospeech.utils][INFO] - ./dataset/kspondata/kss\3/3_3160.wav
[2023-03-22 13:16:17,802][kospeech.utils][INFO] - Audio is None : ./dataset/kspondata/kss/3/3_1082.wav
[2023-03-22 13:16:17,802][kospeech.utils][INFO] - ./dataset/kspondata/kss\3/3_1082.wav
[2023-03-22 13:16:17,804][kospeech.utils][INFO] - Audio is None : ./dataset/kspondata/kss/2/2_0728.wav
[2023-03-22 13:16:17,804][kospeech.utils][INFO] - ./dataset/kspondata/kss\2/2_0728.wav
[2023-03-22 13:16:17,805][kospeech.utils][INFO] - Audio is None : ./dataset/kspondata/kss/3/3_1649.wav
[2023-03-22 13:16:17,805][kospeech.utils][INFO] - ./dataset/kspondata/kss\3/3_1649.wav
[2023-03-22 13:16:17,809][kospeech.utils][INFO] - Audio is None : ./dataset/kspondata/kss/2/2_0976.wav
[2023-03-22 13:16:17,809][kospeech.utils][INFO] - ./dataset/kspondata/kss\2/2_0976.wav
[2023-03-22 13:16:17,813][kospeech.utils][INFO] - Audio is None : ./dataset/kspondata/kss/3/3_2387.wav
[2023-03-22 13:16:17,813][kospeech.utils][INFO] - ./dataset/kspondata/kss\3/3_2387.wav
[2023-03-22 13:16:17,816][kospeech.utils][INFO] - Audio is None : ./dataset/kspondata/kss/4/4_4650.wav
[2023-03-22 13:16:17,817][kospeech.utils][INFO] - ./dataset/kspondata/kss\4/4_4650.wav
[2023-03-22 13:16:17,818][kospeech.utils][INFO] - Audio is None : ./dataset/kspondata/kss/3/3_0528.wav
[2023-03-22 13:16:17,818][kospeech.utils][INFO] - ./dataset/kspondata/kss\3/3_0528.wav
[2023-03-22 13:16:17,819][kospeech.utils][INFO] - Audio is None : ./dataset/kspondata/kss/3/3_0227.wav
[2023-03-22 13:16:17,820][kospeech.utils][INFO] - ./dataset/kspondata/kss\3/3_0227.wav
[2023-03-22 13:16:17,823][kospeech.utils][INFO] - Audio is None : ./dataset/kspondata/kss/4/4_4163.wav
[2023-03-22 13:16:17,823][kospeech.utils][INFO] - ./dataset/kspondata/kss\4/4_4163.wav
[2023-03-22 13:16:17,825][kospeech.utils][INFO] - Audio is None : ./dataset/kspondata/kss/3/3_1380.wav
[2023-03-22 13:16:17,825][kospeech.utils][INFO] - ./dataset/kspondata/kss\3/3_1380.wav
[2023-03-22 13:16:17,828][kospeech.utils][INFO] - Audio is None : ./dataset/kspondata/kss/3/3_1354.wav
[2023-03-22 13:16:17,828][kospeech.utils][INFO] - ./dataset/kspondata/kss\3/3_1354.wav
[2023-03-22 13:16:17,831][kospeech.utils][INFO] - Audio is None : ./dataset/kspondata/kss/3/3_3600.wav
[2023-03-22 13:16:17,831][kospeech.utils][INFO] - ./dataset/kspondata/kss\3/3_3600.wav
[2023-03-22 13:16:17,838][kospeech.utils][INFO] - Audio is None : ./dataset/kspondata/kss/1/1_0696.wav
[2023-03-22 13:16:17,838][kospeech.utils][INFO] - ./dataset/kspondata/kss\1/1_0696.wav
[2023-03-22 13:16:17,840][kospeech.utils][INFO] - Audio is None : ./dataset/kspondata/kss/3/3_4029.wav
[2023-03-22 13:16:17,840][kospeech.utils][INFO] - ./dataset/kspondata/kss\3/3_4029.wav
[2023-03-22 13:16:17,844][kospeech.utils][INFO] - Audio is None : ./dataset/kspondata/kss/4/4_3917.wav
[2023-03-22 13:16:17,844][kospeech.utils][INFO] - Audio is None : ./dataset/kspondata/kss/4/4_0971.wav
[2023-03-22 13:16:17,844][kospeech.utils][INFO] - ./dataset/kspondata/kss\4/4_3917.wav
[2023-03-22 13:16:17,845][kospeech.utils][INFO] - Audio is None : ./dataset/kspondata/kss/4/4_3053.wav
[2023-03-22 13:16:17,845][kospeech.utils][INFO] - ./dataset/kspondata/kss\4/4_0971.wav
[2023-03-22 13:16:17,845][kospeech.utils][INFO] - ./dataset/kspondata/kss\4/4_3053.wav
[2023-03-22 13:16:17,849][kospeech.utils][INFO] - Audio is None : ./dataset/kspondata/kss/3/3_3233.wav
[2023-03-22 13:16:17,850][kospeech.utils][INFO] - ./dataset/kspondata/kss\3/3_3233.wav
[2023-03-22 13:16:17,851][kospeech.utils][INFO] - Audio is None : ./dataset/kspondata/kss/1/1_0032.wav
[2023-03-22 13:16:17,851][kospeech.utils][INFO] - ./dataset/kspondata/kss\1/1_0032.wav
[2023-03-22 13:16:17,852][kospeech.utils][INFO] - Audio is None : ./dataset/kspondata/kss/3/3_0196.wav
[2023-03-22 13:16:17,852][kospeech.utils][INFO] - ./dataset/kspondata/kss\3/3_0196.wav
[2023-03-22 13:16:17,860][kospeech.utils][INFO] - Audio is None : ./dataset/kspondata/kss/1/1_0356.wav
[2023-03-22 13:16:17,861][kospeech.utils][INFO] - ./dataset/kspondata/kss\1/1_0356.wav
[2023-03-22 13:16:17,862][kospeech.utils][INFO] - Audio is None : ./dataset/kspondata/kss/2/2_0914.wav
[2023-03-22 13:16:17,863][kospeech.utils][INFO] - ./dataset/kspondata/kss\2/2_0914.wav
[2023-03-22 13:16:17,867][kospeech.utils][INFO] - Audio is None : ./dataset/kspondata/kss/4/4_2321.wav
[2023-03-22 13:16:17,867][kospeech.utils][INFO] - ./dataset/kspondata/kss\4/4_2321.wav
[2023-03-22 13:16:17,870][kospeech.utils][INFO] - Audio is None : ./dataset/kspondata/kss/3/3_0965.wav
[2023-03-22 13:16:17,871][kospeech.utils][INFO] - ./dataset/kspondata/kss\3/3_0965.wav
[2023-03-22 13:16:17,872][kospeech.utils][INFO] - Audio is None : ./dataset/kspondata/kss/4/4_0594.wav
[2023-03-22 13:16:17,873][kospeech.utils][INFO] - ./dataset/kspondata/kss\4/4_0594.wav
[2023-03-22 13:16:17,873][kospeech.utils][INFO] - Audio is None : ./dataset/kspondata/kss/3/3_1849.wav
[2023-03-22 13:16:17,874][kospeech.utils][INFO] - ./dataset/kspondata/kss\3/3_1849.wav
[2023-03-22 13:16:17,878][kospeech.utils][INFO] - Audio is None : ./dataset/kspondata/kss/4/4_3084.wav
[2023-03-22 13:16:17,878][kospeech.utils][INFO] - Audio is None : ./dataset/kspondata/kss/3/3_1297.wav
[2023-03-22 13:16:17,878][kospeech.utils][INFO] - ./dataset/kspondata/kss\4/4_3084.wav
[2023-03-22 13:16:17,879][kospeech.utils][INFO] - ./dataset/kspondata/kss\3/3_1297.wav
[2023-03-22 13:16:17,883][kospeech.utils][INFO] - Audio is None : ./dataset/kspondata/kss/3/3_3919.wav
[2023-03-22 13:16:17,884][kospeech.utils][INFO] - ./dataset/kspondata/kss\3/3_3919.wav
[2023-03-22 13:16:17,885][kospeech.utils][INFO] - Audio is None : ./dataset/kspondata/kss/3/3_4201.wav
[2023-03-22 13:16:17,885][kospeech.utils][INFO] - ./dataset/kspondata/kss\3/3_4201.wav
[2023-03-22 13:16:17,891][kospeech.utils][INFO] - Audio is None : ./dataset/kspondata/kss/3/3_3068.wav
[2023-03-22 13:16:17,892][kospeech.utils][INFO] - ./dataset/kspondata/kss\3/3_3068.wav
[2023-03-22 13:16:17,895][kospeech.utils][INFO] - Audio is None : ./dataset/kspondata/kss/3/3_0038.wav
[2023-03-22 13:16:17,896][kospeech.utils][INFO] - ./dataset/kspondata/kss\3/3_0038.wav
[2023-03-22 13:16:17,898][kospeech.utils][INFO] - Audio is None : ./dataset/kspondata/kss/1/1_0423.wav
[2023-03-22 13:16:17,899][kospeech.utils][INFO] - ./dataset/kspondata/kss\1/1_0423.wav
[2023-03-22 13:16:17,899][kospeech.utils][INFO] - Audio is None : ./dataset/kspondata/kss/4/4_0464.wav
[2023-03-22 13:16:17,900][kospeech.utils][INFO] - ./dataset/kspondata/kss\4/4_0464.wav
[2023-03-22 13:16:17,904][kospeech.utils][INFO] - Audio is None : ./dataset/kspondata/kss/3/3_0325.wav
[2023-03-22 13:16:17,905][kospeech.utils][INFO] - Audio is None : ./dataset/kspondata/kss/4/4_4463.wav
[2023-03-22 13:16:17,905][kospeech.utils][INFO] - ./dataset/kspondata/kss\3/3_0325.wav
[2023-03-22 13:16:17,906][kospeech.utils][INFO] - ./dataset/kspondata/kss\4/4_4463.wav
[2023-03-22 13:16:17,909][kospeech.utils][INFO] - Audio is None : ./dataset/kspondata/kss/3/3_3134.wav
[2023-03-22 13:16:17,909][kospeech.utils][INFO] - Audio is None : ./dataset/kspondata/kss/4/4_1299.wav
[2023-03-22 13:16:17,909][kospeech.utils][INFO] - ./dataset/kspondata/kss\3/3_3134.wav
[2023-03-22 13:16:17,910][kospeech.utils][INFO] - ./dataset/kspondata/kss\4/4_1299.wav
[2023-03-22 13:16:17,912][kospeech.utils][INFO] - Audio is None : ./dataset/kspondata/kss/3/3_0222.wav
[2023-03-22 13:16:17,912][kospeech.utils][INFO] - ./dataset/kspondata/kss\3/3_0222.wav
[2023-03-22 13:16:17,916][kospeech.utils][INFO] - Audio is None : ./dataset/kspondata/kss/4/4_4067.wav
[2023-03-22 13:16:17,916][kospeech.utils][INFO] - ./dataset/kspondata/kss\4/4_4067.wav
[2023-03-22 13:16:17,921][kospeech.utils][INFO] - Audio is None : ./dataset/kspondata/kss/2/2_0929.wav
[2023-03-22 13:16:17,922][kospeech.utils][INFO] - ./dataset/kspondata/kss\2/2_0929.wav
[2023-03-22 13:16:17,923][kospeech.utils][INFO] - Audio is None : ./dataset/kspondata/kss/4/4_1308.wav
[2023-03-22 13:16:17,924][kospeech.utils][INFO] - ./dataset/kspondata/kss\4/4_1308.wav
[2023-03-22 13:16:17,930][kospeech.utils][INFO] - Audio is None : ./dataset/kspondata/kss/1/1_0005.wav
[2023-03-22 13:16:17,930][kospeech.utils][INFO] - ./dataset/kspondata/kss\1/1_0005.wav
[2023-03-22 13:16:17,932][kospeech.utils][INFO] - Audio is None : ./dataset/kspondata/kss/4/4_4074.wav
[2023-03-22 13:16:17,933][kospeech.utils][INFO] - ./dataset/kspondata/kss\4/4_4074.wav
[2023-03-22 13:16:17,935][kospeech.utils][INFO] - Audio is None : ./dataset/kspondata/kss/1/1_0272.wav
[2023-03-22 13:16:17,935][kospeech.utils][INFO] - ./dataset/kspondata/kss\1/1_0272.wav
[2023-03-22 13:16:17,937][kospeech.utils][INFO] - Audio is None : ./dataset/kspondata/kss/2/2_0426.wav
[2023-03-22 13:16:17,937][kospeech.utils][INFO] - ./dataset/kspondata/kss\2/2_0426.wav
[2023-03-22 13:16:17,942][kospeech.utils][INFO] - Audio is None : ./dataset/kspondata/kss/3/3_1036.wav
[2023-03-22 13:16:17,942][kospeech.utils][INFO] - ./dataset/kspondata/kss\3/3_1036.wav
[2023-03-22 13:16:17,943][kospeech.utils][INFO] - Audio is None : ./dataset/kspondata/kss/1/1_0063.wav
[2023-03-22 13:16:17,944][kospeech.utils][INFO] - ./dataset/kspondata/kss\1/1_0063.wav
[2023-03-22 13:16:17,944][kospeech.utils][INFO] - Audio is None : ./dataset/kspondata/kss/2/2_0447.wav
[2023-03-22 13:16:17,945][kospeech.utils][INFO] - ./dataset/kspondata/kss\2/2_0447.wav
[2023-03-22 13:16:17,948][kospeech.utils][INFO] - Audio is None : ./dataset/kspondata/kss/3/3_4134.wav
[2023-03-22 13:16:17,948][kospeech.utils][INFO] - ./dataset/kspondata/kss\3/3_4134.wav
[2023-03-22 13:16:17,955][kospeech.utils][INFO] - Audio is None : ./dataset/kspondata/kss/3/3_3507.wav
[2023-03-22 13:16:17,955][kospeech.utils][INFO] - ./dataset/kspondata/kss\3/3_3507.wav
[2023-03-22 13:16:17,958][kospeech.utils][INFO] - Audio is None : ./dataset/kspondata/kss/1/1_0587.wav
[2023-03-22 13:16:17,959][kospeech.utils][INFO] - ./dataset/kspondata/kss\1/1_0587.wav
[2023-03-22 13:16:17,960][kospeech.utils][INFO] - Audio is None : ./dataset/kspondata/kss/4/4_3522.wav
[2023-03-22 13:16:17,961][kospeech.utils][INFO] - ./dataset/kspondata/kss\4/4_3522.wav
[2023-03-22 13:16:17,962][kospeech.utils][INFO] - Audio is None : ./dataset/kspondata/kss/4/4_3161.wav
[2023-03-22 13:16:17,962][kospeech.utils][INFO] - ./dataset/kspondata/kss\4/4_3161.wav
[2023-03-22 13:16:17,966][kospeech.utils][INFO] - Audio is None : ./dataset/kspondata/kss/4/4_1513.wav
[2023-03-22 13:16:17,966][kospeech.utils][INFO] - ./dataset/kspondata/kss\4/4_1513.wav
[2023-03-22 13:16:17,970][kospeech.utils][INFO] - Audio is None : ./dataset/kspondata/kss/3/3_0047.wav
[2023-03-22 13:16:17,971][kospeech.utils][INFO] - ./dataset/kspondata/kss\3/3_0047.wav
[2023-03-22 13:16:17,971][kospeech.utils][INFO] - Audio is None : ./dataset/kspondata/kss/2/2_0372.wav
[2023-03-22 13:16:17,971][kospeech.utils][INFO] - ./dataset/kspondata/kss\2/2_0372.wav
[2023-03-22 13:16:17,975][kospeech.utils][INFO] - Audio is None : ./dataset/kspondata/kss/3/3_1488.wav
[2023-03-22 13:16:17,975][kospeech.utils][INFO] - ./dataset/kspondata/kss\3/3_1488.wav
[2023-03-22 13:16:17,977][kospeech.utils][INFO] - Audio is None : ./dataset/kspondata/kss/4/4_4499.wav
[2023-03-22 13:16:17,977][kospeech.utils][INFO] - ./dataset/kspondata/kss\4/4_4499.wav
[2023-03-22 13:16:17,981][kospeech.utils][INFO] - Audio is None : ./dataset/kspondata/kss/3/3_4175.wav
[2023-03-22 13:16:17,982][kospeech.utils][INFO] - ./dataset/kspondata/kss\3/3_4175.wav
[2023-03-22 13:16:17,987][kospeech.utils][INFO] - Audio is None : ./dataset/kspondata/kss/3/3_2034.wav
[2023-03-22 13:16:17,987][kospeech.utils][INFO] - ./dataset/kspondata/kss\3/3_2034.wav
[2023-03-22 13:16:17,988][kospeech.utils][INFO] - Audio is None : ./dataset/kspondata/kss/3/3_2441.wav
[2023-03-22 13:16:17,988][kospeech.utils][INFO] - ./dataset/kspondata/kss\3/3_2441.wav
[2023-03-22 13:16:17,989][kospeech.utils][INFO] - Audio is None : ./dataset/kspondata/kss/4/4_1796.wav
[2023-03-22 13:16:17,990][kospeech.utils][INFO] - ./dataset/kspondata/kss\4/4_1796.wav
[2023-03-22 13:16:17,997][kospeech.utils][INFO] - Audio is None : ./dataset/kspondata/kss/3/3_3568.wav
[2023-03-22 13:16:17,997][kospeech.utils][INFO] - ./dataset/kspondata/kss\3/3_3568.wav
[2023-03-22 13:16:17,998][kospeech.utils][INFO] - Audio is None : ./dataset/kspondata/kss/1/1_0324.wav
[2023-03-22 13:16:17,999][kospeech.utils][INFO] - ./dataset/kspondata/kss\1/1_0324.wav
[2023-03-22 13:16:18,001][kospeech.utils][INFO] - Audio is None : ./dataset/kspondata/kss/3/3_3302.wav
[2023-03-22 13:16:18,002][kospeech.utils][INFO] - ./dataset/kspondata/kss\3/3_3302.wav
[2023-03-22 13:16:18,002][kospeech.utils][INFO] - Audio is None : ./dataset/kspondata/kss/2/2_1050.wav
[2023-03-22 13:16:18,002][kospeech.utils][INFO] - Audio is None : ./dataset/kspondata/kss/4/4_2432.wav
[2023-03-22 13:16:18,003][kospeech.utils][INFO] - ./dataset/kspondata/kss\2/2_1050.wav
[2023-03-22 13:16:18,003][kospeech.utils][INFO] - ./dataset/kspondata/kss\4/4_2432.wav
[2023-03-22 13:16:18,006][kospeech.utils][INFO] - Audio is None : ./dataset/kspondata/kss/4/4_3958.wav
[2023-03-22 13:16:18,007][kospeech.utils][INFO] - ./dataset/kspondata/kss\4/4_3958.wav
[2023-03-22 13:16:18,011][kospeech.utils][INFO] - Audio is None : ./dataset/kspondata/kss/3/3_2887.wav
[2023-03-22 13:16:18,012][kospeech.utils][INFO] - ./dataset/kspondata/kss\3/3_2887.wav
[2023-03-22 13:16:18,012][kospeech.utils][INFO] - Audio is None : ./dataset/kspondata/kss/3/3_2067.wav
[2023-03-22 13:16:18,013][kospeech.utils][INFO] - ./dataset/kspondata/kss\3/3_2067.wav
[2023-03-22 13:16:18,018][kospeech.utils][INFO] - Audio is None : ./dataset/kspondata/kss/3/3_3528.wav
[2023-03-22 13:16:18,018][kospeech.utils][INFO] - ./dataset/kspondata/kss\3/3_3528.wav
[2023-03-22 13:16:18,025][kospeech.utils][INFO] - Audio is None : ./dataset/kspondata/kss/3/3_0949.wav
[2023-03-22 13:16:18,026][kospeech.utils][INFO] - ./dataset/kspondata/kss\3/3_0949.wav
[2023-03-22 13:16:18,026][kospeech.utils][INFO] - Audio is None : ./dataset/kspondata/kss/4/4_1178.wav
[2023-03-22 13:16:18,026][kospeech.utils][INFO] - ./dataset/kspondata/kss\4/4_1178.wav
[2023-03-22 13:16:18,028][kospeech.utils][INFO] - Audio is None : ./dataset/kspondata/kss/4/4_0643.wav
[2023-03-22 13:16:18,029][kospeech.utils][INFO] - ./dataset/kspondata/kss\4/4_0643.wav
[2023-03-22 13:16:18,029][kospeech.utils][INFO] - Audio is None : ./dataset/kspondata/kss/3/3_2833.wav
[2023-03-22 13:16:18,030][kospeech.utils][INFO] - ./dataset/kspondata/kss\3/3_2833.wav
[2023-03-22 13:16:18,031][kospeech.utils][INFO] - Audio is None : ./dataset/kspondata/kss/2/2_0507.wav
[2023-03-22 13:16:18,032][kospeech.utils][INFO] - ./dataset/kspondata/kss\2/2_0507.wav
[2023-03-22 13:16:18,035][kospeech.utils][INFO] - Audio is None : ./dataset/kspondata/kss/3/3_4788.wav
[2023-03-22 13:16:18,036][kospeech.utils][INFO] - ./dataset/kspondata/kss\3/3_4788.wav
[2023-03-22 13:16:18,039][kospeech.utils][INFO] - Audio is None : ./dataset/kspondata/kss/4/4_2360.wav
[2023-03-22 13:16:18,039][kospeech.utils][INFO] - Audio is None : ./dataset/kspondata/kss/1/1_0527.wav
[2023-03-22 13:16:18,040][kospeech.utils][INFO] - ./dataset/kspondata/kss\4/4_2360.wav
[2023-03-22 13:16:18,040][kospeech.utils][INFO] - ./dataset/kspondata/kss\1/1_0527.wav
[2023-03-22 13:16:18,050][kospeech.utils][INFO] - Audio is None : ./dataset/kspondata/kss/4/4_0544.wav
[2023-03-22 13:16:18,051][kospeech.utils][INFO] - ./dataset/kspondata/kss\4/4_0544.wav
[2023-03-22 13:16:18,051][kospeech.utils][INFO] - Audio is None : ./dataset/kspondata/kss/3/3_3417.wav
[2023-03-22 13:16:18,052][kospeech.utils][INFO] - ./dataset/kspondata/kss\3/3_3417.wav
[2023-03-22 13:16:18,053][kospeech.utils][INFO] - Audio is None : ./dataset/kspondata/kss/3/3_3127.wav
[2023-03-22 13:16:18,054][kospeech.utils][INFO] - ./dataset/kspondata/kss\3/3_3127.wav
[2023-03-22 13:16:18,055][kospeech.utils][INFO] - Audio is None : ./dataset/kspondata/kss/3/3_4341.wav
[2023-03-22 13:16:18,055][kospeech.utils][INFO] - Audio is None : ./dataset/kspondata/kss/4/4_3823.wav
[2023-03-22 13:16:18,056][kospeech.utils][INFO] - ./dataset/kspondata/kss\3/3_4341.wav
[2023-03-22 13:16:18,056][kospeech.utils][INFO] - ./dataset/kspondata/kss\4/4_3823.wav
[2023-03-22 13:16:18,058][kospeech.utils][INFO] - Audio is None : ./dataset/kspondata/kss/4/4_3425.wav
[2023-03-22 13:16:18,058][kospeech.utils][INFO] - ./dataset/kspondata/kss\4/4_3425.wav
[2023-03-22 13:16:18,059][kospeech.utils][INFO] - Audio is None : ./dataset/kspondata/kss/3/3_0376.wav
[2023-03-22 13:16:18,060][kospeech.utils][INFO] - ./dataset/kspondata/kss\3/3_0376.wav
[2023-03-22 13:16:18,061][kospeech.utils][INFO] - Audio is None : ./dataset/kspondata/kss/3/3_1660.wav
[2023-03-22 13:16:18,062][kospeech.utils][INFO] - ./dataset/kspondata/kss\3/3_1660.wav
[2023-03-22 13:16:18,075][kospeech.utils][INFO] - Audio is None : ./dataset/kspondata/kss/4/4_1386.wav
[2023-03-22 13:16:18,075][kospeech.utils][INFO] - ./dataset/kspondata/kss\4/4_1386.wav
[2023-03-22 13:16:18,078][kospeech.utils][INFO] - Audio is None : ./dataset/kspondata/kss/4/4_2614.wav
[2023-03-22 13:16:18,078][kospeech.utils][INFO] - ./dataset/kspondata/kss\4/4_2614.wav
[2023-03-22 13:16:18,080][kospeech.utils][INFO] - Audio is None : ./dataset/kspondata/kss/3/3_3519.wav
[2023-03-22 13:16:18,081][kospeech.utils][INFO] - ./dataset/kspondata/kss\3/3_3519.wav
[2023-03-22 13:16:18,081][kospeech.utils][INFO] - Audio is None : ./dataset/kspondata/kss/4/4_0900.wav
[2023-03-22 13:16:18,082][kospeech.utils][INFO] - ./dataset/kspondata/kss\4/4_0900.wav
[2023-03-22 13:16:18,084][kospeech.utils][INFO] - Audio is None : ./dataset/kspondata/kss/4/4_0353.wav
[2023-03-22 13:16:18,084][kospeech.utils][INFO] - ./dataset/kspondata/kss\4/4_0353.wav
[2023-03-22 13:16:18,087][kospeech.utils][INFO] - Audio is None : ./dataset/kspondata/kss/3/3_1081.wav
[2023-03-22 13:16:18,088][kospeech.utils][INFO] - ./dataset/kspondata/kss\3/3_1081.wav
[2023-03-22 13:16:18,088][kospeech.utils][INFO] - Audio is None : ./dataset/kspondata/kss/3/3_3973.wav
[2023-03-22 13:16:18,089][kospeech.utils][INFO] - ./dataset/kspondata/kss\3/3_3973.wav
[2023-03-22 13:16:18,091][kospeech.utils][INFO] - Audio is None : ./dataset/kspondata/kss/3/3_3171.wav
[2023-03-22 13:16:18,091][kospeech.utils][INFO] - ./dataset/kspondata/kss\3/3_3171.wav
[2023-03-22 13:16:18,099][kospeech.utils][INFO] - Audio is None : ./dataset/kspondata/kss/4/4_0405.wav
[2023-03-22 13:16:18,099][kospeech.utils][INFO] - ./dataset/kspondata/kss\4/4_0405.wav
[2023-03-22 13:16:18,101][kospeech.utils][INFO] - Audio is None : ./dataset/kspondata/kss/4/4_1495.wav
[2023-03-22 13:16:18,102][kospeech.utils][INFO] - ./dataset/kspondata/kss\4/4_1495.wav
[2023-03-22 13:16:18,104][kospeech.utils][INFO] - Audio is None : ./dataset/kspondata/kss/3/3_4084.wav
[2023-03-22 13:16:18,105][kospeech.utils][INFO] - ./dataset/kspondata/kss\3/3_4084.wav
[2023-03-22 13:16:18,106][kospeech.utils][INFO] - Audio is None : ./dataset/kspondata/kss/4/4_2554.wav
[2023-03-22 13:16:18,106][kospeech.utils][INFO] - ./dataset/kspondata/kss\4/4_2554.wav
[2023-03-22 13:16:18,110][kospeech.utils][INFO] - Audio is None : ./dataset/kspondata/kss/4/4_2258.wav
[2023-03-22 13:16:18,110][kospeech.utils][INFO] - ./dataset/kspondata/kss\4/4_2258.wav
[2023-03-22 13:16:18,112][kospeech.utils][INFO] - Audio is None : ./dataset/kspondata/kss/2/2_1062.wav
[2023-03-22 13:16:18,112][kospeech.utils][INFO] - ./dataset/kspondata/kss\2/2_1062.wav
[2023-03-22 13:16:18,113][kospeech.utils][INFO] - Audio is None : ./dataset/kspondata/kss/3/3_0635.wav
[2023-03-22 13:16:18,113][kospeech.utils][INFO] - ./dataset/kspondata/kss\3/3_0635.wav
[2023-03-22 13:16:18,114][kospeech.utils][INFO] - Audio is None : ./dataset/kspondata/kss/4/4_4415.wav
[2023-03-22 13:16:18,114][kospeech.utils][INFO] - ./dataset/kspondata/kss\4/4_4415.wav
[2023-03-22 13:16:18,123][kospeech.utils][INFO] - Audio is None : ./dataset/kspondata/kss/2/2_0674.wav
[2023-03-22 13:16:18,123][kospeech.utils][INFO] - ./dataset/kspondata/kss\2/2_0674.wav
[2023-03-22 13:16:18,125][kospeech.utils][INFO] - Audio is None : ./dataset/kspondata/kss/4/4_3099.wav
[2023-03-22 13:16:18,126][kospeech.utils][INFO] - ./dataset/kspondata/kss\4/4_3099.wav
[2023-03-22 13:16:18,130][kospeech.utils][INFO] - Audio is None : ./dataset/kspondata/kss/3/3_3125.wav
[2023-03-22 13:16:18,131][kospeech.utils][INFO] - ./dataset/kspondata/kss\3/3_3125.wav
[2023-03-22 13:16:18,131][kospeech.utils][INFO] - Audio is None : ./dataset/kspondata/kss/4/4_0110.wav
[2023-03-22 13:16:18,133][kospeech.utils][INFO] - ./dataset/kspondata/kss\4/4_0110.wav
[2023-03-22 13:16:18,136][kospeech.utils][INFO] - Audio is None : ./dataset/kspondata/kss/2/2_0919.wav
[2023-03-22 13:16:18,137][kospeech.utils][INFO] - ./dataset/kspondata/kss\2/2_0919.wav
[2023-03-22 13:16:18,141][kospeech.utils][INFO] - Audio is None : ./dataset/kspondata/kss/4/4_2418.wav
[2023-03-22 13:16:18,142][kospeech.utils][INFO] - ./dataset/kspondata/kss\4/4_2418.wav
[2023-03-22 13:16:18,142][kospeech.utils][INFO] - Audio is None : ./dataset/kspondata/kss/3/3_0305.wav
[2023-03-22 13:16:18,143][kospeech.utils][INFO] - ./dataset/kspondata/kss\3/3_0305.wav
[2023-03-22 13:16:18,144][kospeech.utils][INFO] - Audio is None : ./dataset/kspondata/kss/3/3_4817.wav
[2023-03-22 13:16:18,144][kospeech.utils][INFO] - ./dataset/kspondata/kss\3/3_4817.wav
[2023-03-22 13:16:18,148][kospeech.utils][INFO] - Audio is None : ./dataset/kspondata/kss/4/4_3526.wav
[2023-03-22 13:16:18,148][kospeech.utils][INFO] - ./dataset/kspondata/kss\4/4_3526.wav
[2023-03-22 13:16:18,149][kospeech.utils][INFO] - Audio is None : ./dataset/kspondata/kss/4/4_3255.wav
[2023-03-22 13:16:18,150][kospeech.utils][INFO] - ./dataset/kspondata/kss\4/4_3255.wav
[2023-03-22 13:16:18,156][kospeech.utils][INFO] - Audio is None : ./dataset/kspondata/kss/4/4_1064.wav
[2023-03-22 13:16:18,156][kospeech.utils][INFO] - ./dataset/kspondata/kss\4/4_1064.wav
[2023-03-22 13:16:18,158][kospeech.utils][INFO] - Audio is None : ./dataset/kspondata/kss/3/3_0585.wav
[2023-03-22 13:16:18,159][kospeech.utils][INFO] - ./dataset/kspondata/kss\3/3_0585.wav
[2023-03-22 13:16:18,160][kospeech.utils][INFO] - Audio is None : ./dataset/kspondata/kss/3/3_4804.wav
[2023-03-22 13:16:18,161][kospeech.utils][INFO] - ./dataset/kspondata/kss\3/3_4804.wav
[2023-03-22 13:16:18,167][kospeech.utils][INFO] - Audio is None : ./dataset/kspondata/kss/4/4_3695.wav
[2023-03-22 13:16:18,167][kospeech.utils][INFO] - ./dataset/kspondata/kss\4/4_3695.wav
[2023-03-22 13:16:18,169][kospeech.utils][INFO] - Audio is None : ./dataset/kspondata/kss/3/3_2718.wav
[2023-03-22 13:16:18,169][kospeech.utils][INFO] - ./dataset/kspondata/kss\3/3_2718.wav
[2023-03-22 13:16:18,172][kospeech.utils][INFO] - Audio is None : ./dataset/kspondata/kss/4/4_1745.wav
[2023-03-22 13:16:18,173][kospeech.utils][INFO] - ./dataset/kspondata/kss\4/4_1745.wav
[2023-03-22 13:16:18,175][kospeech.utils][INFO] - Audio is None : ./dataset/kspondata/kss/4/4_3444.wav
[2023-03-22 13:16:18,176][kospeech.utils][INFO] - ./dataset/kspondata/kss\4/4_3444.wav
[2023-03-22 13:16:18,179][kospeech.utils][INFO] - Audio is None : ./dataset/kspondata/kss/2/2_1008.wav
[2023-03-22 13:16:18,179][kospeech.utils][INFO] - ./dataset/kspondata/kss\2/2_1008.wav
[2023-03-22 13:16:18,180][kospeech.utils][INFO] - Audio is None : ./dataset/kspondata/kss/3/3_0043.wav
[2023-03-22 13:16:18,181][kospeech.utils][INFO] - ./dataset/kspondata/kss\3/3_0043.wav
[2023-03-22 13:16:18,182][kospeech.utils][INFO] - Audio is None : ./dataset/kspondata/kss/3/3_3286.wav
[2023-03-22 13:16:18,182][kospeech.utils][INFO] - ./dataset/kspondata/kss\3/3_3286.wav
[2023-03-22 13:16:18,187][kospeech.utils][INFO] - Audio is None : ./dataset/kspondata/kss/3/3_4875.wav
[2023-03-22 13:16:18,188][kospeech.utils][INFO] - ./dataset/kspondata/kss\3/3_4875.wav
[2023-03-22 13:16:18,194][kospeech.utils][INFO] - Audio is None : ./dataset/kspondata/kss/3/3_0432.wav
[2023-03-22 13:16:18,194][kospeech.utils][INFO] - ./dataset/kspondata/kss\3/3_0432.wav
[2023-03-22 13:16:18,197][kospeech.utils][INFO] - Audio is None : ./dataset/kspondata/kss/4/4_0273.wav
[2023-03-22 13:16:18,197][kospeech.utils][INFO] - ./dataset/kspondata/kss\4/4_0273.wav
[2023-03-22 13:16:18,199][kospeech.utils][INFO] - Audio is None : ./dataset/kspondata/kss/4/4_0264.wav
[2023-03-22 13:16:18,200][kospeech.utils][INFO] - ./dataset/kspondata/kss\4/4_0264.wav
[2023-03-22 13:16:18,203][kospeech.utils][INFO] - Audio is None : ./dataset/kspondata/kss/4/4_2005.wav
[2023-03-22 13:16:18,203][kospeech.utils][INFO] - ./dataset/kspondata/kss\4/4_2005.wav
[2023-03-22 13:16:18,205][kospeech.utils][INFO] - Audio is None : ./dataset/kspondata/kss/3/3_1657.wav
[2023-03-22 13:16:18,206][kospeech.utils][INFO] - ./dataset/kspondata/kss\3/3_1657.wav
[2023-03-22 13:16:18,207][kospeech.utils][INFO] - Audio is None : ./dataset/kspondata/kss/3/3_4281.wav
[2023-03-22 13:16:18,208][kospeech.utils][INFO] - ./dataset/kspondata/kss\3/3_4281.wav
[2023-03-22 13:16:18,213][kospeech.utils][INFO] - Audio is None : ./dataset/kspondata/kss/4/4_0821.wav
[2023-03-22 13:16:18,213][kospeech.utils][INFO] - Audio is None : ./dataset/kspondata/kss/2/2_0244.wav
[2023-03-22 13:16:18,214][kospeech.utils][INFO] - ./dataset/kspondata/kss\4/4_0821.wav
[2023-03-22 13:16:18,215][kospeech.utils][INFO] - ./dataset/kspondata/kss\2/2_0244.wav
[2023-03-22 13:16:18,218][kospeech.utils][INFO] - Audio is None : ./dataset/kspondata/kss/4/4_1509.wav
[2023-03-22 13:16:18,219][kospeech.utils][INFO] - ./dataset/kspondata/kss\4/4_1509.wav
[2023-03-22 13:16:18,221][kospeech.utils][INFO] - Audio is None : ./dataset/kspondata/kss/2/2_1081.wav
[2023-03-22 13:16:18,221][kospeech.utils][INFO] - ./dataset/kspondata/kss\2/2_1081.wav
[2023-03-22 13:16:18,224][kospeech.utils][INFO] - Audio is None : ./dataset/kspondata/kss/4/4_3985.wav
[2023-03-22 13:16:18,225][kospeech.utils][INFO] - ./dataset/kspondata/kss\4/4_3985.wav
[2023-03-22 13:16:18,228][kospeech.utils][INFO] - Audio is None : ./dataset/kspondata/kss/4/4_4123.wav
[2023-03-22 13:16:18,228][kospeech.utils][INFO] - ./dataset/kspondata/kss\4/4_4123.wav
[2023-03-22 13:16:18,234][kospeech.utils][INFO] - Audio is None : ./dataset/kspondata/kss/4/4_0085.wav
[2023-03-22 13:16:18,234][kospeech.utils][INFO] - ./dataset/kspondata/kss\4/4_0085.wav
[2023-03-22 13:16:18,235][kospeech.utils][INFO] - Audio is None : ./dataset/kspondata/kss/3/3_2310.wav
[2023-03-22 13:16:18,236][kospeech.utils][INFO] - ./dataset/kspondata/kss\3/3_2310.wav
[2023-03-22 13:16:18,239][kospeech.utils][INFO] - Audio is None : ./dataset/kspondata/kss/4/4_2356.wav
[2023-03-22 13:16:18,239][kospeech.utils][INFO] - ./dataset/kspondata/kss\4/4_2356.wav
[2023-03-22 13:16:18,240][kospeech.utils][INFO] - Audio is None : ./dataset/kspondata/kss/4/4_3313.wav
[2023-03-22 13:16:18,240][kospeech.utils][INFO] - ./dataset/kspondata/kss\4/4_3313.wav
[2023-03-22 13:16:18,243][kospeech.utils][INFO] - Audio is None : ./dataset/kspondata/kss/3/3_0240.wav
[2023-03-22 13:16:18,244][kospeech.utils][INFO] - ./dataset/kspondata/kss\3/3_0240.wav
[2023-03-22 13:16:18,245][kospeech.utils][INFO] - Audio is None : ./dataset/kspondata/kss/1/1_1038.wav
[2023-03-22 13:16:18,246][kospeech.utils][INFO] - ./dataset/kspondata/kss\1/1_1038.wav
[2023-03-22 13:16:18,247][kospeech.utils][INFO] - Audio is None : ./dataset/kspondata/kss/1/1_0851.wav
[2023-03-22 13:16:18,248][kospeech.utils][INFO] - ./dataset/kspondata/kss\1/1_0851.wav
[2023-03-22 13:16:18,248][kospeech.utils][INFO] - Audio is None : ./dataset/kspondata/kss/3/3_3409.wav
[2023-03-22 13:16:18,249][kospeech.utils][INFO] - ./dataset/kspondata/kss\3/3_3409.wav
[2023-03-22 13:16:18,254][kospeech.utils][INFO] - Audio is None : ./dataset/kspondata/kss/3/3_0330.wav
[2023-03-22 13:16:18,254][kospeech.utils][INFO] - ./dataset/kspondata/kss\3/3_0330.wav
[2023-03-22 13:16:18,255][kospeech.utils][INFO] - Audio is None : ./dataset/kspondata/kss/3/3_1591.wav
[2023-03-22 13:16:18,255][kospeech.utils][INFO] - Audio is None : ./dataset/kspondata/kss/4/4_4339.wav
[2023-03-22 13:16:18,255][kospeech.utils][INFO] - ./dataset/kspondata/kss\3/3_1591.wav
[2023-03-22 13:16:18,255][kospeech.utils][INFO] - ./dataset/kspondata/kss\4/4_4339.wav
[2023-03-22 13:16:18,258][kospeech.utils][INFO] - Audio is None : ./dataset/kspondata/kss/4/4_2701.wav
[2023-03-22 13:16:18,259][kospeech.utils][INFO] - ./dataset/kspondata/kss\4/4_2701.wav
[2023-03-22 13:16:18,264][kospeech.utils][INFO] - Audio is None : ./dataset/kspondata/kss/4/4_1721.wav
[2023-03-22 13:16:18,264][kospeech.utils][INFO] - ./dataset/kspondata/kss\4/4_1721.wav
[2023-03-22 13:16:18,867][kospeech.utils][INFO] - save checkpoints
C:\Users\SSAFY\Desktop\Speech\gitstt\BE\KoreanSTT\outputs\2023-03-22\13-16-14\2023_03_22_13_16_18-trainer_states.pt
C:\Users\SSAFY\Desktop\Speech\gitstt\BE\KoreanSTT\outputs\2023-03-22\13-16-14\2023_03_22_13_16_18-model.pt
[2023-03-22 13:16:18,868][kospeech.utils][INFO] - train() completed
[2023-03-22 13:16:18,868][kospeech.utils][INFO] - 0
