[2023-03-22 13:32:58,877][kospeech.utils][INFO] - audio:
  audio_extension: wav
  sample_rate: 16000
  frame_length: 20
  frame_shift: 10
  normalize: true
  del_silence: true
  feature_extract_by: kaldi
  time_mask_num: 4
  freq_mask_num: 2
  spec_augment: true
  input_reverse: false
  transform_method: fbank
  n_mels: 80
  freq_mask_para: 18
model:
  architecture: deepspeech2
  teacher_forcing_ratio: 1.0
  teacher_forcing_step: 0.0
  min_teacher_forcing_ratio: 1.0
  dropout: 0.3
  bidirectional: false
  joint_ctc_attention: false
  max_len: 400
  use_bidirectional: true
  rnn_type: gru
  hidden_dim: 1024
  activation: hardtanh
  num_encoder_layers: 3
train:
  dataset: kspon
  dataset_path: ./dataset/kspondata/kss
  transcripts_path: ../../../transcripts.txt
  output_unit: character
  batch_size: 32
  save_result_every: 100
  checkpoint_every: 100
  print_every: 10
  mode: train
  num_workers: 8
  use_cuda: true
  num_threads: 2
  init_lr_scale: 0.01
  final_lr_scale: 0.05
  max_grad_norm: 400
  weight_decay: 1.0e-05
  total_steps: 200000
  seed: 777
  resume: false
  optimizer: adam
  init_lr: 1.0e-06
  final_lr: 1.0e-06
  peak_lr: 0.0001
  warmup_steps: 400
  num_epochs: 8
  reduction: mean
  lr_scheduler: tri_stage_lr_scheduler

[2023-03-22 13:32:58,962][kospeech.utils][INFO] - Operating System : Windows 10
[2023-03-22 13:32:58,962][kospeech.utils][INFO] - Processor : Intel64 Family 6 Model 158 Stepping 10, GenuineIntel
[2023-03-22 13:32:58,967][kospeech.utils][INFO] - device : NVIDIA GeForce RTX 2060
[2023-03-22 13:32:58,967][kospeech.utils][INFO] - CUDA is available : True
[2023-03-22 13:32:58,967][kospeech.utils][INFO] - CUDA version : 11.8
[2023-03-22 13:32:58,968][kospeech.utils][INFO] - PyTorch version : 2.0.0+cu118
[2023-03-22 13:32:59,008][kospeech.utils][INFO] - split dataset start !!
[2023-03-22 13:32:59,301][kospeech.utils][INFO] - Applying Spec Augmentation...
[2023-03-22 13:32:59,303][kospeech.utils][INFO] - split dataset complete !!
[2023-03-22 13:33:09,906][kospeech.utils][INFO] - start
[2023-03-22 13:33:09,906][kospeech.utils][INFO] - Epoch 0 start
[2023-03-22 13:33:09,961][kospeech.utils][INFO] - Audio is None : ./dataset/kspondata/kss/3/3_3697.wav
[2023-03-22 13:33:09,964][kospeech.utils][INFO] - Audio is None : ./dataset/kspondata/kss/4/4_3090.wav
[2023-03-22 13:33:09,966][kospeech.utils][INFO] - Audio is None : ./dataset/kspondata/kss/3/3_4707.wav
[2023-03-22 13:33:09,970][kospeech.utils][INFO] - Audio is None : ./dataset/kspondata/kss/1/1_0729.wav
[2023-03-22 13:33:09,971][kospeech.utils][INFO] - Audio is None : ./dataset/kspondata/kss/4/4_0807.wav
[2023-03-22 13:33:09,973][kospeech.utils][INFO] - Audio is None : ./dataset/kspondata/kss/4/4_2040.wav
[2023-03-22 13:33:09,974][kospeech.utils][INFO] - Audio is None : ./dataset/kspondata/kss/3/3_1664.wav
[2023-03-22 13:33:09,977][kospeech.utils][INFO] - Audio is None : ./dataset/kspondata/kss/3/3_1496.wav
[2023-03-22 13:33:09,989][kospeech.utils][INFO] - Audio is None : ./dataset/kspondata/kss/2/2_0233.wav
[2023-03-22 13:33:09,993][kospeech.utils][INFO] - Audio is None : ./dataset/kspondata/kss/1/1_0317.wav
[2023-03-22 13:33:09,995][kospeech.utils][INFO] - Audio is None : ./dataset/kspondata/kss/3/3_4367.wav
[2023-03-22 13:33:09,999][kospeech.utils][INFO] - Audio is None : ./dataset/kspondata/kss/2/2_0061.wav
[2023-03-22 13:33:10,002][kospeech.utils][INFO] - Audio is None : ./dataset/kspondata/kss/4/4_3016.wav
[2023-03-22 13:33:10,006][kospeech.utils][INFO] - Audio is None : ./dataset/kspondata/kss/3/3_1401.wav
[2023-03-22 13:33:10,008][kospeech.utils][INFO] - Audio is None : ./dataset/kspondata/kss/3/3_3051.wav
[2023-03-22 13:33:10,011][kospeech.utils][INFO] - Audio is None : ./dataset/kspondata/kss/3/3_4310.wav
[2023-03-22 13:33:10,015][kospeech.utils][INFO] - Audio is None : ./dataset/kspondata/kss/3/3_4492.wav
[2023-03-22 13:33:10,021][kospeech.utils][INFO] - Audio is None : ./dataset/kspondata/kss/4/4_4298.wav
[2023-03-22 13:33:10,022][kospeech.utils][INFO] - Audio is None : ./dataset/kspondata/kss/3/3_1803.wav
[2023-03-22 13:33:10,032][kospeech.utils][INFO] - Audio is None : ./dataset/kspondata/kss/3/3_1825.wav
[2023-03-22 13:33:10,033][kospeech.utils][INFO] - Audio is None : ./dataset/kspondata/kss/3/3_0025.wav
[2023-03-22 13:33:10,036][kospeech.utils][INFO] - Audio is None : ./dataset/kspondata/kss/4/4_3566.wav
[2023-03-22 13:33:10,039][kospeech.utils][INFO] - Audio is None : ./dataset/kspondata/kss/4/4_4314.wav
[2023-03-22 13:33:10,041][kospeech.utils][INFO] - Audio is None : ./dataset/kspondata/kss/3/3_3364.wav
[2023-03-22 13:33:10,047][kospeech.utils][INFO] - Audio is None : ./dataset/kspondata/kss/4/4_1677.wav
[2023-03-22 13:33:10,048][kospeech.utils][INFO] - Audio is None : ./dataset/kspondata/kss/4/4_1280.wav
[2023-03-22 13:33:10,052][kospeech.utils][INFO] - Audio is None : ./dataset/kspondata/kss/3/3_3107.wav
[2023-03-22 13:33:10,058][kospeech.utils][INFO] - Audio is None : ./dataset/kspondata/kss/3/3_2113.wav
[2023-03-22 13:33:10,060][kospeech.utils][INFO] - Audio is None : ./dataset/kspondata/kss/3/3_4776.wav
[2023-03-22 13:33:10,067][kospeech.utils][INFO] - Audio is None : ./dataset/kspondata/kss/4/4_2351.wav
[2023-03-22 13:33:10,069][kospeech.utils][INFO] - Audio is None : ./dataset/kspondata/kss/4/4_0693.wav
[2023-03-22 13:33:10,070][kospeech.utils][INFO] - Audio is None : ./dataset/kspondata/kss/3/3_1755.wav
[2023-03-22 13:33:10,073][kospeech.utils][INFO] - Audio is None : ./dataset/kspondata/kss/4/4_0534.wav
[2023-03-22 13:33:10,075][kospeech.utils][INFO] - Audio is None : ./dataset/kspondata/kss/3/3_0369.wav
[2023-03-22 13:33:10,078][kospeech.utils][INFO] - Audio is None : ./dataset/kspondata/kss/3/3_2386.wav
[2023-03-22 13:33:10,084][kospeech.utils][INFO] - Audio is None : ./dataset/kspondata/kss/3/3_0443.wav
[2023-03-22 13:33:10,086][kospeech.utils][INFO] - Audio is None : ./dataset/kspondata/kss/3/3_0650.wav
[2023-03-22 13:33:10,093][kospeech.utils][INFO] - Audio is None : ./dataset/kspondata/kss/2/2_0704.wav
[2023-03-22 13:33:10,095][kospeech.utils][INFO] - Audio is None : ./dataset/kspondata/kss/1/1_0319.wav
[2023-03-22 13:33:10,098][kospeech.utils][INFO] - Audio is None : ./dataset/kspondata/kss/4/4_3502.wav
[2023-03-22 13:33:10,101][kospeech.utils][INFO] - Audio is None : ./dataset/kspondata/kss/4/4_2237.wav
[2023-03-22 13:33:10,104][kospeech.utils][INFO] - Audio is None : ./dataset/kspondata/kss/1/1_0065.wav
[2023-03-22 13:33:10,106][kospeech.utils][INFO] - Audio is None : ./dataset/kspondata/kss/3/3_0390.wav
[2023-03-22 13:33:10,109][kospeech.utils][INFO] - Audio is None : ./dataset/kspondata/kss/4/4_4362.wav
[2023-03-22 13:33:10,110][kospeech.utils][INFO] - Audio is None : ./dataset/kspondata/kss/3/3_0931.wav
[2023-03-22 13:33:10,118][kospeech.utils][INFO] - Audio is None : ./dataset/kspondata/kss/4/4_3847.wav
[2023-03-22 13:33:10,121][kospeech.utils][INFO] - Audio is None : ./dataset/kspondata/kss/3/3_3968.wav
[2023-03-22 13:33:10,124][kospeech.utils][INFO] - Audio is None : ./dataset/kspondata/kss/4/4_2984.wav
[2023-03-22 13:33:10,127][kospeech.utils][INFO] - Audio is None : ./dataset/kspondata/kss/4/4_2451.wav
[2023-03-22 13:33:10,130][kospeech.utils][INFO] - Audio is None : ./dataset/kspondata/kss/3/3_4602.wav
[2023-03-22 13:33:10,135][kospeech.utils][INFO] - Audio is None : ./dataset/kspondata/kss/3/3_0084.wav
[2023-03-22 13:33:10,137][kospeech.utils][INFO] - Audio is None : ./dataset/kspondata/kss/3/3_1270.wav
[2023-03-22 13:33:10,140][kospeech.utils][INFO] - Audio is None : ./dataset/kspondata/kss/4/4_2698.wav
[2023-03-22 13:33:10,145][kospeech.utils][INFO] - Audio is None : ./dataset/kspondata/kss/3/3_2461.wav
[2023-03-22 13:33:10,148][kospeech.utils][INFO] - Audio is None : ./dataset/kspondata/kss/4/4_0713.wav
[2023-03-22 13:33:10,153][kospeech.utils][INFO] - Audio is None : ./dataset/kspondata/kss/3/3_1691.wav
[2023-03-22 13:33:10,155][kospeech.utils][INFO] - Audio is None : ./dataset/kspondata/kss/3/3_1497.wav
[2023-03-22 13:33:10,159][kospeech.utils][INFO] - Audio is None : ./dataset/kspondata/kss/3/3_3377.wav
[2023-03-22 13:33:10,162][kospeech.utils][INFO] - Audio is None : ./dataset/kspondata/kss/4/4_1938.wav
[2023-03-22 13:33:10,163][kospeech.utils][INFO] - Audio is None : ./dataset/kspondata/kss/3/3_4356.wav
[2023-03-22 13:33:10,167][kospeech.utils][INFO] - Audio is None : ./dataset/kspondata/kss/3/3_0202.wav
[2023-03-22 13:33:10,174][kospeech.utils][INFO] - Audio is None : ./dataset/kspondata/kss/3/3_0340.wav
[2023-03-22 13:33:10,175][kospeech.utils][INFO] - Audio is None : ./dataset/kspondata/kss/4/4_1809.wav
[2023-03-22 13:33:10,180][kospeech.utils][INFO] - Audio is None : ./dataset/kspondata/kss/2/2_0315.wav
[2023-03-22 13:33:10,180][kospeech.utils][INFO] - Audio is None : ./dataset/kspondata/kss/1/1_0809.wav
[2023-03-22 13:33:10,182][kospeech.utils][INFO] - Audio is None : ./dataset/kspondata/kss/3/3_0618.wav
[2023-03-22 13:33:10,189][kospeech.utils][INFO] - Audio is None : ./dataset/kspondata/kss/1/1_0445.wav
[2023-03-22 13:33:10,191][kospeech.utils][INFO] - Audio is None : ./dataset/kspondata/kss/4/4_4201.wav
[2023-03-22 13:33:10,194][kospeech.utils][INFO] - Audio is None : ./dataset/kspondata/kss/4/4_0655.wav
[2023-03-22 13:33:10,197][kospeech.utils][INFO] - Audio is None : ./dataset/kspondata/kss/3/3_0466.wav
[2023-03-22 13:33:10,201][kospeech.utils][INFO] - Audio is None : ./dataset/kspondata/kss/3/3_3291.wav
[2023-03-22 13:33:10,208][kospeech.utils][INFO] - Audio is None : ./dataset/kspondata/kss/4/4_4565.wav
[2023-03-22 13:33:10,208][kospeech.utils][INFO] - Audio is None : ./dataset/kspondata/kss/4/4_1122.wav
[2023-03-22 13:33:10,210][kospeech.utils][INFO] - Audio is None : ./dataset/kspondata/kss/3/3_4302.wav
[2023-03-22 13:33:10,214][kospeech.utils][INFO] - Audio is None : ./dataset/kspondata/kss/4/4_1177.wav
[2023-03-22 13:33:10,216][kospeech.utils][INFO] - Audio is None : ./dataset/kspondata/kss/4/4_2135.wav
[2023-03-22 13:33:10,219][kospeech.utils][INFO] - Audio is None : ./dataset/kspondata/kss/4/4_1631.wav
[2023-03-22 13:33:10,222][kospeech.utils][INFO] - Audio is None : ./dataset/kspondata/kss/3/3_3333.wav
[2023-03-22 13:33:10,227][kospeech.utils][INFO] - Audio is None : ./dataset/kspondata/kss/4/4_2203.wav
[2023-03-22 13:33:10,232][kospeech.utils][INFO] - Audio is None : ./dataset/kspondata/kss/3/3_2524.wav
[2023-03-22 13:33:10,237][kospeech.utils][INFO] - Audio is None : ./dataset/kspondata/kss/3/3_2551.wav
[2023-03-22 13:33:10,240][kospeech.utils][INFO] - Audio is None : ./dataset/kspondata/kss/4/4_4294.wav
[2023-03-22 13:33:10,242][kospeech.utils][INFO] - Audio is None : ./dataset/kspondata/kss/4/4_0417.wav
[2023-03-22 13:33:10,245][kospeech.utils][INFO] - Audio is None : ./dataset/kspondata/kss/3/3_0068.wav
[2023-03-22 13:33:10,247][kospeech.utils][INFO] - Audio is None : ./dataset/kspondata/kss/2/2_0151.wav
[2023-03-22 13:33:10,248][kospeech.utils][INFO] - Audio is None : ./dataset/kspondata/kss/3/3_0262.wav
[2023-03-22 13:33:10,251][kospeech.utils][INFO] - Audio is None : ./dataset/kspondata/kss/3/3_4450.wav
[2023-03-22 13:33:10,253][kospeech.utils][INFO] - Audio is None : ./dataset/kspondata/kss/4/4_0751.wav
[2023-03-22 13:33:10,265][kospeech.utils][INFO] - Audio is None : ./dataset/kspondata/kss/4/4_4447.wav
[2023-03-22 13:33:10,268][kospeech.utils][INFO] - Audio is None : ./dataset/kspondata/kss/4/4_2484.wav
[2023-03-22 13:33:10,271][kospeech.utils][INFO] - Audio is None : ./dataset/kspondata/kss/1/1_0108.wav
[2023-03-22 13:33:10,272][kospeech.utils][INFO] - Audio is None : ./dataset/kspondata/kss/2/2_0873.wav
[2023-03-22 13:33:10,275][kospeech.utils][INFO] - Audio is None : ./dataset/kspondata/kss/4/4_3303.wav
[2023-03-22 13:33:10,278][kospeech.utils][INFO] - Audio is None : ./dataset/kspondata/kss/4/4_4021.wav
[2023-03-22 13:33:10,281][kospeech.utils][INFO] - Audio is None : ./dataset/kspondata/kss/3/3_2647.wav
[2023-03-22 13:33:10,283][kospeech.utils][INFO] - Audio is None : ./dataset/kspondata/kss/1/1_0115.wav
[2023-03-22 13:33:10,287][kospeech.utils][INFO] - Audio is None : ./dataset/kspondata/kss/3/3_2616.wav
[2023-03-22 13:33:10,292][kospeech.utils][INFO] - Audio is None : ./dataset/kspondata/kss/1/1_0855.wav
[2023-03-22 13:33:10,295][kospeech.utils][INFO] - Audio is None : ./dataset/kspondata/kss/4/4_3663.wav
[2023-03-22 13:33:10,300][kospeech.utils][INFO] - Audio is None : ./dataset/kspondata/kss/3/3_0482.wav
[2023-03-22 13:33:10,302][kospeech.utils][INFO] - Audio is None : ./dataset/kspondata/kss/3/3_1082.wav
[2023-03-22 13:33:10,307][kospeech.utils][INFO] - Audio is None : ./dataset/kspondata/kss/3/3_3117.wav
[2023-03-22 13:33:10,309][kospeech.utils][INFO] - Audio is None : ./dataset/kspondata/kss/1/1_0413.wav
[2023-03-22 13:33:10,310][kospeech.utils][INFO] - Audio is None : ./dataset/kspondata/kss/3/3_2746.wav
[2023-03-22 13:33:10,314][kospeech.utils][INFO] - Audio is None : ./dataset/kspondata/kss/3/3_1649.wav
[2023-03-22 13:33:10,316][kospeech.utils][INFO] - Audio is None : ./dataset/kspondata/kss/3/3_0227.wav
[2023-03-22 13:33:10,322][kospeech.utils][INFO] - Audio is None : ./dataset/kspondata/kss/3/3_1253.wav
[2023-03-22 13:33:10,325][kospeech.utils][INFO] - Audio is None : ./dataset/kspondata/kss/3/3_2387.wav
[2023-03-22 13:33:10,328][kospeech.utils][INFO] - Audio is None : ./dataset/kspondata/kss/4/4_4163.wav
[2023-03-22 13:33:10,336][kospeech.utils][INFO] - Audio is None : ./dataset/kspondata/kss/1/1_0460.wav
[2023-03-22 13:33:10,338][kospeech.utils][INFO] - Audio is None : ./dataset/kspondata/kss/2/2_0728.wav
[2023-03-22 13:33:10,341][kospeech.utils][INFO] - Audio is None : ./dataset/kspondata/kss/3/3_3160.wav
[2023-03-22 13:33:10,346][kospeech.utils][INFO] - Audio is None : ./dataset/kspondata/kss/4/4_0971.wav
[2023-03-22 13:33:10,347][kospeech.utils][INFO] - Audio is None : ./dataset/kspondata/kss/3/3_1354.wav
[2023-03-22 13:33:10,349][kospeech.utils][INFO] - Audio is None : ./dataset/kspondata/kss/1/1_0696.wav
[2023-03-22 13:33:10,354][kospeech.utils][INFO] - Audio is None : ./dataset/kspondata/kss/2/2_0976.wav
[2023-03-22 13:33:10,355][kospeech.utils][INFO] - Audio is None : ./dataset/kspondata/kss/4/4_3053.wav
[2023-03-22 13:33:10,361][kospeech.utils][INFO] - Audio is None : ./dataset/kspondata/kss/4/4_4650.wav
[2023-03-22 13:33:10,365][kospeech.utils][INFO] - Audio is None : ./dataset/kspondata/kss/3/3_1380.wav
[2023-03-22 13:33:10,367][kospeech.utils][INFO] - Audio is None : ./dataset/kspondata/kss/3/3_0528.wav
[2023-03-22 13:33:10,374][kospeech.utils][INFO] - Audio is None : ./dataset/kspondata/kss/3/3_1297.wav
[2023-03-22 13:33:10,377][kospeech.utils][INFO] - Audio is None : ./dataset/kspondata/kss/3/3_3233.wav
[2023-03-22 13:33:10,379][kospeech.utils][INFO] - Audio is None : ./dataset/kspondata/kss/1/1_0356.wav
[2023-03-22 13:33:10,385][kospeech.utils][INFO] - Audio is None : ./dataset/kspondata/kss/3/3_3600.wav
[2023-03-22 13:33:10,385][kospeech.utils][INFO] - Audio is None : ./dataset/kspondata/kss/3/3_0965.wav
[2023-03-22 13:33:10,387][kospeech.utils][INFO] - Audio is None : ./dataset/kspondata/kss/4/4_3917.wav
[2023-03-22 13:33:10,393][kospeech.utils][INFO] - Audio is None : ./dataset/kspondata/kss/1/1_0032.wav
[2023-03-22 13:33:10,393][kospeech.utils][INFO] - Audio is None : ./dataset/kspondata/kss/3/3_4029.wav
[2023-03-22 13:33:10,401][kospeech.utils][INFO] - Audio is None : ./dataset/kspondata/kss/3/3_0325.wav
[2023-03-22 13:33:10,403][kospeech.utils][INFO] - Audio is None : ./dataset/kspondata/kss/4/4_0594.wav
[2023-03-22 13:33:10,408][kospeech.utils][INFO] - Audio is None : ./dataset/kspondata/kss/3/3_3919.wav
[2023-03-22 13:33:10,414][kospeech.utils][INFO] - Audio is None : ./dataset/kspondata/kss/3/3_0196.wav
[2023-03-22 13:33:10,415][kospeech.utils][INFO] - Audio is None : ./dataset/kspondata/kss/3/3_0038.wav
[2023-03-22 13:33:10,419][kospeech.utils][INFO] - Audio is None : ./dataset/kspondata/kss/4/4_2321.wav
[2023-03-22 13:33:10,423][kospeech.utils][INFO] - Audio is None : ./dataset/kspondata/kss/3/3_1849.wav
[2023-03-22 13:33:10,424][kospeech.utils][INFO] - Audio is None : ./dataset/kspondata/kss/2/2_0914.wav
[2023-03-22 13:33:10,426][kospeech.utils][INFO] - Audio is None : ./dataset/kspondata/kss/1/1_0005.wav
[2023-03-22 13:33:10,430][kospeech.utils][INFO] - Audio is None : ./dataset/kspondata/kss/1/1_0423.wav
[2023-03-22 13:33:10,431][kospeech.utils][INFO] - Audio is None : ./dataset/kspondata/kss/4/4_1299.wav
[2023-03-22 13:33:10,439][kospeech.utils][INFO] - Audio is None : ./dataset/kspondata/kss/4/4_4067.wav
[2023-03-22 13:33:10,440][kospeech.utils][INFO] - Audio is None : ./dataset/kspondata/kss/4/4_3084.wav
[2023-03-22 13:33:10,443][kospeech.utils][INFO] - Audio is None : ./dataset/kspondata/kss/3/3_3068.wav
[2023-03-22 13:33:10,450][kospeech.utils][INFO] - Audio is None : ./dataset/kspondata/kss/4/4_0464.wav
[2023-03-22 13:33:10,454][kospeech.utils][INFO] - Audio is None : ./dataset/kspondata/kss/3/3_4201.wav
[2023-03-22 13:33:10,455][kospeech.utils][INFO] - Audio is None : ./dataset/kspondata/kss/3/3_3507.wav
[2023-03-22 13:33:10,456][kospeech.utils][INFO] - Audio is None : ./dataset/kspondata/kss/2/2_0929.wav
[2023-03-22 13:33:10,457][kospeech.utils][INFO] - Audio is None : ./dataset/kspondata/kss/1/1_0272.wav
[2023-03-22 13:33:10,463][kospeech.utils][INFO] - Audio is None : ./dataset/kspondata/kss/1/1_0063.wav
[2023-03-22 13:33:10,465][kospeech.utils][INFO] - Audio is None : ./dataset/kspondata/kss/4/4_4463.wav
[2023-03-22 13:33:10,466][kospeech.utils][INFO] - Audio is None : ./dataset/kspondata/kss/3/3_0222.wav
[2023-03-22 13:33:10,471][kospeech.utils][INFO] - Audio is None : ./dataset/kspondata/kss/4/4_1308.wav
[2023-03-22 13:33:10,480][kospeech.utils][INFO] - Audio is None : ./dataset/kspondata/kss/3/3_3134.wav
[2023-03-22 13:33:10,483][kospeech.utils][INFO] - Audio is None : ./dataset/kspondata/kss/4/4_4499.wav
[2023-03-22 13:33:10,483][kospeech.utils][INFO] - Audio is None : ./dataset/kspondata/kss/2/2_0447.wav
[2023-03-22 13:33:10,488][kospeech.utils][INFO] - Audio is None : ./dataset/kspondata/kss/4/4_3522.wav
[2023-03-22 13:33:10,490][kospeech.utils][INFO] - Audio is None : ./dataset/kspondata/kss/4/4_4074.wav
[2023-03-22 13:33:10,495][kospeech.utils][INFO] - Audio is None : ./dataset/kspondata/kss/3/3_0047.wav
[2023-03-22 13:33:10,496][kospeech.utils][INFO] - Audio is None : ./dataset/kspondata/kss/2/2_0426.wav
[2023-03-22 13:33:10,496][kospeech.utils][INFO] - Audio is None : ./dataset/kspondata/kss/3/3_4134.wav
[2023-03-22 13:33:10,502][kospeech.utils][INFO] - Audio is None : ./dataset/kspondata/kss/3/3_1036.wav
[2023-03-22 13:33:10,509][kospeech.utils][INFO] - Audio is None : ./dataset/kspondata/kss/2/2_1050.wav
[2023-03-22 13:33:10,510][kospeech.utils][INFO] - Audio is None : ./dataset/kspondata/kss/2/2_0372.wav
[2023-03-22 13:33:10,516][kospeech.utils][INFO] - Audio is None : ./dataset/kspondata/kss/3/3_2034.wav
[2023-03-22 13:33:10,516][kospeech.utils][INFO] - Audio is None : ./dataset/kspondata/kss/1/1_0587.wav
[2023-03-22 13:33:10,522][kospeech.utils][INFO] - Audio is None : ./dataset/kspondata/kss/3/3_1488.wav
[2023-03-22 13:33:10,528][kospeech.utils][INFO] - Audio is None : ./dataset/kspondata/kss/4/4_3161.wav
[2023-03-22 13:33:10,530][kospeech.utils][INFO] - Audio is None : ./dataset/kspondata/kss/3/3_3302.wav
[2023-03-22 13:33:10,531][kospeech.utils][INFO] - Audio is None : ./dataset/kspondata/kss/4/4_1513.wav
[2023-03-22 13:33:10,534][kospeech.utils][INFO] - Audio is None : ./dataset/kspondata/kss/4/4_0643.wav
[2023-03-22 13:33:10,536][kospeech.utils][INFO] - Audio is None : ./dataset/kspondata/kss/3/3_3568.wav
[2023-03-22 13:33:10,542][kospeech.utils][INFO] - Audio is None : ./dataset/kspondata/kss/4/4_3958.wav
[2023-03-22 13:33:10,545][kospeech.utils][INFO] - Audio is None : ./dataset/kspondata/kss/3/3_4175.wav
[2023-03-22 13:33:10,548][kospeech.utils][INFO] - Audio is None : ./dataset/kspondata/kss/1/1_0324.wav
[2023-03-22 13:33:10,551][kospeech.utils][INFO] - Audio is None : ./dataset/kspondata/kss/3/3_2441.wav
[2023-03-22 13:33:10,556][kospeech.utils][INFO] - Audio is None : ./dataset/kspondata/kss/2/2_0507.wav
[2023-03-22 13:33:10,557][kospeech.utils][INFO] - Audio is None : ./dataset/kspondata/kss/4/4_1796.wav
[2023-03-22 13:33:10,562][kospeech.utils][INFO] - Audio is None : ./dataset/kspondata/kss/3/3_3528.wav
[2023-03-22 13:33:10,563][kospeech.utils][INFO] - Audio is None : ./dataset/kspondata/kss/3/3_3417.wav
[2023-03-22 13:33:10,568][kospeech.utils][INFO] - Audio is None : ./dataset/kspondata/kss/3/3_2833.wav
[2023-03-22 13:33:10,571][kospeech.utils][INFO] - Audio is None : ./dataset/kspondata/kss/4/4_2432.wav
[2023-03-22 13:33:10,575][kospeech.utils][INFO] - Audio is None : ./dataset/kspondata/kss/3/3_0949.wav
[2023-03-22 13:33:10,577][kospeech.utils][INFO] - Audio is None : ./dataset/kspondata/kss/3/3_2887.wav
[2023-03-22 13:33:10,581][kospeech.utils][INFO] - Audio is None : ./dataset/kspondata/kss/3/3_2067.wav
[2023-03-22 13:33:10,584][kospeech.utils][INFO] - Audio is None : ./dataset/kspondata/kss/3/3_3127.wav
[2023-03-22 13:33:10,587][kospeech.utils][INFO] - Audio is None : ./dataset/kspondata/kss/1/1_0527.wav
[2023-03-22 13:33:10,590][kospeech.utils][INFO] - Audio is None : ./dataset/kspondata/kss/4/4_1386.wav
[2023-03-22 13:33:10,592][kospeech.utils][INFO] - Audio is None : ./dataset/kspondata/kss/4/4_3823.wav
[2023-03-22 13:33:10,596][kospeech.utils][INFO] - Audio is None : ./dataset/kspondata/kss/4/4_1178.wav
[2023-03-22 13:33:10,599][kospeech.utils][INFO] - Audio is None : ./dataset/kspondata/kss/4/4_0544.wav
[2023-03-22 13:33:10,603][kospeech.utils][INFO] - Audio is None : ./dataset/kspondata/kss/3/3_4788.wav
[2023-03-22 13:33:10,607][kospeech.utils][INFO] - Audio is None : ./dataset/kspondata/kss/4/4_2360.wav
[2023-03-22 13:33:10,610][kospeech.utils][INFO] - Audio is None : ./dataset/kspondata/kss/3/3_3519.wav
[2023-03-22 13:33:10,612][kospeech.utils][INFO] - Audio is None : ./dataset/kspondata/kss/3/3_1660.wav
[2023-03-22 13:33:10,615][kospeech.utils][INFO] - Audio is None : ./dataset/kspondata/kss/4/4_0405.wav
[2023-03-22 13:33:10,617][kospeech.utils][INFO] - Audio is None : ./dataset/kspondata/kss/4/4_0900.wav
[2023-03-22 13:33:10,621][kospeech.utils][INFO] - Audio is None : ./dataset/kspondata/kss/3/3_4341.wav
[2023-03-22 13:33:10,625][kospeech.utils][INFO] - Audio is None : ./dataset/kspondata/kss/4/4_2614.wav
[2023-03-22 13:33:10,628][kospeech.utils][INFO] - Audio is None : ./dataset/kspondata/kss/4/4_3425.wav
[2023-03-22 13:33:10,635][kospeech.utils][INFO] - Audio is None : ./dataset/kspondata/kss/3/3_0376.wav
[2023-03-22 13:33:10,637][kospeech.utils][INFO] - Audio is None : ./dataset/kspondata/kss/4/4_2258.wav
[2023-03-22 13:33:10,639][kospeech.utils][INFO] - Audio is None : ./dataset/kspondata/kss/3/3_3171.wav
[2023-03-22 13:33:10,641][kospeech.utils][INFO] - Audio is None : ./dataset/kspondata/kss/3/3_4084.wav
[2023-03-22 13:33:10,645][kospeech.utils][INFO] - Audio is None : ./dataset/kspondata/kss/2/2_0674.wav
[2023-03-22 13:33:10,651][kospeech.utils][INFO] - Audio is None : ./dataset/kspondata/kss/3/3_1081.wav
[2023-03-22 13:33:10,653][kospeech.utils][INFO] - Audio is None : ./dataset/kspondata/kss/4/4_1495.wav
[2023-03-22 13:33:10,654][kospeech.utils][INFO] - Audio is None : ./dataset/kspondata/kss/4/4_0353.wav
[2023-03-22 13:33:10,660][kospeech.utils][INFO] - Audio is None : ./dataset/kspondata/kss/3/3_3973.wav
[2023-03-22 13:33:10,663][kospeech.utils][INFO] - Audio is None : ./dataset/kspondata/kss/2/2_0919.wav
[2023-03-22 13:33:10,665][kospeech.utils][INFO] - Audio is None : ./dataset/kspondata/kss/4/4_4415.wav
[2023-03-22 13:33:10,669][kospeech.utils][INFO] - Audio is None : ./dataset/kspondata/kss/3/3_3125.wav
[2023-03-22 13:33:10,671][kospeech.utils][INFO] - Audio is None : ./dataset/kspondata/kss/4/4_3526.wav
[2023-03-22 13:33:10,678][kospeech.utils][INFO] - Audio is None : ./dataset/kspondata/kss/2/2_1062.wav
[2023-03-22 13:33:10,681][kospeech.utils][INFO] - Audio is None : ./dataset/kspondata/kss/4/4_3099.wav
[2023-03-22 13:33:10,684][kospeech.utils][INFO] - Audio is None : ./dataset/kspondata/kss/4/4_2554.wav
[2023-03-22 13:33:10,686][kospeech.utils][INFO] - Audio is None : ./dataset/kspondata/kss/3/3_0635.wav
[2023-03-22 13:33:10,691][kospeech.utils][INFO] - Audio is None : ./dataset/kspondata/kss/3/3_4817.wav
[2023-03-22 13:33:10,693][kospeech.utils][INFO] - Audio is None : ./dataset/kspondata/kss/3/3_4804.wav
[2023-03-22 13:33:10,694][kospeech.utils][INFO] - Audio is None : ./dataset/kspondata/kss/4/4_1064.wav
[2023-03-22 13:33:10,696][kospeech.utils][INFO] - Audio is None : ./dataset/kspondata/kss/4/4_3444.wav
[2023-03-22 13:33:10,703][kospeech.utils][INFO] - Audio is None : ./dataset/kspondata/kss/4/4_2418.wav
[2023-03-22 13:33:10,708][kospeech.utils][INFO] - Audio is None : ./dataset/kspondata/kss/4/4_3255.wav
[2023-03-22 13:33:10,712][kospeech.utils][INFO] - Audio is None : ./dataset/kspondata/kss/3/3_0305.wav
[2023-03-22 13:33:10,713][kospeech.utils][INFO] - Audio is None : ./dataset/kspondata/kss/4/4_0110.wav
[2023-03-22 13:33:10,717][kospeech.utils][INFO] - Audio is None : ./dataset/kspondata/kss/4/4_1745.wav
[2023-03-22 13:33:10,719][kospeech.utils][INFO] - Audio is None : ./dataset/kspondata/kss/3/3_0043.wav
[2023-03-22 13:33:10,725][kospeech.utils][INFO] - Audio is None : ./dataset/kspondata/kss/3/3_4875.wav
[2023-03-22 13:33:10,725][kospeech.utils][INFO] - Audio is None : ./dataset/kspondata/kss/4/4_2005.wav
[2023-03-22 13:33:10,727][kospeech.utils][INFO] - Audio is None : ./dataset/kspondata/kss/3/3_2718.wav
[2023-03-22 13:33:10,733][kospeech.utils][INFO] - Audio is None : ./dataset/kspondata/kss/2/2_1008.wav
[2023-03-22 13:33:10,738][kospeech.utils][INFO] - Audio is None : ./dataset/kspondata/kss/4/4_3695.wav
[2023-03-22 13:33:10,739][kospeech.utils][INFO] - Audio is None : ./dataset/kspondata/kss/3/3_0585.wav
[2023-03-22 13:33:10,744][kospeech.utils][INFO] - Audio is None : ./dataset/kspondata/kss/4/4_0264.wav
[2023-03-22 13:33:10,746][kospeech.utils][INFO] - Audio is None : ./dataset/kspondata/kss/3/3_4281.wav
[2023-03-22 13:33:10,750][kospeech.utils][INFO] - Audio is None : ./dataset/kspondata/kss/2/2_0244.wav
[2023-03-22 13:33:10,753][kospeech.utils][INFO] - Audio is None : ./dataset/kspondata/kss/4/4_4123.wav
[2023-03-22 13:33:10,754][kospeech.utils][INFO] - Audio is None : ./dataset/kspondata/kss/4/4_0273.wav
[2023-03-22 13:33:10,756][kospeech.utils][INFO] - Audio is None : ./dataset/kspondata/kss/3/3_1657.wav
[2023-03-22 13:33:10,765][kospeech.utils][INFO] - Audio is None : ./dataset/kspondata/kss/3/3_3286.wav
[2023-03-22 13:33:10,766][kospeech.utils][INFO] - Audio is None : ./dataset/kspondata/kss/3/3_0432.wav
[2023-03-22 13:33:10,771][kospeech.utils][INFO] - Audio is None : ./dataset/kspondata/kss/4/4_3985.wav
[2023-03-22 13:33:10,772][kospeech.utils][INFO] - Audio is None : ./dataset/kspondata/kss/3/3_2310.wav
[2023-03-22 13:33:10,776][kospeech.utils][INFO] - Audio is None : ./dataset/kspondata/kss/4/4_3313.wav
[2023-03-22 13:33:10,781][kospeech.utils][INFO] - Audio is None : ./dataset/kspondata/kss/2/2_1081.wav
[2023-03-22 13:33:10,782][kospeech.utils][INFO] - Audio is None : ./dataset/kspondata/kss/4/4_0085.wav
[2023-03-22 13:33:10,784][kospeech.utils][INFO] - Audio is None : ./dataset/kspondata/kss/3/3_3409.wav
[2023-03-22 13:33:10,789][kospeech.utils][INFO] - Audio is None : ./dataset/kspondata/kss/4/4_1509.wav
[2023-03-22 13:33:10,794][kospeech.utils][INFO] - Audio is None : ./dataset/kspondata/kss/4/4_0821.wav
[2023-03-22 13:33:10,799][kospeech.utils][INFO] - Audio is None : ./dataset/kspondata/kss/1/1_0851.wav
[2023-03-22 13:33:10,799][kospeech.utils][INFO] - Audio is None : ./dataset/kspondata/kss/3/3_1591.wav
[2023-03-22 13:33:10,801][kospeech.utils][INFO] - Audio is None : ./dataset/kspondata/kss/4/4_4339.wav
[2023-03-22 13:33:10,806][kospeech.utils][INFO] - Audio is None : ./dataset/kspondata/kss/3/3_0330.wav
[2023-03-22 13:33:10,809][kospeech.utils][INFO] - Audio is None : ./dataset/kspondata/kss/1/1_1038.wav
[2023-03-22 13:33:10,811][kospeech.utils][INFO] - Audio is None : ./dataset/kspondata/kss/4/4_2701.wav
[2023-03-22 13:33:10,811][kospeech.utils][INFO] - Audio is None : ./dataset/kspondata/kss/3/3_0240.wav
[2023-03-22 13:33:10,813][kospeech.utils][INFO] - Audio is None : ./dataset/kspondata/kss/4/4_2356.wav
[2023-03-22 13:33:10,816][kospeech.utils][INFO] - Audio is None : ./dataset/kspondata/kss/4/4_1721.wav
[2023-03-22 13:33:11,436][kospeech.utils][INFO] - save checkpoints
C:\Users\SSAFY\Desktop\Speech\gitstt\BE\KoreanSTT\outputs\2023-03-22\13-32-58\2023_03_22_13_33_10-trainer_states.pt
C:\Users\SSAFY\Desktop\Speech\gitstt\BE\KoreanSTT\outputs\2023-03-22\13-32-58\2023_03_22_13_33_10-model.pt
[2023-03-22 13:33:11,436][kospeech.utils][INFO] - train() completed
[2023-03-22 13:33:11,437][kospeech.utils][INFO] - 0
