[2023-03-22 14:30:28,201][kospeech.utils][INFO] - audio:
  audio_extension: wav
  sample_rate: 16000
  frame_length: 20
  frame_shift: 10
  normalize: true
  del_silence: true
  feature_extract_by: kaldi
  time_mask_num: 4
  freq_mask_num: 2
  spec_augment: true
  input_reverse: false
  transform_method: fbank
  n_mels: 80
  freq_mask_para: 18
model:
  architecture: deepspeech2
  teacher_forcing_ratio: 1.0
  teacher_forcing_step: 0.0
  min_teacher_forcing_ratio: 1.0
  dropout: 0.3
  bidirectional: false
  joint_ctc_attention: false
  max_len: 400
  use_bidirectional: true
  rnn_type: gru
  hidden_dim: 1024
  activation: hardtanh
  num_encoder_layers: 3
train:
  dataset: kspon
  dataset_path: C:/Users/SSAFY/Desktop/Speech/gitstt/BE/KoreanSTT/dataset/kspon/data/kss
  transcripts_path: ../../../transcripts.txt
  output_unit: character
  batch_size: 32
  save_result_every: 100
  checkpoint_every: 100
  print_every: 10
  mode: train
  num_workers: 8
  use_cuda: true
  num_threads: 2
  init_lr_scale: 0.01
  final_lr_scale: 0.05
  max_grad_norm: 400
  weight_decay: 1.0e-05
  total_steps: 200000
  seed: 777
  resume: false
  optimizer: adam
  init_lr: 1.0e-06
  final_lr: 1.0e-06
  peak_lr: 0.0001
  warmup_steps: 400
  num_epochs: 8
  reduction: mean
  lr_scheduler: tri_stage_lr_scheduler

[2023-03-22 14:30:28,246][kospeech.utils][INFO] - Operating System : Windows 10
[2023-03-22 14:30:28,247][kospeech.utils][INFO] - Processor : Intel64 Family 6 Model 158 Stepping 10, GenuineIntel
[2023-03-22 14:30:28,248][kospeech.utils][INFO] - device : NVIDIA GeForce RTX 2060
[2023-03-22 14:30:28,248][kospeech.utils][INFO] - CUDA is available : True
[2023-03-22 14:30:28,249][kospeech.utils][INFO] - CUDA version : 11.8
[2023-03-22 14:30:28,249][kospeech.utils][INFO] - PyTorch version : 2.0.0+cu118
[2023-03-22 14:30:28,294][kospeech.utils][INFO] - split dataset start !!
[2023-03-22 14:30:28,401][kospeech.utils][INFO] - Applying Spec Augmentation...
[2023-03-22 14:30:28,403][kospeech.utils][INFO] - split dataset complete !!
[2023-03-22 14:30:30,843][kospeech.utils][INFO] - start
[2023-03-22 14:30:30,843][kospeech.utils][INFO] - Epoch 0 start
[2023-03-22 14:30:30,882][kospeech.utils][INFO] - Audio is None : C:/Users/SSAFY/Desktop/Speech/gitstt/BE/KoreanSTT/dataset/kspon/data/kss/3/3_1496.wav
[2023-03-22 14:30:30,883][kospeech.utils][INFO] - Audio is None : C:/Users/SSAFY/Desktop/Speech/gitstt/BE/KoreanSTT/dataset/kspon/data/kss/3/3_3697.wav
[2023-03-22 14:30:30,884][kospeech.utils][INFO] - Audio is None : C:/Users/SSAFY/Desktop/Speech/gitstt/BE/KoreanSTT/dataset/kspon/data/kss/4/4_0807.wav
[2023-03-22 14:30:30,885][kospeech.utils][INFO] - Audio is None : C:/Users/SSAFY/Desktop/Speech/gitstt/BE/KoreanSTT/dataset/kspon/data/kss/1/1_0729.wav
[2023-03-22 14:30:30,887][kospeech.utils][INFO] - Audio is None : C:/Users/SSAFY/Desktop/Speech/gitstt/BE/KoreanSTT/dataset/kspon/data/kss/3/3_4707.wav
[2023-03-22 14:30:30,888][kospeech.utils][INFO] - Audio is None : C:/Users/SSAFY/Desktop/Speech/gitstt/BE/KoreanSTT/dataset/kspon/data/kss/4/4_2040.wav
[2023-03-22 14:30:30,889][kospeech.utils][INFO] - Audio is None : C:/Users/SSAFY/Desktop/Speech/gitstt/BE/KoreanSTT/dataset/kspon/data/kss/4/4_3090.wav
[2023-03-22 14:30:30,890][kospeech.utils][INFO] - Audio is None : C:/Users/SSAFY/Desktop/Speech/gitstt/BE/KoreanSTT/dataset/kspon/data/kss/3/3_1664.wav
[2023-03-22 14:30:30,901][kospeech.utils][INFO] - Audio is None : C:/Users/SSAFY/Desktop/Speech/gitstt/BE/KoreanSTT/dataset/kspon/data/kss/2/2_0233.wav
[2023-03-22 14:30:30,902][kospeech.utils][INFO] - Audio is None : C:/Users/SSAFY/Desktop/Speech/gitstt/BE/KoreanSTT/dataset/kspon/data/kss/3/3_1401.wav
[2023-03-22 14:30:30,904][kospeech.utils][INFO] - Audio is None : C:/Users/SSAFY/Desktop/Speech/gitstt/BE/KoreanSTT/dataset/kspon/data/kss/4/4_3016.wav
[2023-03-22 14:30:30,906][kospeech.utils][INFO] - Audio is None : C:/Users/SSAFY/Desktop/Speech/gitstt/BE/KoreanSTT/dataset/kspon/data/kss/3/3_3051.wav
[2023-03-22 14:30:30,908][kospeech.utils][INFO] - Audio is None : C:/Users/SSAFY/Desktop/Speech/gitstt/BE/KoreanSTT/dataset/kspon/data/kss/1/1_0317.wav
[2023-03-22 14:30:30,910][kospeech.utils][INFO] - Audio is None : C:/Users/SSAFY/Desktop/Speech/gitstt/BE/KoreanSTT/dataset/kspon/data/kss/3/3_4367.wav
[2023-03-22 14:30:30,911][kospeech.utils][INFO] - Audio is None : C:/Users/SSAFY/Desktop/Speech/gitstt/BE/KoreanSTT/dataset/kspon/data/kss/3/3_4310.wav
[2023-03-22 14:30:30,912][kospeech.utils][INFO] - Audio is None : C:/Users/SSAFY/Desktop/Speech/gitstt/BE/KoreanSTT/dataset/kspon/data/kss/2/2_0061.wav
[2023-03-22 14:30:30,918][kospeech.utils][INFO] - Audio is None : C:/Users/SSAFY/Desktop/Speech/gitstt/BE/KoreanSTT/dataset/kspon/data/kss/3/3_4492.wav
[2023-03-22 14:30:30,919][kospeech.utils][INFO] - Audio is None : C:/Users/SSAFY/Desktop/Speech/gitstt/BE/KoreanSTT/dataset/kspon/data/kss/4/4_3566.wav
[2023-03-22 14:30:30,921][kospeech.utils][INFO] - Audio is None : C:/Users/SSAFY/Desktop/Speech/gitstt/BE/KoreanSTT/dataset/kspon/data/kss/3/3_1825.wav
[2023-03-22 14:30:30,923][kospeech.utils][INFO] - Audio is None : C:/Users/SSAFY/Desktop/Speech/gitstt/BE/KoreanSTT/dataset/kspon/data/kss/4/4_4314.wav
[2023-03-22 14:30:30,928][kospeech.utils][INFO] - Audio is None : C:/Users/SSAFY/Desktop/Speech/gitstt/BE/KoreanSTT/dataset/kspon/data/kss/4/4_4298.wav
[2023-03-22 14:30:30,931][kospeech.utils][INFO] - Audio is None : C:/Users/SSAFY/Desktop/Speech/gitstt/BE/KoreanSTT/dataset/kspon/data/kss/3/3_1803.wav
[2023-03-22 14:30:30,933][kospeech.utils][INFO] - Audio is None : C:/Users/SSAFY/Desktop/Speech/gitstt/BE/KoreanSTT/dataset/kspon/data/kss/3/3_0025.wav
[2023-03-22 14:30:30,935][kospeech.utils][INFO] - Audio is None : C:/Users/SSAFY/Desktop/Speech/gitstt/BE/KoreanSTT/dataset/kspon/data/kss/4/4_1677.wav
[2023-03-22 14:30:30,935][kospeech.utils][INFO] - Audio is None : C:/Users/SSAFY/Desktop/Speech/gitstt/BE/KoreanSTT/dataset/kspon/data/kss/3/3_3364.wav
[2023-03-22 14:30:30,940][kospeech.utils][INFO] - Audio is None : C:/Users/SSAFY/Desktop/Speech/gitstt/BE/KoreanSTT/dataset/kspon/data/kss/3/3_4776.wav
[2023-03-22 14:30:30,945][kospeech.utils][INFO] - Audio is None : C:/Users/SSAFY/Desktop/Speech/gitstt/BE/KoreanSTT/dataset/kspon/data/kss/3/3_2113.wav
[2023-03-22 14:30:30,947][kospeech.utils][INFO] - Audio is None : C:/Users/SSAFY/Desktop/Speech/gitstt/BE/KoreanSTT/dataset/kspon/data/kss/3/3_1755.wav
[2023-03-22 14:30:30,953][kospeech.utils][INFO] - Audio is None : C:/Users/SSAFY/Desktop/Speech/gitstt/BE/KoreanSTT/dataset/kspon/data/kss/4/4_1280.wav
[2023-03-22 14:30:30,955][kospeech.utils][INFO] - Audio is None : C:/Users/SSAFY/Desktop/Speech/gitstt/BE/KoreanSTT/dataset/kspon/data/kss/3/3_3107.wav
[2023-03-22 14:30:30,956][kospeech.utils][INFO] - Audio is None : C:/Users/SSAFY/Desktop/Speech/gitstt/BE/KoreanSTT/dataset/kspon/data/kss/4/4_2351.wav
[2023-03-22 14:30:30,959][kospeech.utils][INFO] - Audio is None : C:/Users/SSAFY/Desktop/Speech/gitstt/BE/KoreanSTT/dataset/kspon/data/kss/4/4_0693.wav
[2023-03-22 14:30:30,960][kospeech.utils][INFO] - Audio is None : C:/Users/SSAFY/Desktop/Speech/gitstt/BE/KoreanSTT/dataset/kspon/data/kss/3/3_0650.wav
[2023-03-22 14:30:30,962][kospeech.utils][INFO] - Audio is None : C:/Users/SSAFY/Desktop/Speech/gitstt/BE/KoreanSTT/dataset/kspon/data/kss/4/4_0534.wav
[2023-03-22 14:30:30,963][kospeech.utils][INFO] - Audio is None : C:/Users/SSAFY/Desktop/Speech/gitstt/BE/KoreanSTT/dataset/kspon/data/kss/3/3_0443.wav
[2023-03-22 14:30:30,966][kospeech.utils][INFO] - Audio is None : C:/Users/SSAFY/Desktop/Speech/gitstt/BE/KoreanSTT/dataset/kspon/data/kss/4/4_3502.wav
[2023-03-22 14:30:30,975][kospeech.utils][INFO] - Audio is None : C:/Users/SSAFY/Desktop/Speech/gitstt/BE/KoreanSTT/dataset/kspon/data/kss/3/3_0369.wav
[2023-03-22 14:30:30,976][kospeech.utils][INFO] - Audio is None : C:/Users/SSAFY/Desktop/Speech/gitstt/BE/KoreanSTT/dataset/kspon/data/kss/3/3_2386.wav
[2023-03-22 14:30:30,979][kospeech.utils][INFO] - Audio is None : C:/Users/SSAFY/Desktop/Speech/gitstt/BE/KoreanSTT/dataset/kspon/data/kss/2/2_0704.wav
[2023-03-22 14:30:30,983][kospeech.utils][INFO] - Audio is None : C:/Users/SSAFY/Desktop/Speech/gitstt/BE/KoreanSTT/dataset/kspon/data/kss/4/4_2237.wav
[2023-03-22 14:30:30,983][kospeech.utils][INFO] - Audio is None : C:/Users/SSAFY/Desktop/Speech/gitstt/BE/KoreanSTT/dataset/kspon/data/kss/1/1_0319.wav
[2023-03-22 14:30:30,986][kospeech.utils][INFO] - Audio is None : C:/Users/SSAFY/Desktop/Speech/gitstt/BE/KoreanSTT/dataset/kspon/data/kss/4/4_4362.wav
[2023-03-22 14:30:30,987][kospeech.utils][INFO] - Audio is None : C:/Users/SSAFY/Desktop/Speech/gitstt/BE/KoreanSTT/dataset/kspon/data/kss/3/3_0931.wav
[2023-03-22 14:30:30,988][kospeech.utils][INFO] - Audio is None : C:/Users/SSAFY/Desktop/Speech/gitstt/BE/KoreanSTT/dataset/kspon/data/kss/4/4_2984.wav
[2023-03-22 14:30:30,992][kospeech.utils][INFO] - Audio is None : C:/Users/SSAFY/Desktop/Speech/gitstt/BE/KoreanSTT/dataset/kspon/data/kss/1/1_0065.wav
[2023-03-22 14:30:30,994][kospeech.utils][INFO] - Audio is None : C:/Users/SSAFY/Desktop/Speech/gitstt/BE/KoreanSTT/dataset/kspon/data/kss/3/3_0390.wav
[2023-03-22 14:30:31,002][kospeech.utils][INFO] - Audio is None : C:/Users/SSAFY/Desktop/Speech/gitstt/BE/KoreanSTT/dataset/kspon/data/kss/4/4_2451.wav
[2023-03-22 14:30:31,003][kospeech.utils][INFO] - Audio is None : C:/Users/SSAFY/Desktop/Speech/gitstt/BE/KoreanSTT/dataset/kspon/data/kss/4/4_3847.wav
[2023-03-22 14:30:31,004][kospeech.utils][INFO] - Audio is None : C:/Users/SSAFY/Desktop/Speech/gitstt/BE/KoreanSTT/dataset/kspon/data/kss/3/3_3968.wav
[2023-03-22 14:30:31,006][kospeech.utils][INFO] - Audio is None : C:/Users/SSAFY/Desktop/Speech/gitstt/BE/KoreanSTT/dataset/kspon/data/kss/4/4_2698.wav
[2023-03-22 14:30:31,010][kospeech.utils][INFO] - Audio is None : C:/Users/SSAFY/Desktop/Speech/gitstt/BE/KoreanSTT/dataset/kspon/data/kss/3/3_1270.wav
[2023-03-22 14:30:31,011][kospeech.utils][INFO] - Audio is None : C:/Users/SSAFY/Desktop/Speech/gitstt/BE/KoreanSTT/dataset/kspon/data/kss/3/3_1691.wav
[2023-03-22 14:30:31,012][kospeech.utils][INFO] - Audio is None : C:/Users/SSAFY/Desktop/Speech/gitstt/BE/KoreanSTT/dataset/kspon/data/kss/3/3_4602.wav
[2023-03-22 14:30:31,015][kospeech.utils][INFO] - Audio is None : C:/Users/SSAFY/Desktop/Speech/gitstt/BE/KoreanSTT/dataset/kspon/data/kss/3/3_0084.wav
[2023-03-22 14:30:31,022][kospeech.utils][INFO] - Audio is None : C:/Users/SSAFY/Desktop/Speech/gitstt/BE/KoreanSTT/dataset/kspon/data/kss/3/3_2461.wav
[2023-03-22 14:30:31,025][kospeech.utils][INFO] - Audio is None : C:/Users/SSAFY/Desktop/Speech/gitstt/BE/KoreanSTT/dataset/kspon/data/kss/3/3_1497.wav
[2023-03-22 14:30:31,026][kospeech.utils][INFO] - Audio is None : C:/Users/SSAFY/Desktop/Speech/gitstt/BE/KoreanSTT/dataset/kspon/data/kss/4/4_0713.wav
[2023-03-22 14:30:31,029][kospeech.utils][INFO] - Audio is None : C:/Users/SSAFY/Desktop/Speech/gitstt/BE/KoreanSTT/dataset/kspon/data/kss/3/3_0202.wav
[2023-03-22 14:30:31,031][kospeech.utils][INFO] - Audio is None : C:/Users/SSAFY/Desktop/Speech/gitstt/BE/KoreanSTT/dataset/kspon/data/kss/3/3_4356.wav
[2023-03-22 14:30:31,034][kospeech.utils][INFO] - Audio is None : C:/Users/SSAFY/Desktop/Speech/gitstt/BE/KoreanSTT/dataset/kspon/data/kss/2/2_0315.wav
[2023-03-22 14:30:31,036][kospeech.utils][INFO] - Audio is None : C:/Users/SSAFY/Desktop/Speech/gitstt/BE/KoreanSTT/dataset/kspon/data/kss/3/3_3377.wav
[2023-03-22 14:30:31,038][kospeech.utils][INFO] - Audio is None : C:/Users/SSAFY/Desktop/Speech/gitstt/BE/KoreanSTT/dataset/kspon/data/kss/4/4_1938.wav
[2023-03-22 14:30:31,040][kospeech.utils][INFO] - Audio is None : C:/Users/SSAFY/Desktop/Speech/gitstt/BE/KoreanSTT/dataset/kspon/data/kss/3/3_0340.wav
[2023-03-22 14:30:31,044][kospeech.utils][INFO] - Audio is None : C:/Users/SSAFY/Desktop/Speech/gitstt/BE/KoreanSTT/dataset/kspon/data/kss/1/1_0809.wav
[2023-03-22 14:30:31,046][kospeech.utils][INFO] - Audio is None : C:/Users/SSAFY/Desktop/Speech/gitstt/BE/KoreanSTT/dataset/kspon/data/kss/4/4_1809.wav
[2023-03-22 14:30:31,048][kospeech.utils][INFO] - Audio is None : C:/Users/SSAFY/Desktop/Speech/gitstt/BE/KoreanSTT/dataset/kspon/data/kss/4/4_0655.wav
[2023-03-22 14:30:31,052][kospeech.utils][INFO] - Audio is None : C:/Users/SSAFY/Desktop/Speech/gitstt/BE/KoreanSTT/dataset/kspon/data/kss/4/4_4201.wav
[2023-03-22 14:30:31,056][kospeech.utils][INFO] - Audio is None : C:/Users/SSAFY/Desktop/Speech/gitstt/BE/KoreanSTT/dataset/kspon/data/kss/4/4_4565.wav
[2023-03-22 14:30:31,059][kospeech.utils][INFO] - Audio is None : C:/Users/SSAFY/Desktop/Speech/gitstt/BE/KoreanSTT/dataset/kspon/data/kss/3/3_0618.wav
[2023-03-22 14:30:31,061][kospeech.utils][INFO] - Audio is None : C:/Users/SSAFY/Desktop/Speech/gitstt/BE/KoreanSTT/dataset/kspon/data/kss/1/1_0445.wav
[2023-03-22 14:30:31,063][kospeech.utils][INFO] - Audio is None : C:/Users/SSAFY/Desktop/Speech/gitstt/BE/KoreanSTT/dataset/kspon/data/kss/3/3_0466.wav
[2023-03-22 14:30:31,065][kospeech.utils][INFO] - Audio is None : C:/Users/SSAFY/Desktop/Speech/gitstt/BE/KoreanSTT/dataset/kspon/data/kss/4/4_1122.wav
[2023-03-22 14:30:31,067][kospeech.utils][INFO] - Audio is None : C:/Users/SSAFY/Desktop/Speech/gitstt/BE/KoreanSTT/dataset/kspon/data/kss/3/3_3291.wav
[2023-03-22 14:30:31,068][kospeech.utils][INFO] - Audio is None : C:/Users/SSAFY/Desktop/Speech/gitstt/BE/KoreanSTT/dataset/kspon/data/kss/4/4_1631.wav
[2023-03-22 14:30:31,072][kospeech.utils][INFO] - Audio is None : C:/Users/SSAFY/Desktop/Speech/gitstt/BE/KoreanSTT/dataset/kspon/data/kss/4/4_2135.wav
[2023-03-22 14:30:31,076][kospeech.utils][INFO] - Audio is None : C:/Users/SSAFY/Desktop/Speech/gitstt/BE/KoreanSTT/dataset/kspon/data/kss/3/3_2524.wav
[2023-03-22 14:30:31,078][kospeech.utils][INFO] - Audio is None : C:/Users/SSAFY/Desktop/Speech/gitstt/BE/KoreanSTT/dataset/kspon/data/kss/3/3_4302.wav
[2023-03-22 14:30:31,083][kospeech.utils][INFO] - Audio is None : C:/Users/SSAFY/Desktop/Speech/gitstt/BE/KoreanSTT/dataset/kspon/data/kss/4/4_1177.wav
[2023-03-22 14:30:31,086][kospeech.utils][INFO] - Audio is None : C:/Users/SSAFY/Desktop/Speech/gitstt/BE/KoreanSTT/dataset/kspon/data/kss/3/3_3333.wav
[2023-03-22 14:30:31,087][kospeech.utils][INFO] - Audio is None : C:/Users/SSAFY/Desktop/Speech/gitstt/BE/KoreanSTT/dataset/kspon/data/kss/4/4_2203.wav
[2023-03-22 14:30:31,088][kospeech.utils][INFO] - Audio is None : C:/Users/SSAFY/Desktop/Speech/gitstt/BE/KoreanSTT/dataset/kspon/data/kss/3/3_2551.wav
[2023-03-22 14:30:31,092][kospeech.utils][INFO] - Audio is None : C:/Users/SSAFY/Desktop/Speech/gitstt/BE/KoreanSTT/dataset/kspon/data/kss/2/2_0151.wav
[2023-03-22 14:30:31,093][kospeech.utils][INFO] - Audio is None : C:/Users/SSAFY/Desktop/Speech/gitstt/BE/KoreanSTT/dataset/kspon/data/kss/4/4_0417.wav
[2023-03-22 14:30:31,096][kospeech.utils][INFO] - Audio is None : C:/Users/SSAFY/Desktop/Speech/gitstt/BE/KoreanSTT/dataset/kspon/data/kss/4/4_0751.wav
[2023-03-22 14:30:31,098][kospeech.utils][INFO] - Audio is None : C:/Users/SSAFY/Desktop/Speech/gitstt/BE/KoreanSTT/dataset/kspon/data/kss/4/4_4294.wav
[2023-03-22 14:30:31,102][kospeech.utils][INFO] - Audio is None : C:/Users/SSAFY/Desktop/Speech/gitstt/BE/KoreanSTT/dataset/kspon/data/kss/3/3_0068.wav
[2023-03-22 14:30:31,107][kospeech.utils][INFO] - Audio is None : C:/Users/SSAFY/Desktop/Speech/gitstt/BE/KoreanSTT/dataset/kspon/data/kss/3/3_4450.wav
[2023-03-22 14:30:31,108][kospeech.utils][INFO] - Audio is None : C:/Users/SSAFY/Desktop/Speech/gitstt/BE/KoreanSTT/dataset/kspon/data/kss/3/3_0262.wav
[2023-03-22 14:30:31,110][kospeech.utils][INFO] - Audio is None : C:/Users/SSAFY/Desktop/Speech/gitstt/BE/KoreanSTT/dataset/kspon/data/kss/4/4_4447.wav
[2023-03-22 14:30:31,113][kospeech.utils][INFO] - Audio is None : C:/Users/SSAFY/Desktop/Speech/gitstt/BE/KoreanSTT/dataset/kspon/data/kss/4/4_4021.wav
[2023-03-22 14:30:31,120][kospeech.utils][INFO] - Audio is None : C:/Users/SSAFY/Desktop/Speech/gitstt/BE/KoreanSTT/dataset/kspon/data/kss/1/1_0108.wav
[2023-03-22 14:30:31,121][kospeech.utils][INFO] - Audio is None : C:/Users/SSAFY/Desktop/Speech/gitstt/BE/KoreanSTT/dataset/kspon/data/kss/4/4_2484.wav
[2023-03-22 14:30:31,123][kospeech.utils][INFO] - Audio is None : C:/Users/SSAFY/Desktop/Speech/gitstt/BE/KoreanSTT/dataset/kspon/data/kss/1/1_0115.wav
[2023-03-22 14:30:31,125][kospeech.utils][INFO] - Audio is None : C:/Users/SSAFY/Desktop/Speech/gitstt/BE/KoreanSTT/dataset/kspon/data/kss/2/2_0873.wav
[2023-03-22 14:30:31,128][kospeech.utils][INFO] - Audio is None : C:/Users/SSAFY/Desktop/Speech/gitstt/BE/KoreanSTT/dataset/kspon/data/kss/3/3_2647.wav
[2023-03-22 14:30:31,129][kospeech.utils][INFO] - Audio is None : C:/Users/SSAFY/Desktop/Speech/gitstt/BE/KoreanSTT/dataset/kspon/data/kss/4/4_3303.wav
[2023-03-22 14:30:31,133][kospeech.utils][INFO] - Audio is None : C:/Users/SSAFY/Desktop/Speech/gitstt/BE/KoreanSTT/dataset/kspon/data/kss/3/3_3117.wav
[2023-03-22 14:30:31,134][kospeech.utils][INFO] - Audio is None : C:/Users/SSAFY/Desktop/Speech/gitstt/BE/KoreanSTT/dataset/kspon/data/kss/3/3_2616.wav
[2023-03-22 14:30:31,140][kospeech.utils][INFO] - Audio is None : C:/Users/SSAFY/Desktop/Speech/gitstt/BE/KoreanSTT/dataset/kspon/data/kss/4/4_3663.wav
[2023-03-22 14:30:31,142][kospeech.utils][INFO] - Audio is None : C:/Users/SSAFY/Desktop/Speech/gitstt/BE/KoreanSTT/dataset/kspon/data/kss/1/1_0855.wav
[2023-03-22 14:30:31,145][kospeech.utils][INFO] - Audio is None : C:/Users/SSAFY/Desktop/Speech/gitstt/BE/KoreanSTT/dataset/kspon/data/kss/3/3_2746.wav
[2023-03-22 14:30:31,147][kospeech.utils][INFO] - Audio is None : C:/Users/SSAFY/Desktop/Speech/gitstt/BE/KoreanSTT/dataset/kspon/data/kss/3/3_0482.wav
[2023-03-22 14:30:31,149][kospeech.utils][INFO] - Audio is None : C:/Users/SSAFY/Desktop/Speech/gitstt/BE/KoreanSTT/dataset/kspon/data/kss/1/1_0413.wav
[2023-03-22 14:30:31,151][kospeech.utils][INFO] - Audio is None : C:/Users/SSAFY/Desktop/Speech/gitstt/BE/KoreanSTT/dataset/kspon/data/kss/3/3_1082.wav
[2023-03-22 14:30:31,152][kospeech.utils][INFO] - Audio is None : C:/Users/SSAFY/Desktop/Speech/gitstt/BE/KoreanSTT/dataset/kspon/data/kss/1/1_0460.wav
[2023-03-22 14:30:31,155][kospeech.utils][INFO] - Audio is None : C:/Users/SSAFY/Desktop/Speech/gitstt/BE/KoreanSTT/dataset/kspon/data/kss/3/3_1649.wav
[2023-03-22 14:30:31,159][kospeech.utils][INFO] - Audio is None : C:/Users/SSAFY/Desktop/Speech/gitstt/BE/KoreanSTT/dataset/kspon/data/kss/3/3_1253.wav
[2023-03-22 14:30:31,164][kospeech.utils][INFO] - Audio is None : C:/Users/SSAFY/Desktop/Speech/gitstt/BE/KoreanSTT/dataset/kspon/data/kss/3/3_0227.wav
[2023-03-22 14:30:31,165][kospeech.utils][INFO] - Audio is None : C:/Users/SSAFY/Desktop/Speech/gitstt/BE/KoreanSTT/dataset/kspon/data/kss/3/3_3160.wav
[2023-03-22 14:30:31,168][kospeech.utils][INFO] - Audio is None : C:/Users/SSAFY/Desktop/Speech/gitstt/BE/KoreanSTT/dataset/kspon/data/kss/3/3_2387.wav
[2023-03-22 14:30:31,169][kospeech.utils][INFO] - Audio is None : C:/Users/SSAFY/Desktop/Speech/gitstt/BE/KoreanSTT/dataset/kspon/data/kss/4/4_4163.wav
[2023-03-22 14:30:31,173][kospeech.utils][INFO] - Audio is None : C:/Users/SSAFY/Desktop/Speech/gitstt/BE/KoreanSTT/dataset/kspon/data/kss/2/2_0728.wav
[2023-03-22 14:30:31,175][kospeech.utils][INFO] - Audio is None : C:/Users/SSAFY/Desktop/Speech/gitstt/BE/KoreanSTT/dataset/kspon/data/kss/4/4_4650.wav
[2023-03-22 14:30:31,177][kospeech.utils][INFO] - Audio is None : C:/Users/SSAFY/Desktop/Speech/gitstt/BE/KoreanSTT/dataset/kspon/data/kss/3/3_1354.wav
[2023-03-22 14:30:31,179][kospeech.utils][INFO] - Audio is None : C:/Users/SSAFY/Desktop/Speech/gitstt/BE/KoreanSTT/dataset/kspon/data/kss/2/2_0976.wav
[2023-03-22 14:30:31,185][kospeech.utils][INFO] - Audio is None : C:/Users/SSAFY/Desktop/Speech/gitstt/BE/KoreanSTT/dataset/kspon/data/kss/4/4_0971.wav
[2023-03-22 14:30:31,187][kospeech.utils][INFO] - Audio is None : C:/Users/SSAFY/Desktop/Speech/gitstt/BE/KoreanSTT/dataset/kspon/data/kss/3/3_0528.wav
[2023-03-22 14:30:31,189][kospeech.utils][INFO] - Audio is None : C:/Users/SSAFY/Desktop/Speech/gitstt/BE/KoreanSTT/dataset/kspon/data/kss/4/4_3053.wav
[2023-03-22 14:30:31,192][kospeech.utils][INFO] - Audio is None : C:/Users/SSAFY/Desktop/Speech/gitstt/BE/KoreanSTT/dataset/kspon/data/kss/1/1_0696.wav
[2023-03-22 14:30:31,194][kospeech.utils][INFO] - Audio is None : C:/Users/SSAFY/Desktop/Speech/gitstt/BE/KoreanSTT/dataset/kspon/data/kss/3/3_1380.wav
[2023-03-22 14:30:31,197][kospeech.utils][INFO] - Audio is None : C:/Users/SSAFY/Desktop/Speech/gitstt/BE/KoreanSTT/dataset/kspon/data/kss/4/4_3917.wav
[2023-03-22 14:30:31,198][kospeech.utils][INFO] - Audio is None : C:/Users/SSAFY/Desktop/Speech/gitstt/BE/KoreanSTT/dataset/kspon/data/kss/3/3_3233.wav
[2023-03-22 14:30:31,199][kospeech.utils][INFO] - Audio is None : C:/Users/SSAFY/Desktop/Speech/gitstt/BE/KoreanSTT/dataset/kspon/data/kss/3/3_3600.wav
[2023-03-22 14:30:31,206][kospeech.utils][INFO] - Audio is None : C:/Users/SSAFY/Desktop/Speech/gitstt/BE/KoreanSTT/dataset/kspon/data/kss/3/3_1297.wav
[2023-03-22 14:30:31,208][kospeech.utils][INFO] - Audio is None : C:/Users/SSAFY/Desktop/Speech/gitstt/BE/KoreanSTT/dataset/kspon/data/kss/3/3_4029.wav
[2023-03-22 14:30:31,211][kospeech.utils][INFO] - Audio is None : C:/Users/SSAFY/Desktop/Speech/gitstt/BE/KoreanSTT/dataset/kspon/data/kss/3/3_0965.wav
[2023-03-22 14:30:31,212][kospeech.utils][INFO] - Audio is None : C:/Users/SSAFY/Desktop/Speech/gitstt/BE/KoreanSTT/dataset/kspon/data/kss/1/1_0356.wav
[2023-03-22 14:30:31,217][kospeech.utils][INFO] - Audio is None : C:/Users/SSAFY/Desktop/Speech/gitstt/BE/KoreanSTT/dataset/kspon/data/kss/1/1_0032.wav
[2023-03-22 14:30:31,221][kospeech.utils][INFO] - Audio is None : C:/Users/SSAFY/Desktop/Speech/gitstt/BE/KoreanSTT/dataset/kspon/data/kss/4/4_0594.wav
[2023-03-22 14:30:31,231][kospeech.utils][INFO] - Audio is None : C:/Users/SSAFY/Desktop/Speech/gitstt/BE/KoreanSTT/dataset/kspon/data/kss/4/4_2321.wav
[2023-03-22 14:30:31,232][kospeech.utils][INFO] - Audio is None : C:/Users/SSAFY/Desktop/Speech/gitstt/BE/KoreanSTT/dataset/kspon/data/kss/3/3_0196.wav
[2023-03-22 14:30:31,235][kospeech.utils][INFO] - Audio is None : C:/Users/SSAFY/Desktop/Speech/gitstt/BE/KoreanSTT/dataset/kspon/data/kss/3/3_0325.wav
[2023-03-22 14:30:31,244][kospeech.utils][INFO] - Audio is None : C:/Users/SSAFY/Desktop/Speech/gitstt/BE/KoreanSTT/dataset/kspon/data/kss/2/2_0914.wav
[2023-03-22 14:30:31,249][kospeech.utils][INFO] - Audio is None : C:/Users/SSAFY/Desktop/Speech/gitstt/BE/KoreanSTT/dataset/kspon/data/kss/3/3_3919.wav
[2023-03-22 14:30:31,250][kospeech.utils][INFO] - Audio is None : C:/Users/SSAFY/Desktop/Speech/gitstt/BE/KoreanSTT/dataset/kspon/data/kss/3/3_0038.wav
[2023-03-22 14:30:31,252][kospeech.utils][INFO] - Audio is None : C:/Users/SSAFY/Desktop/Speech/gitstt/BE/KoreanSTT/dataset/kspon/data/kss/1/1_0423.wav
[2023-03-22 14:30:31,255][kospeech.utils][INFO] - Audio is None : C:/Users/SSAFY/Desktop/Speech/gitstt/BE/KoreanSTT/dataset/kspon/data/kss/3/3_1849.wav
[2023-03-22 14:30:31,267][kospeech.utils][INFO] - Audio is None : C:/Users/SSAFY/Desktop/Speech/gitstt/BE/KoreanSTT/dataset/kspon/data/kss/1/1_0005.wav
[2023-03-22 14:30:31,268][kospeech.utils][INFO] - Audio is None : C:/Users/SSAFY/Desktop/Speech/gitstt/BE/KoreanSTT/dataset/kspon/data/kss/3/3_3068.wav
[2023-03-22 14:30:31,271][kospeech.utils][INFO] - Audio is None : C:/Users/SSAFY/Desktop/Speech/gitstt/BE/KoreanSTT/dataset/kspon/data/kss/4/4_3084.wav
[2023-03-22 14:30:31,275][kospeech.utils][INFO] - Audio is None : C:/Users/SSAFY/Desktop/Speech/gitstt/BE/KoreanSTT/dataset/kspon/data/kss/4/4_1299.wav
[2023-03-22 14:30:31,276][kospeech.utils][INFO] - Audio is None : C:/Users/SSAFY/Desktop/Speech/gitstt/BE/KoreanSTT/dataset/kspon/data/kss/3/3_4201.wav
[2023-03-22 14:30:31,276][kospeech.utils][INFO] - Audio is None : C:/Users/SSAFY/Desktop/Speech/gitstt/BE/KoreanSTT/dataset/kspon/data/kss/2/2_0929.wav
[2023-03-22 14:30:31,280][kospeech.utils][INFO] - Audio is None : C:/Users/SSAFY/Desktop/Speech/gitstt/BE/KoreanSTT/dataset/kspon/data/kss/4/4_4067.wav
[2023-03-22 14:30:31,280][kospeech.utils][INFO] - Audio is None : C:/Users/SSAFY/Desktop/Speech/gitstt/BE/KoreanSTT/dataset/kspon/data/kss/4/4_0464.wav
[2023-03-22 14:30:31,285][kospeech.utils][INFO] - Audio is None : C:/Users/SSAFY/Desktop/Speech/gitstt/BE/KoreanSTT/dataset/kspon/data/kss/3/3_3507.wav
[2023-03-22 14:30:31,288][kospeech.utils][INFO] - Audio is None : C:/Users/SSAFY/Desktop/Speech/gitstt/BE/KoreanSTT/dataset/kspon/data/kss/3/3_0222.wav
[2023-03-22 14:30:31,291][kospeech.utils][INFO] - Audio is None : C:/Users/SSAFY/Desktop/Speech/gitstt/BE/KoreanSTT/dataset/kspon/data/kss/4/4_4463.wav
[2023-03-22 14:30:31,296][kospeech.utils][INFO] - Audio is None : C:/Users/SSAFY/Desktop/Speech/gitstt/BE/KoreanSTT/dataset/kspon/data/kss/3/3_3134.wav
[2023-03-22 14:30:31,297][kospeech.utils][INFO] - Audio is None : C:/Users/SSAFY/Desktop/Speech/gitstt/BE/KoreanSTT/dataset/kspon/data/kss/1/1_0272.wav
[2023-03-22 14:30:31,299][kospeech.utils][INFO] - Audio is None : C:/Users/SSAFY/Desktop/Speech/gitstt/BE/KoreanSTT/dataset/kspon/data/kss/2/2_0447.wav
[2023-03-22 14:30:31,302][kospeech.utils][INFO] - Audio is None : C:/Users/SSAFY/Desktop/Speech/gitstt/BE/KoreanSTT/dataset/kspon/data/kss/1/1_0063.wav
[2023-03-22 14:30:31,303][kospeech.utils][INFO] - Audio is None : C:/Users/SSAFY/Desktop/Speech/gitstt/BE/KoreanSTT/dataset/kspon/data/kss/4/4_1308.wav
[2023-03-22 14:30:31,305][kospeech.utils][INFO] - Audio is None : C:/Users/SSAFY/Desktop/Speech/gitstt/BE/KoreanSTT/dataset/kspon/data/kss/4/4_4499.wav
[2023-03-22 14:30:31,307][kospeech.utils][INFO] - Audio is None : C:/Users/SSAFY/Desktop/Speech/gitstt/BE/KoreanSTT/dataset/kspon/data/kss/2/2_0426.wav
[2023-03-22 14:30:31,310][kospeech.utils][INFO] - Audio is None : C:/Users/SSAFY/Desktop/Speech/gitstt/BE/KoreanSTT/dataset/kspon/data/kss/4/4_4074.wav
[2023-03-22 14:30:31,319][kospeech.utils][INFO] - Audio is None : C:/Users/SSAFY/Desktop/Speech/gitstt/BE/KoreanSTT/dataset/kspon/data/kss/4/4_3522.wav
[2023-03-22 14:30:31,319][kospeech.utils][INFO] - Audio is None : C:/Users/SSAFY/Desktop/Speech/gitstt/BE/KoreanSTT/dataset/kspon/data/kss/3/3_1036.wav
[2023-03-22 14:30:31,321][kospeech.utils][INFO] - Audio is None : C:/Users/SSAFY/Desktop/Speech/gitstt/BE/KoreanSTT/dataset/kspon/data/kss/2/2_0372.wav
[2023-03-22 14:30:31,321][kospeech.utils][INFO] - Audio is None : C:/Users/SSAFY/Desktop/Speech/gitstt/BE/KoreanSTT/dataset/kspon/data/kss/3/3_4134.wav
[2023-03-22 14:30:31,324][kospeech.utils][INFO] - Audio is None : C:/Users/SSAFY/Desktop/Speech/gitstt/BE/KoreanSTT/dataset/kspon/data/kss/3/3_0047.wav
[2023-03-22 14:30:31,327][kospeech.utils][INFO] - Audio is None : C:/Users/SSAFY/Desktop/Speech/gitstt/BE/KoreanSTT/dataset/kspon/data/kss/2/2_1050.wav
[2023-03-22 14:30:31,328][kospeech.utils][INFO] - Audio is None : C:/Users/SSAFY/Desktop/Speech/gitstt/BE/KoreanSTT/dataset/kspon/data/kss/4/4_3161.wav
[2023-03-22 14:30:31,329][kospeech.utils][INFO] - Audio is None : C:/Users/SSAFY/Desktop/Speech/gitstt/BE/KoreanSTT/dataset/kspon/data/kss/1/1_0587.wav
[2023-03-22 14:30:31,339][kospeech.utils][INFO] - Audio is None : C:/Users/SSAFY/Desktop/Speech/gitstt/BE/KoreanSTT/dataset/kspon/data/kss/3/3_2034.wav
[2023-03-22 14:30:31,341][kospeech.utils][INFO] - Audio is None : C:/Users/SSAFY/Desktop/Speech/gitstt/BE/KoreanSTT/dataset/kspon/data/kss/4/4_1513.wav
[2023-03-22 14:30:31,343][kospeech.utils][INFO] - Audio is None : C:/Users/SSAFY/Desktop/Speech/gitstt/BE/KoreanSTT/dataset/kspon/data/kss/3/3_1488.wav
[2023-03-22 14:30:31,346][kospeech.utils][INFO] - Audio is None : C:/Users/SSAFY/Desktop/Speech/gitstt/BE/KoreanSTT/dataset/kspon/data/kss/3/3_3568.wav
[2023-03-22 14:30:31,348][kospeech.utils][INFO] - Audio is None : C:/Users/SSAFY/Desktop/Speech/gitstt/BE/KoreanSTT/dataset/kspon/data/kss/4/4_0643.wav
[2023-03-22 14:30:31,348][kospeech.utils][INFO] - Audio is None : C:/Users/SSAFY/Desktop/Speech/gitstt/BE/KoreanSTT/dataset/kspon/data/kss/3/3_3302.wav
[2023-03-22 14:30:31,349][kospeech.utils][INFO] - Audio is None : C:/Users/SSAFY/Desktop/Speech/gitstt/BE/KoreanSTT/dataset/kspon/data/kss/3/3_2441.wav
[2023-03-22 14:30:31,351][kospeech.utils][INFO] - Audio is None : C:/Users/SSAFY/Desktop/Speech/gitstt/BE/KoreanSTT/dataset/kspon/data/kss/3/3_4175.wav
[2023-03-22 14:30:31,358][kospeech.utils][INFO] - Audio is None : C:/Users/SSAFY/Desktop/Speech/gitstt/BE/KoreanSTT/dataset/kspon/data/kss/4/4_3958.wav
[2023-03-22 14:30:31,360][kospeech.utils][INFO] - Audio is None : C:/Users/SSAFY/Desktop/Speech/gitstt/BE/KoreanSTT/dataset/kspon/data/kss/4/4_1796.wav
[2023-03-22 14:30:31,363][kospeech.utils][INFO] - Audio is None : C:/Users/SSAFY/Desktop/Speech/gitstt/BE/KoreanSTT/dataset/kspon/data/kss/1/1_0324.wav
[2023-03-22 14:30:31,367][kospeech.utils][INFO] - Audio is None : C:/Users/SSAFY/Desktop/Speech/gitstt/BE/KoreanSTT/dataset/kspon/data/kss/3/3_3528.wav
[2023-03-22 14:30:31,371][kospeech.utils][INFO] - Audio is None : C:/Users/SSAFY/Desktop/Speech/gitstt/BE/KoreanSTT/dataset/kspon/data/kss/2/2_0507.wav
[2023-03-22 14:30:31,372][kospeech.utils][INFO] - Audio is None : C:/Users/SSAFY/Desktop/Speech/gitstt/BE/KoreanSTT/dataset/kspon/data/kss/3/3_3417.wav
[2023-03-22 14:30:31,376][kospeech.utils][INFO] - Audio is None : C:/Users/SSAFY/Desktop/Speech/gitstt/BE/KoreanSTT/dataset/kspon/data/kss/3/3_2887.wav
[2023-03-22 14:30:31,377][kospeech.utils][INFO] - Audio is None : C:/Users/SSAFY/Desktop/Speech/gitstt/BE/KoreanSTT/dataset/kspon/data/kss/4/4_2432.wav
[2023-03-22 14:30:31,377][kospeech.utils][INFO] - Audio is None : C:/Users/SSAFY/Desktop/Speech/gitstt/BE/KoreanSTT/dataset/kspon/data/kss/3/3_2833.wav
[2023-03-22 14:30:31,381][kospeech.utils][INFO] - Audio is None : C:/Users/SSAFY/Desktop/Speech/gitstt/BE/KoreanSTT/dataset/kspon/data/kss/3/3_0949.wav
[2023-03-22 14:30:31,382][kospeech.utils][INFO] - Audio is None : C:/Users/SSAFY/Desktop/Speech/gitstt/BE/KoreanSTT/dataset/kspon/data/kss/3/3_2067.wav
[2023-03-22 14:30:31,386][kospeech.utils][INFO] - Audio is None : C:/Users/SSAFY/Desktop/Speech/gitstt/BE/KoreanSTT/dataset/kspon/data/kss/1/1_0527.wav
[2023-03-22 14:30:31,391][kospeech.utils][INFO] - Audio is None : C:/Users/SSAFY/Desktop/Speech/gitstt/BE/KoreanSTT/dataset/kspon/data/kss/3/3_3127.wav
[2023-03-22 14:30:31,393][kospeech.utils][INFO] - Audio is None : C:/Users/SSAFY/Desktop/Speech/gitstt/BE/KoreanSTT/dataset/kspon/data/kss/4/4_1386.wav
[2023-03-22 14:30:31,398][kospeech.utils][INFO] - Audio is None : C:/Users/SSAFY/Desktop/Speech/gitstt/BE/KoreanSTT/dataset/kspon/data/kss/3/3_4788.wav
[2023-03-22 14:30:31,398][kospeech.utils][INFO] - Audio is None : C:/Users/SSAFY/Desktop/Speech/gitstt/BE/KoreanSTT/dataset/kspon/data/kss/4/4_1178.wav
[2023-03-22 14:30:31,399][kospeech.utils][INFO] - Audio is None : C:/Users/SSAFY/Desktop/Speech/gitstt/BE/KoreanSTT/dataset/kspon/data/kss/4/4_3823.wav
[2023-03-22 14:30:31,406][kospeech.utils][INFO] - Audio is None : C:/Users/SSAFY/Desktop/Speech/gitstt/BE/KoreanSTT/dataset/kspon/data/kss/4/4_2360.wav
[2023-03-22 14:30:31,406][kospeech.utils][INFO] - Audio is None : C:/Users/SSAFY/Desktop/Speech/gitstt/BE/KoreanSTT/dataset/kspon/data/kss/4/4_0544.wav
[2023-03-22 14:30:31,407][kospeech.utils][INFO] - Audio is None : C:/Users/SSAFY/Desktop/Speech/gitstt/BE/KoreanSTT/dataset/kspon/data/kss/3/3_1660.wav
[2023-03-22 14:30:31,411][kospeech.utils][INFO] - Audio is None : C:/Users/SSAFY/Desktop/Speech/gitstt/BE/KoreanSTT/dataset/kspon/data/kss/3/3_3519.wav
[2023-03-22 14:30:31,413][kospeech.utils][INFO] - Audio is None : C:/Users/SSAFY/Desktop/Speech/gitstt/BE/KoreanSTT/dataset/kspon/data/kss/4/4_0405.wav
[2023-03-22 14:30:31,417][kospeech.utils][INFO] - Audio is None : C:/Users/SSAFY/Desktop/Speech/gitstt/BE/KoreanSTT/dataset/kspon/data/kss/4/4_3425.wav
[2023-03-22 14:30:31,422][kospeech.utils][INFO] - Audio is None : C:/Users/SSAFY/Desktop/Speech/gitstt/BE/KoreanSTT/dataset/kspon/data/kss/4/4_0900.wav
[2023-03-22 14:30:31,422][kospeech.utils][INFO] - Audio is None : C:/Users/SSAFY/Desktop/Speech/gitstt/BE/KoreanSTT/dataset/kspon/data/kss/3/3_4341.wav
[2023-03-22 14:30:31,428][kospeech.utils][INFO] - Audio is None : C:/Users/SSAFY/Desktop/Speech/gitstt/BE/KoreanSTT/dataset/kspon/data/kss/4/4_2614.wav
[2023-03-22 14:30:31,430][kospeech.utils][INFO] - Audio is None : C:/Users/SSAFY/Desktop/Speech/gitstt/BE/KoreanSTT/dataset/kspon/data/kss/3/3_3171.wav
[2023-03-22 14:30:31,432][kospeech.utils][INFO] - Audio is None : C:/Users/SSAFY/Desktop/Speech/gitstt/BE/KoreanSTT/dataset/kspon/data/kss/4/4_2258.wav
[2023-03-22 14:30:31,433][kospeech.utils][INFO] - Audio is None : C:/Users/SSAFY/Desktop/Speech/gitstt/BE/KoreanSTT/dataset/kspon/data/kss/3/3_0376.wav
[2023-03-22 14:30:31,437][kospeech.utils][INFO] - Audio is None : C:/Users/SSAFY/Desktop/Speech/gitstt/BE/KoreanSTT/dataset/kspon/data/kss/4/4_0353.wav
[2023-03-22 14:30:31,438][kospeech.utils][INFO] - Audio is None : C:/Users/SSAFY/Desktop/Speech/gitstt/BE/KoreanSTT/dataset/kspon/data/kss/2/2_0674.wav
[2023-03-22 14:30:31,445][kospeech.utils][INFO] - Audio is None : C:/Users/SSAFY/Desktop/Speech/gitstt/BE/KoreanSTT/dataset/kspon/data/kss/3/3_4084.wav
[2023-03-22 14:30:31,446][kospeech.utils][INFO] - Audio is None : C:/Users/SSAFY/Desktop/Speech/gitstt/BE/KoreanSTT/dataset/kspon/data/kss/3/3_1081.wav
[2023-03-22 14:30:31,451][kospeech.utils][INFO] - Audio is None : C:/Users/SSAFY/Desktop/Speech/gitstt/BE/KoreanSTT/dataset/kspon/data/kss/4/4_1495.wav
[2023-03-22 14:30:31,455][kospeech.utils][INFO] - Audio is None : C:/Users/SSAFY/Desktop/Speech/gitstt/BE/KoreanSTT/dataset/kspon/data/kss/4/4_4415.wav
[2023-03-22 14:30:31,456][kospeech.utils][INFO] - Audio is None : C:/Users/SSAFY/Desktop/Speech/gitstt/BE/KoreanSTT/dataset/kspon/data/kss/2/2_0919.wav
[2023-03-22 14:30:31,457][kospeech.utils][INFO] - Audio is None : C:/Users/SSAFY/Desktop/Speech/gitstt/BE/KoreanSTT/dataset/kspon/data/kss/3/3_3973.wav
[2023-03-22 14:30:31,460][kospeech.utils][INFO] - Audio is None : C:/Users/SSAFY/Desktop/Speech/gitstt/BE/KoreanSTT/dataset/kspon/data/kss/4/4_2554.wav
[2023-03-22 14:30:31,461][kospeech.utils][INFO] - Audio is None : C:/Users/SSAFY/Desktop/Speech/gitstt/BE/KoreanSTT/dataset/kspon/data/kss/4/4_3526.wav
[2023-03-22 14:30:31,466][kospeech.utils][INFO] - Audio is None : C:/Users/SSAFY/Desktop/Speech/gitstt/BE/KoreanSTT/dataset/kspon/data/kss/3/3_3125.wav
[2023-03-22 14:30:31,466][kospeech.utils][INFO] - Audio is None : C:/Users/SSAFY/Desktop/Speech/gitstt/BE/KoreanSTT/dataset/kspon/data/kss/2/2_1062.wav
[2023-03-22 14:30:31,472][kospeech.utils][INFO] - Audio is None : C:/Users/SSAFY/Desktop/Speech/gitstt/BE/KoreanSTT/dataset/kspon/data/kss/4/4_3099.wav
[2023-03-22 14:30:31,475][kospeech.utils][INFO] - Audio is None : C:/Users/SSAFY/Desktop/Speech/gitstt/BE/KoreanSTT/dataset/kspon/data/kss/3/3_4804.wav
[2023-03-22 14:30:31,477][kospeech.utils][INFO] - Audio is None : C:/Users/SSAFY/Desktop/Speech/gitstt/BE/KoreanSTT/dataset/kspon/data/kss/3/3_0635.wav
[2023-03-22 14:30:31,482][kospeech.utils][INFO] - Audio is None : C:/Users/SSAFY/Desktop/Speech/gitstt/BE/KoreanSTT/dataset/kspon/data/kss/4/4_3444.wav
[2023-03-22 14:30:31,483][kospeech.utils][INFO] - Audio is None : C:/Users/SSAFY/Desktop/Speech/gitstt/BE/KoreanSTT/dataset/kspon/data/kss/3/3_4817.wav
[2023-03-22 14:30:31,485][kospeech.utils][INFO] - Audio is None : C:/Users/SSAFY/Desktop/Speech/gitstt/BE/KoreanSTT/dataset/kspon/data/kss/4/4_0110.wav
[2023-03-22 14:30:31,486][kospeech.utils][INFO] - Audio is None : C:/Users/SSAFY/Desktop/Speech/gitstt/BE/KoreanSTT/dataset/kspon/data/kss/4/4_2418.wav
[2023-03-22 14:30:31,487][kospeech.utils][INFO] - Audio is None : C:/Users/SSAFY/Desktop/Speech/gitstt/BE/KoreanSTT/dataset/kspon/data/kss/4/4_1064.wav
[2023-03-22 14:30:31,488][kospeech.utils][INFO] - Audio is None : C:/Users/SSAFY/Desktop/Speech/gitstt/BE/KoreanSTT/dataset/kspon/data/kss/4/4_3255.wav
[2023-03-22 14:30:31,495][kospeech.utils][INFO] - Audio is None : C:/Users/SSAFY/Desktop/Speech/gitstt/BE/KoreanSTT/dataset/kspon/data/kss/3/3_4875.wav
[2023-03-22 14:30:31,497][kospeech.utils][INFO] - Audio is None : C:/Users/SSAFY/Desktop/Speech/gitstt/BE/KoreanSTT/dataset/kspon/data/kss/3/3_0305.wav
[2023-03-22 14:30:31,503][kospeech.utils][INFO] - Audio is None : C:/Users/SSAFY/Desktop/Speech/gitstt/BE/KoreanSTT/dataset/kspon/data/kss/4/4_2005.wav
[2023-03-22 14:30:31,505][kospeech.utils][INFO] - Audio is None : C:/Users/SSAFY/Desktop/Speech/gitstt/BE/KoreanSTT/dataset/kspon/data/kss/4/4_1745.wav
[2023-03-22 14:30:31,508][kospeech.utils][INFO] - Audio is None : C:/Users/SSAFY/Desktop/Speech/gitstt/BE/KoreanSTT/dataset/kspon/data/kss/3/3_0585.wav
[2023-03-22 14:30:31,508][kospeech.utils][INFO] - Audio is None : C:/Users/SSAFY/Desktop/Speech/gitstt/BE/KoreanSTT/dataset/kspon/data/kss/3/3_0043.wav
[2023-03-22 14:30:31,510][kospeech.utils][INFO] - Audio is None : C:/Users/SSAFY/Desktop/Speech/gitstt/BE/KoreanSTT/dataset/kspon/data/kss/2/2_1008.wav
[2023-03-22 14:30:31,512][kospeech.utils][INFO] - Audio is None : C:/Users/SSAFY/Desktop/Speech/gitstt/BE/KoreanSTT/dataset/kspon/data/kss/3/3_2718.wav
[2023-03-22 14:30:31,514][kospeech.utils][INFO] - Audio is None : C:/Users/SSAFY/Desktop/Speech/gitstt/BE/KoreanSTT/dataset/kspon/data/kss/2/2_0244.wav
[2023-03-22 14:30:31,516][kospeech.utils][INFO] - Audio is None : C:/Users/SSAFY/Desktop/Speech/gitstt/BE/KoreanSTT/dataset/kspon/data/kss/4/4_3695.wav
[2023-03-22 14:30:31,523][kospeech.utils][INFO] - Audio is None : C:/Users/SSAFY/Desktop/Speech/gitstt/BE/KoreanSTT/dataset/kspon/data/kss/4/4_4123.wav
[2023-03-22 14:30:31,525][kospeech.utils][INFO] - Audio is None : C:/Users/SSAFY/Desktop/Speech/gitstt/BE/KoreanSTT/dataset/kspon/data/kss/4/4_0264.wav
[2023-03-22 14:30:31,527][kospeech.utils][INFO] - Audio is None : C:/Users/SSAFY/Desktop/Speech/gitstt/BE/KoreanSTT/dataset/kspon/data/kss/3/3_3286.wav
[2023-03-22 14:30:31,531][kospeech.utils][INFO] - Audio is None : C:/Users/SSAFY/Desktop/Speech/gitstt/BE/KoreanSTT/dataset/kspon/data/kss/3/3_1657.wav
[2023-03-22 14:30:31,532][kospeech.utils][INFO] - Audio is None : C:/Users/SSAFY/Desktop/Speech/gitstt/BE/KoreanSTT/dataset/kspon/data/kss/3/3_4281.wav
[2023-03-22 14:30:31,533][kospeech.utils][INFO] - Audio is None : C:/Users/SSAFY/Desktop/Speech/gitstt/BE/KoreanSTT/dataset/kspon/data/kss/4/4_3313.wav
[2023-03-22 14:30:31,536][kospeech.utils][INFO] - Audio is None : C:/Users/SSAFY/Desktop/Speech/gitstt/BE/KoreanSTT/dataset/kspon/data/kss/4/4_0273.wav
[2023-03-22 14:30:31,537][kospeech.utils][INFO] - Audio is None : C:/Users/SSAFY/Desktop/Speech/gitstt/BE/KoreanSTT/dataset/kspon/data/kss/3/3_0432.wav
[2023-03-22 14:30:31,541][kospeech.utils][INFO] - Audio is None : C:/Users/SSAFY/Desktop/Speech/gitstt/BE/KoreanSTT/dataset/kspon/data/kss/3/3_3409.wav
[2023-03-22 14:30:31,547][kospeech.utils][INFO] - Audio is None : C:/Users/SSAFY/Desktop/Speech/gitstt/BE/KoreanSTT/dataset/kspon/data/kss/4/4_3985.wav
[2023-03-22 14:30:31,548][kospeech.utils][INFO] - Audio is None : C:/Users/SSAFY/Desktop/Speech/gitstt/BE/KoreanSTT/dataset/kspon/data/kss/4/4_0821.wav
[2023-03-22 14:30:31,551][kospeech.utils][INFO] - Audio is None : C:/Users/SSAFY/Desktop/Speech/gitstt/BE/KoreanSTT/dataset/kspon/data/kss/4/4_0085.wav
[2023-03-22 14:30:31,552][kospeech.utils][INFO] - Audio is None : C:/Users/SSAFY/Desktop/Speech/gitstt/BE/KoreanSTT/dataset/kspon/data/kss/3/3_2310.wav
[2023-03-22 14:30:31,556][kospeech.utils][INFO] - Audio is None : C:/Users/SSAFY/Desktop/Speech/gitstt/BE/KoreanSTT/dataset/kspon/data/kss/4/4_4339.wav
[2023-03-22 14:30:31,558][kospeech.utils][INFO] - Audio is None : C:/Users/SSAFY/Desktop/Speech/gitstt/BE/KoreanSTT/dataset/kspon/data/kss/2/2_1081.wav
[2023-03-22 14:30:31,560][kospeech.utils][INFO] - Audio is None : C:/Users/SSAFY/Desktop/Speech/gitstt/BE/KoreanSTT/dataset/kspon/data/kss/4/4_1509.wav
[2023-03-22 14:30:31,562][kospeech.utils][INFO] - Audio is None : C:/Users/SSAFY/Desktop/Speech/gitstt/BE/KoreanSTT/dataset/kspon/data/kss/4/4_2701.wav
[2023-03-22 14:30:31,567][kospeech.utils][INFO] - Audio is None : C:/Users/SSAFY/Desktop/Speech/gitstt/BE/KoreanSTT/dataset/kspon/data/kss/4/4_2356.wav
[2023-03-22 14:30:31,568][kospeech.utils][INFO] - Audio is None : C:/Users/SSAFY/Desktop/Speech/gitstt/BE/KoreanSTT/dataset/kspon/data/kss/1/1_0851.wav
[2023-03-22 14:30:31,571][kospeech.utils][INFO] - Audio is None : C:/Users/SSAFY/Desktop/Speech/gitstt/BE/KoreanSTT/dataset/kspon/data/kss/3/3_0330.wav
[2023-03-22 14:30:31,572][kospeech.utils][INFO] - Audio is None : C:/Users/SSAFY/Desktop/Speech/gitstt/BE/KoreanSTT/dataset/kspon/data/kss/3/3_1591.wav
[2023-03-22 14:30:31,573][kospeech.utils][INFO] - Audio is None : C:/Users/SSAFY/Desktop/Speech/gitstt/BE/KoreanSTT/dataset/kspon/data/kss/4/4_1721.wav
[2023-03-22 14:30:31,574][kospeech.utils][INFO] - Audio is None : C:/Users/SSAFY/Desktop/Speech/gitstt/BE/KoreanSTT/dataset/kspon/data/kss/1/1_1038.wav
[2023-03-22 14:30:31,575][kospeech.utils][INFO] - Audio is None : C:/Users/SSAFY/Desktop/Speech/gitstt/BE/KoreanSTT/dataset/kspon/data/kss/3/3_0240.wav
[2023-03-22 14:30:32,222][kospeech.utils][INFO] - save checkpoints
C:\Users\SSAFY\Desktop\Speech\gitstt\BE\KoreanSTT\outputs\2023-03-22\14-30-28\2023_03_22_14_30_31-trainer_states.pt
C:\Users\SSAFY\Desktop\Speech\gitstt\BE\KoreanSTT\outputs\2023-03-22\14-30-28\2023_03_22_14_30_31-model.pt
[2023-03-22 14:30:32,223][kospeech.utils][INFO] - train() completed
[2023-03-22 14:30:32,223][kospeech.utils][INFO] - 0
