[2023-03-22 13:15:08,731][kospeech.utils][INFO] - audio:
  audio_extension: wav
  sample_rate: 16000
  frame_length: 20
  frame_shift: 10
  normalize: true
  del_silence: true
  feature_extract_by: kaldi
  time_mask_num: 4
  freq_mask_num: 2
  spec_augment: true
  input_reverse: false
  transform_method: fbank
  n_mels: 80
  freq_mask_para: 18
model:
  architecture: deepspeech2
  teacher_forcing_ratio: 1.0
  teacher_forcing_step: 0.0
  min_teacher_forcing_ratio: 1.0
  dropout: 0.3
  bidirectional: false
  joint_ctc_attention: false
  max_len: 400
  use_bidirectional: true
  rnn_type: gru
  hidden_dim: 1024
  activation: hardtanh
  num_encoder_layers: 3
train:
  dataset: kspon
  dataset_path: ../../../../dataset/kspondata/kss
  transcripts_path: ../../../transcripts.txt
  output_unit: character
  batch_size: 32
  save_result_every: 100
  checkpoint_every: 100
  print_every: 10
  mode: train
  num_workers: 8
  use_cuda: true
  num_threads: 2
  init_lr_scale: 0.01
  final_lr_scale: 0.05
  max_grad_norm: 400
  weight_decay: 1.0e-05
  total_steps: 200000
  seed: 777
  resume: false
  optimizer: adam
  init_lr: 1.0e-06
  final_lr: 1.0e-06
  peak_lr: 0.0001
  warmup_steps: 400
  num_epochs: 8
  reduction: mean
  lr_scheduler: tri_stage_lr_scheduler

[2023-03-22 13:15:08,771][kospeech.utils][INFO] - Operating System : Windows 10
[2023-03-22 13:15:08,771][kospeech.utils][INFO] - Processor : Intel64 Family 6 Model 158 Stepping 10, GenuineIntel
[2023-03-22 13:15:08,772][kospeech.utils][INFO] - device : NVIDIA GeForce RTX 2060
[2023-03-22 13:15:08,773][kospeech.utils][INFO] - CUDA is available : True
[2023-03-22 13:15:08,773][kospeech.utils][INFO] - CUDA version : 11.8
[2023-03-22 13:15:08,773][kospeech.utils][INFO] - PyTorch version : 2.0.0+cu118
[2023-03-22 13:15:08,810][kospeech.utils][INFO] - split dataset start !!
[2023-03-22 13:15:08,916][kospeech.utils][INFO] - Applying Spec Augmentation...
[2023-03-22 13:15:08,917][kospeech.utils][INFO] - split dataset complete !!
[2023-03-22 13:15:11,278][kospeech.utils][INFO] - start
[2023-03-22 13:15:11,279][kospeech.utils][INFO] - Epoch 0 start
[2023-03-22 13:15:11,316][kospeech.utils][INFO] - Audio is None : ../../../../dataset/kspondata/kss/4/4_3090.wav
[2023-03-22 13:15:11,316][kospeech.utils][INFO] - C:\Users\SSAFY\Desktop\Speech\gitstt\BE\KoreanSTT\outputs\2023-03-22\13-15-08
[2023-03-22 13:15:11,319][kospeech.utils][INFO] - Audio is None : ../../../../dataset/kspondata/kss/1/1_0729.wav
[2023-03-22 13:15:11,319][kospeech.utils][INFO] - Audio is None : ../../../../dataset/kspondata/kss/4/4_2040.wav
[2023-03-22 13:15:11,320][kospeech.utils][INFO] - C:\Users\SSAFY\Desktop\Speech\gitstt\BE\KoreanSTT\outputs\2023-03-22\13-15-08
[2023-03-22 13:15:11,320][kospeech.utils][INFO] - Audio is None : ../../../../dataset/kspondata/kss/3/3_1664.wav
[2023-03-22 13:15:11,320][kospeech.utils][INFO] - C:\Users\SSAFY\Desktop\Speech\gitstt\BE\KoreanSTT\outputs\2023-03-22\13-15-08
[2023-03-22 13:15:11,321][kospeech.utils][INFO] - C:\Users\SSAFY\Desktop\Speech\gitstt\BE\KoreanSTT\outputs\2023-03-22\13-15-08
[2023-03-22 13:15:11,322][kospeech.utils][INFO] - Audio is None : ../../../../dataset/kspondata/kss/3/3_4707.wav
[2023-03-22 13:15:11,323][kospeech.utils][INFO] - C:\Users\SSAFY\Desktop\Speech\gitstt\BE\KoreanSTT\outputs\2023-03-22\13-15-08
[2023-03-22 13:15:11,325][kospeech.utils][INFO] - Audio is None : ../../../../dataset/kspondata/kss/3/3_1496.wav
[2023-03-22 13:15:11,325][kospeech.utils][INFO] - C:\Users\SSAFY\Desktop\Speech\gitstt\BE\KoreanSTT\outputs\2023-03-22\13-15-08
[2023-03-22 13:15:11,327][kospeech.utils][INFO] - Audio is None : ../../../../dataset/kspondata/kss/3/3_3697.wav
[2023-03-22 13:15:11,327][kospeech.utils][INFO] - C:\Users\SSAFY\Desktop\Speech\gitstt\BE\KoreanSTT\outputs\2023-03-22\13-15-08
[2023-03-22 13:15:11,329][kospeech.utils][INFO] - Audio is None : ../../../../dataset/kspondata/kss/4/4_0807.wav
[2023-03-22 13:15:11,330][kospeech.utils][INFO] - C:\Users\SSAFY\Desktop\Speech\gitstt\BE\KoreanSTT\outputs\2023-03-22\13-15-08
[2023-03-22 13:15:11,340][kospeech.utils][INFO] - Audio is None : ../../../../dataset/kspondata/kss/1/1_0317.wav
[2023-03-22 13:15:11,340][kospeech.utils][INFO] - C:\Users\SSAFY\Desktop\Speech\gitstt\BE\KoreanSTT\outputs\2023-03-22\13-15-08
[2023-03-22 13:15:11,343][kospeech.utils][INFO] - Audio is None : ../../../../dataset/kspondata/kss/2/2_0061.wav
[2023-03-22 13:15:11,343][kospeech.utils][INFO] - C:\Users\SSAFY\Desktop\Speech\gitstt\BE\KoreanSTT\outputs\2023-03-22\13-15-08
[2023-03-22 13:15:11,346][kospeech.utils][INFO] - Audio is None : ../../../../dataset/kspondata/kss/3/3_3051.wav
[2023-03-22 13:15:11,346][kospeech.utils][INFO] - C:\Users\SSAFY\Desktop\Speech\gitstt\BE\KoreanSTT\outputs\2023-03-22\13-15-08
[2023-03-22 13:15:11,349][kospeech.utils][INFO] - Audio is None : ../../../../dataset/kspondata/kss/3/3_4310.wav
[2023-03-22 13:15:11,350][kospeech.utils][INFO] - C:\Users\SSAFY\Desktop\Speech\gitstt\BE\KoreanSTT\outputs\2023-03-22\13-15-08
[2023-03-22 13:15:11,351][kospeech.utils][INFO] - Audio is None : ../../../../dataset/kspondata/kss/3/3_4367.wav
[2023-03-22 13:15:11,352][kospeech.utils][INFO] - C:\Users\SSAFY\Desktop\Speech\gitstt\BE\KoreanSTT\outputs\2023-03-22\13-15-08
[2023-03-22 13:15:11,352][kospeech.utils][INFO] - Audio is None : ../../../../dataset/kspondata/kss/3/3_1401.wav
[2023-03-22 13:15:11,352][kospeech.utils][INFO] - C:\Users\SSAFY\Desktop\Speech\gitstt\BE\KoreanSTT\outputs\2023-03-22\13-15-08
[2023-03-22 13:15:11,357][kospeech.utils][INFO] - Audio is None : ../../../../dataset/kspondata/kss/2/2_0233.wav
[2023-03-22 13:15:11,357][kospeech.utils][INFO] - C:\Users\SSAFY\Desktop\Speech\gitstt\BE\KoreanSTT\outputs\2023-03-22\13-15-08
[2023-03-22 13:15:11,358][kospeech.utils][INFO] - Audio is None : ../../../../dataset/kspondata/kss/4/4_3016.wav
[2023-03-22 13:15:11,360][kospeech.utils][INFO] - C:\Users\SSAFY\Desktop\Speech\gitstt\BE\KoreanSTT\outputs\2023-03-22\13-15-08
[2023-03-22 13:15:11,365][kospeech.utils][INFO] - Audio is None : ../../../../dataset/kspondata/kss/4/4_4298.wav
[2023-03-22 13:15:11,365][kospeech.utils][INFO] - C:\Users\SSAFY\Desktop\Speech\gitstt\BE\KoreanSTT\outputs\2023-03-22\13-15-08
[2023-03-22 13:15:11,366][kospeech.utils][INFO] - Audio is None : ../../../../dataset/kspondata/kss/3/3_0025.wav
[2023-03-22 13:15:11,367][kospeech.utils][INFO] - C:\Users\SSAFY\Desktop\Speech\gitstt\BE\KoreanSTT\outputs\2023-03-22\13-15-08
[2023-03-22 13:15:11,373][kospeech.utils][INFO] - Audio is None : ../../../../dataset/kspondata/kss/4/4_4314.wav
[2023-03-22 13:15:11,373][kospeech.utils][INFO] - C:\Users\SSAFY\Desktop\Speech\gitstt\BE\KoreanSTT\outputs\2023-03-22\13-15-08
[2023-03-22 13:15:11,379][kospeech.utils][INFO] - Audio is None : ../../../../dataset/kspondata/kss/3/3_3364.wav
[2023-03-22 13:15:11,379][kospeech.utils][INFO] - C:\Users\SSAFY\Desktop\Speech\gitstt\BE\KoreanSTT\outputs\2023-03-22\13-15-08
[2023-03-22 13:15:11,380][kospeech.utils][INFO] - Audio is None : ../../../../dataset/kspondata/kss/3/3_1803.wav
[2023-03-22 13:15:11,381][kospeech.utils][INFO] - C:\Users\SSAFY\Desktop\Speech\gitstt\BE\KoreanSTT\outputs\2023-03-22\13-15-08
[2023-03-22 13:15:11,382][kospeech.utils][INFO] - Audio is None : ../../../../dataset/kspondata/kss/3/3_4492.wav
[2023-03-22 13:15:11,383][kospeech.utils][INFO] - C:\Users\SSAFY\Desktop\Speech\gitstt\BE\KoreanSTT\outputs\2023-03-22\13-15-08
[2023-03-22 13:15:11,384][kospeech.utils][INFO] - Audio is None : ../../../../dataset/kspondata/kss/4/4_3566.wav
[2023-03-22 13:15:11,384][kospeech.utils][INFO] - C:\Users\SSAFY\Desktop\Speech\gitstt\BE\KoreanSTT\outputs\2023-03-22\13-15-08
[2023-03-22 13:15:11,385][kospeech.utils][INFO] - Audio is None : ../../../../dataset/kspondata/kss/3/3_1825.wav
[2023-03-22 13:15:11,386][kospeech.utils][INFO] - C:\Users\SSAFY\Desktop\Speech\gitstt\BE\KoreanSTT\outputs\2023-03-22\13-15-08
[2023-03-22 13:15:11,389][kospeech.utils][INFO] - Audio is None : ../../../../dataset/kspondata/kss/4/4_2351.wav
[2023-03-22 13:15:11,390][kospeech.utils][INFO] - C:\Users\SSAFY\Desktop\Speech\gitstt\BE\KoreanSTT\outputs\2023-03-22\13-15-08
[2023-03-22 13:15:11,391][kospeech.utils][INFO] - Audio is None : ../../../../dataset/kspondata/kss/4/4_1280.wav
[2023-03-22 13:15:11,391][kospeech.utils][INFO] - C:\Users\SSAFY\Desktop\Speech\gitstt\BE\KoreanSTT\outputs\2023-03-22\13-15-08
[2023-03-22 13:15:11,395][kospeech.utils][INFO] - Audio is None : ../../../../dataset/kspondata/kss/3/3_1755.wav
[2023-03-22 13:15:11,395][kospeech.utils][INFO] - C:\Users\SSAFY\Desktop\Speech\gitstt\BE\KoreanSTT\outputs\2023-03-22\13-15-08
[2023-03-22 13:15:11,403][kospeech.utils][INFO] - Audio is None : ../../../../dataset/kspondata/kss/4/4_0693.wav
[2023-03-22 13:15:11,404][kospeech.utils][INFO] - C:\Users\SSAFY\Desktop\Speech\gitstt\BE\KoreanSTT\outputs\2023-03-22\13-15-08
[2023-03-22 13:15:11,407][kospeech.utils][INFO] - Audio is None : ../../../../dataset/kspondata/kss/3/3_3107.wav
[2023-03-22 13:15:11,407][kospeech.utils][INFO] - C:\Users\SSAFY\Desktop\Speech\gitstt\BE\KoreanSTT\outputs\2023-03-22\13-15-08
[2023-03-22 13:15:11,408][kospeech.utils][INFO] - Audio is None : ../../../../dataset/kspondata/kss/4/4_1677.wav
[2023-03-22 13:15:11,408][kospeech.utils][INFO] - C:\Users\SSAFY\Desktop\Speech\gitstt\BE\KoreanSTT\outputs\2023-03-22\13-15-08
[2023-03-22 13:15:11,412][kospeech.utils][INFO] - Audio is None : ../../../../dataset/kspondata/kss/3/3_4776.wav
[2023-03-22 13:15:11,413][kospeech.utils][INFO] - C:\Users\SSAFY\Desktop\Speech\gitstt\BE\KoreanSTT\outputs\2023-03-22\13-15-08
[2023-03-22 13:15:11,416][kospeech.utils][INFO] - Audio is None : ../../../../dataset/kspondata/kss/3/3_2113.wav
[2023-03-22 13:15:11,417][kospeech.utils][INFO] - C:\Users\SSAFY\Desktop\Speech\gitstt\BE\KoreanSTT\outputs\2023-03-22\13-15-08
[2023-03-22 13:15:11,418][kospeech.utils][INFO] - Audio is None : ../../../../dataset/kspondata/kss/4/4_3502.wav
[2023-03-22 13:15:11,418][kospeech.utils][INFO] - Audio is None : ../../../../dataset/kspondata/kss/3/3_0369.wav
[2023-03-22 13:15:11,419][kospeech.utils][INFO] - Audio is None : ../../../../dataset/kspondata/kss/2/2_0704.wav
[2023-03-22 13:15:11,419][kospeech.utils][INFO] - C:\Users\SSAFY\Desktop\Speech\gitstt\BE\KoreanSTT\outputs\2023-03-22\13-15-08
[2023-03-22 13:15:11,420][kospeech.utils][INFO] - C:\Users\SSAFY\Desktop\Speech\gitstt\BE\KoreanSTT\outputs\2023-03-22\13-15-08
[2023-03-22 13:15:11,420][kospeech.utils][INFO] - C:\Users\SSAFY\Desktop\Speech\gitstt\BE\KoreanSTT\outputs\2023-03-22\13-15-08
[2023-03-22 13:15:11,426][kospeech.utils][INFO] - Audio is None : ../../../../dataset/kspondata/kss/1/1_0319.wav
[2023-03-22 13:15:11,426][kospeech.utils][INFO] - C:\Users\SSAFY\Desktop\Speech\gitstt\BE\KoreanSTT\outputs\2023-03-22\13-15-08
[2023-03-22 13:15:11,429][kospeech.utils][INFO] - Audio is None : ../../../../dataset/kspondata/kss/3/3_2386.wav
[2023-03-22 13:15:11,430][kospeech.utils][INFO] - C:\Users\SSAFY\Desktop\Speech\gitstt\BE\KoreanSTT\outputs\2023-03-22\13-15-08
[2023-03-22 13:15:11,432][kospeech.utils][INFO] - Audio is None : ../../../../dataset/kspondata/kss/4/4_0534.wav
[2023-03-22 13:15:11,432][kospeech.utils][INFO] - C:\Users\SSAFY\Desktop\Speech\gitstt\BE\KoreanSTT\outputs\2023-03-22\13-15-08
[2023-03-22 13:15:11,438][kospeech.utils][INFO] - Audio is None : ../../../../dataset/kspondata/kss/3/3_0650.wav
[2023-03-22 13:15:11,439][kospeech.utils][INFO] - C:\Users\SSAFY\Desktop\Speech\gitstt\BE\KoreanSTT\outputs\2023-03-22\13-15-08
[2023-03-22 13:15:11,441][kospeech.utils][INFO] - Audio is None : ../../../../dataset/kspondata/kss/3/3_0443.wav
[2023-03-22 13:15:11,441][kospeech.utils][INFO] - C:\Users\SSAFY\Desktop\Speech\gitstt\BE\KoreanSTT\outputs\2023-03-22\13-15-08
[2023-03-22 13:15:11,443][kospeech.utils][INFO] - Audio is None : ../../../../dataset/kspondata/kss/1/1_0065.wav
[2023-03-22 13:15:11,443][kospeech.utils][INFO] - C:\Users\SSAFY\Desktop\Speech\gitstt\BE\KoreanSTT\outputs\2023-03-22\13-15-08
[2023-03-22 13:15:11,445][kospeech.utils][INFO] - Audio is None : ../../../../dataset/kspondata/kss/4/4_3847.wav
[2023-03-22 13:15:11,446][kospeech.utils][INFO] - C:\Users\SSAFY\Desktop\Speech\gitstt\BE\KoreanSTT\outputs\2023-03-22\13-15-08
[2023-03-22 13:15:11,449][kospeech.utils][INFO] - Audio is None : ../../../../dataset/kspondata/kss/4/4_2984.wav
[2023-03-22 13:15:11,449][kospeech.utils][INFO] - C:\Users\SSAFY\Desktop\Speech\gitstt\BE\KoreanSTT\outputs\2023-03-22\13-15-08
[2023-03-22 13:15:11,449][kospeech.utils][INFO] - Audio is None : ../../../../dataset/kspondata/kss/3/3_3968.wav
[2023-03-22 13:15:11,450][kospeech.utils][INFO] - C:\Users\SSAFY\Desktop\Speech\gitstt\BE\KoreanSTT\outputs\2023-03-22\13-15-08
[2023-03-22 13:15:11,453][kospeech.utils][INFO] - Audio is None : ../../../../dataset/kspondata/kss/3/3_0390.wav
[2023-03-22 13:15:11,454][kospeech.utils][INFO] - C:\Users\SSAFY\Desktop\Speech\gitstt\BE\KoreanSTT\outputs\2023-03-22\13-15-08
[2023-03-22 13:15:11,455][kospeech.utils][INFO] - Audio is None : ../../../../dataset/kspondata/kss/4/4_2237.wav
[2023-03-22 13:15:11,455][kospeech.utils][INFO] - C:\Users\SSAFY\Desktop\Speech\gitstt\BE\KoreanSTT\outputs\2023-03-22\13-15-08
[2023-03-22 13:15:11,460][kospeech.utils][INFO] - Audio is None : ../../../../dataset/kspondata/kss/4/4_4362.wav
[2023-03-22 13:15:11,461][kospeech.utils][INFO] - C:\Users\SSAFY\Desktop\Speech\gitstt\BE\KoreanSTT\outputs\2023-03-22\13-15-08
[2023-03-22 13:15:11,464][kospeech.utils][INFO] - Audio is None : ../../../../dataset/kspondata/kss/3/3_0931.wav
[2023-03-22 13:15:11,465][kospeech.utils][INFO] - C:\Users\SSAFY\Desktop\Speech\gitstt\BE\KoreanSTT\outputs\2023-03-22\13-15-08
[2023-03-22 13:15:11,469][kospeech.utils][INFO] - Audio is None : ../../../../dataset/kspondata/kss/3/3_4602.wav
[2023-03-22 13:15:11,470][kospeech.utils][INFO] - C:\Users\SSAFY\Desktop\Speech\gitstt\BE\KoreanSTT\outputs\2023-03-22\13-15-08
[2023-03-22 13:15:11,471][kospeech.utils][INFO] - Audio is None : ../../../../dataset/kspondata/kss/3/3_2461.wav
[2023-03-22 13:15:11,471][kospeech.utils][INFO] - C:\Users\SSAFY\Desktop\Speech\gitstt\BE\KoreanSTT\outputs\2023-03-22\13-15-08
[2023-03-22 13:15:11,473][kospeech.utils][INFO] - Audio is None : ../../../../dataset/kspondata/kss/3/3_1691.wav
[2023-03-22 13:15:11,474][kospeech.utils][INFO] - C:\Users\SSAFY\Desktop\Speech\gitstt\BE\KoreanSTT\outputs\2023-03-22\13-15-08
[2023-03-22 13:15:11,475][kospeech.utils][INFO] - Audio is None : ../../../../dataset/kspondata/kss/4/4_0713.wav
[2023-03-22 13:15:11,475][kospeech.utils][INFO] - Audio is None : ../../../../dataset/kspondata/kss/3/3_0084.wav
[2023-03-22 13:15:11,476][kospeech.utils][INFO] - C:\Users\SSAFY\Desktop\Speech\gitstt\BE\KoreanSTT\outputs\2023-03-22\13-15-08
[2023-03-22 13:15:11,476][kospeech.utils][INFO] - C:\Users\SSAFY\Desktop\Speech\gitstt\BE\KoreanSTT\outputs\2023-03-22\13-15-08
[2023-03-22 13:15:11,478][kospeech.utils][INFO] - Audio is None : ../../../../dataset/kspondata/kss/4/4_2451.wav
[2023-03-22 13:15:11,479][kospeech.utils][INFO] - C:\Users\SSAFY\Desktop\Speech\gitstt\BE\KoreanSTT\outputs\2023-03-22\13-15-08
[2023-03-22 13:15:11,481][kospeech.utils][INFO] - Audio is None : ../../../../dataset/kspondata/kss/4/4_2698.wav
[2023-03-22 13:15:11,482][kospeech.utils][INFO] - C:\Users\SSAFY\Desktop\Speech\gitstt\BE\KoreanSTT\outputs\2023-03-22\13-15-08
[2023-03-22 13:15:11,486][kospeech.utils][INFO] - Audio is None : ../../../../dataset/kspondata/kss/3/3_1270.wav
[2023-03-22 13:15:11,487][kospeech.utils][INFO] - C:\Users\SSAFY\Desktop\Speech\gitstt\BE\KoreanSTT\outputs\2023-03-22\13-15-08
[2023-03-22 13:15:11,496][kospeech.utils][INFO] - Audio is None : ../../../../dataset/kspondata/kss/3/3_0340.wav
[2023-03-22 13:15:11,496][kospeech.utils][INFO] - C:\Users\SSAFY\Desktop\Speech\gitstt\BE\KoreanSTT\outputs\2023-03-22\13-15-08
[2023-03-22 13:15:11,497][kospeech.utils][INFO] - Audio is None : ../../../../dataset/kspondata/kss/3/3_3377.wav
[2023-03-22 13:15:11,498][kospeech.utils][INFO] - C:\Users\SSAFY\Desktop\Speech\gitstt\BE\KoreanSTT\outputs\2023-03-22\13-15-08
[2023-03-22 13:15:11,499][kospeech.utils][INFO] - Audio is None : ../../../../dataset/kspondata/kss/2/2_0315.wav
[2023-03-22 13:15:11,499][kospeech.utils][INFO] - C:\Users\SSAFY\Desktop\Speech\gitstt\BE\KoreanSTT\outputs\2023-03-22\13-15-08
[2023-03-22 13:15:11,501][kospeech.utils][INFO] - Audio is None : ../../../../dataset/kspondata/kss/3/3_1497.wav
[2023-03-22 13:15:11,502][kospeech.utils][INFO] - C:\Users\SSAFY\Desktop\Speech\gitstt\BE\KoreanSTT\outputs\2023-03-22\13-15-08
[2023-03-22 13:15:11,504][kospeech.utils][INFO] - Audio is None : ../../../../dataset/kspondata/kss/4/4_1809.wav
[2023-03-22 13:15:11,505][kospeech.utils][INFO] - C:\Users\SSAFY\Desktop\Speech\gitstt\BE\KoreanSTT\outputs\2023-03-22\13-15-08
[2023-03-22 13:15:11,506][kospeech.utils][INFO] - Audio is None : ../../../../dataset/kspondata/kss/4/4_1938.wav
[2023-03-22 13:15:11,506][kospeech.utils][INFO] - C:\Users\SSAFY\Desktop\Speech\gitstt\BE\KoreanSTT\outputs\2023-03-22\13-15-08
[2023-03-22 13:15:11,512][kospeech.utils][INFO] - Audio is None : ../../../../dataset/kspondata/kss/3/3_0202.wav
[2023-03-22 13:15:11,512][kospeech.utils][INFO] - Audio is None : ../../../../dataset/kspondata/kss/3/3_4356.wav
[2023-03-22 13:15:11,512][kospeech.utils][INFO] - C:\Users\SSAFY\Desktop\Speech\gitstt\BE\KoreanSTT\outputs\2023-03-22\13-15-08
[2023-03-22 13:15:11,513][kospeech.utils][INFO] - C:\Users\SSAFY\Desktop\Speech\gitstt\BE\KoreanSTT\outputs\2023-03-22\13-15-08
[2023-03-22 13:15:11,520][kospeech.utils][INFO] - Audio is None : ../../../../dataset/kspondata/kss/3/3_0466.wav
[2023-03-22 13:15:11,521][kospeech.utils][INFO] - C:\Users\SSAFY\Desktop\Speech\gitstt\BE\KoreanSTT\outputs\2023-03-22\13-15-08
[2023-03-22 13:15:11,523][kospeech.utils][INFO] - Audio is None : ../../../../dataset/kspondata/kss/3/3_0618.wav
[2023-03-22 13:15:11,523][kospeech.utils][INFO] - C:\Users\SSAFY\Desktop\Speech\gitstt\BE\KoreanSTT\outputs\2023-03-22\13-15-08
[2023-03-22 13:15:11,525][kospeech.utils][INFO] - Audio is None : ../../../../dataset/kspondata/kss/4/4_4565.wav
[2023-03-22 13:15:11,525][kospeech.utils][INFO] - C:\Users\SSAFY\Desktop\Speech\gitstt\BE\KoreanSTT\outputs\2023-03-22\13-15-08
[2023-03-22 13:15:11,526][kospeech.utils][INFO] - Audio is None : ../../../../dataset/kspondata/kss/1/1_0809.wav
[2023-03-22 13:15:11,526][kospeech.utils][INFO] - C:\Users\SSAFY\Desktop\Speech\gitstt\BE\KoreanSTT\outputs\2023-03-22\13-15-08
[2023-03-22 13:15:11,529][kospeech.utils][INFO] - Audio is None : ../../../../dataset/kspondata/kss/3/3_3291.wav
[2023-03-22 13:15:11,529][kospeech.utils][INFO] - C:\Users\SSAFY\Desktop\Speech\gitstt\BE\KoreanSTT\outputs\2023-03-22\13-15-08
[2023-03-22 13:15:11,534][kospeech.utils][INFO] - Audio is None : ../../../../dataset/kspondata/kss/1/1_0445.wav
[2023-03-22 13:15:11,535][kospeech.utils][INFO] - C:\Users\SSAFY\Desktop\Speech\gitstt\BE\KoreanSTT\outputs\2023-03-22\13-15-08
[2023-03-22 13:15:11,535][kospeech.utils][INFO] - Audio is None : ../../../../dataset/kspondata/kss/4/4_0655.wav
[2023-03-22 13:15:11,536][kospeech.utils][INFO] - C:\Users\SSAFY\Desktop\Speech\gitstt\BE\KoreanSTT\outputs\2023-03-22\13-15-08
[2023-03-22 13:15:11,537][kospeech.utils][INFO] - Audio is None : ../../../../dataset/kspondata/kss/4/4_4201.wav
[2023-03-22 13:15:11,538][kospeech.utils][INFO] - C:\Users\SSAFY\Desktop\Speech\gitstt\BE\KoreanSTT\outputs\2023-03-22\13-15-08
[2023-03-22 13:15:11,542][kospeech.utils][INFO] - Audio is None : ../../../../dataset/kspondata/kss/3/3_3333.wav
[2023-03-22 13:15:11,543][kospeech.utils][INFO] - C:\Users\SSAFY\Desktop\Speech\gitstt\BE\KoreanSTT\outputs\2023-03-22\13-15-08
[2023-03-22 13:15:11,549][kospeech.utils][INFO] - Audio is None : ../../../../dataset/kspondata/kss/3/3_4302.wav
[2023-03-22 13:15:11,550][kospeech.utils][INFO] - C:\Users\SSAFY\Desktop\Speech\gitstt\BE\KoreanSTT\outputs\2023-03-22\13-15-08
[2023-03-22 13:15:11,551][kospeech.utils][INFO] - Audio is None : ../../../../dataset/kspondata/kss/4/4_1122.wav
[2023-03-22 13:15:11,552][kospeech.utils][INFO] - C:\Users\SSAFY\Desktop\Speech\gitstt\BE\KoreanSTT\outputs\2023-03-22\13-15-08
[2023-03-22 13:15:11,553][kospeech.utils][INFO] - Audio is None : ../../../../dataset/kspondata/kss/3/3_2524.wav
[2023-03-22 13:15:11,553][kospeech.utils][INFO] - C:\Users\SSAFY\Desktop\Speech\gitstt\BE\KoreanSTT\outputs\2023-03-22\13-15-08
[2023-03-22 13:15:11,554][kospeech.utils][INFO] - Audio is None : ../../../../dataset/kspondata/kss/4/4_2203.wav
[2023-03-22 13:15:11,554][kospeech.utils][INFO] - C:\Users\SSAFY\Desktop\Speech\gitstt\BE\KoreanSTT\outputs\2023-03-22\13-15-08
[2023-03-22 13:15:11,556][kospeech.utils][INFO] - Audio is None : ../../../../dataset/kspondata/kss/4/4_1177.wav
[2023-03-22 13:15:11,556][kospeech.utils][INFO] - C:\Users\SSAFY\Desktop\Speech\gitstt\BE\KoreanSTT\outputs\2023-03-22\13-15-08
[2023-03-22 13:15:11,558][kospeech.utils][INFO] - Audio is None : ../../../../dataset/kspondata/kss/4/4_2135.wav
[2023-03-22 13:15:11,559][kospeech.utils][INFO] - C:\Users\SSAFY\Desktop\Speech\gitstt\BE\KoreanSTT\outputs\2023-03-22\13-15-08
[2023-03-22 13:15:11,560][kospeech.utils][INFO] - Audio is None : ../../../../dataset/kspondata/kss/4/4_1631.wav
[2023-03-22 13:15:11,560][kospeech.utils][INFO] - C:\Users\SSAFY\Desktop\Speech\gitstt\BE\KoreanSTT\outputs\2023-03-22\13-15-08
[2023-03-22 13:15:11,563][kospeech.utils][INFO] - Audio is None : ../../../../dataset/kspondata/kss/3/3_4450.wav
[2023-03-22 13:15:11,564][kospeech.utils][INFO] - C:\Users\SSAFY\Desktop\Speech\gitstt\BE\KoreanSTT\outputs\2023-03-22\13-15-08
[2023-03-22 13:15:11,572][kospeech.utils][INFO] - Audio is None : ../../../../dataset/kspondata/kss/4/4_4294.wav
[2023-03-22 13:15:11,572][kospeech.utils][INFO] - C:\Users\SSAFY\Desktop\Speech\gitstt\BE\KoreanSTT\outputs\2023-03-22\13-15-08
[2023-03-22 13:15:11,576][kospeech.utils][INFO] - Audio is None : ../../../../dataset/kspondata/kss/3/3_2551.wav
[2023-03-22 13:15:11,577][kospeech.utils][INFO] - Audio is None : ../../../../dataset/kspondata/kss/4/4_0751.wav
[2023-03-22 13:15:11,577][kospeech.utils][INFO] - C:\Users\SSAFY\Desktop\Speech\gitstt\BE\KoreanSTT\outputs\2023-03-22\13-15-08
[2023-03-22 13:15:11,578][kospeech.utils][INFO] - C:\Users\SSAFY\Desktop\Speech\gitstt\BE\KoreanSTT\outputs\2023-03-22\13-15-08
[2023-03-22 13:15:11,578][kospeech.utils][INFO] - Audio is None : ../../../../dataset/kspondata/kss/3/3_0262.wav
[2023-03-22 13:15:11,579][kospeech.utils][INFO] - C:\Users\SSAFY\Desktop\Speech\gitstt\BE\KoreanSTT\outputs\2023-03-22\13-15-08
[2023-03-22 13:15:11,581][kospeech.utils][INFO] - Audio is None : ../../../../dataset/kspondata/kss/4/4_0417.wav
[2023-03-22 13:15:11,582][kospeech.utils][INFO] - C:\Users\SSAFY\Desktop\Speech\gitstt\BE\KoreanSTT\outputs\2023-03-22\13-15-08
[2023-03-22 13:15:11,583][kospeech.utils][INFO] - Audio is None : ../../../../dataset/kspondata/kss/2/2_0151.wav
[2023-03-22 13:15:11,584][kospeech.utils][INFO] - C:\Users\SSAFY\Desktop\Speech\gitstt\BE\KoreanSTT\outputs\2023-03-22\13-15-08
[2023-03-22 13:15:11,588][kospeech.utils][INFO] - Audio is None : ../../../../dataset/kspondata/kss/3/3_0068.wav
[2023-03-22 13:15:11,588][kospeech.utils][INFO] - C:\Users\SSAFY\Desktop\Speech\gitstt\BE\KoreanSTT\outputs\2023-03-22\13-15-08
[2023-03-22 13:15:11,590][kospeech.utils][INFO] - Audio is None : ../../../../dataset/kspondata/kss/3/3_2647.wav
[2023-03-22 13:15:11,590][kospeech.utils][INFO] - C:\Users\SSAFY\Desktop\Speech\gitstt\BE\KoreanSTT\outputs\2023-03-22\13-15-08
[2023-03-22 13:15:11,593][kospeech.utils][INFO] - Audio is None : ../../../../dataset/kspondata/kss/4/4_2484.wav
[2023-03-22 13:15:11,593][kospeech.utils][INFO] - C:\Users\SSAFY\Desktop\Speech\gitstt\BE\KoreanSTT\outputs\2023-03-22\13-15-08
[2023-03-22 13:15:11,601][kospeech.utils][INFO] - Audio is None : ../../../../dataset/kspondata/kss/1/1_0115.wav
[2023-03-22 13:15:11,601][kospeech.utils][INFO] - C:\Users\SSAFY\Desktop\Speech\gitstt\BE\KoreanSTT\outputs\2023-03-22\13-15-08
[2023-03-22 13:15:11,602][kospeech.utils][INFO] - Audio is None : ../../../../dataset/kspondata/kss/4/4_4447.wav
[2023-03-22 13:15:11,602][kospeech.utils][INFO] - C:\Users\SSAFY\Desktop\Speech\gitstt\BE\KoreanSTT\outputs\2023-03-22\13-15-08
[2023-03-22 13:15:11,604][kospeech.utils][INFO] - Audio is None : ../../../../dataset/kspondata/kss/4/4_3303.wav
[2023-03-22 13:15:11,605][kospeech.utils][INFO] - C:\Users\SSAFY\Desktop\Speech\gitstt\BE\KoreanSTT\outputs\2023-03-22\13-15-08
[2023-03-22 13:15:11,607][kospeech.utils][INFO] - Audio is None : ../../../../dataset/kspondata/kss/4/4_4021.wav
[2023-03-22 13:15:11,607][kospeech.utils][INFO] - C:\Users\SSAFY\Desktop\Speech\gitstt\BE\KoreanSTT\outputs\2023-03-22\13-15-08
[2023-03-22 13:15:11,609][kospeech.utils][INFO] - Audio is None : ../../../../dataset/kspondata/kss/1/1_0108.wav
[2023-03-22 13:15:11,610][kospeech.utils][INFO] - C:\Users\SSAFY\Desktop\Speech\gitstt\BE\KoreanSTT\outputs\2023-03-22\13-15-08
[2023-03-22 13:15:11,611][kospeech.utils][INFO] - Audio is None : ../../../../dataset/kspondata/kss/1/1_0413.wav
[2023-03-22 13:15:11,612][kospeech.utils][INFO] - C:\Users\SSAFY\Desktop\Speech\gitstt\BE\KoreanSTT\outputs\2023-03-22\13-15-08
[2023-03-22 13:15:11,614][kospeech.utils][INFO] - Audio is None : ../../../../dataset/kspondata/kss/2/2_0873.wav
[2023-03-22 13:15:11,615][kospeech.utils][INFO] - C:\Users\SSAFY\Desktop\Speech\gitstt\BE\KoreanSTT\outputs\2023-03-22\13-15-08
[2023-03-22 13:15:11,615][kospeech.utils][INFO] - Audio is None : ../../../../dataset/kspondata/kss/1/1_0855.wav
[2023-03-22 13:15:11,616][kospeech.utils][INFO] - C:\Users\SSAFY\Desktop\Speech\gitstt\BE\KoreanSTT\outputs\2023-03-22\13-15-08
[2023-03-22 13:15:11,624][kospeech.utils][INFO] - Audio is None : ../../../../dataset/kspondata/kss/3/3_2616.wav
[2023-03-22 13:15:11,624][kospeech.utils][INFO] - C:\Users\SSAFY\Desktop\Speech\gitstt\BE\KoreanSTT\outputs\2023-03-22\13-15-08
[2023-03-22 13:15:11,625][kospeech.utils][INFO] - Audio is None : ../../../../dataset/kspondata/kss/3/3_2746.wav
[2023-03-22 13:15:11,626][kospeech.utils][INFO] - C:\Users\SSAFY\Desktop\Speech\gitstt\BE\KoreanSTT\outputs\2023-03-22\13-15-08
[2023-03-22 13:15:11,629][kospeech.utils][INFO] - Audio is None : ../../../../dataset/kspondata/kss/3/3_3117.wav
[2023-03-22 13:15:11,630][kospeech.utils][INFO] - C:\Users\SSAFY\Desktop\Speech\gitstt\BE\KoreanSTT\outputs\2023-03-22\13-15-08
[2023-03-22 13:15:11,630][kospeech.utils][INFO] - Audio is None : ../../../../dataset/kspondata/kss/3/3_1082.wav
[2023-03-22 13:15:11,631][kospeech.utils][INFO] - C:\Users\SSAFY\Desktop\Speech\gitstt\BE\KoreanSTT\outputs\2023-03-22\13-15-08
[2023-03-22 13:15:11,634][kospeech.utils][INFO] - Audio is None : ../../../../dataset/kspondata/kss/2/2_0728.wav
[2023-03-22 13:15:11,635][kospeech.utils][INFO] - C:\Users\SSAFY\Desktop\Speech\gitstt\BE\KoreanSTT\outputs\2023-03-22\13-15-08
[2023-03-22 13:15:11,636][kospeech.utils][INFO] - Audio is None : ../../../../dataset/kspondata/kss/4/4_3663.wav
[2023-03-22 13:15:11,637][kospeech.utils][INFO] - C:\Users\SSAFY\Desktop\Speech\gitstt\BE\KoreanSTT\outputs\2023-03-22\13-15-08
[2023-03-22 13:15:11,639][kospeech.utils][INFO] - Audio is None : ../../../../dataset/kspondata/kss/3/3_0482.wav
[2023-03-22 13:15:11,639][kospeech.utils][INFO] - Audio is None : ../../../../dataset/kspondata/kss/3/3_0227.wav
[2023-03-22 13:15:11,639][kospeech.utils][INFO] - C:\Users\SSAFY\Desktop\Speech\gitstt\BE\KoreanSTT\outputs\2023-03-22\13-15-08
[2023-03-22 13:15:11,640][kospeech.utils][INFO] - C:\Users\SSAFY\Desktop\Speech\gitstt\BE\KoreanSTT\outputs\2023-03-22\13-15-08
[2023-03-22 13:15:11,646][kospeech.utils][INFO] - Audio is None : ../../../../dataset/kspondata/kss/3/3_1649.wav
[2023-03-22 13:15:11,646][kospeech.utils][INFO] - C:\Users\SSAFY\Desktop\Speech\gitstt\BE\KoreanSTT\outputs\2023-03-22\13-15-08
[2023-03-22 13:15:11,647][kospeech.utils][INFO] - Audio is None : ../../../../dataset/kspondata/kss/3/3_3160.wav
[2023-03-22 13:15:11,648][kospeech.utils][INFO] - C:\Users\SSAFY\Desktop\Speech\gitstt\BE\KoreanSTT\outputs\2023-03-22\13-15-08
[2023-03-22 13:15:11,650][kospeech.utils][INFO] - Audio is None : ../../../../dataset/kspondata/kss/4/4_4163.wav
[2023-03-22 13:15:11,651][kospeech.utils][INFO] - C:\Users\SSAFY\Desktop\Speech\gitstt\BE\KoreanSTT\outputs\2023-03-22\13-15-08
[2023-03-22 13:15:11,651][kospeech.utils][INFO] - Audio is None : ../../../../dataset/kspondata/kss/1/1_0460.wav
[2023-03-22 13:15:11,652][kospeech.utils][INFO] - C:\Users\SSAFY\Desktop\Speech\gitstt\BE\KoreanSTT\outputs\2023-03-22\13-15-08
[2023-03-22 13:15:11,660][kospeech.utils][INFO] - Audio is None : ../../../../dataset/kspondata/kss/3/3_1380.wav
[2023-03-22 13:15:11,660][kospeech.utils][INFO] - C:\Users\SSAFY\Desktop\Speech\gitstt\BE\KoreanSTT\outputs\2023-03-22\13-15-08
[2023-03-22 13:15:11,663][kospeech.utils][INFO] - Audio is None : ../../../../dataset/kspondata/kss/3/3_1253.wav
[2023-03-22 13:15:11,663][kospeech.utils][INFO] - C:\Users\SSAFY\Desktop\Speech\gitstt\BE\KoreanSTT\outputs\2023-03-22\13-15-08
[2023-03-22 13:15:11,663][kospeech.utils][INFO] - Audio is None : ../../../../dataset/kspondata/kss/3/3_2387.wav
[2023-03-22 13:15:11,664][kospeech.utils][INFO] - C:\Users\SSAFY\Desktop\Speech\gitstt\BE\KoreanSTT\outputs\2023-03-22\13-15-08
[2023-03-22 13:15:11,665][kospeech.utils][INFO] - Audio is None : ../../../../dataset/kspondata/kss/4/4_0971.wav
[2023-03-22 13:15:11,665][kospeech.utils][INFO] - C:\Users\SSAFY\Desktop\Speech\gitstt\BE\KoreanSTT\outputs\2023-03-22\13-15-08
[2023-03-22 13:15:11,669][kospeech.utils][INFO] - Audio is None : ../../../../dataset/kspondata/kss/3/3_1354.wav
[2023-03-22 13:15:11,669][kospeech.utils][INFO] - C:\Users\SSAFY\Desktop\Speech\gitstt\BE\KoreanSTT\outputs\2023-03-22\13-15-08
[2023-03-22 13:15:11,671][kospeech.utils][INFO] - Audio is None : ../../../../dataset/kspondata/kss/3/3_0528.wav
[2023-03-22 13:15:11,672][kospeech.utils][INFO] - C:\Users\SSAFY\Desktop\Speech\gitstt\BE\KoreanSTT\outputs\2023-03-22\13-15-08
[2023-03-22 13:15:11,675][kospeech.utils][INFO] - Audio is None : ../../../../dataset/kspondata/kss/4/4_3053.wav
[2023-03-22 13:15:11,676][kospeech.utils][INFO] - C:\Users\SSAFY\Desktop\Speech\gitstt\BE\KoreanSTT\outputs\2023-03-22\13-15-08
[2023-03-22 13:15:11,676][kospeech.utils][INFO] - Audio is None : ../../../../dataset/kspondata/kss/4/4_4650.wav
[2023-03-22 13:15:11,677][kospeech.utils][INFO] - C:\Users\SSAFY\Desktop\Speech\gitstt\BE\KoreanSTT\outputs\2023-03-22\13-15-08
[2023-03-22 13:15:11,681][kospeech.utils][INFO] - Audio is None : ../../../../dataset/kspondata/kss/1/1_0032.wav
[2023-03-22 13:15:11,682][kospeech.utils][INFO] - C:\Users\SSAFY\Desktop\Speech\gitstt\BE\KoreanSTT\outputs\2023-03-22\13-15-08
[2023-03-22 13:15:11,688][kospeech.utils][INFO] - Audio is None : ../../../../dataset/kspondata/kss/2/2_0976.wav
[2023-03-22 13:15:11,689][kospeech.utils][INFO] - C:\Users\SSAFY\Desktop\Speech\gitstt\BE\KoreanSTT\outputs\2023-03-22\13-15-08
[2023-03-22 13:15:11,690][kospeech.utils][INFO] - Audio is None : ../../../../dataset/kspondata/kss/1/1_0696.wav
[2023-03-22 13:15:11,690][kospeech.utils][INFO] - C:\Users\SSAFY\Desktop\Speech\gitstt\BE\KoreanSTT\outputs\2023-03-22\13-15-08
[2023-03-22 13:15:11,693][kospeech.utils][INFO] - Audio is None : ../../../../dataset/kspondata/kss/3/3_1297.wav
[2023-03-22 13:15:11,693][kospeech.utils][INFO] - C:\Users\SSAFY\Desktop\Speech\gitstt\BE\KoreanSTT\outputs\2023-03-22\13-15-08
[2023-03-22 13:15:11,694][kospeech.utils][INFO] - Audio is None : ../../../../dataset/kspondata/kss/3/3_3233.wav
[2023-03-22 13:15:11,694][kospeech.utils][INFO] - C:\Users\SSAFY\Desktop\Speech\gitstt\BE\KoreanSTT\outputs\2023-03-22\13-15-08
[2023-03-22 13:15:11,697][kospeech.utils][INFO] - Audio is None : ../../../../dataset/kspondata/kss/3/3_4029.wav
[2023-03-22 13:15:11,697][kospeech.utils][INFO] - C:\Users\SSAFY\Desktop\Speech\gitstt\BE\KoreanSTT\outputs\2023-03-22\13-15-08
[2023-03-22 13:15:11,700][kospeech.utils][INFO] - Audio is None : ../../../../dataset/kspondata/kss/3/3_0965.wav
[2023-03-22 13:15:11,700][kospeech.utils][INFO] - C:\Users\SSAFY\Desktop\Speech\gitstt\BE\KoreanSTT\outputs\2023-03-22\13-15-08
[2023-03-22 13:15:11,702][kospeech.utils][INFO] - Audio is None : ../../../../dataset/kspondata/kss/4/4_3917.wav
[2023-03-22 13:15:11,703][kospeech.utils][INFO] - C:\Users\SSAFY\Desktop\Speech\gitstt\BE\KoreanSTT\outputs\2023-03-22\13-15-08
[2023-03-22 13:15:11,704][kospeech.utils][INFO] - Audio is None : ../../../../dataset/kspondata/kss/3/3_1849.wav
[2023-03-22 13:15:11,705][kospeech.utils][INFO] - C:\Users\SSAFY\Desktop\Speech\gitstt\BE\KoreanSTT\outputs\2023-03-22\13-15-08
[2023-03-22 13:15:11,713][kospeech.utils][INFO] - Audio is None : ../../../../dataset/kspondata/kss/3/3_3600.wav
[2023-03-22 13:15:11,713][kospeech.utils][INFO] - C:\Users\SSAFY\Desktop\Speech\gitstt\BE\KoreanSTT\outputs\2023-03-22\13-15-08
[2023-03-22 13:15:11,714][kospeech.utils][INFO] - Audio is None : ../../../../dataset/kspondata/kss/3/3_0325.wav
[2023-03-22 13:15:11,715][kospeech.utils][INFO] - C:\Users\SSAFY\Desktop\Speech\gitstt\BE\KoreanSTT\outputs\2023-03-22\13-15-08
[2023-03-22 13:15:11,717][kospeech.utils][INFO] - Audio is None : ../../../../dataset/kspondata/kss/1/1_0356.wav
[2023-03-22 13:15:11,717][kospeech.utils][INFO] - C:\Users\SSAFY\Desktop\Speech\gitstt\BE\KoreanSTT\outputs\2023-03-22\13-15-08
[2023-03-22 13:15:11,719][kospeech.utils][INFO] - Audio is None : ../../../../dataset/kspondata/kss/4/4_0594.wav
[2023-03-22 13:15:11,719][kospeech.utils][INFO] - C:\Users\SSAFY\Desktop\Speech\gitstt\BE\KoreanSTT\outputs\2023-03-22\13-15-08
[2023-03-22 13:15:11,721][kospeech.utils][INFO] - Audio is None : ../../../../dataset/kspondata/kss/2/2_0914.wav
[2023-03-22 13:15:11,722][kospeech.utils][INFO] - C:\Users\SSAFY\Desktop\Speech\gitstt\BE\KoreanSTT\outputs\2023-03-22\13-15-08
[2023-03-22 13:15:11,725][kospeech.utils][INFO] - Audio is None : ../../../../dataset/kspondata/kss/3/3_0038.wav
[2023-03-22 13:15:11,726][kospeech.utils][INFO] - C:\Users\SSAFY\Desktop\Speech\gitstt\BE\KoreanSTT\outputs\2023-03-22\13-15-08
[2023-03-22 13:15:11,727][kospeech.utils][INFO] - Audio is None : ../../../../dataset/kspondata/kss/4/4_2321.wav
[2023-03-22 13:15:11,727][kospeech.utils][INFO] - C:\Users\SSAFY\Desktop\Speech\gitstt\BE\KoreanSTT\outputs\2023-03-22\13-15-08
[2023-03-22 13:15:11,728][kospeech.utils][INFO] - Audio is None : ../../../../dataset/kspondata/kss/4/4_0464.wav
[2023-03-22 13:15:11,729][kospeech.utils][INFO] - C:\Users\SSAFY\Desktop\Speech\gitstt\BE\KoreanSTT\outputs\2023-03-22\13-15-08
[2023-03-22 13:15:11,735][kospeech.utils][INFO] - Audio is None : ../../../../dataset/kspondata/kss/3/3_0196.wav
[2023-03-22 13:15:11,735][kospeech.utils][INFO] - C:\Users\SSAFY\Desktop\Speech\gitstt\BE\KoreanSTT\outputs\2023-03-22\13-15-08
[2023-03-22 13:15:11,740][kospeech.utils][INFO] - Audio is None : ../../../../dataset/kspondata/kss/1/1_0005.wav
[2023-03-22 13:15:11,740][kospeech.utils][INFO] - C:\Users\SSAFY\Desktop\Speech\gitstt\BE\KoreanSTT\outputs\2023-03-22\13-15-08
[2023-03-22 13:15:11,742][kospeech.utils][INFO] - Audio is None : ../../../../dataset/kspondata/kss/3/3_3919.wav
[2023-03-22 13:15:11,742][kospeech.utils][INFO] - C:\Users\SSAFY\Desktop\Speech\gitstt\BE\KoreanSTT\outputs\2023-03-22\13-15-08
[2023-03-22 13:15:11,744][kospeech.utils][INFO] - Audio is None : ../../../../dataset/kspondata/kss/1/1_0423.wav
[2023-03-22 13:15:11,744][kospeech.utils][INFO] - C:\Users\SSAFY\Desktop\Speech\gitstt\BE\KoreanSTT\outputs\2023-03-22\13-15-08
[2023-03-22 13:15:11,747][kospeech.utils][INFO] - Audio is None : ../../../../dataset/kspondata/kss/3/3_4201.wav
[2023-03-22 13:15:11,747][kospeech.utils][INFO] - C:\Users\SSAFY\Desktop\Speech\gitstt\BE\KoreanSTT\outputs\2023-03-22\13-15-08
[2023-03-22 13:15:11,751][kospeech.utils][INFO] - Audio is None : ../../../../dataset/kspondata/kss/4/4_4067.wav
[2023-03-22 13:15:11,752][kospeech.utils][INFO] - C:\Users\SSAFY\Desktop\Speech\gitstt\BE\KoreanSTT\outputs\2023-03-22\13-15-08
[2023-03-22 13:15:11,752][kospeech.utils][INFO] - Audio is None : ../../../../dataset/kspondata/kss/3/3_3068.wav
[2023-03-22 13:15:11,753][kospeech.utils][INFO] - Audio is None : ../../../../dataset/kspondata/kss/4/4_1308.wav
[2023-03-22 13:15:11,753][kospeech.utils][INFO] - C:\Users\SSAFY\Desktop\Speech\gitstt\BE\KoreanSTT\outputs\2023-03-22\13-15-08
[2023-03-22 13:15:11,754][kospeech.utils][INFO] - C:\Users\SSAFY\Desktop\Speech\gitstt\BE\KoreanSTT\outputs\2023-03-22\13-15-08
[2023-03-22 13:15:11,757][kospeech.utils][INFO] - Audio is None : ../../../../dataset/kspondata/kss/4/4_3084.wav
[2023-03-22 13:15:11,757][kospeech.utils][INFO] - C:\Users\SSAFY\Desktop\Speech\gitstt\BE\KoreanSTT\outputs\2023-03-22\13-15-08
[2023-03-22 13:15:11,761][kospeech.utils][INFO] - Audio is None : ../../../../dataset/kspondata/kss/3/3_3507.wav
[2023-03-22 13:15:11,761][kospeech.utils][INFO] - C:\Users\SSAFY\Desktop\Speech\gitstt\BE\KoreanSTT\outputs\2023-03-22\13-15-08
[2023-03-22 13:15:11,766][kospeech.utils][INFO] - Audio is None : ../../../../dataset/kspondata/kss/4/4_1299.wav
[2023-03-22 13:15:11,767][kospeech.utils][INFO] - C:\Users\SSAFY\Desktop\Speech\gitstt\BE\KoreanSTT\outputs\2023-03-22\13-15-08
[2023-03-22 13:15:11,770][kospeech.utils][INFO] - Audio is None : ../../../../dataset/kspondata/kss/2/2_0929.wav
[2023-03-22 13:15:11,770][kospeech.utils][INFO] - C:\Users\SSAFY\Desktop\Speech\gitstt\BE\KoreanSTT\outputs\2023-03-22\13-15-08
[2023-03-22 13:15:11,771][kospeech.utils][INFO] - Audio is None : ../../../../dataset/kspondata/kss/3/3_3134.wav
[2023-03-22 13:15:11,772][kospeech.utils][INFO] - C:\Users\SSAFY\Desktop\Speech\gitstt\BE\KoreanSTT\outputs\2023-03-22\13-15-08
[2023-03-22 13:15:11,774][kospeech.utils][INFO] - Audio is None : ../../../../dataset/kspondata/kss/1/1_0063.wav
[2023-03-22 13:15:11,774][kospeech.utils][INFO] - C:\Users\SSAFY\Desktop\Speech\gitstt\BE\KoreanSTT\outputs\2023-03-22\13-15-08
[2023-03-22 13:15:11,776][kospeech.utils][INFO] - Audio is None : ../../../../dataset/kspondata/kss/3/3_4134.wav
[2023-03-22 13:15:11,777][kospeech.utils][INFO] - C:\Users\SSAFY\Desktop\Speech\gitstt\BE\KoreanSTT\outputs\2023-03-22\13-15-08
[2023-03-22 13:15:11,781][kospeech.utils][INFO] - Audio is None : ../../../../dataset/kspondata/kss/3/3_0222.wav
[2023-03-22 13:15:11,781][kospeech.utils][INFO] - C:\Users\SSAFY\Desktop\Speech\gitstt\BE\KoreanSTT\outputs\2023-03-22\13-15-08
[2023-03-22 13:15:11,782][kospeech.utils][INFO] - Audio is None : ../../../../dataset/kspondata/kss/4/4_4463.wav
[2023-03-22 13:15:11,783][kospeech.utils][INFO] - C:\Users\SSAFY\Desktop\Speech\gitstt\BE\KoreanSTT\outputs\2023-03-22\13-15-08
[2023-03-22 13:15:11,784][kospeech.utils][INFO] - Audio is None : ../../../../dataset/kspondata/kss/4/4_4499.wav
[2023-03-22 13:15:11,784][kospeech.utils][INFO] - C:\Users\SSAFY\Desktop\Speech\gitstt\BE\KoreanSTT\outputs\2023-03-22\13-15-08
[2023-03-22 13:15:11,789][kospeech.utils][INFO] - Audio is None : ../../../../dataset/kspondata/kss/1/1_0272.wav
[2023-03-22 13:15:11,789][kospeech.utils][INFO] - C:\Users\SSAFY\Desktop\Speech\gitstt\BE\KoreanSTT\outputs\2023-03-22\13-15-08
[2023-03-22 13:15:11,793][kospeech.utils][INFO] - Audio is None : ../../../../dataset/kspondata/kss/2/2_0447.wav
[2023-03-22 13:15:11,794][kospeech.utils][INFO] - C:\Users\SSAFY\Desktop\Speech\gitstt\BE\KoreanSTT\outputs\2023-03-22\13-15-08
[2023-03-22 13:15:11,799][kospeech.utils][INFO] - Audio is None : ../../../../dataset/kspondata/kss/3/3_1036.wav
[2023-03-22 13:15:11,799][kospeech.utils][INFO] - C:\Users\SSAFY\Desktop\Speech\gitstt\BE\KoreanSTT\outputs\2023-03-22\13-15-08
[2023-03-22 13:15:11,801][kospeech.utils][INFO] - Audio is None : ../../../../dataset/kspondata/kss/3/3_0047.wav
[2023-03-22 13:15:11,801][kospeech.utils][INFO] - C:\Users\SSAFY\Desktop\Speech\gitstt\BE\KoreanSTT\outputs\2023-03-22\13-15-08
[2023-03-22 13:15:11,803][kospeech.utils][INFO] - Audio is None : ../../../../dataset/kspondata/kss/3/3_1488.wav
[2023-03-22 13:15:11,804][kospeech.utils][INFO] - C:\Users\SSAFY\Desktop\Speech\gitstt\BE\KoreanSTT\outputs\2023-03-22\13-15-08
[2023-03-22 13:15:11,804][kospeech.utils][INFO] - Audio is None : ../../../../dataset/kspondata/kss/4/4_4074.wav
[2023-03-22 13:15:11,805][kospeech.utils][INFO] - C:\Users\SSAFY\Desktop\Speech\gitstt\BE\KoreanSTT\outputs\2023-03-22\13-15-08
[2023-03-22 13:15:11,807][kospeech.utils][INFO] - Audio is None : ../../../../dataset/kspondata/kss/2/2_0426.wav
[2023-03-22 13:15:11,807][kospeech.utils][INFO] - C:\Users\SSAFY\Desktop\Speech\gitstt\BE\KoreanSTT\outputs\2023-03-22\13-15-08
[2023-03-22 13:15:11,810][kospeech.utils][INFO] - Audio is None : ../../../../dataset/kspondata/kss/2/2_1050.wav
[2023-03-22 13:15:11,810][kospeech.utils][INFO] - C:\Users\SSAFY\Desktop\Speech\gitstt\BE\KoreanSTT\outputs\2023-03-22\13-15-08
[2023-03-22 13:15:11,813][kospeech.utils][INFO] - Audio is None : ../../../../dataset/kspondata/kss/4/4_3522.wav
[2023-03-22 13:15:11,813][kospeech.utils][INFO] - C:\Users\SSAFY\Desktop\Speech\gitstt\BE\KoreanSTT\outputs\2023-03-22\13-15-08
[2023-03-22 13:15:11,819][kospeech.utils][INFO] - Audio is None : ../../../../dataset/kspondata/kss/2/2_0372.wav
[2023-03-22 13:15:11,819][kospeech.utils][INFO] - C:\Users\SSAFY\Desktop\Speech\gitstt\BE\KoreanSTT\outputs\2023-03-22\13-15-08
[2023-03-22 13:15:11,822][kospeech.utils][INFO] - Audio is None : ../../../../dataset/kspondata/kss/4/4_1513.wav
[2023-03-22 13:15:11,822][kospeech.utils][INFO] - C:\Users\SSAFY\Desktop\Speech\gitstt\BE\KoreanSTT\outputs\2023-03-22\13-15-08
[2023-03-22 13:15:11,826][kospeech.utils][INFO] - Audio is None : ../../../../dataset/kspondata/kss/3/3_3302.wav
[2023-03-22 13:15:11,826][kospeech.utils][INFO] - C:\Users\SSAFY\Desktop\Speech\gitstt\BE\KoreanSTT\outputs\2023-03-22\13-15-08
[2023-03-22 13:15:11,829][kospeech.utils][INFO] - Audio is None : ../../../../dataset/kspondata/kss/1/1_0324.wav
[2023-03-22 13:15:11,830][kospeech.utils][INFO] - C:\Users\SSAFY\Desktop\Speech\gitstt\BE\KoreanSTT\outputs\2023-03-22\13-15-08
[2023-03-22 13:15:11,836][kospeech.utils][INFO] - Audio is None : ../../../../dataset/kspondata/kss/1/1_0587.wav
[2023-03-22 13:15:11,838][kospeech.utils][INFO] - C:\Users\SSAFY\Desktop\Speech\gitstt\BE\KoreanSTT\outputs\2023-03-22\13-15-08
[2023-03-22 13:15:11,840][kospeech.utils][INFO] - Audio is None : ../../../../dataset/kspondata/kss/4/4_3161.wav
[2023-03-22 13:15:11,842][kospeech.utils][INFO] - Audio is None : ../../../../dataset/kspondata/kss/3/3_3568.wav
[2023-03-22 13:15:11,843][kospeech.utils][INFO] - Audio is None : ../../../../dataset/kspondata/kss/4/4_0643.wav
[2023-03-22 13:15:11,844][kospeech.utils][INFO] - C:\Users\SSAFY\Desktop\Speech\gitstt\BE\KoreanSTT\outputs\2023-03-22\13-15-08
[2023-03-22 13:15:11,845][kospeech.utils][INFO] - C:\Users\SSAFY\Desktop\Speech\gitstt\BE\KoreanSTT\outputs\2023-03-22\13-15-08
[2023-03-22 13:15:11,845][kospeech.utils][INFO] - Audio is None : ../../../../dataset/kspondata/kss/4/4_1796.wav
[2023-03-22 13:15:11,846][kospeech.utils][INFO] - C:\Users\SSAFY\Desktop\Speech\gitstt\BE\KoreanSTT\outputs\2023-03-22\13-15-08
[2023-03-22 13:15:11,848][kospeech.utils][INFO] - C:\Users\SSAFY\Desktop\Speech\gitstt\BE\KoreanSTT\outputs\2023-03-22\13-15-08
[2023-03-22 13:15:11,851][kospeech.utils][INFO] - Audio is None : ../../../../dataset/kspondata/kss/3/3_2034.wav
[2023-03-22 13:15:11,852][kospeech.utils][INFO] - C:\Users\SSAFY\Desktop\Speech\gitstt\BE\KoreanSTT\outputs\2023-03-22\13-15-08
[2023-03-22 13:15:11,868][kospeech.utils][INFO] - Audio is None : ../../../../dataset/kspondata/kss/2/2_0507.wav
[2023-03-22 13:15:11,869][kospeech.utils][INFO] - C:\Users\SSAFY\Desktop\Speech\gitstt\BE\KoreanSTT\outputs\2023-03-22\13-15-08
[2023-03-22 13:15:11,871][kospeech.utils][INFO] - Audio is None : ../../../../dataset/kspondata/kss/3/3_0949.wav
[2023-03-22 13:15:11,871][kospeech.utils][INFO] - C:\Users\SSAFY\Desktop\Speech\gitstt\BE\KoreanSTT\outputs\2023-03-22\13-15-08
[2023-03-22 13:15:11,878][kospeech.utils][INFO] - Audio is None : ../../../../dataset/kspondata/kss/3/3_3528.wav
[2023-03-22 13:15:11,878][kospeech.utils][INFO] - C:\Users\SSAFY\Desktop\Speech\gitstt\BE\KoreanSTT\outputs\2023-03-22\13-15-08
[2023-03-22 13:15:11,879][kospeech.utils][INFO] - Audio is None : ../../../../dataset/kspondata/kss/3/3_4175.wav
[2023-03-22 13:15:11,880][kospeech.utils][INFO] - Audio is None : ../../../../dataset/kspondata/kss/3/3_2067.wav
[2023-03-22 13:15:11,880][kospeech.utils][INFO] - C:\Users\SSAFY\Desktop\Speech\gitstt\BE\KoreanSTT\outputs\2023-03-22\13-15-08
[2023-03-22 13:15:11,881][kospeech.utils][INFO] - C:\Users\SSAFY\Desktop\Speech\gitstt\BE\KoreanSTT\outputs\2023-03-22\13-15-08
[2023-03-22 13:15:11,885][kospeech.utils][INFO] - Audio is None : ../../../../dataset/kspondata/kss/3/3_2441.wav
[2023-03-22 13:15:11,885][kospeech.utils][INFO] - C:\Users\SSAFY\Desktop\Speech\gitstt\BE\KoreanSTT\outputs\2023-03-22\13-15-08
[2023-03-22 13:15:11,886][kospeech.utils][INFO] - Audio is None : ../../../../dataset/kspondata/kss/4/4_3958.wav
[2023-03-22 13:15:11,887][kospeech.utils][INFO] - C:\Users\SSAFY\Desktop\Speech\gitstt\BE\KoreanSTT\outputs\2023-03-22\13-15-08
[2023-03-22 13:15:11,887][kospeech.utils][INFO] - Audio is None : ../../../../dataset/kspondata/kss/3/3_3417.wav
[2023-03-22 13:15:11,888][kospeech.utils][INFO] - C:\Users\SSAFY\Desktop\Speech\gitstt\BE\KoreanSTT\outputs\2023-03-22\13-15-08
[2023-03-22 13:15:11,893][kospeech.utils][INFO] - Audio is None : ../../../../dataset/kspondata/kss/3/3_3127.wav
[2023-03-22 13:15:11,894][kospeech.utils][INFO] - C:\Users\SSAFY\Desktop\Speech\gitstt\BE\KoreanSTT\outputs\2023-03-22\13-15-08
[2023-03-22 13:15:11,897][kospeech.utils][INFO] - Audio is None : ../../../../dataset/kspondata/kss/4/4_0544.wav
[2023-03-22 13:15:11,897][kospeech.utils][INFO] - C:\Users\SSAFY\Desktop\Speech\gitstt\BE\KoreanSTT\outputs\2023-03-22\13-15-08
[2023-03-22 13:15:11,901][kospeech.utils][INFO] - Audio is None : ../../../../dataset/kspondata/kss/1/1_0527.wav
[2023-03-22 13:15:11,902][kospeech.utils][INFO] - C:\Users\SSAFY\Desktop\Speech\gitstt\BE\KoreanSTT\outputs\2023-03-22\13-15-08
[2023-03-22 13:15:11,906][kospeech.utils][INFO] - Audio is None : ../../../../dataset/kspondata/kss/4/4_2360.wav
[2023-03-22 13:15:11,907][kospeech.utils][INFO] - C:\Users\SSAFY\Desktop\Speech\gitstt\BE\KoreanSTT\outputs\2023-03-22\13-15-08
[2023-03-22 13:15:11,907][kospeech.utils][INFO] - Audio is None : ../../../../dataset/kspondata/kss/4/4_2432.wav
[2023-03-22 13:15:11,908][kospeech.utils][INFO] - C:\Users\SSAFY\Desktop\Speech\gitstt\BE\KoreanSTT\outputs\2023-03-22\13-15-08
[2023-03-22 13:15:11,910][kospeech.utils][INFO] - Audio is None : ../../../../dataset/kspondata/kss/3/3_2887.wav
[2023-03-22 13:15:11,911][kospeech.utils][INFO] - C:\Users\SSAFY\Desktop\Speech\gitstt\BE\KoreanSTT\outputs\2023-03-22\13-15-08
[2023-03-22 13:15:11,912][kospeech.utils][INFO] - Audio is None : ../../../../dataset/kspondata/kss/3/3_2833.wav
[2023-03-22 13:15:11,912][kospeech.utils][INFO] - C:\Users\SSAFY\Desktop\Speech\gitstt\BE\KoreanSTT\outputs\2023-03-22\13-15-08
[2023-03-22 13:15:11,913][kospeech.utils][INFO] - Audio is None : ../../../../dataset/kspondata/kss/4/4_1386.wav
[2023-03-22 13:15:11,914][kospeech.utils][INFO] - C:\Users\SSAFY\Desktop\Speech\gitstt\BE\KoreanSTT\outputs\2023-03-22\13-15-08
[2023-03-22 13:15:11,916][kospeech.utils][INFO] - Audio is None : ../../../../dataset/kspondata/kss/3/3_3519.wav
[2023-03-22 13:15:11,917][kospeech.utils][INFO] - C:\Users\SSAFY\Desktop\Speech\gitstt\BE\KoreanSTT\outputs\2023-03-22\13-15-08
[2023-03-22 13:15:11,919][kospeech.utils][INFO] - Audio is None : ../../../../dataset/kspondata/kss/4/4_2614.wav
[2023-03-22 13:15:11,920][kospeech.utils][INFO] - C:\Users\SSAFY\Desktop\Speech\gitstt\BE\KoreanSTT\outputs\2023-03-22\13-15-08
[2023-03-22 13:15:11,923][kospeech.utils][INFO] - Audio is None : ../../../../dataset/kspondata/kss/3/3_1660.wav
[2023-03-22 13:15:11,924][kospeech.utils][INFO] - C:\Users\SSAFY\Desktop\Speech\gitstt\BE\KoreanSTT\outputs\2023-03-22\13-15-08
[2023-03-22 13:15:11,933][kospeech.utils][INFO] - Audio is None : ../../../../dataset/kspondata/kss/4/4_1178.wav
[2023-03-22 13:15:11,934][kospeech.utils][INFO] - C:\Users\SSAFY\Desktop\Speech\gitstt\BE\KoreanSTT\outputs\2023-03-22\13-15-08
[2023-03-22 13:15:11,934][kospeech.utils][INFO] - Audio is None : ../../../../dataset/kspondata/kss/3/3_0376.wav
[2023-03-22 13:15:11,935][kospeech.utils][INFO] - C:\Users\SSAFY\Desktop\Speech\gitstt\BE\KoreanSTT\outputs\2023-03-22\13-15-08
[2023-03-22 13:15:11,936][kospeech.utils][INFO] - Audio is None : ../../../../dataset/kspondata/kss/3/3_4788.wav
[2023-03-22 13:15:11,937][kospeech.utils][INFO] - C:\Users\SSAFY\Desktop\Speech\gitstt\BE\KoreanSTT\outputs\2023-03-22\13-15-08
[2023-03-22 13:15:11,939][kospeech.utils][INFO] - Audio is None : ../../../../dataset/kspondata/kss/4/4_3823.wav
[2023-03-22 13:15:11,939][kospeech.utils][INFO] - Audio is None : ../../../../dataset/kspondata/kss/4/4_2258.wav
[2023-03-22 13:15:11,939][kospeech.utils][INFO] - C:\Users\SSAFY\Desktop\Speech\gitstt\BE\KoreanSTT\outputs\2023-03-22\13-15-08
[2023-03-22 13:15:11,940][kospeech.utils][INFO] - C:\Users\SSAFY\Desktop\Speech\gitstt\BE\KoreanSTT\outputs\2023-03-22\13-15-08
[2023-03-22 13:15:11,942][kospeech.utils][INFO] - Audio is None : ../../../../dataset/kspondata/kss/4/4_0405.wav
[2023-03-22 13:15:11,943][kospeech.utils][INFO] - C:\Users\SSAFY\Desktop\Speech\gitstt\BE\KoreanSTT\outputs\2023-03-22\13-15-08
[2023-03-22 13:15:11,944][kospeech.utils][INFO] - Audio is None : ../../../../dataset/kspondata/kss/4/4_1495.wav
[2023-03-22 13:15:11,945][kospeech.utils][INFO] - C:\Users\SSAFY\Desktop\Speech\gitstt\BE\KoreanSTT\outputs\2023-03-22\13-15-08
[2023-03-22 13:15:11,947][kospeech.utils][INFO] - Audio is None : ../../../../dataset/kspondata/kss/3/3_3171.wav
[2023-03-22 13:15:11,947][kospeech.utils][INFO] - C:\Users\SSAFY\Desktop\Speech\gitstt\BE\KoreanSTT\outputs\2023-03-22\13-15-08
[2023-03-22 13:15:11,958][kospeech.utils][INFO] - Audio is None : ../../../../dataset/kspondata/kss/3/3_3973.wav
[2023-03-22 13:15:11,958][kospeech.utils][INFO] - C:\Users\SSAFY\Desktop\Speech\gitstt\BE\KoreanSTT\outputs\2023-03-22\13-15-08
[2023-03-22 13:15:11,960][kospeech.utils][INFO] - Audio is None : ../../../../dataset/kspondata/kss/3/3_4341.wav
[2023-03-22 13:15:11,960][kospeech.utils][INFO] - Audio is None : ../../../../dataset/kspondata/kss/4/4_3425.wav
[2023-03-22 13:15:11,961][kospeech.utils][INFO] - C:\Users\SSAFY\Desktop\Speech\gitstt\BE\KoreanSTT\outputs\2023-03-22\13-15-08
[2023-03-22 13:15:11,961][kospeech.utils][INFO] - C:\Users\SSAFY\Desktop\Speech\gitstt\BE\KoreanSTT\outputs\2023-03-22\13-15-08
[2023-03-22 13:15:11,962][kospeech.utils][INFO] - Audio is None : ../../../../dataset/kspondata/kss/4/4_0900.wav
[2023-03-22 13:15:11,962][kospeech.utils][INFO] - C:\Users\SSAFY\Desktop\Speech\gitstt\BE\KoreanSTT\outputs\2023-03-22\13-15-08
[2023-03-22 13:15:11,964][kospeech.utils][INFO] - Audio is None : ../../../../dataset/kspondata/kss/2/2_0919.wav
[2023-03-22 13:15:11,965][kospeech.utils][INFO] - C:\Users\SSAFY\Desktop\Speech\gitstt\BE\KoreanSTT\outputs\2023-03-22\13-15-08
[2023-03-22 13:15:11,967][kospeech.utils][INFO] - Audio is None : ../../../../dataset/kspondata/kss/2/2_0674.wav
[2023-03-22 13:15:11,968][kospeech.utils][INFO] - C:\Users\SSAFY\Desktop\Speech\gitstt\BE\KoreanSTT\outputs\2023-03-22\13-15-08
[2023-03-22 13:15:11,969][kospeech.utils][INFO] - Audio is None : ../../../../dataset/kspondata/kss/4/4_4415.wav
[2023-03-22 13:15:11,969][kospeech.utils][INFO] - C:\Users\SSAFY\Desktop\Speech\gitstt\BE\KoreanSTT\outputs\2023-03-22\13-15-08
[2023-03-22 13:15:11,970][kospeech.utils][INFO] - Audio is None : ../../../../dataset/kspondata/kss/4/4_3099.wav
[2023-03-22 13:15:11,971][kospeech.utils][INFO] - C:\Users\SSAFY\Desktop\Speech\gitstt\BE\KoreanSTT\outputs\2023-03-22\13-15-08
[2023-03-22 13:15:11,980][kospeech.utils][INFO] - Audio is None : ../../../../dataset/kspondata/kss/3/3_0635.wav
[2023-03-22 13:15:11,980][kospeech.utils][INFO] - C:\Users\SSAFY\Desktop\Speech\gitstt\BE\KoreanSTT\outputs\2023-03-22\13-15-08
[2023-03-22 13:15:11,983][kospeech.utils][INFO] - Audio is None : ../../../../dataset/kspondata/kss/4/4_0353.wav
[2023-03-22 13:15:11,983][kospeech.utils][INFO] - C:\Users\SSAFY\Desktop\Speech\gitstt\BE\KoreanSTT\outputs\2023-03-22\13-15-08
[2023-03-22 13:15:11,984][kospeech.utils][INFO] - Audio is None : ../../../../dataset/kspondata/kss/3/3_4084.wav
[2023-03-22 13:15:11,984][kospeech.utils][INFO] - Audio is None : ../../../../dataset/kspondata/kss/3/3_1081.wav
[2023-03-22 13:15:11,985][kospeech.utils][INFO] - C:\Users\SSAFY\Desktop\Speech\gitstt\BE\KoreanSTT\outputs\2023-03-22\13-15-08
[2023-03-22 13:15:11,985][kospeech.utils][INFO] - C:\Users\SSAFY\Desktop\Speech\gitstt\BE\KoreanSTT\outputs\2023-03-22\13-15-08
[2023-03-22 13:15:11,989][kospeech.utils][INFO] - Audio is None : ../../../../dataset/kspondata/kss/3/3_4804.wav
[2023-03-22 13:15:11,990][kospeech.utils][INFO] - C:\Users\SSAFY\Desktop\Speech\gitstt\BE\KoreanSTT\outputs\2023-03-22\13-15-08
[2023-03-22 13:15:11,991][kospeech.utils][INFO] - Audio is None : ../../../../dataset/kspondata/kss/3/3_4817.wav
[2023-03-22 13:15:11,991][kospeech.utils][INFO] - C:\Users\SSAFY\Desktop\Speech\gitstt\BE\KoreanSTT\outputs\2023-03-22\13-15-08
[2023-03-22 13:15:11,993][kospeech.utils][INFO] - Audio is None : ../../../../dataset/kspondata/kss/4/4_3526.wav
[2023-03-22 13:15:11,994][kospeech.utils][INFO] - C:\Users\SSAFY\Desktop\Speech\gitstt\BE\KoreanSTT\outputs\2023-03-22\13-15-08
[2023-03-22 13:15:11,996][kospeech.utils][INFO] - Audio is None : ../../../../dataset/kspondata/kss/4/4_3255.wav
[2023-03-22 13:15:11,996][kospeech.utils][INFO] - C:\Users\SSAFY\Desktop\Speech\gitstt\BE\KoreanSTT\outputs\2023-03-22\13-15-08
[2023-03-22 13:15:12,002][kospeech.utils][INFO] - Audio is None : ../../../../dataset/kspondata/kss/3/3_0305.wav
[2023-03-22 13:15:12,003][kospeech.utils][INFO] - C:\Users\SSAFY\Desktop\Speech\gitstt\BE\KoreanSTT\outputs\2023-03-22\13-15-08
[2023-03-22 13:15:12,006][kospeech.utils][INFO] - Audio is None : ../../../../dataset/kspondata/kss/4/4_2554.wav
[2023-03-22 13:15:12,007][kospeech.utils][INFO] - C:\Users\SSAFY\Desktop\Speech\gitstt\BE\KoreanSTT\outputs\2023-03-22\13-15-08
[2023-03-22 13:15:12,009][kospeech.utils][INFO] - Audio is None : ../../../../dataset/kspondata/kss/2/2_1062.wav
[2023-03-22 13:15:12,009][kospeech.utils][INFO] - C:\Users\SSAFY\Desktop\Speech\gitstt\BE\KoreanSTT\outputs\2023-03-22\13-15-08
[2023-03-22 13:15:12,011][kospeech.utils][INFO] - Audio is None : ../../../../dataset/kspondata/kss/3/3_3125.wav
[2023-03-22 13:15:12,011][kospeech.utils][INFO] - C:\Users\SSAFY\Desktop\Speech\gitstt\BE\KoreanSTT\outputs\2023-03-22\13-15-08
[2023-03-22 13:15:12,018][kospeech.utils][INFO] - Audio is None : ../../../../dataset/kspondata/kss/3/3_4875.wav
[2023-03-22 13:15:12,019][kospeech.utils][INFO] - C:\Users\SSAFY\Desktop\Speech\gitstt\BE\KoreanSTT\outputs\2023-03-22\13-15-08
[2023-03-22 13:15:12,019][kospeech.utils][INFO] - Audio is None : ../../../../dataset/kspondata/kss/4/4_1745.wav
[2023-03-22 13:15:12,020][kospeech.utils][INFO] - C:\Users\SSAFY\Desktop\Speech\gitstt\BE\KoreanSTT\outputs\2023-03-22\13-15-08
[2023-03-22 13:15:12,021][kospeech.utils][INFO] - Audio is None : ../../../../dataset/kspondata/kss/4/4_3444.wav
[2023-03-22 13:15:12,022][kospeech.utils][INFO] - Audio is None : ../../../../dataset/kspondata/kss/2/2_1008.wav
[2023-03-22 13:15:12,023][kospeech.utils][INFO] - C:\Users\SSAFY\Desktop\Speech\gitstt\BE\KoreanSTT\outputs\2023-03-22\13-15-08
[2023-03-22 13:15:12,023][kospeech.utils][INFO] - C:\Users\SSAFY\Desktop\Speech\gitstt\BE\KoreanSTT\outputs\2023-03-22\13-15-08
[2023-03-22 13:15:12,025][kospeech.utils][INFO] - Audio is None : ../../../../dataset/kspondata/kss/4/4_3695.wav
[2023-03-22 13:15:12,025][kospeech.utils][INFO] - C:\Users\SSAFY\Desktop\Speech\gitstt\BE\KoreanSTT\outputs\2023-03-22\13-15-08
[2023-03-22 13:15:12,029][kospeech.utils][INFO] - Audio is None : ../../../../dataset/kspondata/kss/4/4_0110.wav
[2023-03-22 13:15:12,030][kospeech.utils][INFO] - C:\Users\SSAFY\Desktop\Speech\gitstt\BE\KoreanSTT\outputs\2023-03-22\13-15-08
[2023-03-22 13:15:12,036][kospeech.utils][INFO] - Audio is None : ../../../../dataset/kspondata/kss/4/4_2418.wav
[2023-03-22 13:15:12,036][kospeech.utils][INFO] - Audio is None : ../../../../dataset/kspondata/kss/4/4_1064.wav
[2023-03-22 13:15:12,036][kospeech.utils][INFO] - C:\Users\SSAFY\Desktop\Speech\gitstt\BE\KoreanSTT\outputs\2023-03-22\13-15-08
[2023-03-22 13:15:12,036][kospeech.utils][INFO] - C:\Users\SSAFY\Desktop\Speech\gitstt\BE\KoreanSTT\outputs\2023-03-22\13-15-08
[2023-03-22 13:15:12,043][kospeech.utils][INFO] - Audio is None : ../../../../dataset/kspondata/kss/2/2_0244.wav
[2023-03-22 13:15:12,044][kospeech.utils][INFO] - C:\Users\SSAFY\Desktop\Speech\gitstt\BE\KoreanSTT\outputs\2023-03-22\13-15-08
[2023-03-22 13:15:12,046][kospeech.utils][INFO] - Audio is None : ../../../../dataset/kspondata/kss/3/3_1657.wav
[2023-03-22 13:15:12,046][kospeech.utils][INFO] - C:\Users\SSAFY\Desktop\Speech\gitstt\BE\KoreanSTT\outputs\2023-03-22\13-15-08
[2023-03-22 13:15:12,048][kospeech.utils][INFO] - Audio is None : ../../../../dataset/kspondata/kss/4/4_2005.wav
[2023-03-22 13:15:12,049][kospeech.utils][INFO] - C:\Users\SSAFY\Desktop\Speech\gitstt\BE\KoreanSTT\outputs\2023-03-22\13-15-08
[2023-03-22 13:15:12,049][kospeech.utils][INFO] - Audio is None : ../../../../dataset/kspondata/kss/3/3_0432.wav
[2023-03-22 13:15:12,050][kospeech.utils][INFO] - C:\Users\SSAFY\Desktop\Speech\gitstt\BE\KoreanSTT\outputs\2023-03-22\13-15-08
[2023-03-22 13:15:12,051][kospeech.utils][INFO] - Audio is None : ../../../../dataset/kspondata/kss/3/3_0585.wav
[2023-03-22 13:15:12,051][kospeech.utils][INFO] - C:\Users\SSAFY\Desktop\Speech\gitstt\BE\KoreanSTT\outputs\2023-03-22\13-15-08
[2023-03-22 13:15:12,053][kospeech.utils][INFO] - Audio is None : ../../../../dataset/kspondata/kss/4/4_0264.wav
[2023-03-22 13:15:12,053][kospeech.utils][INFO] - C:\Users\SSAFY\Desktop\Speech\gitstt\BE\KoreanSTT\outputs\2023-03-22\13-15-08
[2023-03-22 13:15:12,055][kospeech.utils][INFO] - Audio is None : ../../../../dataset/kspondata/kss/3/3_2718.wav
[2023-03-22 13:15:12,056][kospeech.utils][INFO] - C:\Users\SSAFY\Desktop\Speech\gitstt\BE\KoreanSTT\outputs\2023-03-22\13-15-08
[2023-03-22 13:15:12,058][kospeech.utils][INFO] - Audio is None : ../../../../dataset/kspondata/kss/3/3_0043.wav
[2023-03-22 13:15:12,059][kospeech.utils][INFO] - C:\Users\SSAFY\Desktop\Speech\gitstt\BE\KoreanSTT\outputs\2023-03-22\13-15-08
[2023-03-22 13:15:12,068][kospeech.utils][INFO] - Audio is None : ../../../../dataset/kspondata/kss/4/4_3313.wav
[2023-03-22 13:15:12,069][kospeech.utils][INFO] - C:\Users\SSAFY\Desktop\Speech\gitstt\BE\KoreanSTT\outputs\2023-03-22\13-15-08
[2023-03-22 13:15:12,070][kospeech.utils][INFO] - Audio is None : ../../../../dataset/kspondata/kss/4/4_0085.wav
[2023-03-22 13:15:12,070][kospeech.utils][INFO] - C:\Users\SSAFY\Desktop\Speech\gitstt\BE\KoreanSTT\outputs\2023-03-22\13-15-08
[2023-03-22 13:15:12,071][kospeech.utils][INFO] - Audio is None : ../../../../dataset/kspondata/kss/4/4_1509.wav
[2023-03-22 13:15:12,071][kospeech.utils][INFO] - C:\Users\SSAFY\Desktop\Speech\gitstt\BE\KoreanSTT\outputs\2023-03-22\13-15-08
[2023-03-22 13:15:12,073][kospeech.utils][INFO] - Audio is None : ../../../../dataset/kspondata/kss/4/4_4123.wav
[2023-03-22 13:15:12,073][kospeech.utils][INFO] - C:\Users\SSAFY\Desktop\Speech\gitstt\BE\KoreanSTT\outputs\2023-03-22\13-15-08
[2023-03-22 13:15:12,075][kospeech.utils][INFO] - Audio is None : ../../../../dataset/kspondata/kss/3/3_3286.wav
[2023-03-22 13:15:12,075][kospeech.utils][INFO] - C:\Users\SSAFY\Desktop\Speech\gitstt\BE\KoreanSTT\outputs\2023-03-22\13-15-08
[2023-03-22 13:15:12,079][kospeech.utils][INFO] - Audio is None : ../../../../dataset/kspondata/kss/4/4_3985.wav
[2023-03-22 13:15:12,080][kospeech.utils][INFO] - C:\Users\SSAFY\Desktop\Speech\gitstt\BE\KoreanSTT\outputs\2023-03-22\13-15-08
[2023-03-22 13:15:12,080][kospeech.utils][INFO] - Audio is None : ../../../../dataset/kspondata/kss/3/3_4281.wav
[2023-03-22 13:15:12,080][kospeech.utils][INFO] - Audio is None : ../../../../dataset/kspondata/kss/4/4_0273.wav
[2023-03-22 13:15:12,081][kospeech.utils][INFO] - C:\Users\SSAFY\Desktop\Speech\gitstt\BE\KoreanSTT\outputs\2023-03-22\13-15-08
[2023-03-22 13:15:12,081][kospeech.utils][INFO] - C:\Users\SSAFY\Desktop\Speech\gitstt\BE\KoreanSTT\outputs\2023-03-22\13-15-08
[2023-03-22 13:15:12,091][kospeech.utils][INFO] - Audio is None : ../../../../dataset/kspondata/kss/4/4_4339.wav
[2023-03-22 13:15:12,091][kospeech.utils][INFO] - C:\Users\SSAFY\Desktop\Speech\gitstt\BE\KoreanSTT\outputs\2023-03-22\13-15-08
[2023-03-22 13:15:12,095][kospeech.utils][INFO] - Audio is None : ../../../../dataset/kspondata/kss/3/3_0240.wav
[2023-03-22 13:15:12,096][kospeech.utils][INFO] - Audio is None : ../../../../dataset/kspondata/kss/3/3_0330.wav
[2023-03-22 13:15:12,096][kospeech.utils][INFO] - C:\Users\SSAFY\Desktop\Speech\gitstt\BE\KoreanSTT\outputs\2023-03-22\13-15-08
[2023-03-22 13:15:12,096][kospeech.utils][INFO] - C:\Users\SSAFY\Desktop\Speech\gitstt\BE\KoreanSTT\outputs\2023-03-22\13-15-08
[2023-03-22 13:15:12,099][kospeech.utils][INFO] - Audio is None : ../../../../dataset/kspondata/kss/3/3_3409.wav
[2023-03-22 13:15:12,100][kospeech.utils][INFO] - C:\Users\SSAFY\Desktop\Speech\gitstt\BE\KoreanSTT\outputs\2023-03-22\13-15-08
[2023-03-22 13:15:12,101][kospeech.utils][INFO] - Audio is None : ../../../../dataset/kspondata/kss/1/1_0851.wav
[2023-03-22 13:15:12,101][kospeech.utils][INFO] - C:\Users\SSAFY\Desktop\Speech\gitstt\BE\KoreanSTT\outputs\2023-03-22\13-15-08
[2023-03-22 13:15:12,102][kospeech.utils][INFO] - Audio is None : ../../../../dataset/kspondata/kss/4/4_0821.wav
[2023-03-22 13:15:12,102][kospeech.utils][INFO] - C:\Users\SSAFY\Desktop\Speech\gitstt\BE\KoreanSTT\outputs\2023-03-22\13-15-08
[2023-03-22 13:15:12,106][kospeech.utils][INFO] - Audio is None : ../../../../dataset/kspondata/kss/2/2_1081.wav
[2023-03-22 13:15:12,106][kospeech.utils][INFO] - Audio is None : ../../../../dataset/kspondata/kss/3/3_2310.wav
[2023-03-22 13:15:12,106][kospeech.utils][INFO] - C:\Users\SSAFY\Desktop\Speech\gitstt\BE\KoreanSTT\outputs\2023-03-22\13-15-08
[2023-03-22 13:15:12,107][kospeech.utils][INFO] - C:\Users\SSAFY\Desktop\Speech\gitstt\BE\KoreanSTT\outputs\2023-03-22\13-15-08
[2023-03-22 13:15:12,109][kospeech.utils][INFO] - Audio is None : ../../../../dataset/kspondata/kss/4/4_1721.wav
[2023-03-22 13:15:12,109][kospeech.utils][INFO] - C:\Users\SSAFY\Desktop\Speech\gitstt\BE\KoreanSTT\outputs\2023-03-22\13-15-08
[2023-03-22 13:15:12,115][kospeech.utils][INFO] - Audio is None : ../../../../dataset/kspondata/kss/4/4_2701.wav
[2023-03-22 13:15:12,115][kospeech.utils][INFO] - C:\Users\SSAFY\Desktop\Speech\gitstt\BE\KoreanSTT\outputs\2023-03-22\13-15-08
[2023-03-22 13:15:12,116][kospeech.utils][INFO] - Audio is None : ../../../../dataset/kspondata/kss/4/4_2356.wav
[2023-03-22 13:15:12,117][kospeech.utils][INFO] - C:\Users\SSAFY\Desktop\Speech\gitstt\BE\KoreanSTT\outputs\2023-03-22\13-15-08
[2023-03-22 13:15:12,119][kospeech.utils][INFO] - Audio is None : ../../../../dataset/kspondata/kss/1/1_1038.wav
[2023-03-22 13:15:12,120][kospeech.utils][INFO] - C:\Users\SSAFY\Desktop\Speech\gitstt\BE\KoreanSTT\outputs\2023-03-22\13-15-08
[2023-03-22 13:15:12,120][kospeech.utils][INFO] - Audio is None : ../../../../dataset/kspondata/kss/3/3_1591.wav
[2023-03-22 13:15:12,121][kospeech.utils][INFO] - C:\Users\SSAFY\Desktop\Speech\gitstt\BE\KoreanSTT\outputs\2023-03-22\13-15-08
[2023-03-22 13:15:12,702][kospeech.utils][INFO] - save checkpoints
C:\Users\SSAFY\Desktop\Speech\gitstt\BE\KoreanSTT\outputs\2023-03-22\13-15-08\2023_03_22_13_15_12-trainer_states.pt
C:\Users\SSAFY\Desktop\Speech\gitstt\BE\KoreanSTT\outputs\2023-03-22\13-15-08\2023_03_22_13_15_12-model.pt
[2023-03-22 13:15:12,703][kospeech.utils][INFO] - train() completed
[2023-03-22 13:15:12,703][kospeech.utils][INFO] - 0
