[2023-03-21 16:37:40,112][kospeech.utils][INFO] - audio:
  audio_extension: wav
  sample_rate: 16000
  frame_length: 20
  frame_shift: 10
  normalize: true
  del_silence: true
  feature_extract_by: kaldi
  time_mask_num: 4
  freq_mask_num: 2
  spec_augment: true
  input_reverse: false
  transform_method: fbank
  n_mels: 80
  freq_mask_para: 18
model:
  architecture: deepspeech2
  teacher_forcing_ratio: 1.0
  teacher_forcing_step: 0.0
  min_teacher_forcing_ratio: 1.0
  dropout: 0.3
  bidirectional: false
  joint_ctc_attention: false
  max_len: 400
  use_bidirectional: true
  rnn_type: gru
  hidden_dim: 1024
  activation: hardtanh
  num_encoder_layers: 3
train:
  dataset: kspon
  dataset_path: C:\Users\SSAFY\Desktop\Speech\KoreanSTT\dataset\kspon\data\kss
  transcripts_path: ../../../data/transcripts.txt
  output_unit: character
  batch_size: 32
  save_result_every: 100
  checkpoint_every: 100
  print_every: 10
  mode: train
  num_workers: 8
  use_cuda: true
  num_threads: 2
  init_lr_scale: 0.01
  final_lr_scale: 0.05
  max_grad_norm: 400
  weight_decay: 1.0e-05
  total_steps: 200000
  seed: 777
  resume: false
  optimizer: adam
  init_lr: 1.0e-06
  final_lr: 1.0e-06
  peak_lr: 0.0001
  warmup_steps: 400
  num_epochs: 1
  reduction: mean
  lr_scheduler: tri_stage_lr_scheduler

[2023-03-21 16:37:40,157][kospeech.utils][INFO] - Operating System : Windows 10
[2023-03-21 16:37:40,158][kospeech.utils][INFO] - Processor : Intel64 Family 6 Model 158 Stepping 10, GenuineIntel
[2023-03-21 16:37:40,159][kospeech.utils][INFO] - device : NVIDIA GeForce RTX 2060
[2023-03-21 16:37:40,160][kospeech.utils][INFO] - CUDA is available : True
[2023-03-21 16:37:40,160][kospeech.utils][INFO] - CUDA version : 11.8
[2023-03-21 16:37:40,160][kospeech.utils][INFO] - PyTorch version : 2.0.0+cu118
[2023-03-21 16:37:40,209][kospeech.utils][INFO] - split dataset start !!
[2023-03-21 16:37:40,315][kospeech.utils][INFO] - Applying Spec Augmentation...
[2023-03-21 16:37:40,316][kospeech.utils][INFO] - split dataset complete !!
[2023-03-21 16:37:42,488][kospeech.utils][INFO] - start
[2023-03-21 16:37:42,488][kospeech.utils][INFO] - Epoch 0 start
[2023-03-21 16:38:22,976][kospeech.utils][INFO] - step:   10/ 776, loss: 64.777237, cer: 23.20, elapsed: 40.47s 0.67m 0.01h, lr: 0.000002
[2023-03-21 16:38:48,239][kospeech.utils][INFO] - step:   20/ 776, loss: 38.118858, cer: 19.33, elapsed: 25.26s 1.10m 0.02h, lr: 0.000005
[2023-03-21 16:39:09,715][kospeech.utils][INFO] - step:   30/ 776, loss: 15.904950, cer: 15.11, elapsed: 21.47s 1.45m 0.02h, lr: 0.000007
[2023-03-21 16:39:30,646][kospeech.utils][INFO] - step:   40/ 776, loss: 6.869125, cer: 11.67, elapsed: 20.93s 1.80m 0.03h, lr: 0.000010
[2023-03-21 16:39:50,352][kospeech.utils][INFO] - step:   50/ 776, loss: 8.604721, cer: 9.53, elapsed: 19.70s 2.13m 0.04h, lr: 0.000012
[2023-03-21 16:40:13,202][kospeech.utils][INFO] - step:   60/ 776, loss: 6.039308, cer: 8.07, elapsed: 22.85s 2.51m 0.04h, lr: 0.000015
[2023-03-21 16:40:34,196][kospeech.utils][INFO] - step:   70/ 776, loss: 5.792459, cer: 7.06, elapsed: 20.99s 2.86m 0.05h, lr: 0.000017
[2023-03-21 16:40:55,706][kospeech.utils][INFO] - step:   80/ 776, loss: 5.759356, cer: 6.27, elapsed: 21.51s 3.22m 0.05h, lr: 0.000020
[2023-03-21 16:41:17,217][kospeech.utils][INFO] - step:   90/ 776, loss: 5.335742, cer: 5.69, elapsed: 21.51s 3.58m 0.06h, lr: 0.000022
[2023-03-21 16:41:40,086][kospeech.utils][INFO] - step:  100/ 776, loss: 4.914893, cer: 5.23, elapsed: 22.87s 3.96m 0.07h, lr: 0.000025
[2023-03-21 16:41:41,387][kospeech.utils][INFO] - save checkpoints
C:\Users\SSAFY\Desktop\Speech\KoreanSTT\outputs\2023-03-21\16-37-40\2023_03_21_16_41_40-trainer_states.pt
C:\Users\SSAFY\Desktop\Speech\KoreanSTT\outputs\2023-03-21\16-37-40\2023_03_21_16_41_40-model.pt
[2023-03-21 16:42:05,593][kospeech.utils][INFO] - step:  110/ 776, loss: 4.932147, cer: 4.83, elapsed: 25.51s 4.38m 0.07h, lr: 0.000027
[2023-03-21 16:42:28,848][kospeech.utils][INFO] - step:  120/ 776, loss: 4.704051, cer: 4.51, elapsed: 23.25s 4.77m 0.08h, lr: 0.000030
[2023-03-21 16:42:50,750][kospeech.utils][INFO] - step:  130/ 776, loss: 4.426646, cer: 4.23, elapsed: 21.90s 5.14m 0.09h, lr: 0.000032
[2023-03-21 16:43:13,455][kospeech.utils][INFO] - step:  140/ 776, loss: 4.573314, cer: 4.00, elapsed: 22.71s 5.52m 0.09h, lr: 0.000035
[2023-03-21 16:43:35,637][kospeech.utils][INFO] - step:  150/ 776, loss: 4.533295, cer: 3.79, elapsed: 22.18s 5.89m 0.10h, lr: 0.000037
[2023-03-21 16:43:57,667][kospeech.utils][INFO] - step:  160/ 776, loss: 4.556133, cer: 3.61, elapsed: 22.03s 6.25m 0.10h, lr: 0.000040
[2023-03-21 16:44:18,599][kospeech.utils][INFO] - step:  170/ 776, loss: 4.389109, cer: 3.46, elapsed: 20.93s 6.60m 0.11h, lr: 0.000042
[2023-03-21 16:44:40,303][kospeech.utils][INFO] - step:  180/ 776, loss: 4.508973, cer: 3.32, elapsed: 21.70s 6.96m 0.12h, lr: 0.000045
[2023-03-21 16:45:02,245][kospeech.utils][INFO] - step:  190/ 776, loss: 4.517070, cer: 3.19, elapsed: 21.94s 7.33m 0.12h, lr: 0.000047
[2023-03-21 16:45:23,827][kospeech.utils][INFO] - step:  200/ 776, loss: 4.674188, cer: 3.08, elapsed: 21.58s 7.69m 0.13h, lr: 0.000050
[2023-03-21 16:45:25,325][kospeech.utils][INFO] - save checkpoints
C:\Users\SSAFY\Desktop\Speech\KoreanSTT\outputs\2023-03-21\16-37-40\2023_03_21_16_45_23-trainer_states.pt
C:\Users\SSAFY\Desktop\Speech\KoreanSTT\outputs\2023-03-21\16-37-40\2023_03_21_16_45_23-model.pt
[2023-03-21 16:45:46,651][kospeech.utils][INFO] - step:  210/ 776, loss: 4.422781, cer: 2.98, elapsed: 22.82s 8.07m 0.13h, lr: 0.000052
[2023-03-21 16:46:08,785][kospeech.utils][INFO] - step:  220/ 776, loss: 4.316742, cer: 2.88, elapsed: 22.13s 8.44m 0.14h, lr: 0.000055
[2023-03-21 16:46:30,019][kospeech.utils][INFO] - step:  230/ 776, loss: 4.361375, cer: 2.80, elapsed: 21.23s 8.79m 0.15h, lr: 0.000057
[2023-03-21 16:46:52,118][kospeech.utils][INFO] - step:  240/ 776, loss: 4.361150, cer: 2.72, elapsed: 22.10s 9.16m 0.15h, lr: 0.000060
[2023-03-21 16:47:13,483][kospeech.utils][INFO] - step:  250/ 776, loss: 4.212163, cer: 2.65, elapsed: 21.36s 9.52m 0.16h, lr: 0.000062
[2023-03-21 16:47:34,179][kospeech.utils][INFO] - step:  260/ 776, loss: 4.384989, cer: 2.58, elapsed: 20.69s 9.86m 0.16h, lr: 0.000065
[2023-03-21 16:47:58,105][kospeech.utils][INFO] - step:  270/ 776, loss: 4.171429, cer: 2.52, elapsed: 23.92s 10.26m 0.17h, lr: 0.000067
[2023-03-21 16:48:19,426][kospeech.utils][INFO] - step:  280/ 776, loss: 4.289512, cer: 2.47, elapsed: 21.32s 10.62m 0.18h, lr: 0.000070
[2023-03-21 16:48:42,516][kospeech.utils][INFO] - step:  290/ 776, loss: 4.283924, cer: 2.41, elapsed: 23.09s 11.00m 0.18h, lr: 0.000072
[2023-03-21 16:49:05,520][kospeech.utils][INFO] - step:  300/ 776, loss: 4.163543, cer: 2.37, elapsed: 23.00s 11.38m 0.19h, lr: 0.000075
[2023-03-21 16:49:06,928][kospeech.utils][INFO] - save checkpoints
C:\Users\SSAFY\Desktop\Speech\KoreanSTT\outputs\2023-03-21\16-37-40\2023_03_21_16_49_05-trainer_states.pt
C:\Users\SSAFY\Desktop\Speech\KoreanSTT\outputs\2023-03-21\16-37-40\2023_03_21_16_49_05-model.pt
[2023-03-21 16:49:30,632][kospeech.utils][INFO] - step:  310/ 776, loss: 4.360680, cer: 2.32, elapsed: 25.11s 11.80m 0.20h, lr: 0.000077
[2023-03-21 16:49:52,634][kospeech.utils][INFO] - step:  320/ 776, loss: 4.329986, cer: 2.28, elapsed: 22.00s 12.17m 0.20h, lr: 0.000080
[2023-03-21 16:50:15,436][kospeech.utils][INFO] - step:  330/ 776, loss: 4.267711, cer: 2.23, elapsed: 22.80s 12.55m 0.21h, lr: 0.000082
[2023-03-21 16:50:37,012][kospeech.utils][INFO] - step:  340/ 776, loss: 4.195735, cer: 2.20, elapsed: 21.57s 12.91m 0.22h, lr: 0.000085
[2023-03-21 16:50:59,400][kospeech.utils][INFO] - step:  350/ 776, loss: 4.167809, cer: 2.16, elapsed: 22.39s 13.28m 0.22h, lr: 0.000087
[2023-03-21 16:51:17,655][kospeech.utils][INFO] - step:  360/ 776, loss: 4.243683, cer: 2.13, elapsed: 18.25s 13.59m 0.23h, lr: 0.000090
[2023-03-21 16:51:34,991][kospeech.utils][INFO] - step:  370/ 776, loss: 4.118458, cer: 2.10, elapsed: 17.34s 13.87m 0.23h, lr: 0.000092
[2023-03-21 16:51:45,659][kospeech.utils][INFO] - save checkpoints
C:\Users\SSAFY\Desktop\Speech\KoreanSTT\outputs\2023-03-21\16-37-40\2023_03_21_16_51_44-trainer_states.pt
C:\Users\SSAFY\Desktop\Speech\KoreanSTT\outputs\2023-03-21\16-37-40\2023_03_21_16_51_44-model.pt
[2023-03-21 16:51:45,659][kospeech.utils][INFO] - train() completed
[2023-03-21 16:51:45,660][kospeech.utils][INFO] - 4292114
[2023-03-21 16:51:46,924][kospeech.utils][INFO] - save checkpoints
C:\Users\SSAFY\Desktop\Speech\KoreanSTT\outputs\2023-03-21\16-37-40\2023_03_21_16_51_45-trainer_states.pt
C:\Users\SSAFY\Desktop\Speech\KoreanSTT\outputs\2023-03-21\16-37-40\2023_03_21_16_51_45-model.pt
[2023-03-21 16:51:46,925][kospeech.utils][INFO] - Epoch 0 (Training) Loss 0.0007 CER 2.0792
[2023-03-21 16:51:46,926][kospeech.utils][INFO] - validate() start
[2023-03-21 16:55:38,120][kospeech.utils][INFO] - validate() completed
[2023-03-21 16:55:38,121][kospeech.utils][INFO] - Epoch 0 CER 1.9542
[2023-03-21 16:55:38,123][kospeech.utils][INFO] - Epoch 0 Training result saved as a csv file complete !!
[2023-03-21 16:55:39,350][kospeech.utils][INFO] - save checkpoints
C:\Users\SSAFY\Desktop\Speech\KoreanSTT\outputs\2023-03-21\16-37-40\2023_03_21_16_55_38-trainer_states.pt
C:\Users\SSAFY\Desktop\Speech\KoreanSTT\outputs\2023-03-21\16-37-40\2023_03_21_16_55_38-model.pt
