[2023-03-22 13:14:35,996][kospeech.utils][INFO] - audio:
  audio_extension: wav
  sample_rate: 16000
  frame_length: 20
  frame_shift: 10
  normalize: true
  del_silence: true
  feature_extract_by: kaldi
  time_mask_num: 4
  freq_mask_num: 2
  spec_augment: true
  input_reverse: false
  transform_method: fbank
  n_mels: 80
  freq_mask_para: 18
model:
  architecture: deepspeech2
  teacher_forcing_ratio: 1.0
  teacher_forcing_step: 0.0
  min_teacher_forcing_ratio: 1.0
  dropout: 0.3
  bidirectional: false
  joint_ctc_attention: false
  max_len: 400
  use_bidirectional: true
  rnn_type: gru
  hidden_dim: 1024
  activation: hardtanh
  num_encoder_layers: 3
train:
  dataset: kspon
  dataset_path: ../../../dataset/kspondata/kss
  transcripts_path: ../../../transcripts.txt
  output_unit: character
  batch_size: 32
  save_result_every: 100
  checkpoint_every: 100
  print_every: 10
  mode: train
  num_workers: 8
  use_cuda: true
  num_threads: 2
  init_lr_scale: 0.01
  final_lr_scale: 0.05
  max_grad_norm: 400
  weight_decay: 1.0e-05
  total_steps: 200000
  seed: 777
  resume: false
  optimizer: adam
  init_lr: 1.0e-06
  final_lr: 1.0e-06
  peak_lr: 0.0001
  warmup_steps: 400
  num_epochs: 8
  reduction: mean
  lr_scheduler: tri_stage_lr_scheduler

[2023-03-22 13:14:36,034][kospeech.utils][INFO] - Operating System : Windows 10
[2023-03-22 13:14:36,035][kospeech.utils][INFO] - Processor : Intel64 Family 6 Model 158 Stepping 10, GenuineIntel
[2023-03-22 13:14:36,036][kospeech.utils][INFO] - device : NVIDIA GeForce RTX 2060
[2023-03-22 13:14:36,036][kospeech.utils][INFO] - CUDA is available : True
[2023-03-22 13:14:36,036][kospeech.utils][INFO] - CUDA version : 11.8
[2023-03-22 13:14:36,037][kospeech.utils][INFO] - PyTorch version : 2.0.0+cu118
[2023-03-22 13:14:36,081][kospeech.utils][INFO] - split dataset start !!
[2023-03-22 13:14:36,199][kospeech.utils][INFO] - Applying Spec Augmentation...
[2023-03-22 13:14:36,202][kospeech.utils][INFO] - split dataset complete !!
[2023-03-22 13:14:38,621][kospeech.utils][INFO] - start
[2023-03-22 13:14:38,622][kospeech.utils][INFO] - Epoch 0 start
[2023-03-22 13:14:38,657][kospeech.utils][INFO] - Audio is None : ../../../dataset/kspondata/kss/4/4_3090.wav
[2023-03-22 13:14:38,657][kospeech.utils][INFO] - C:\Users\SSAFY\Desktop\Speech\gitstt\BE\KoreanSTT\outputs\2023-03-22\13-14-35
[2023-03-22 13:14:38,658][kospeech.utils][INFO] - Audio is None : ../../../dataset/kspondata/kss/3/3_1664.wav
[2023-03-22 13:14:38,659][kospeech.utils][INFO] - C:\Users\SSAFY\Desktop\Speech\gitstt\BE\KoreanSTT\outputs\2023-03-22\13-14-35
[2023-03-22 13:14:38,661][kospeech.utils][INFO] - Audio is None : ../../../dataset/kspondata/kss/3/3_3697.wav
[2023-03-22 13:14:38,661][kospeech.utils][INFO] - C:\Users\SSAFY\Desktop\Speech\gitstt\BE\KoreanSTT\outputs\2023-03-22\13-14-35
[2023-03-22 13:14:38,662][kospeech.utils][INFO] - Audio is None : ../../../dataset/kspondata/kss/4/4_0807.wav
[2023-03-22 13:14:38,662][kospeech.utils][INFO] - C:\Users\SSAFY\Desktop\Speech\gitstt\BE\KoreanSTT\outputs\2023-03-22\13-14-35
[2023-03-22 13:14:38,664][kospeech.utils][INFO] - Audio is None : ../../../dataset/kspondata/kss/4/4_2040.wav
[2023-03-22 13:14:38,665][kospeech.utils][INFO] - C:\Users\SSAFY\Desktop\Speech\gitstt\BE\KoreanSTT\outputs\2023-03-22\13-14-35
[2023-03-22 13:14:38,668][kospeech.utils][INFO] - Audio is None : ../../../dataset/kspondata/kss/1/1_0729.wav
[2023-03-22 13:14:38,669][kospeech.utils][INFO] - C:\Users\SSAFY\Desktop\Speech\gitstt\BE\KoreanSTT\outputs\2023-03-22\13-14-35
[2023-03-22 13:14:38,670][kospeech.utils][INFO] - Audio is None : ../../../dataset/kspondata/kss/3/3_4707.wav
[2023-03-22 13:14:38,671][kospeech.utils][INFO] - C:\Users\SSAFY\Desktop\Speech\gitstt\BE\KoreanSTT\outputs\2023-03-22\13-14-35
[2023-03-22 13:14:38,671][kospeech.utils][INFO] - Audio is None : ../../../dataset/kspondata/kss/3/3_1496.wav
[2023-03-22 13:14:38,672][kospeech.utils][INFO] - C:\Users\SSAFY\Desktop\Speech\gitstt\BE\KoreanSTT\outputs\2023-03-22\13-14-35
[2023-03-22 13:14:38,684][kospeech.utils][INFO] - Audio is None : ../../../dataset/kspondata/kss/1/1_0317.wav
[2023-03-22 13:14:38,684][kospeech.utils][INFO] - C:\Users\SSAFY\Desktop\Speech\gitstt\BE\KoreanSTT\outputs\2023-03-22\13-14-35
[2023-03-22 13:14:38,687][kospeech.utils][INFO] - Audio is None : ../../../dataset/kspondata/kss/3/3_4310.wav
[2023-03-22 13:14:38,688][kospeech.utils][INFO] - C:\Users\SSAFY\Desktop\Speech\gitstt\BE\KoreanSTT\outputs\2023-03-22\13-14-35
[2023-03-22 13:14:38,690][kospeech.utils][INFO] - Audio is None : ../../../dataset/kspondata/kss/2/2_0233.wav
[2023-03-22 13:14:38,690][kospeech.utils][INFO] - C:\Users\SSAFY\Desktop\Speech\gitstt\BE\KoreanSTT\outputs\2023-03-22\13-14-35
[2023-03-22 13:14:38,691][kospeech.utils][INFO] - Audio is None : ../../../dataset/kspondata/kss/4/4_3016.wav
[2023-03-22 13:14:38,692][kospeech.utils][INFO] - C:\Users\SSAFY\Desktop\Speech\gitstt\BE\KoreanSTT\outputs\2023-03-22\13-14-35
[2023-03-22 13:14:38,693][kospeech.utils][INFO] - Audio is None : ../../../dataset/kspondata/kss/3/3_3051.wav
[2023-03-22 13:14:38,694][kospeech.utils][INFO] - C:\Users\SSAFY\Desktop\Speech\gitstt\BE\KoreanSTT\outputs\2023-03-22\13-14-35
[2023-03-22 13:14:38,695][kospeech.utils][INFO] - Audio is None : ../../../dataset/kspondata/kss/2/2_0061.wav
[2023-03-22 13:14:38,696][kospeech.utils][INFO] - C:\Users\SSAFY\Desktop\Speech\gitstt\BE\KoreanSTT\outputs\2023-03-22\13-14-35
[2023-03-22 13:14:38,698][kospeech.utils][INFO] - Audio is None : ../../../dataset/kspondata/kss/3/3_1401.wav
[2023-03-22 13:14:38,699][kospeech.utils][INFO] - C:\Users\SSAFY\Desktop\Speech\gitstt\BE\KoreanSTT\outputs\2023-03-22\13-14-35
[2023-03-22 13:14:38,699][kospeech.utils][INFO] - Audio is None : ../../../dataset/kspondata/kss/3/3_4367.wav
[2023-03-22 13:14:38,700][kospeech.utils][INFO] - C:\Users\SSAFY\Desktop\Speech\gitstt\BE\KoreanSTT\outputs\2023-03-22\13-14-35
[2023-03-22 13:14:38,704][kospeech.utils][INFO] - Audio is None : ../../../dataset/kspondata/kss/4/4_4298.wav
[2023-03-22 13:14:38,704][kospeech.utils][INFO] - C:\Users\SSAFY\Desktop\Speech\gitstt\BE\KoreanSTT\outputs\2023-03-22\13-14-35
[2023-03-22 13:14:38,714][kospeech.utils][INFO] - Audio is None : ../../../dataset/kspondata/kss/3/3_3364.wav
[2023-03-22 13:14:38,715][kospeech.utils][INFO] - Audio is None : ../../../dataset/kspondata/kss/3/3_4492.wav
[2023-03-22 13:14:38,715][kospeech.utils][INFO] - C:\Users\SSAFY\Desktop\Speech\gitstt\BE\KoreanSTT\outputs\2023-03-22\13-14-35
[2023-03-22 13:14:38,715][kospeech.utils][INFO] - C:\Users\SSAFY\Desktop\Speech\gitstt\BE\KoreanSTT\outputs\2023-03-22\13-14-35
[2023-03-22 13:14:38,717][kospeech.utils][INFO] - Audio is None : ../../../dataset/kspondata/kss/3/3_1825.wav
[2023-03-22 13:14:38,717][kospeech.utils][INFO] - C:\Users\SSAFY\Desktop\Speech\gitstt\BE\KoreanSTT\outputs\2023-03-22\13-14-35
[2023-03-22 13:14:38,719][kospeech.utils][INFO] - Audio is None : ../../../dataset/kspondata/kss/3/3_0025.wav
[2023-03-22 13:14:38,719][kospeech.utils][INFO] - C:\Users\SSAFY\Desktop\Speech\gitstt\BE\KoreanSTT\outputs\2023-03-22\13-14-35
[2023-03-22 13:14:38,722][kospeech.utils][INFO] - Audio is None : ../../../dataset/kspondata/kss/3/3_1803.wav
[2023-03-22 13:14:38,722][kospeech.utils][INFO] - C:\Users\SSAFY\Desktop\Speech\gitstt\BE\KoreanSTT\outputs\2023-03-22\13-14-35
[2023-03-22 13:14:38,725][kospeech.utils][INFO] - Audio is None : ../../../dataset/kspondata/kss/4/4_4314.wav
[2023-03-22 13:14:38,725][kospeech.utils][INFO] - C:\Users\SSAFY\Desktop\Speech\gitstt\BE\KoreanSTT\outputs\2023-03-22\13-14-35
[2023-03-22 13:14:38,727][kospeech.utils][INFO] - Audio is None : ../../../dataset/kspondata/kss/4/4_3566.wav
[2023-03-22 13:14:38,727][kospeech.utils][INFO] - Audio is None : ../../../dataset/kspondata/kss/4/4_1280.wav
[2023-03-22 13:14:38,728][kospeech.utils][INFO] - C:\Users\SSAFY\Desktop\Speech\gitstt\BE\KoreanSTT\outputs\2023-03-22\13-14-35
[2023-03-22 13:14:38,728][kospeech.utils][INFO] - C:\Users\SSAFY\Desktop\Speech\gitstt\BE\KoreanSTT\outputs\2023-03-22\13-14-35
[2023-03-22 13:14:38,737][kospeech.utils][INFO] - Audio is None : ../../../dataset/kspondata/kss/4/4_1677.wav
[2023-03-22 13:14:38,738][kospeech.utils][INFO] - C:\Users\SSAFY\Desktop\Speech\gitstt\BE\KoreanSTT\outputs\2023-03-22\13-14-35
[2023-03-22 13:14:38,741][kospeech.utils][INFO] - Audio is None : ../../../dataset/kspondata/kss/4/4_0693.wav
[2023-03-22 13:14:38,741][kospeech.utils][INFO] - C:\Users\SSAFY\Desktop\Speech\gitstt\BE\KoreanSTT\outputs\2023-03-22\13-14-35
[2023-03-22 13:14:38,743][kospeech.utils][INFO] - Audio is None : ../../../dataset/kspondata/kss/3/3_2113.wav
[2023-03-22 13:14:38,744][kospeech.utils][INFO] - C:\Users\SSAFY\Desktop\Speech\gitstt\BE\KoreanSTT\outputs\2023-03-22\13-14-35
[2023-03-22 13:14:38,745][kospeech.utils][INFO] - Audio is None : ../../../dataset/kspondata/kss/3/3_3107.wav
[2023-03-22 13:14:38,745][kospeech.utils][INFO] - C:\Users\SSAFY\Desktop\Speech\gitstt\BE\KoreanSTT\outputs\2023-03-22\13-14-35
[2023-03-22 13:14:38,747][kospeech.utils][INFO] - Audio is None : ../../../dataset/kspondata/kss/4/4_2351.wav
[2023-03-22 13:14:38,748][kospeech.utils][INFO] - C:\Users\SSAFY\Desktop\Speech\gitstt\BE\KoreanSTT\outputs\2023-03-22\13-14-35
[2023-03-22 13:14:38,750][kospeech.utils][INFO] - Audio is None : ../../../dataset/kspondata/kss/3/3_1755.wav
[2023-03-22 13:14:38,750][kospeech.utils][INFO] - C:\Users\SSAFY\Desktop\Speech\gitstt\BE\KoreanSTT\outputs\2023-03-22\13-14-35
[2023-03-22 13:14:38,751][kospeech.utils][INFO] - Audio is None : ../../../dataset/kspondata/kss/3/3_0369.wav
[2023-03-22 13:14:38,752][kospeech.utils][INFO] - C:\Users\SSAFY\Desktop\Speech\gitstt\BE\KoreanSTT\outputs\2023-03-22\13-14-35
[2023-03-22 13:14:38,754][kospeech.utils][INFO] - Audio is None : ../../../dataset/kspondata/kss/3/3_4776.wav
[2023-03-22 13:14:38,755][kospeech.utils][INFO] - C:\Users\SSAFY\Desktop\Speech\gitstt\BE\KoreanSTT\outputs\2023-03-22\13-14-35
[2023-03-22 13:14:38,758][kospeech.utils][INFO] - Audio is None : ../../../dataset/kspondata/kss/4/4_0534.wav
[2023-03-22 13:14:38,759][kospeech.utils][INFO] - C:\Users\SSAFY\Desktop\Speech\gitstt\BE\KoreanSTT\outputs\2023-03-22\13-14-35
[2023-03-22 13:14:38,767][kospeech.utils][INFO] - Audio is None : ../../../dataset/kspondata/kss/1/1_0319.wav
[2023-03-22 13:14:38,767][kospeech.utils][INFO] - C:\Users\SSAFY\Desktop\Speech\gitstt\BE\KoreanSTT\outputs\2023-03-22\13-14-35
[2023-03-22 13:14:38,768][kospeech.utils][INFO] - Audio is None : ../../../dataset/kspondata/kss/3/3_0443.wav
[2023-03-22 13:14:38,769][kospeech.utils][INFO] - C:\Users\SSAFY\Desktop\Speech\gitstt\BE\KoreanSTT\outputs\2023-03-22\13-14-35
[2023-03-22 13:14:38,772][kospeech.utils][INFO] - Audio is None : ../../../dataset/kspondata/kss/3/3_2386.wav
[2023-03-22 13:14:38,772][kospeech.utils][INFO] - C:\Users\SSAFY\Desktop\Speech\gitstt\BE\KoreanSTT\outputs\2023-03-22\13-14-35
[2023-03-22 13:14:38,774][kospeech.utils][INFO] - Audio is None : ../../../dataset/kspondata/kss/4/4_3502.wav
[2023-03-22 13:14:38,775][kospeech.utils][INFO] - C:\Users\SSAFY\Desktop\Speech\gitstt\BE\KoreanSTT\outputs\2023-03-22\13-14-35
[2023-03-22 13:14:38,776][kospeech.utils][INFO] - Audio is None : ../../../dataset/kspondata/kss/2/2_0704.wav
[2023-03-22 13:14:38,776][kospeech.utils][INFO] - C:\Users\SSAFY\Desktop\Speech\gitstt\BE\KoreanSTT\outputs\2023-03-22\13-14-35
[2023-03-22 13:14:38,779][kospeech.utils][INFO] - Audio is None : ../../../dataset/kspondata/kss/1/1_0065.wav
[2023-03-22 13:14:38,779][kospeech.utils][INFO] - C:\Users\SSAFY\Desktop\Speech\gitstt\BE\KoreanSTT\outputs\2023-03-22\13-14-35
[2023-03-22 13:14:38,780][kospeech.utils][INFO] - Audio is None : ../../../dataset/kspondata/kss/3/3_0650.wav
[2023-03-22 13:14:38,780][kospeech.utils][INFO] - C:\Users\SSAFY\Desktop\Speech\gitstt\BE\KoreanSTT\outputs\2023-03-22\13-14-35
[2023-03-22 13:14:38,782][kospeech.utils][INFO] - Audio is None : ../../../dataset/kspondata/kss/4/4_2237.wav
[2023-03-22 13:14:38,782][kospeech.utils][INFO] - C:\Users\SSAFY\Desktop\Speech\gitstt\BE\KoreanSTT\outputs\2023-03-22\13-14-35
[2023-03-22 13:14:38,788][kospeech.utils][INFO] - Audio is None : ../../../dataset/kspondata/kss/3/3_3968.wav
[2023-03-22 13:14:38,789][kospeech.utils][INFO] - C:\Users\SSAFY\Desktop\Speech\gitstt\BE\KoreanSTT\outputs\2023-03-22\13-14-35
[2023-03-22 13:14:38,791][kospeech.utils][INFO] - Audio is None : ../../../dataset/kspondata/kss/3/3_0931.wav
[2023-03-22 13:14:38,791][kospeech.utils][INFO] - C:\Users\SSAFY\Desktop\Speech\gitstt\BE\KoreanSTT\outputs\2023-03-22\13-14-35
[2023-03-22 13:14:38,798][kospeech.utils][INFO] - Audio is None : ../../../dataset/kspondata/kss/4/4_2984.wav
[2023-03-22 13:14:38,798][kospeech.utils][INFO] - Audio is None : ../../../dataset/kspondata/kss/3/3_0390.wav
[2023-03-22 13:14:38,799][kospeech.utils][INFO] - C:\Users\SSAFY\Desktop\Speech\gitstt\BE\KoreanSTT\outputs\2023-03-22\13-14-35
[2023-03-22 13:14:38,799][kospeech.utils][INFO] - C:\Users\SSAFY\Desktop\Speech\gitstt\BE\KoreanSTT\outputs\2023-03-22\13-14-35
[2023-03-22 13:14:38,801][kospeech.utils][INFO] - Audio is None : ../../../dataset/kspondata/kss/4/4_3847.wav
[2023-03-22 13:14:38,801][kospeech.utils][INFO] - C:\Users\SSAFY\Desktop\Speech\gitstt\BE\KoreanSTT\outputs\2023-03-22\13-14-35
[2023-03-22 13:14:38,803][kospeech.utils][INFO] - Audio is None : ../../../dataset/kspondata/kss/4/4_4362.wav
[2023-03-22 13:14:38,804][kospeech.utils][INFO] - C:\Users\SSAFY\Desktop\Speech\gitstt\BE\KoreanSTT\outputs\2023-03-22\13-14-35
[2023-03-22 13:14:38,806][kospeech.utils][INFO] - Audio is None : ../../../dataset/kspondata/kss/3/3_4602.wav
[2023-03-22 13:14:38,806][kospeech.utils][INFO] - C:\Users\SSAFY\Desktop\Speech\gitstt\BE\KoreanSTT\outputs\2023-03-22\13-14-35
[2023-03-22 13:14:38,808][kospeech.utils][INFO] - Audio is None : ../../../dataset/kspondata/kss/4/4_2451.wav
[2023-03-22 13:14:38,808][kospeech.utils][INFO] - C:\Users\SSAFY\Desktop\Speech\gitstt\BE\KoreanSTT\outputs\2023-03-22\13-14-35
[2023-03-22 13:14:38,809][kospeech.utils][INFO] - Audio is None : ../../../dataset/kspondata/kss/4/4_0713.wav
[2023-03-22 13:14:38,810][kospeech.utils][INFO] - C:\Users\SSAFY\Desktop\Speech\gitstt\BE\KoreanSTT\outputs\2023-03-22\13-14-35
[2023-03-22 13:14:38,813][kospeech.utils][INFO] - Audio is None : ../../../dataset/kspondata/kss/3/3_1270.wav
[2023-03-22 13:14:38,815][kospeech.utils][INFO] - C:\Users\SSAFY\Desktop\Speech\gitstt\BE\KoreanSTT\outputs\2023-03-22\13-14-35
[2023-03-22 13:14:38,824][kospeech.utils][INFO] - Audio is None : ../../../dataset/kspondata/kss/3/3_1691.wav
[2023-03-22 13:14:38,825][kospeech.utils][INFO] - C:\Users\SSAFY\Desktop\Speech\gitstt\BE\KoreanSTT\outputs\2023-03-22\13-14-35
[2023-03-22 13:14:38,825][kospeech.utils][INFO] - Audio is None : ../../../dataset/kspondata/kss/4/4_2698.wav
[2023-03-22 13:14:38,826][kospeech.utils][INFO] - C:\Users\SSAFY\Desktop\Speech\gitstt\BE\KoreanSTT\outputs\2023-03-22\13-14-35
[2023-03-22 13:14:38,828][kospeech.utils][INFO] - Audio is None : ../../../dataset/kspondata/kss/3/3_0084.wav
[2023-03-22 13:14:38,828][kospeech.utils][INFO] - C:\Users\SSAFY\Desktop\Speech\gitstt\BE\KoreanSTT\outputs\2023-03-22\13-14-35
[2023-03-22 13:14:38,829][kospeech.utils][INFO] - Audio is None : ../../../dataset/kspondata/kss/3/3_2461.wav
[2023-03-22 13:14:38,830][kospeech.utils][INFO] - C:\Users\SSAFY\Desktop\Speech\gitstt\BE\KoreanSTT\outputs\2023-03-22\13-14-35
[2023-03-22 13:14:38,832][kospeech.utils][INFO] - Audio is None : ../../../dataset/kspondata/kss/3/3_3377.wav
[2023-03-22 13:14:38,833][kospeech.utils][INFO] - C:\Users\SSAFY\Desktop\Speech\gitstt\BE\KoreanSTT\outputs\2023-03-22\13-14-35
[2023-03-22 13:14:38,836][kospeech.utils][INFO] - Audio is None : ../../../dataset/kspondata/kss/3/3_1497.wav
[2023-03-22 13:14:38,837][kospeech.utils][INFO] - C:\Users\SSAFY\Desktop\Speech\gitstt\BE\KoreanSTT\outputs\2023-03-22\13-14-35
[2023-03-22 13:14:38,841][kospeech.utils][INFO] - Audio is None : ../../../dataset/kspondata/kss/4/4_1809.wav
[2023-03-22 13:14:38,841][kospeech.utils][INFO] - Audio is None : ../../../dataset/kspondata/kss/3/3_4356.wav
[2023-03-22 13:14:38,842][kospeech.utils][INFO] - C:\Users\SSAFY\Desktop\Speech\gitstt\BE\KoreanSTT\outputs\2023-03-22\13-14-35
[2023-03-22 13:14:38,843][kospeech.utils][INFO] - C:\Users\SSAFY\Desktop\Speech\gitstt\BE\KoreanSTT\outputs\2023-03-22\13-14-35
[2023-03-22 13:14:38,849][kospeech.utils][INFO] - Audio is None : ../../../dataset/kspondata/kss/3/3_0202.wav
[2023-03-22 13:14:38,850][kospeech.utils][INFO] - C:\Users\SSAFY\Desktop\Speech\gitstt\BE\KoreanSTT\outputs\2023-03-22\13-14-35
[2023-03-22 13:14:38,851][kospeech.utils][INFO] - Audio is None : ../../../dataset/kspondata/kss/4/4_1938.wav
[2023-03-22 13:14:38,852][kospeech.utils][INFO] - C:\Users\SSAFY\Desktop\Speech\gitstt\BE\KoreanSTT\outputs\2023-03-22\13-14-35
[2023-03-22 13:14:38,853][kospeech.utils][INFO] - Audio is None : ../../../dataset/kspondata/kss/3/3_0340.wav
[2023-03-22 13:14:38,853][kospeech.utils][INFO] - C:\Users\SSAFY\Desktop\Speech\gitstt\BE\KoreanSTT\outputs\2023-03-22\13-14-35
[2023-03-22 13:14:38,855][kospeech.utils][INFO] - Audio is None : ../../../dataset/kspondata/kss/2/2_0315.wav
[2023-03-22 13:14:38,855][kospeech.utils][INFO] - C:\Users\SSAFY\Desktop\Speech\gitstt\BE\KoreanSTT\outputs\2023-03-22\13-14-35
[2023-03-22 13:14:38,860][kospeech.utils][INFO] - Audio is None : ../../../dataset/kspondata/kss/3/3_0618.wav
[2023-03-22 13:14:38,861][kospeech.utils][INFO] - C:\Users\SSAFY\Desktop\Speech\gitstt\BE\KoreanSTT\outputs\2023-03-22\13-14-35
[2023-03-22 13:14:38,864][kospeech.utils][INFO] - Audio is None : ../../../dataset/kspondata/kss/1/1_0809.wav
[2023-03-22 13:14:38,865][kospeech.utils][INFO] - C:\Users\SSAFY\Desktop\Speech\gitstt\BE\KoreanSTT\outputs\2023-03-22\13-14-35
[2023-03-22 13:14:38,866][kospeech.utils][INFO] - Audio is None : ../../../dataset/kspondata/kss/4/4_4201.wav
[2023-03-22 13:14:38,867][kospeech.utils][INFO] - C:\Users\SSAFY\Desktop\Speech\gitstt\BE\KoreanSTT\outputs\2023-03-22\13-14-35
[2023-03-22 13:14:38,868][kospeech.utils][INFO] - Audio is None : ../../../dataset/kspondata/kss/3/3_3291.wav
[2023-03-22 13:14:38,868][kospeech.utils][INFO] - C:\Users\SSAFY\Desktop\Speech\gitstt\BE\KoreanSTT\outputs\2023-03-22\13-14-35
[2023-03-22 13:14:38,877][kospeech.utils][INFO] - Audio is None : ../../../dataset/kspondata/kss/4/4_0655.wav
[2023-03-22 13:14:38,877][kospeech.utils][INFO] - C:\Users\SSAFY\Desktop\Speech\gitstt\BE\KoreanSTT\outputs\2023-03-22\13-14-35
[2023-03-22 13:14:38,879][kospeech.utils][INFO] - Audio is None : ../../../dataset/kspondata/kss/3/3_0466.wav
[2023-03-22 13:14:38,879][kospeech.utils][INFO] - C:\Users\SSAFY\Desktop\Speech\gitstt\BE\KoreanSTT\outputs\2023-03-22\13-14-35
[2023-03-22 13:14:38,880][kospeech.utils][INFO] - Audio is None : ../../../dataset/kspondata/kss/1/1_0445.wav
[2023-03-22 13:14:38,881][kospeech.utils][INFO] - C:\Users\SSAFY\Desktop\Speech\gitstt\BE\KoreanSTT\outputs\2023-03-22\13-14-35
[2023-03-22 13:14:38,882][kospeech.utils][INFO] - Audio is None : ../../../dataset/kspondata/kss/4/4_4565.wav
[2023-03-22 13:14:38,883][kospeech.utils][INFO] - C:\Users\SSAFY\Desktop\Speech\gitstt\BE\KoreanSTT\outputs\2023-03-22\13-14-35
[2023-03-22 13:14:38,884][kospeech.utils][INFO] - Audio is None : ../../../dataset/kspondata/kss/3/3_4302.wav
[2023-03-22 13:14:38,885][kospeech.utils][INFO] - C:\Users\SSAFY\Desktop\Speech\gitstt\BE\KoreanSTT\outputs\2023-03-22\13-14-35
[2023-03-22 13:14:38,888][kospeech.utils][INFO] - Audio is None : ../../../dataset/kspondata/kss/4/4_2135.wav
[2023-03-22 13:14:38,889][kospeech.utils][INFO] - C:\Users\SSAFY\Desktop\Speech\gitstt\BE\KoreanSTT\outputs\2023-03-22\13-14-35
[2023-03-22 13:14:38,889][kospeech.utils][INFO] - Audio is None : ../../../dataset/kspondata/kss/4/4_1122.wav
[2023-03-22 13:14:38,890][kospeech.utils][INFO] - C:\Users\SSAFY\Desktop\Speech\gitstt\BE\KoreanSTT\outputs\2023-03-22\13-14-35
[2023-03-22 13:14:38,891][kospeech.utils][INFO] - Audio is None : ../../../dataset/kspondata/kss/4/4_2203.wav
[2023-03-22 13:14:38,893][kospeech.utils][INFO] - C:\Users\SSAFY\Desktop\Speech\gitstt\BE\KoreanSTT\outputs\2023-03-22\13-14-35
[2023-03-22 13:14:38,900][kospeech.utils][INFO] - Audio is None : ../../../dataset/kspondata/kss/4/4_1631.wav
[2023-03-22 13:14:38,900][kospeech.utils][INFO] - C:\Users\SSAFY\Desktop\Speech\gitstt\BE\KoreanSTT\outputs\2023-03-22\13-14-35
[2023-03-22 13:14:38,904][kospeech.utils][INFO] - Audio is None : ../../../dataset/kspondata/kss/3/3_3333.wav
[2023-03-22 13:14:38,904][kospeech.utils][INFO] - C:\Users\SSAFY\Desktop\Speech\gitstt\BE\KoreanSTT\outputs\2023-03-22\13-14-35
[2023-03-22 13:14:38,905][kospeech.utils][INFO] - Audio is None : ../../../dataset/kspondata/kss/4/4_1177.wav
[2023-03-22 13:14:38,905][kospeech.utils][INFO] - C:\Users\SSAFY\Desktop\Speech\gitstt\BE\KoreanSTT\outputs\2023-03-22\13-14-35
[2023-03-22 13:14:38,908][kospeech.utils][INFO] - Audio is None : ../../../dataset/kspondata/kss/3/3_2524.wav
[2023-03-22 13:14:38,908][kospeech.utils][INFO] - C:\Users\SSAFY\Desktop\Speech\gitstt\BE\KoreanSTT\outputs\2023-03-22\13-14-35
[2023-03-22 13:14:38,909][kospeech.utils][INFO] - Audio is None : ../../../dataset/kspondata/kss/4/4_4294.wav
[2023-03-22 13:14:38,910][kospeech.utils][INFO] - C:\Users\SSAFY\Desktop\Speech\gitstt\BE\KoreanSTT\outputs\2023-03-22\13-14-35
[2023-03-22 13:14:38,913][kospeech.utils][INFO] - Audio is None : ../../../dataset/kspondata/kss/3/3_2551.wav
[2023-03-22 13:14:38,914][kospeech.utils][INFO] - C:\Users\SSAFY\Desktop\Speech\gitstt\BE\KoreanSTT\outputs\2023-03-22\13-14-35
[2023-03-22 13:14:38,915][kospeech.utils][INFO] - Audio is None : ../../../dataset/kspondata/kss/4/4_0417.wav
[2023-03-22 13:14:38,916][kospeech.utils][INFO] - C:\Users\SSAFY\Desktop\Speech\gitstt\BE\KoreanSTT\outputs\2023-03-22\13-14-35
[2023-03-22 13:14:38,917][kospeech.utils][INFO] - Audio is None : ../../../dataset/kspondata/kss/3/3_0262.wav
[2023-03-22 13:14:38,918][kospeech.utils][INFO] - C:\Users\SSAFY\Desktop\Speech\gitstt\BE\KoreanSTT\outputs\2023-03-22\13-14-35
[2023-03-22 13:14:38,925][kospeech.utils][INFO] - Audio is None : ../../../dataset/kspondata/kss/2/2_0151.wav
[2023-03-22 13:14:38,926][kospeech.utils][INFO] - C:\Users\SSAFY\Desktop\Speech\gitstt\BE\KoreanSTT\outputs\2023-03-22\13-14-35
[2023-03-22 13:14:38,927][kospeech.utils][INFO] - Audio is None : ../../../dataset/kspondata/kss/3/3_4450.wav
[2023-03-22 13:14:38,927][kospeech.utils][INFO] - C:\Users\SSAFY\Desktop\Speech\gitstt\BE\KoreanSTT\outputs\2023-03-22\13-14-35
[2023-03-22 13:14:38,930][kospeech.utils][INFO] - Audio is None : ../../../dataset/kspondata/kss/3/3_0068.wav
[2023-03-22 13:14:38,930][kospeech.utils][INFO] - C:\Users\SSAFY\Desktop\Speech\gitstt\BE\KoreanSTT\outputs\2023-03-22\13-14-35
[2023-03-22 13:14:38,933][kospeech.utils][INFO] - Audio is None : ../../../dataset/kspondata/kss/4/4_2484.wav
[2023-03-22 13:14:38,933][kospeech.utils][INFO] - C:\Users\SSAFY\Desktop\Speech\gitstt\BE\KoreanSTT\outputs\2023-03-22\13-14-35
[2023-03-22 13:14:38,934][kospeech.utils][INFO] - Audio is None : ../../../dataset/kspondata/kss/4/4_0751.wav
[2023-03-22 13:14:38,934][kospeech.utils][INFO] - C:\Users\SSAFY\Desktop\Speech\gitstt\BE\KoreanSTT\outputs\2023-03-22\13-14-35
[2023-03-22 13:14:38,938][kospeech.utils][INFO] - Audio is None : ../../../dataset/kspondata/kss/4/4_4447.wav
[2023-03-22 13:14:38,938][kospeech.utils][INFO] - C:\Users\SSAFY\Desktop\Speech\gitstt\BE\KoreanSTT\outputs\2023-03-22\13-14-35
[2023-03-22 13:14:38,942][kospeech.utils][INFO] - Audio is None : ../../../dataset/kspondata/kss/1/1_0108.wav
[2023-03-22 13:14:38,943][kospeech.utils][INFO] - C:\Users\SSAFY\Desktop\Speech\gitstt\BE\KoreanSTT\outputs\2023-03-22\13-14-35
[2023-03-22 13:14:38,944][kospeech.utils][INFO] - Audio is None : ../../../dataset/kspondata/kss/4/4_3303.wav
[2023-03-22 13:14:38,944][kospeech.utils][INFO] - C:\Users\SSAFY\Desktop\Speech\gitstt\BE\KoreanSTT\outputs\2023-03-22\13-14-35
[2023-03-22 13:14:38,947][kospeech.utils][INFO] - Audio is None : ../../../dataset/kspondata/kss/4/4_4021.wav
[2023-03-22 13:14:38,948][kospeech.utils][INFO] - C:\Users\SSAFY\Desktop\Speech\gitstt\BE\KoreanSTT\outputs\2023-03-22\13-14-35
[2023-03-22 13:14:38,951][kospeech.utils][INFO] - Audio is None : ../../../dataset/kspondata/kss/3/3_2647.wav
[2023-03-22 13:14:38,951][kospeech.utils][INFO] - C:\Users\SSAFY\Desktop\Speech\gitstt\BE\KoreanSTT\outputs\2023-03-22\13-14-35
[2023-03-22 13:14:38,954][kospeech.utils][INFO] - Audio is None : ../../../dataset/kspondata/kss/2/2_0873.wav
[2023-03-22 13:14:38,954][kospeech.utils][INFO] - C:\Users\SSAFY\Desktop\Speech\gitstt\BE\KoreanSTT\outputs\2023-03-22\13-14-35
[2023-03-22 13:14:38,959][kospeech.utils][INFO] - Audio is None : ../../../dataset/kspondata/kss/1/1_0855.wav
[2023-03-22 13:14:38,959][kospeech.utils][INFO] - C:\Users\SSAFY\Desktop\Speech\gitstt\BE\KoreanSTT\outputs\2023-03-22\13-14-35
[2023-03-22 13:14:38,960][kospeech.utils][INFO] - Audio is None : ../../../dataset/kspondata/kss/1/1_0115.wav
[2023-03-22 13:14:38,961][kospeech.utils][INFO] - C:\Users\SSAFY\Desktop\Speech\gitstt\BE\KoreanSTT\outputs\2023-03-22\13-14-35
[2023-03-22 13:14:38,963][kospeech.utils][INFO] - Audio is None : ../../../dataset/kspondata/kss/3/3_2616.wav
[2023-03-22 13:14:38,963][kospeech.utils][INFO] - C:\Users\SSAFY\Desktop\Speech\gitstt\BE\KoreanSTT\outputs\2023-03-22\13-14-35
[2023-03-22 13:14:38,964][kospeech.utils][INFO] - Audio is None : ../../../dataset/kspondata/kss/4/4_3663.wav
[2023-03-22 13:14:38,966][kospeech.utils][INFO] - C:\Users\SSAFY\Desktop\Speech\gitstt\BE\KoreanSTT\outputs\2023-03-22\13-14-35
[2023-03-22 13:14:38,969][kospeech.utils][INFO] - Audio is None : ../../../dataset/kspondata/kss/3/3_1082.wav
[2023-03-22 13:14:38,969][kospeech.utils][INFO] - C:\Users\SSAFY\Desktop\Speech\gitstt\BE\KoreanSTT\outputs\2023-03-22\13-14-35
[2023-03-22 13:14:38,972][kospeech.utils][INFO] - Audio is None : ../../../dataset/kspondata/kss/3/3_3117.wav
[2023-03-22 13:14:38,972][kospeech.utils][INFO] - C:\Users\SSAFY\Desktop\Speech\gitstt\BE\KoreanSTT\outputs\2023-03-22\13-14-35
[2023-03-22 13:14:38,974][kospeech.utils][INFO] - Audio is None : ../../../dataset/kspondata/kss/1/1_0413.wav
[2023-03-22 13:14:38,974][kospeech.utils][INFO] - C:\Users\SSAFY\Desktop\Speech\gitstt\BE\KoreanSTT\outputs\2023-03-22\13-14-35
[2023-03-22 13:14:38,978][kospeech.utils][INFO] - Audio is None : ../../../dataset/kspondata/kss/3/3_0482.wav
[2023-03-22 13:14:38,979][kospeech.utils][INFO] - C:\Users\SSAFY\Desktop\Speech\gitstt\BE\KoreanSTT\outputs\2023-03-22\13-14-35
[2023-03-22 13:14:38,991][kospeech.utils][INFO] - Audio is None : ../../../dataset/kspondata/kss/3/3_2746.wav
[2023-03-22 13:14:38,992][kospeech.utils][INFO] - Audio is None : ../../../dataset/kspondata/kss/3/3_0227.wav
[2023-03-22 13:14:38,994][kospeech.utils][INFO] - C:\Users\SSAFY\Desktop\Speech\gitstt\BE\KoreanSTT\outputs\2023-03-22\13-14-35
[2023-03-22 13:14:38,994][kospeech.utils][INFO] - C:\Users\SSAFY\Desktop\Speech\gitstt\BE\KoreanSTT\outputs\2023-03-22\13-14-35
[2023-03-22 13:14:38,997][kospeech.utils][INFO] - Audio is None : ../../../dataset/kspondata/kss/4/4_4163.wav
[2023-03-22 13:14:38,998][kospeech.utils][INFO] - Audio is None : ../../../dataset/kspondata/kss/3/3_1649.wav
[2023-03-22 13:14:38,998][kospeech.utils][INFO] - C:\Users\SSAFY\Desktop\Speech\gitstt\BE\KoreanSTT\outputs\2023-03-22\13-14-35
[2023-03-22 13:14:39,001][kospeech.utils][INFO] - C:\Users\SSAFY\Desktop\Speech\gitstt\BE\KoreanSTT\outputs\2023-03-22\13-14-35
[2023-03-22 13:14:39,013][kospeech.utils][INFO] - Audio is None : ../../../dataset/kspondata/kss/3/3_1253.wav
[2023-03-22 13:14:39,014][kospeech.utils][INFO] - C:\Users\SSAFY\Desktop\Speech\gitstt\BE\KoreanSTT\outputs\2023-03-22\13-14-35
[2023-03-22 13:14:39,015][kospeech.utils][INFO] - Audio is None : ../../../dataset/kspondata/kss/2/2_0728.wav
[2023-03-22 13:14:39,016][kospeech.utils][INFO] - C:\Users\SSAFY\Desktop\Speech\gitstt\BE\KoreanSTT\outputs\2023-03-22\13-14-35
[2023-03-22 13:14:39,016][kospeech.utils][INFO] - Audio is None : ../../../dataset/kspondata/kss/1/1_0460.wav
[2023-03-22 13:14:39,017][kospeech.utils][INFO] - C:\Users\SSAFY\Desktop\Speech\gitstt\BE\KoreanSTT\outputs\2023-03-22\13-14-35
[2023-03-22 13:14:39,020][kospeech.utils][INFO] - Audio is None : ../../../dataset/kspondata/kss/3/3_2387.wav
[2023-03-22 13:14:39,021][kospeech.utils][INFO] - C:\Users\SSAFY\Desktop\Speech\gitstt\BE\KoreanSTT\outputs\2023-03-22\13-14-35
[2023-03-22 13:14:39,023][kospeech.utils][INFO] - Audio is None : ../../../dataset/kspondata/kss/3/3_3160.wav
[2023-03-22 13:14:39,023][kospeech.utils][INFO] - C:\Users\SSAFY\Desktop\Speech\gitstt\BE\KoreanSTT\outputs\2023-03-22\13-14-35
[2023-03-22 13:14:39,027][kospeech.utils][INFO] - Audio is None : ../../../dataset/kspondata/kss/4/4_0971.wav
[2023-03-22 13:14:39,028][kospeech.utils][INFO] - C:\Users\SSAFY\Desktop\Speech\gitstt\BE\KoreanSTT\outputs\2023-03-22\13-14-35
[2023-03-22 13:14:39,030][kospeech.utils][INFO] - Audio is None : ../../../dataset/kspondata/kss/4/4_3053.wav
[2023-03-22 13:14:39,030][kospeech.utils][INFO] - C:\Users\SSAFY\Desktop\Speech\gitstt\BE\KoreanSTT\outputs\2023-03-22\13-14-35
[2023-03-22 13:14:39,034][kospeech.utils][INFO] - Audio is None : ../../../dataset/kspondata/kss/3/3_1354.wav
[2023-03-22 13:14:39,035][kospeech.utils][INFO] - C:\Users\SSAFY\Desktop\Speech\gitstt\BE\KoreanSTT\outputs\2023-03-22\13-14-35
[2023-03-22 13:14:39,041][kospeech.utils][INFO] - Audio is None : ../../../dataset/kspondata/kss/2/2_0976.wav
[2023-03-22 13:14:39,041][kospeech.utils][INFO] - C:\Users\SSAFY\Desktop\Speech\gitstt\BE\KoreanSTT\outputs\2023-03-22\13-14-35
[2023-03-22 13:14:39,045][kospeech.utils][INFO] - Audio is None : ../../../dataset/kspondata/kss/3/3_1380.wav
[2023-03-22 13:14:39,046][kospeech.utils][INFO] - C:\Users\SSAFY\Desktop\Speech\gitstt\BE\KoreanSTT\outputs\2023-03-22\13-14-35
[2023-03-22 13:14:39,046][kospeech.utils][INFO] - Audio is None : ../../../dataset/kspondata/kss/4/4_4650.wav
[2023-03-22 13:14:39,047][kospeech.utils][INFO] - C:\Users\SSAFY\Desktop\Speech\gitstt\BE\KoreanSTT\outputs\2023-03-22\13-14-35
[2023-03-22 13:14:39,048][kospeech.utils][INFO] - Audio is None : ../../../dataset/kspondata/kss/1/1_0696.wav
[2023-03-22 13:14:39,049][kospeech.utils][INFO] - C:\Users\SSAFY\Desktop\Speech\gitstt\BE\KoreanSTT\outputs\2023-03-22\13-14-35
[2023-03-22 13:14:39,050][kospeech.utils][INFO] - Audio is None : ../../../dataset/kspondata/kss/3/3_0528.wav
[2023-03-22 13:14:39,050][kospeech.utils][INFO] - C:\Users\SSAFY\Desktop\Speech\gitstt\BE\KoreanSTT\outputs\2023-03-22\13-14-35
[2023-03-22 13:14:39,051][kospeech.utils][INFO] - Audio is None : ../../../dataset/kspondata/kss/3/3_0965.wav
[2023-03-22 13:14:39,052][kospeech.utils][INFO] - C:\Users\SSAFY\Desktop\Speech\gitstt\BE\KoreanSTT\outputs\2023-03-22\13-14-35
[2023-03-22 13:14:39,054][kospeech.utils][INFO] - Audio is None : ../../../dataset/kspondata/kss/3/3_1297.wav
[2023-03-22 13:14:39,054][kospeech.utils][INFO] - C:\Users\SSAFY\Desktop\Speech\gitstt\BE\KoreanSTT\outputs\2023-03-22\13-14-35
[2023-03-22 13:14:39,055][kospeech.utils][INFO] - Audio is None : ../../../dataset/kspondata/kss/3/3_3233.wav
[2023-03-22 13:14:39,056][kospeech.utils][INFO] - C:\Users\SSAFY\Desktop\Speech\gitstt\BE\KoreanSTT\outputs\2023-03-22\13-14-35
[2023-03-22 13:14:39,064][kospeech.utils][INFO] - Audio is None : ../../../dataset/kspondata/kss/3/3_3600.wav
[2023-03-22 13:14:39,064][kospeech.utils][INFO] - C:\Users\SSAFY\Desktop\Speech\gitstt\BE\KoreanSTT\outputs\2023-03-22\13-14-35
[2023-03-22 13:14:39,068][kospeech.utils][INFO] - Audio is None : ../../../dataset/kspondata/kss/1/1_0032.wav
[2023-03-22 13:14:39,069][kospeech.utils][INFO] - C:\Users\SSAFY\Desktop\Speech\gitstt\BE\KoreanSTT\outputs\2023-03-22\13-14-35
[2023-03-22 13:14:39,070][kospeech.utils][INFO] - Audio is None : ../../../dataset/kspondata/kss/4/4_3917.wav
[2023-03-22 13:14:39,070][kospeech.utils][INFO] - C:\Users\SSAFY\Desktop\Speech\gitstt\BE\KoreanSTT\outputs\2023-03-22\13-14-35
[2023-03-22 13:14:39,072][kospeech.utils][INFO] - Audio is None : ../../../dataset/kspondata/kss/1/1_0356.wav
[2023-03-22 13:14:39,073][kospeech.utils][INFO] - C:\Users\SSAFY\Desktop\Speech\gitstt\BE\KoreanSTT\outputs\2023-03-22\13-14-35
[2023-03-22 13:14:39,074][kospeech.utils][INFO] - Audio is None : ../../../dataset/kspondata/kss/3/3_4029.wav
[2023-03-22 13:14:39,075][kospeech.utils][INFO] - C:\Users\SSAFY\Desktop\Speech\gitstt\BE\KoreanSTT\outputs\2023-03-22\13-14-35
[2023-03-22 13:14:39,077][kospeech.utils][INFO] - Audio is None : ../../../dataset/kspondata/kss/3/3_0038.wav
[2023-03-22 13:14:39,078][kospeech.utils][INFO] - C:\Users\SSAFY\Desktop\Speech\gitstt\BE\KoreanSTT\outputs\2023-03-22\13-14-35
[2023-03-22 13:14:39,080][kospeech.utils][INFO] - Audio is None : ../../../dataset/kspondata/kss/3/3_0325.wav
[2023-03-22 13:14:39,080][kospeech.utils][INFO] - C:\Users\SSAFY\Desktop\Speech\gitstt\BE\KoreanSTT\outputs\2023-03-22\13-14-35
[2023-03-22 13:14:39,082][kospeech.utils][INFO] - Audio is None : ../../../dataset/kspondata/kss/4/4_0594.wav
[2023-03-22 13:14:39,082][kospeech.utils][INFO] - C:\Users\SSAFY\Desktop\Speech\gitstt\BE\KoreanSTT\outputs\2023-03-22\13-14-35
[2023-03-22 13:14:39,084][kospeech.utils][INFO] - Audio is None : ../../../dataset/kspondata/kss/3/3_0196.wav
[2023-03-22 13:14:39,084][kospeech.utils][INFO] - C:\Users\SSAFY\Desktop\Speech\gitstt\BE\KoreanSTT\outputs\2023-03-22\13-14-35
[2023-03-22 13:14:39,091][kospeech.utils][INFO] - Audio is None : ../../../dataset/kspondata/kss/3/3_1849.wav
[2023-03-22 13:14:39,092][kospeech.utils][INFO] - C:\Users\SSAFY\Desktop\Speech\gitstt\BE\KoreanSTT\outputs\2023-03-22\13-14-35
[2023-03-22 13:14:39,093][kospeech.utils][INFO] - Audio is None : ../../../dataset/kspondata/kss/4/4_2321.wav
[2023-03-22 13:14:39,093][kospeech.utils][INFO] - C:\Users\SSAFY\Desktop\Speech\gitstt\BE\KoreanSTT\outputs\2023-03-22\13-14-35
[2023-03-22 13:14:39,096][kospeech.utils][INFO] - Audio is None : ../../../dataset/kspondata/kss/3/3_3919.wav
[2023-03-22 13:14:39,096][kospeech.utils][INFO] - C:\Users\SSAFY\Desktop\Speech\gitstt\BE\KoreanSTT\outputs\2023-03-22\13-14-35
[2023-03-22 13:14:39,099][kospeech.utils][INFO] - Audio is None : ../../../dataset/kspondata/kss/2/2_0914.wav
[2023-03-22 13:14:39,100][kospeech.utils][INFO] - C:\Users\SSAFY\Desktop\Speech\gitstt\BE\KoreanSTT\outputs\2023-03-22\13-14-35
[2023-03-22 13:14:39,101][kospeech.utils][INFO] - Audio is None : ../../../dataset/kspondata/kss/4/4_4067.wav
[2023-03-22 13:14:39,102][kospeech.utils][INFO] - C:\Users\SSAFY\Desktop\Speech\gitstt\BE\KoreanSTT\outputs\2023-03-22\13-14-35
[2023-03-22 13:14:39,104][kospeech.utils][INFO] - Audio is None : ../../../dataset/kspondata/kss/1/1_0005.wav
[2023-03-22 13:14:39,104][kospeech.utils][INFO] - C:\Users\SSAFY\Desktop\Speech\gitstt\BE\KoreanSTT\outputs\2023-03-22\13-14-35
[2023-03-22 13:14:39,106][kospeech.utils][INFO] - Audio is None : ../../../dataset/kspondata/kss/4/4_3084.wav
[2023-03-22 13:14:39,107][kospeech.utils][INFO] - C:\Users\SSAFY\Desktop\Speech\gitstt\BE\KoreanSTT\outputs\2023-03-22\13-14-35
[2023-03-22 13:14:39,109][kospeech.utils][INFO] - Audio is None : ../../../dataset/kspondata/kss/1/1_0423.wav
[2023-03-22 13:14:39,109][kospeech.utils][INFO] - C:\Users\SSAFY\Desktop\Speech\gitstt\BE\KoreanSTT\outputs\2023-03-22\13-14-35
[2023-03-22 13:14:39,111][kospeech.utils][INFO] - Audio is None : ../../../dataset/kspondata/kss/4/4_0464.wav
[2023-03-22 13:14:39,112][kospeech.utils][INFO] - C:\Users\SSAFY\Desktop\Speech\gitstt\BE\KoreanSTT\outputs\2023-03-22\13-14-35
[2023-03-22 13:14:39,116][kospeech.utils][INFO] - Audio is None : ../../../dataset/kspondata/kss/3/3_3068.wav
[2023-03-22 13:14:39,117][kospeech.utils][INFO] - Audio is None : ../../../dataset/kspondata/kss/4/4_1299.wav
[2023-03-22 13:14:39,117][kospeech.utils][INFO] - C:\Users\SSAFY\Desktop\Speech\gitstt\BE\KoreanSTT\outputs\2023-03-22\13-14-35
[2023-03-22 13:14:39,117][kospeech.utils][INFO] - C:\Users\SSAFY\Desktop\Speech\gitstt\BE\KoreanSTT\outputs\2023-03-22\13-14-35
[2023-03-22 13:14:39,123][kospeech.utils][INFO] - Audio is None : ../../../dataset/kspondata/kss/3/3_4201.wav
[2023-03-22 13:14:39,123][kospeech.utils][INFO] - C:\Users\SSAFY\Desktop\Speech\gitstt\BE\KoreanSTT\outputs\2023-03-22\13-14-35
[2023-03-22 13:14:39,125][kospeech.utils][INFO] - Audio is None : ../../../dataset/kspondata/kss/1/1_0063.wav
[2023-03-22 13:14:39,125][kospeech.utils][INFO] - C:\Users\SSAFY\Desktop\Speech\gitstt\BE\KoreanSTT\outputs\2023-03-22\13-14-35
[2023-03-22 13:14:39,130][kospeech.utils][INFO] - Audio is None : ../../../dataset/kspondata/kss/3/3_3507.wav
[2023-03-22 13:14:39,131][kospeech.utils][INFO] - Audio is None : ../../../dataset/kspondata/kss/4/4_4463.wav
[2023-03-22 13:14:39,131][kospeech.utils][INFO] - C:\Users\SSAFY\Desktop\Speech\gitstt\BE\KoreanSTT\outputs\2023-03-22\13-14-35
[2023-03-22 13:14:39,131][kospeech.utils][INFO] - C:\Users\SSAFY\Desktop\Speech\gitstt\BE\KoreanSTT\outputs\2023-03-22\13-14-35
[2023-03-22 13:14:39,132][kospeech.utils][INFO] - Audio is None : ../../../dataset/kspondata/kss/2/2_0929.wav
[2023-03-22 13:14:39,133][kospeech.utils][INFO] - C:\Users\SSAFY\Desktop\Speech\gitstt\BE\KoreanSTT\outputs\2023-03-22\13-14-35
[2023-03-22 13:14:39,136][kospeech.utils][INFO] - Audio is None : ../../../dataset/kspondata/kss/4/4_1308.wav
[2023-03-22 13:14:39,137][kospeech.utils][INFO] - C:\Users\SSAFY\Desktop\Speech\gitstt\BE\KoreanSTT\outputs\2023-03-22\13-14-35
[2023-03-22 13:14:39,139][kospeech.utils][INFO] - Audio is None : ../../../dataset/kspondata/kss/3/3_0222.wav
[2023-03-22 13:14:39,139][kospeech.utils][INFO] - C:\Users\SSAFY\Desktop\Speech\gitstt\BE\KoreanSTT\outputs\2023-03-22\13-14-35
[2023-03-22 13:14:39,140][kospeech.utils][INFO] - Audio is None : ../../../dataset/kspondata/kss/1/1_0272.wav
[2023-03-22 13:14:39,141][kospeech.utils][INFO] - C:\Users\SSAFY\Desktop\Speech\gitstt\BE\KoreanSTT\outputs\2023-03-22\13-14-35
[2023-03-22 13:14:39,146][kospeech.utils][INFO] - Audio is None : ../../../dataset/kspondata/kss/3/3_3134.wav
[2023-03-22 13:14:39,147][kospeech.utils][INFO] - C:\Users\SSAFY\Desktop\Speech\gitstt\BE\KoreanSTT\outputs\2023-03-22\13-14-35
[2023-03-22 13:14:39,148][kospeech.utils][INFO] - Audio is None : ../../../dataset/kspondata/kss/3/3_0047.wav
[2023-03-22 13:14:39,149][kospeech.utils][INFO] - C:\Users\SSAFY\Desktop\Speech\gitstt\BE\KoreanSTT\outputs\2023-03-22\13-14-35
[2023-03-22 13:14:39,153][kospeech.utils][INFO] - Audio is None : ../../../dataset/kspondata/kss/4/4_4499.wav
[2023-03-22 13:14:39,154][kospeech.utils][INFO] - C:\Users\SSAFY\Desktop\Speech\gitstt\BE\KoreanSTT\outputs\2023-03-22\13-14-35
[2023-03-22 13:14:39,156][kospeech.utils][INFO] - Audio is None : ../../../dataset/kspondata/kss/2/2_0447.wav
[2023-03-22 13:14:39,156][kospeech.utils][INFO] - C:\Users\SSAFY\Desktop\Speech\gitstt\BE\KoreanSTT\outputs\2023-03-22\13-14-35
[2023-03-22 13:14:39,159][kospeech.utils][INFO] - Audio is None : ../../../dataset/kspondata/kss/4/4_4074.wav
[2023-03-22 13:14:39,160][kospeech.utils][INFO] - C:\Users\SSAFY\Desktop\Speech\gitstt\BE\KoreanSTT\outputs\2023-03-22\13-14-35
[2023-03-22 13:14:39,161][kospeech.utils][INFO] - Audio is None : ../../../dataset/kspondata/kss/3/3_4134.wav
[2023-03-22 13:14:39,161][kospeech.utils][INFO] - C:\Users\SSAFY\Desktop\Speech\gitstt\BE\KoreanSTT\outputs\2023-03-22\13-14-35
[2023-03-22 13:14:39,162][kospeech.utils][INFO] - Audio is None : ../../../dataset/kspondata/kss/2/2_0426.wav
[2023-03-22 13:14:39,163][kospeech.utils][INFO] - C:\Users\SSAFY\Desktop\Speech\gitstt\BE\KoreanSTT\outputs\2023-03-22\13-14-35
[2023-03-22 13:14:39,164][kospeech.utils][INFO] - Audio is None : ../../../dataset/kspondata/kss/4/4_3522.wav
[2023-03-22 13:14:39,164][kospeech.utils][INFO] - C:\Users\SSAFY\Desktop\Speech\gitstt\BE\KoreanSTT\outputs\2023-03-22\13-14-35
[2023-03-22 13:14:39,166][kospeech.utils][INFO] - Audio is None : ../../../dataset/kspondata/kss/3/3_1036.wav
[2023-03-22 13:14:39,166][kospeech.utils][INFO] - C:\Users\SSAFY\Desktop\Speech\gitstt\BE\KoreanSTT\outputs\2023-03-22\13-14-35
[2023-03-22 13:14:39,171][kospeech.utils][INFO] - Audio is None : ../../../dataset/kspondata/kss/3/3_3302.wav
[2023-03-22 13:14:39,172][kospeech.utils][INFO] - C:\Users\SSAFY\Desktop\Speech\gitstt\BE\KoreanSTT\outputs\2023-03-22\13-14-35
[2023-03-22 13:14:39,176][kospeech.utils][INFO] - Audio is None : ../../../dataset/kspondata/kss/2/2_1050.wav
[2023-03-22 13:14:39,176][kospeech.utils][INFO] - C:\Users\SSAFY\Desktop\Speech\gitstt\BE\KoreanSTT\outputs\2023-03-22\13-14-35
[2023-03-22 13:14:39,178][kospeech.utils][INFO] - Audio is None : ../../../dataset/kspondata/kss/2/2_0372.wav
[2023-03-22 13:14:39,179][kospeech.utils][INFO] - C:\Users\SSAFY\Desktop\Speech\gitstt\BE\KoreanSTT\outputs\2023-03-22\13-14-35
[2023-03-22 13:14:39,183][kospeech.utils][INFO] - Audio is None : ../../../dataset/kspondata/kss/1/1_0587.wav
[2023-03-22 13:14:39,184][kospeech.utils][INFO] - C:\Users\SSAFY\Desktop\Speech\gitstt\BE\KoreanSTT\outputs\2023-03-22\13-14-35
[2023-03-22 13:14:39,186][kospeech.utils][INFO] - Audio is None : ../../../dataset/kspondata/kss/3/3_1488.wav
[2023-03-22 13:14:39,186][kospeech.utils][INFO] - C:\Users\SSAFY\Desktop\Speech\gitstt\BE\KoreanSTT\outputs\2023-03-22\13-14-35
[2023-03-22 13:14:39,188][kospeech.utils][INFO] - Audio is None : ../../../dataset/kspondata/kss/3/3_2034.wav
[2023-03-22 13:14:39,188][kospeech.utils][INFO] - C:\Users\SSAFY\Desktop\Speech\gitstt\BE\KoreanSTT\outputs\2023-03-22\13-14-35
[2023-03-22 13:14:39,190][kospeech.utils][INFO] - Audio is None : ../../../dataset/kspondata/kss/4/4_3161.wav
[2023-03-22 13:14:39,191][kospeech.utils][INFO] - C:\Users\SSAFY\Desktop\Speech\gitstt\BE\KoreanSTT\outputs\2023-03-22\13-14-35
[2023-03-22 13:14:39,192][kospeech.utils][INFO] - Audio is None : ../../../dataset/kspondata/kss/4/4_1513.wav
[2023-03-22 13:14:39,192][kospeech.utils][INFO] - C:\Users\SSAFY\Desktop\Speech\gitstt\BE\KoreanSTT\outputs\2023-03-22\13-14-35
[2023-03-22 13:14:39,194][kospeech.utils][INFO] - Audio is None : ../../../dataset/kspondata/kss/2/2_0507.wav
[2023-03-22 13:14:39,195][kospeech.utils][INFO] - C:\Users\SSAFY\Desktop\Speech\gitstt\BE\KoreanSTT\outputs\2023-03-22\13-14-35
[2023-03-22 13:14:39,197][kospeech.utils][INFO] - Audio is None : ../../../dataset/kspondata/kss/4/4_0643.wav
[2023-03-22 13:14:39,197][kospeech.utils][INFO] - C:\Users\SSAFY\Desktop\Speech\gitstt\BE\KoreanSTT\outputs\2023-03-22\13-14-35
[2023-03-22 13:14:39,201][kospeech.utils][INFO] - Audio is None : ../../../dataset/kspondata/kss/3/3_3568.wav
[2023-03-22 13:14:39,202][kospeech.utils][INFO] - C:\Users\SSAFY\Desktop\Speech\gitstt\BE\KoreanSTT\outputs\2023-03-22\13-14-35
[2023-03-22 13:14:39,207][kospeech.utils][INFO] - Audio is None : ../../../dataset/kspondata/kss/3/3_4175.wav
[2023-03-22 13:14:39,207][kospeech.utils][INFO] - C:\Users\SSAFY\Desktop\Speech\gitstt\BE\KoreanSTT\outputs\2023-03-22\13-14-35
[2023-03-22 13:14:39,210][kospeech.utils][INFO] - Audio is None : ../../../dataset/kspondata/kss/1/1_0324.wav
[2023-03-22 13:14:39,211][kospeech.utils][INFO] - C:\Users\SSAFY\Desktop\Speech\gitstt\BE\KoreanSTT\outputs\2023-03-22\13-14-35
[2023-03-22 13:14:39,214][kospeech.utils][INFO] - Audio is None : ../../../dataset/kspondata/kss/4/4_3958.wav
[2023-03-22 13:14:39,215][kospeech.utils][INFO] - C:\Users\SSAFY\Desktop\Speech\gitstt\BE\KoreanSTT\outputs\2023-03-22\13-14-35
[2023-03-22 13:14:39,218][kospeech.utils][INFO] - Audio is None : ../../../dataset/kspondata/kss/3/3_2441.wav
[2023-03-22 13:14:39,219][kospeech.utils][INFO] - C:\Users\SSAFY\Desktop\Speech\gitstt\BE\KoreanSTT\outputs\2023-03-22\13-14-35
[2023-03-22 13:14:39,219][kospeech.utils][INFO] - Audio is None : ../../../dataset/kspondata/kss/3/3_3417.wav
[2023-03-22 13:14:39,220][kospeech.utils][INFO] - Audio is None : ../../../dataset/kspondata/kss/4/4_1796.wav
[2023-03-22 13:14:39,220][kospeech.utils][INFO] - C:\Users\SSAFY\Desktop\Speech\gitstt\BE\KoreanSTT\outputs\2023-03-22\13-14-35
[2023-03-22 13:14:39,221][kospeech.utils][INFO] - C:\Users\SSAFY\Desktop\Speech\gitstt\BE\KoreanSTT\outputs\2023-03-22\13-14-35
[2023-03-22 13:14:39,224][kospeech.utils][INFO] - Audio is None : ../../../dataset/kspondata/kss/3/3_3127.wav
[2023-03-22 13:14:39,224][kospeech.utils][INFO] - Audio is None : ../../../dataset/kspondata/kss/3/3_3528.wav
[2023-03-22 13:14:39,225][kospeech.utils][INFO] - C:\Users\SSAFY\Desktop\Speech\gitstt\BE\KoreanSTT\outputs\2023-03-22\13-14-35
[2023-03-22 13:14:39,226][kospeech.utils][INFO] - C:\Users\SSAFY\Desktop\Speech\gitstt\BE\KoreanSTT\outputs\2023-03-22\13-14-35
[2023-03-22 13:14:39,230][kospeech.utils][INFO] - Audio is None : ../../../dataset/kspondata/kss/4/4_2432.wav
[2023-03-22 13:14:39,231][kospeech.utils][INFO] - C:\Users\SSAFY\Desktop\Speech\gitstt\BE\KoreanSTT\outputs\2023-03-22\13-14-35
[2023-03-22 13:14:39,232][kospeech.utils][INFO] - Audio is None : ../../../dataset/kspondata/kss/3/3_0949.wav
[2023-03-22 13:14:39,232][kospeech.utils][INFO] - C:\Users\SSAFY\Desktop\Speech\gitstt\BE\KoreanSTT\outputs\2023-03-22\13-14-35
[2023-03-22 13:14:39,237][kospeech.utils][INFO] - Audio is None : ../../../dataset/kspondata/kss/3/3_2833.wav
[2023-03-22 13:14:39,237][kospeech.utils][INFO] - C:\Users\SSAFY\Desktop\Speech\gitstt\BE\KoreanSTT\outputs\2023-03-22\13-14-35
[2023-03-22 13:14:39,241][kospeech.utils][INFO] - Audio is None : ../../../dataset/kspondata/kss/3/3_2887.wav
[2023-03-22 13:14:39,241][kospeech.utils][INFO] - C:\Users\SSAFY\Desktop\Speech\gitstt\BE\KoreanSTT\outputs\2023-03-22\13-14-35
[2023-03-22 13:14:39,245][kospeech.utils][INFO] - Audio is None : ../../../dataset/kspondata/kss/4/4_1386.wav
[2023-03-22 13:14:39,246][kospeech.utils][INFO] - C:\Users\SSAFY\Desktop\Speech\gitstt\BE\KoreanSTT\outputs\2023-03-22\13-14-35
[2023-03-22 13:14:39,247][kospeech.utils][INFO] - Audio is None : ../../../dataset/kspondata/kss/3/3_2067.wav
[2023-03-22 13:14:39,248][kospeech.utils][INFO] - C:\Users\SSAFY\Desktop\Speech\gitstt\BE\KoreanSTT\outputs\2023-03-22\13-14-35
[2023-03-22 13:14:39,250][kospeech.utils][INFO] - Audio is None : ../../../dataset/kspondata/kss/3/3_3519.wav
[2023-03-22 13:14:39,251][kospeech.utils][INFO] - C:\Users\SSAFY\Desktop\Speech\gitstt\BE\KoreanSTT\outputs\2023-03-22\13-14-35
[2023-03-22 13:14:39,253][kospeech.utils][INFO] - Audio is None : ../../../dataset/kspondata/kss/1/1_0527.wav
[2023-03-22 13:14:39,253][kospeech.utils][INFO] - C:\Users\SSAFY\Desktop\Speech\gitstt\BE\KoreanSTT\outputs\2023-03-22\13-14-35
[2023-03-22 13:14:39,257][kospeech.utils][INFO] - Audio is None : ../../../dataset/kspondata/kss/4/4_1178.wav
[2023-03-22 13:14:39,258][kospeech.utils][INFO] - C:\Users\SSAFY\Desktop\Speech\gitstt\BE\KoreanSTT\outputs\2023-03-22\13-14-35
[2023-03-22 13:14:39,259][kospeech.utils][INFO] - Audio is None : ../../../dataset/kspondata/kss/4/4_0544.wav
[2023-03-22 13:14:39,259][kospeech.utils][INFO] - C:\Users\SSAFY\Desktop\Speech\gitstt\BE\KoreanSTT\outputs\2023-03-22\13-14-35
[2023-03-22 13:14:39,262][kospeech.utils][INFO] - Audio is None : ../../../dataset/kspondata/kss/4/4_3823.wav
[2023-03-22 13:14:39,262][kospeech.utils][INFO] - C:\Users\SSAFY\Desktop\Speech\gitstt\BE\KoreanSTT\outputs\2023-03-22\13-14-35
[2023-03-22 13:14:39,263][kospeech.utils][INFO] - Audio is None : ../../../dataset/kspondata/kss/3/3_4788.wav
[2023-03-22 13:14:39,264][kospeech.utils][INFO] - C:\Users\SSAFY\Desktop\Speech\gitstt\BE\KoreanSTT\outputs\2023-03-22\13-14-35
[2023-03-22 13:14:39,271][kospeech.utils][INFO] - Audio is None : ../../../dataset/kspondata/kss/4/4_0405.wav
[2023-03-22 13:14:39,272][kospeech.utils][INFO] - C:\Users\SSAFY\Desktop\Speech\gitstt\BE\KoreanSTT\outputs\2023-03-22\13-14-35
[2023-03-22 13:14:39,274][kospeech.utils][INFO] - Audio is None : ../../../dataset/kspondata/kss/4/4_2360.wav
[2023-03-22 13:14:39,275][kospeech.utils][INFO] - C:\Users\SSAFY\Desktop\Speech\gitstt\BE\KoreanSTT\outputs\2023-03-22\13-14-35
[2023-03-22 13:14:39,276][kospeech.utils][INFO] - Audio is None : ../../../dataset/kspondata/kss/4/4_2258.wav
[2023-03-22 13:14:39,276][kospeech.utils][INFO] - C:\Users\SSAFY\Desktop\Speech\gitstt\BE\KoreanSTT\outputs\2023-03-22\13-14-35
[2023-03-22 13:14:39,278][kospeech.utils][INFO] - Audio is None : ../../../dataset/kspondata/kss/3/3_1660.wav
[2023-03-22 13:14:39,279][kospeech.utils][INFO] - C:\Users\SSAFY\Desktop\Speech\gitstt\BE\KoreanSTT\outputs\2023-03-22\13-14-35
[2023-03-22 13:14:39,282][kospeech.utils][INFO] - Audio is None : ../../../dataset/kspondata/kss/4/4_2614.wav
[2023-03-22 13:14:39,282][kospeech.utils][INFO] - C:\Users\SSAFY\Desktop\Speech\gitstt\BE\KoreanSTT\outputs\2023-03-22\13-14-35
[2023-03-22 13:14:39,287][kospeech.utils][INFO] - Audio is None : ../../../dataset/kspondata/kss/3/3_4341.wav
[2023-03-22 13:14:39,288][kospeech.utils][INFO] - C:\Users\SSAFY\Desktop\Speech\gitstt\BE\KoreanSTT\outputs\2023-03-22\13-14-35
[2023-03-22 13:14:39,288][kospeech.utils][INFO] - Audio is None : ../../../dataset/kspondata/kss/4/4_0900.wav
[2023-03-22 13:14:39,289][kospeech.utils][INFO] - C:\Users\SSAFY\Desktop\Speech\gitstt\BE\KoreanSTT\outputs\2023-03-22\13-14-35
[2023-03-22 13:14:39,289][kospeech.utils][INFO] - Audio is None : ../../../dataset/kspondata/kss/4/4_3425.wav
[2023-03-22 13:14:39,290][kospeech.utils][INFO] - C:\Users\SSAFY\Desktop\Speech\gitstt\BE\KoreanSTT\outputs\2023-03-22\13-14-35
[2023-03-22 13:14:39,293][kospeech.utils][INFO] - Audio is None : ../../../dataset/kspondata/kss/2/2_0674.wav
[2023-03-22 13:14:39,294][kospeech.utils][INFO] - C:\Users\SSAFY\Desktop\Speech\gitstt\BE\KoreanSTT\outputs\2023-03-22\13-14-35
[2023-03-22 13:14:39,296][kospeech.utils][INFO] - Audio is None : ../../../dataset/kspondata/kss/3/3_0376.wav
[2023-03-22 13:14:39,297][kospeech.utils][INFO] - C:\Users\SSAFY\Desktop\Speech\gitstt\BE\KoreanSTT\outputs\2023-03-22\13-14-35
[2023-03-22 13:14:39,301][kospeech.utils][INFO] - Audio is None : ../../../dataset/kspondata/kss/2/2_0919.wav
[2023-03-22 13:14:39,301][kospeech.utils][INFO] - C:\Users\SSAFY\Desktop\Speech\gitstt\BE\KoreanSTT\outputs\2023-03-22\13-14-35
[2023-03-22 13:14:39,304][kospeech.utils][INFO] - Audio is None : ../../../dataset/kspondata/kss/3/3_3171.wav
[2023-03-22 13:14:39,304][kospeech.utils][INFO] - C:\Users\SSAFY\Desktop\Speech\gitstt\BE\KoreanSTT\outputs\2023-03-22\13-14-35
[2023-03-22 13:14:39,306][kospeech.utils][INFO] - Audio is None : ../../../dataset/kspondata/kss/4/4_1495.wav
[2023-03-22 13:14:39,306][kospeech.utils][INFO] - C:\Users\SSAFY\Desktop\Speech\gitstt\BE\KoreanSTT\outputs\2023-03-22\13-14-35
[2023-03-22 13:14:39,312][kospeech.utils][INFO] - Audio is None : ../../../dataset/kspondata/kss/3/3_4084.wav
[2023-03-22 13:14:39,313][kospeech.utils][INFO] - C:\Users\SSAFY\Desktop\Speech\gitstt\BE\KoreanSTT\outputs\2023-03-22\13-14-35
[2023-03-22 13:14:39,316][kospeech.utils][INFO] - Audio is None : ../../../dataset/kspondata/kss/3/3_1081.wav
[2023-03-22 13:14:39,317][kospeech.utils][INFO] - C:\Users\SSAFY\Desktop\Speech\gitstt\BE\KoreanSTT\outputs\2023-03-22\13-14-35
[2023-03-22 13:14:39,321][kospeech.utils][INFO] - Audio is None : ../../../dataset/kspondata/kss/4/4_3526.wav
[2023-03-22 13:14:39,321][kospeech.utils][INFO] - Audio is None : ../../../dataset/kspondata/kss/4/4_0353.wav
[2023-03-22 13:14:39,322][kospeech.utils][INFO] - C:\Users\SSAFY\Desktop\Speech\gitstt\BE\KoreanSTT\outputs\2023-03-22\13-14-35
[2023-03-22 13:14:39,322][kospeech.utils][INFO] - C:\Users\SSAFY\Desktop\Speech\gitstt\BE\KoreanSTT\outputs\2023-03-22\13-14-35
[2023-03-22 13:14:39,323][kospeech.utils][INFO] - Audio is None : ../../../dataset/kspondata/kss/3/3_3973.wav
[2023-03-22 13:14:39,324][kospeech.utils][INFO] - C:\Users\SSAFY\Desktop\Speech\gitstt\BE\KoreanSTT\outputs\2023-03-22\13-14-35
[2023-03-22 13:14:39,325][kospeech.utils][INFO] - Audio is None : ../../../dataset/kspondata/kss/3/3_4804.wav
[2023-03-22 13:14:39,326][kospeech.utils][INFO] - C:\Users\SSAFY\Desktop\Speech\gitstt\BE\KoreanSTT\outputs\2023-03-22\13-14-35
[2023-03-22 13:14:39,328][kospeech.utils][INFO] - Audio is None : ../../../dataset/kspondata/kss/4/4_3099.wav
[2023-03-22 13:14:39,329][kospeech.utils][INFO] - C:\Users\SSAFY\Desktop\Speech\gitstt\BE\KoreanSTT\outputs\2023-03-22\13-14-35
[2023-03-22 13:14:39,330][kospeech.utils][INFO] - Audio is None : ../../../dataset/kspondata/kss/4/4_4415.wav
[2023-03-22 13:14:39,331][kospeech.utils][INFO] - C:\Users\SSAFY\Desktop\Speech\gitstt\BE\KoreanSTT\outputs\2023-03-22\13-14-35
[2023-03-22 13:14:39,336][kospeech.utils][INFO] - Audio is None : ../../../dataset/kspondata/kss/3/3_3125.wav
[2023-03-22 13:14:39,336][kospeech.utils][INFO] - C:\Users\SSAFY\Desktop\Speech\gitstt\BE\KoreanSTT\outputs\2023-03-22\13-14-35
[2023-03-22 13:14:39,340][kospeech.utils][INFO] - Audio is None : ../../../dataset/kspondata/kss/2/2_1062.wav
[2023-03-22 13:14:39,340][kospeech.utils][INFO] - C:\Users\SSAFY\Desktop\Speech\gitstt\BE\KoreanSTT\outputs\2023-03-22\13-14-35
[2023-03-22 13:14:39,345][kospeech.utils][INFO] - Audio is None : ../../../dataset/kspondata/kss/4/4_2554.wav
[2023-03-22 13:14:39,346][kospeech.utils][INFO] - C:\Users\SSAFY\Desktop\Speech\gitstt\BE\KoreanSTT\outputs\2023-03-22\13-14-35
[2023-03-22 13:14:39,348][kospeech.utils][INFO] - Audio is None : ../../../dataset/kspondata/kss/4/4_3444.wav
[2023-03-22 13:14:39,348][kospeech.utils][INFO] - C:\Users\SSAFY\Desktop\Speech\gitstt\BE\KoreanSTT\outputs\2023-03-22\13-14-35
[2023-03-22 13:14:39,349][kospeech.utils][INFO] - Audio is None : ../../../dataset/kspondata/kss/3/3_0635.wav
[2023-03-22 13:14:39,349][kospeech.utils][INFO] - C:\Users\SSAFY\Desktop\Speech\gitstt\BE\KoreanSTT\outputs\2023-03-22\13-14-35
[2023-03-22 13:14:39,352][kospeech.utils][INFO] - Audio is None : ../../../dataset/kspondata/kss/4/4_3255.wav
[2023-03-22 13:14:39,352][kospeech.utils][INFO] - C:\Users\SSAFY\Desktop\Speech\gitstt\BE\KoreanSTT\outputs\2023-03-22\13-14-35
[2023-03-22 13:14:39,355][kospeech.utils][INFO] - Audio is None : ../../../dataset/kspondata/kss/3/3_4817.wav
[2023-03-22 13:14:39,355][kospeech.utils][INFO] - C:\Users\SSAFY\Desktop\Speech\gitstt\BE\KoreanSTT\outputs\2023-03-22\13-14-35
[2023-03-22 13:14:39,357][kospeech.utils][INFO] - Audio is None : ../../../dataset/kspondata/kss/3/3_4875.wav
[2023-03-22 13:14:39,357][kospeech.utils][INFO] - C:\Users\SSAFY\Desktop\Speech\gitstt\BE\KoreanSTT\outputs\2023-03-22\13-14-35
[2023-03-22 13:14:39,359][kospeech.utils][INFO] - Audio is None : ../../../dataset/kspondata/kss/4/4_1064.wav
[2023-03-22 13:14:39,359][kospeech.utils][INFO] - C:\Users\SSAFY\Desktop\Speech\gitstt\BE\KoreanSTT\outputs\2023-03-22\13-14-35
[2023-03-22 13:14:39,360][kospeech.utils][INFO] - Audio is None : ../../../dataset/kspondata/kss/4/4_2418.wav
[2023-03-22 13:14:39,361][kospeech.utils][INFO] - C:\Users\SSAFY\Desktop\Speech\gitstt\BE\KoreanSTT\outputs\2023-03-22\13-14-35
[2023-03-22 13:14:39,369][kospeech.utils][INFO] - Audio is None : ../../../dataset/kspondata/kss/4/4_0110.wav
[2023-03-22 13:14:39,370][kospeech.utils][INFO] - C:\Users\SSAFY\Desktop\Speech\gitstt\BE\KoreanSTT\outputs\2023-03-22\13-14-35
[2023-03-22 13:14:39,371][kospeech.utils][INFO] - Audio is None : ../../../dataset/kspondata/kss/4/4_2005.wav
[2023-03-22 13:14:39,372][kospeech.utils][INFO] - C:\Users\SSAFY\Desktop\Speech\gitstt\BE\KoreanSTT\outputs\2023-03-22\13-14-35
[2023-03-22 13:14:39,375][kospeech.utils][INFO] - Audio is None : ../../../dataset/kspondata/kss/3/3_0305.wav
[2023-03-22 13:14:39,375][kospeech.utils][INFO] - C:\Users\SSAFY\Desktop\Speech\gitstt\BE\KoreanSTT\outputs\2023-03-22\13-14-35
[2023-03-22 13:14:39,377][kospeech.utils][INFO] - Audio is None : ../../../dataset/kspondata/kss/2/2_1008.wav
[2023-03-22 13:14:39,377][kospeech.utils][INFO] - C:\Users\SSAFY\Desktop\Speech\gitstt\BE\KoreanSTT\outputs\2023-03-22\13-14-35
[2023-03-22 13:14:39,380][kospeech.utils][INFO] - Audio is None : ../../../dataset/kspondata/kss/4/4_1745.wav
[2023-03-22 13:14:39,380][kospeech.utils][INFO] - C:\Users\SSAFY\Desktop\Speech\gitstt\BE\KoreanSTT\outputs\2023-03-22\13-14-35
[2023-03-22 13:14:39,382][kospeech.utils][INFO] - Audio is None : ../../../dataset/kspondata/kss/2/2_0244.wav
[2023-03-22 13:14:39,383][kospeech.utils][INFO] - C:\Users\SSAFY\Desktop\Speech\gitstt\BE\KoreanSTT\outputs\2023-03-22\13-14-35
[2023-03-22 13:14:39,385][kospeech.utils][INFO] - Audio is None : ../../../dataset/kspondata/kss/3/3_2718.wav
[2023-03-22 13:14:39,386][kospeech.utils][INFO] - C:\Users\SSAFY\Desktop\Speech\gitstt\BE\KoreanSTT\outputs\2023-03-22\13-14-35
[2023-03-22 13:14:39,388][kospeech.utils][INFO] - Audio is None : ../../../dataset/kspondata/kss/3/3_0043.wav
[2023-03-22 13:14:39,388][kospeech.utils][INFO] - C:\Users\SSAFY\Desktop\Speech\gitstt\BE\KoreanSTT\outputs\2023-03-22\13-14-35
[2023-03-22 13:14:39,392][kospeech.utils][INFO] - Audio is None : ../../../dataset/kspondata/kss/3/3_0585.wav
[2023-03-22 13:14:39,392][kospeech.utils][INFO] - C:\Users\SSAFY\Desktop\Speech\gitstt\BE\KoreanSTT\outputs\2023-03-22\13-14-35
[2023-03-22 13:14:39,394][kospeech.utils][INFO] - Audio is None : ../../../dataset/kspondata/kss/4/4_4123.wav
[2023-03-22 13:14:39,394][kospeech.utils][INFO] - C:\Users\SSAFY\Desktop\Speech\gitstt\BE\KoreanSTT\outputs\2023-03-22\13-14-35
[2023-03-22 13:14:39,399][kospeech.utils][INFO] - Audio is None : ../../../dataset/kspondata/kss/4/4_3695.wav
[2023-03-22 13:14:39,399][kospeech.utils][INFO] - C:\Users\SSAFY\Desktop\Speech\gitstt\BE\KoreanSTT\outputs\2023-03-22\13-14-35
[2023-03-22 13:14:39,404][kospeech.utils][INFO] - Audio is None : ../../../dataset/kspondata/kss/4/4_0264.wav
[2023-03-22 13:14:39,404][kospeech.utils][INFO] - Audio is None : ../../../dataset/kspondata/kss/3/3_1657.wav
[2023-03-22 13:14:39,404][kospeech.utils][INFO] - C:\Users\SSAFY\Desktop\Speech\gitstt\BE\KoreanSTT\outputs\2023-03-22\13-14-35
[2023-03-22 13:14:39,405][kospeech.utils][INFO] - C:\Users\SSAFY\Desktop\Speech\gitstt\BE\KoreanSTT\outputs\2023-03-22\13-14-35
[2023-03-22 13:14:39,407][kospeech.utils][INFO] - Audio is None : ../../../dataset/kspondata/kss/4/4_3313.wav
[2023-03-22 13:14:39,408][kospeech.utils][INFO] - C:\Users\SSAFY\Desktop\Speech\gitstt\BE\KoreanSTT\outputs\2023-03-22\13-14-35
[2023-03-22 13:14:39,409][kospeech.utils][INFO] - Audio is None : ../../../dataset/kspondata/kss/4/4_0273.wav
[2023-03-22 13:14:39,409][kospeech.utils][INFO] - C:\Users\SSAFY\Desktop\Speech\gitstt\BE\KoreanSTT\outputs\2023-03-22\13-14-35
[2023-03-22 13:14:39,412][kospeech.utils][INFO] - Audio is None : ../../../dataset/kspondata/kss/3/3_4281.wav
[2023-03-22 13:14:39,412][kospeech.utils][INFO] - C:\Users\SSAFY\Desktop\Speech\gitstt\BE\KoreanSTT\outputs\2023-03-22\13-14-35
[2023-03-22 13:14:39,415][kospeech.utils][INFO] - Audio is None : ../../../dataset/kspondata/kss/3/3_3286.wav
[2023-03-22 13:14:39,415][kospeech.utils][INFO] - C:\Users\SSAFY\Desktop\Speech\gitstt\BE\KoreanSTT\outputs\2023-03-22\13-14-35
[2023-03-22 13:14:39,416][kospeech.utils][INFO] - Audio is None : ../../../dataset/kspondata/kss/3/3_3409.wav
[2023-03-22 13:14:39,417][kospeech.utils][INFO] - C:\Users\SSAFY\Desktop\Speech\gitstt\BE\KoreanSTT\outputs\2023-03-22\13-14-35
[2023-03-22 13:14:39,424][kospeech.utils][INFO] - Audio is None : ../../../dataset/kspondata/kss/3/3_0432.wav
[2023-03-22 13:14:39,424][kospeech.utils][INFO] - C:\Users\SSAFY\Desktop\Speech\gitstt\BE\KoreanSTT\outputs\2023-03-22\13-14-35
[2023-03-22 13:14:39,429][kospeech.utils][INFO] - Audio is None : ../../../dataset/kspondata/kss/4/4_3985.wav
[2023-03-22 13:14:39,429][kospeech.utils][INFO] - C:\Users\SSAFY\Desktop\Speech\gitstt\BE\KoreanSTT\outputs\2023-03-22\13-14-35
[2023-03-22 13:14:39,431][kospeech.utils][INFO] - Audio is None : ../../../dataset/kspondata/kss/4/4_0085.wav
[2023-03-22 13:14:39,432][kospeech.utils][INFO] - C:\Users\SSAFY\Desktop\Speech\gitstt\BE\KoreanSTT\outputs\2023-03-22\13-14-35
[2023-03-22 13:14:39,434][kospeech.utils][INFO] - Audio is None : ../../../dataset/kspondata/kss/4/4_4339.wav
[2023-03-22 13:14:39,435][kospeech.utils][INFO] - C:\Users\SSAFY\Desktop\Speech\gitstt\BE\KoreanSTT\outputs\2023-03-22\13-14-35
[2023-03-22 13:14:39,439][kospeech.utils][INFO] - Audio is None : ../../../dataset/kspondata/kss/2/2_1081.wav
[2023-03-22 13:14:39,440][kospeech.utils][INFO] - C:\Users\SSAFY\Desktop\Speech\gitstt\BE\KoreanSTT\outputs\2023-03-22\13-14-35
[2023-03-22 13:14:39,441][kospeech.utils][INFO] - Audio is None : ../../../dataset/kspondata/kss/3/3_2310.wav
[2023-03-22 13:14:39,442][kospeech.utils][INFO] - C:\Users\SSAFY\Desktop\Speech\gitstt\BE\KoreanSTT\outputs\2023-03-22\13-14-35
[2023-03-22 13:14:39,445][kospeech.utils][INFO] - Audio is None : ../../../dataset/kspondata/kss/4/4_0821.wav
[2023-03-22 13:14:39,445][kospeech.utils][INFO] - C:\Users\SSAFY\Desktop\Speech\gitstt\BE\KoreanSTT\outputs\2023-03-22\13-14-35
[2023-03-22 13:14:39,446][kospeech.utils][INFO] - Audio is None : ../../../dataset/kspondata/kss/4/4_2701.wav
[2023-03-22 13:14:39,447][kospeech.utils][INFO] - C:\Users\SSAFY\Desktop\Speech\gitstt\BE\KoreanSTT\outputs\2023-03-22\13-14-35
[2023-03-22 13:14:39,447][kospeech.utils][INFO] - Audio is None : ../../../dataset/kspondata/kss/4/4_1509.wav
[2023-03-22 13:14:39,448][kospeech.utils][INFO] - C:\Users\SSAFY\Desktop\Speech\gitstt\BE\KoreanSTT\outputs\2023-03-22\13-14-35
[2023-03-22 13:14:39,453][kospeech.utils][INFO] - Audio is None : ../../../dataset/kspondata/kss/1/1_0851.wav
[2023-03-22 13:14:39,454][kospeech.utils][INFO] - C:\Users\SSAFY\Desktop\Speech\gitstt\BE\KoreanSTT\outputs\2023-03-22\13-14-35
[2023-03-22 13:14:39,455][kospeech.utils][INFO] - Audio is None : ../../../dataset/kspondata/kss/3/3_0330.wav
[2023-03-22 13:14:39,455][kospeech.utils][INFO] - C:\Users\SSAFY\Desktop\Speech\gitstt\BE\KoreanSTT\outputs\2023-03-22\13-14-35
[2023-03-22 13:14:39,457][kospeech.utils][INFO] - Audio is None : ../../../dataset/kspondata/kss/4/4_1721.wav
[2023-03-22 13:14:39,457][kospeech.utils][INFO] - C:\Users\SSAFY\Desktop\Speech\gitstt\BE\KoreanSTT\outputs\2023-03-22\13-14-35
[2023-03-22 13:14:39,461][kospeech.utils][INFO] - Audio is None : ../../../dataset/kspondata/kss/3/3_1591.wav
[2023-03-22 13:14:39,461][kospeech.utils][INFO] - C:\Users\SSAFY\Desktop\Speech\gitstt\BE\KoreanSTT\outputs\2023-03-22\13-14-35
[2023-03-22 13:14:39,462][kospeech.utils][INFO] - Audio is None : ../../../dataset/kspondata/kss/1/1_1038.wav
[2023-03-22 13:14:39,462][kospeech.utils][INFO] - C:\Users\SSAFY\Desktop\Speech\gitstt\BE\KoreanSTT\outputs\2023-03-22\13-14-35
[2023-03-22 13:14:39,463][kospeech.utils][INFO] - Audio is None : ../../../dataset/kspondata/kss/4/4_2356.wav
[2023-03-22 13:14:39,463][kospeech.utils][INFO] - C:\Users\SSAFY\Desktop\Speech\gitstt\BE\KoreanSTT\outputs\2023-03-22\13-14-35
[2023-03-22 13:14:39,463][kospeech.utils][INFO] - Audio is None : ../../../dataset/kspondata/kss/3/3_0240.wav
[2023-03-22 13:14:39,464][kospeech.utils][INFO] - C:\Users\SSAFY\Desktop\Speech\gitstt\BE\KoreanSTT\outputs\2023-03-22\13-14-35
[2023-03-22 13:14:40,066][kospeech.utils][INFO] - save checkpoints
C:\Users\SSAFY\Desktop\Speech\gitstt\BE\KoreanSTT\outputs\2023-03-22\13-14-35\2023_03_22_13_14_39-trainer_states.pt
C:\Users\SSAFY\Desktop\Speech\gitstt\BE\KoreanSTT\outputs\2023-03-22\13-14-35\2023_03_22_13_14_39-model.pt
[2023-03-22 13:14:40,067][kospeech.utils][INFO] - train() completed
[2023-03-22 13:14:40,068][kospeech.utils][INFO] - 0
